Running: ./testmodel.py --libraries=/home/runner/.openmodelica/libraries/ --ompython_omhome= PNlib_2.2_PNlib.Examples.ConTest.Conflict.conf.json
loadFile("/home/runner/.openmodelica/libraries/ModelicaServices 4.0.0+maint.om/package.mo", uses=false)
loadFile("/home/runner/.openmodelica/libraries/Complex 4.0.0+maint.om/package.mo", uses=false)
loadFile("/home/runner/.openmodelica/libraries/Modelica 4.0.0+maint.om/package.mo", uses=false)
loadFile("/home/runner/work/PNlib/PNlib/PNlib/package.mo", uses=false)
Using package PNlib with version 2.2 (/home/runner/work/PNlib/PNlib/PNlib/package.mo)
Using package Modelica with version 4.0.0 (/home/runner/.openmodelica/libraries/Modelica 4.0.0+maint.om/package.mo)
Using package Complex with version 4.0.0 (/home/runner/.openmodelica/libraries/Complex 4.0.0+maint.om/package.mo)
Using package ModelicaServices with version 4.0.0 (/home/runner/.openmodelica/libraries/ModelicaServices 4.0.0+maint.om/package.mo)
Running command: translateModel(PNlib.Examples.ConTest.Conflict,tolerance=1e-06,outputFormat="mat",numberOfIntervals=1000,variableFilter="P1.t|P2.t|P3.t|T1.fire|T1.instantaneousSpeed|T1.maximumSpeed|T2.fire|T2.instantaneousSpeed|T2.maximumSpeed|T3.fire|T3.instantaneousSpeed|T3.maximumSpeed|time",fileNamePrefix="PNlib_2.2_PNlib.Examples.ConTest.Conflict")
translateModel(PNlib.Examples.ConTest.Conflict,tolerance=1e-06,outputFormat="mat",numberOfIntervals=1000,variableFilter="P1.t|P2.t|P3.t|T1.fire|T1.instantaneousSpeed|T1.maximumSpeed|T2.fire|T2.instantaneousSpeed|T2.maximumSpeed|T3.fire|T3.instantaneousSpeed|T3.maximumSpeed|time",fileNamePrefix="PNlib_2.2_PNlib.Examples.ConTest.Conflict")
Notification: Performance of loadFile(/home/runner/.openmodelica/libraries/ModelicaServices 4.0.0+maint.om/package.mo): time 0.000979/0.0009791, allocations: 90.39 kB / 15.67 MB, free: 5.309 MB / 13.93 MB
Notification: Performance of loadFile(/home/runner/.openmodelica/libraries/Complex 4.0.0+maint.om/package.mo): time 0.001014/0.001014, allocations: 180 kB / 16.59 MB, free: 4.527 MB / 13.93 MB
Notification: Performance of loadFile(/home/runner/.openmodelica/libraries/Modelica 4.0.0+maint.om/package.mo): time 1.623/1.623, allocations: 222.1 MB / 239.5 MB, free: 11.03 MB / 202.7 MB
Notification: Performance of loadFile(/home/runner/work/PNlib/PNlib/PNlib/package.mo): time 0.09688/0.09688, allocations: 16.58 MB / 306.3 MB, free: 10.51 MB / 250.7 MB
Notification: Performance of FrontEnd - loaded program: time 0.0004418/0.0004419, allocations: 13.11 kB / 373.5 MB, free: 44.8 MB / 298.7 MB
Notification: Performance of FrontEnd - Absyn->SCode: time 0.07476/0.07522, allocations: 53.46 MB / 426.9 MB, free: 3.078 MB / 298.7 MB
Notification: Performance of NFInst.instantiate(PNlib.Examples.ConTest.Conflict): time 0.004953/0.08022, allocations: 4.236 MB / 431.2 MB, free: 14.83 MB / 314.7 MB
Notification: Performance of NFInst.instExpressions: time 0.005623/0.08586, allocations: 3.289 MB / 434.5 MB, free: 11.54 MB / 314.7 MB
Notification: Performance of NFInst.updateImplicitVariability: time 0.0004812/0.08637, allocations: 31.81 kB / 434.5 MB, free: 11.5 MB / 314.7 MB
Notification: Performance of NFTyping.typeComponents: time 0.0006507/0.08703, allocations: 396.9 kB / 434.9 MB, free: 11.11 MB / 314.7 MB
Notification: Performance of NFTyping.typeBindings: time 0.0008891/0.08793, allocations: 381 kB / 435.2 MB, free: 10.74 MB / 314.7 MB
Notification: Performance of NFTyping.typeClassSections: time 0.002388/0.09033, allocations: 1.544 MB / 436.8 MB, free: 9.195 MB / 314.7 MB
Notification: Performance of NFFlatten.flatten: time 0.003256/0.0936, allocations: 4.459 MB / 441.2 MB, free: 4.73 MB / 314.7 MB
Notification: Performance of NFFlatten.resolveConnections: time 0.0008106/0.09443, allocations: 0.6268 MB / 441.9 MB, free: 4.07 MB / 314.7 MB
Notification: Performance of NFEvalConstants.evaluate: time 0.001228/0.09567, allocations: 1.702 MB / 443.6 MB, free: 2.363 MB / 314.7 MB
Notification: Performance of NFSimplifyModel.simplify: time 0.001045/0.09672, allocations: 1.271 MB / 444.8 MB, free: 1.09 MB / 314.7 MB
Notification: Performance of NFPackage.collectConstants: time 0.0004028/0.09714, allocations: 324 kB / 445.2 MB, free: 0.7734 MB / 314.7 MB
Notification: Performance of NFFlatten.collectFunctions: time 0.00109/0.09824, allocations: 0.7181 MB / 445.9 MB, free: 56 kB / 314.7 MB
Notification: Performance of NFScalarize.scalarize: time 0.0007232/0.09897, allocations: 0.619 MB / 446.5 MB, free: 15.43 MB / 330.7 MB
Notification: Performance of NFVerifyModel.verify: time 0.001199/0.1002, allocations: 1.4 MB / 447.9 MB, free: 14.03 MB / 330.7 MB
Notification: Performance of NFConvertDAE.convert: time 0.002644/0.1028, allocations: 3.513 MB / 451.4 MB, free: 10.5 MB / 330.7 MB
Notification: Performance of FrontEnd - DAE generated: time 4.117e-06/0.1029, allocations: 3.938 kB / 451.4 MB, free: 10.5 MB / 330.7 MB
Notification: Performance of FrontEnd: time 1.533e-06/0.1029, allocations: 0 / 451.4 MB, free: 10.5 MB / 330.7 MB
Notification: Performance of Transformations before backend: time 1.989e-05/0.1029, allocations: 0 / 451.4 MB, free: 10.5 MB / 330.7 MB
Notification: Model statistics after passing the front-end and creating the data structures used by the back-end:
 * Number of equations: 695
 * Number of variables: 695
Notification: Performance of Generate backend data structure: time 0.004252/0.1071, allocations: 3.606 MB / 455 MB, free: 6.629 MB / 330.7 MB
Notification: Performance of prepare preOptimizeDAE: time 3.813e-05/0.1072, allocations: 8.031 kB / 455 MB, free: 6.621 MB / 330.7 MB
Notification: Performance of preOpt normalInlineFunction (simulation): time 0.002685/0.1099, allocations: 0.5173 MB / 455.5 MB, free: 6.102 MB / 330.7 MB
Notification: Performance of preOpt evaluateParameters (simulation): time 0.00176/0.1117, allocations: 1.108 MB / 456.7 MB, free: 4.949 MB / 330.7 MB
Notification: Performance of preOpt simplifyIfEquations (simulation): time 0.0003526/0.112, allocations: 0.6307 MB / 457.3 MB, free: 4.223 MB / 330.7 MB
Notification: Performance of preOpt expandDerOperator (simulation): time 0.0004435/0.1125, allocations: 311.8 kB / 457.6 MB, free: 3.918 MB / 330.7 MB
Notification: Performance of preOpt clockPartitioning (simulation): time 0.008169/0.1207, allocations: 5.009 MB / 462.6 MB, free: 14.72 MB / 346.7 MB
Notification: Performance of preOpt findStateOrder (simulation): time 5.672e-05/0.1207, allocations: 7.938 kB / 462.6 MB, free: 14.71 MB / 346.7 MB
Notification: Performance of preOpt replaceEdgeChange (simulation): time 0.000416/0.1212, allocations: 147.9 kB / 462.8 MB, free: 14.57 MB / 346.7 MB
Notification: Performance of preOpt inlineArrayEqn (simulation): time 0.0005079/0.1217, allocations: 264 kB / 463 MB, free: 14.31 MB / 346.7 MB
Notification: Performance of preOpt removeEqualRHS (simulation): time 0.006151/0.1278, allocations: 3.655 MB / 466.7 MB, free: 10.64 MB / 346.7 MB
Notification: Performance of preOpt removeSimpleEquations (simulation): time 0.01177/0.1396, allocations: 9.661 MB / 476.3 MB, free: 0.7031 MB / 346.7 MB
Notification: Performance of preOpt comSubExp (simulation): time 0.00571/0.1453, allocations: 4.863 MB / 481.2 MB, free: 11.77 MB / 362.7 MB
Notification: Performance of preOpt resolveLoops (simulation): time 0.004267/0.1496, allocations: 4.303 MB / 485.5 MB, free: 7.449 MB / 362.7 MB
Notification: Performance of preOpt evalFunc (simulation): time 0.001894/0.1515, allocations: 3.086 MB / 488.6 MB, free: 3.695 MB / 362.7 MB
Notification: Performance of preOpt encapsulateWhenConditions (simulation): time 0.003743/0.1553, allocations: 2.687 MB / 491.3 MB, free: 0.9531 MB / 362.7 MB
Notification: Performance of pre-optimization done (n=241): time 3.888e-06/0.1553, allocations: 0 / 491.3 MB, free: 0.9531 MB / 362.7 MB
Notification: Performance of matching and sorting (n=241): time 0.01327/0.1686, allocations: 8.371 MB / 499.6 MB, free: 8.395 MB / 378.7 MB
Notification: Performance of inlineWhenForInitialization (initialization): time 0.0007164/0.1693, allocations: 1.628 MB / 0.4895 GB, free: 6.469 MB / 378.7 MB
Notification: Performance of selectInitializationVariablesDAE (initialization): time 0.001333/0.1707, allocations: 1.081 MB / 0.4906 GB, free: 5.375 MB / 378.7 MB
Notification: Performance of collectPreVariables (initialization): time 0.000268/0.171, allocations: 157.7 kB / 0.4907 GB, free: 5.215 MB / 378.7 MB
Notification: Performance of collectInitialEqns (initialization): time 0.0005202/0.1715, allocations: 0.8115 MB / 0.4915 GB, free: 4.391 MB / 378.7 MB
Notification: Performance of collectInitialBindings (initialization): time 0.0006152/0.1721, allocations: 0.6329 MB / 0.4921 GB, free: 3.75 MB / 378.7 MB
Notification: Performance of simplifyInitialFunctions (initialization): time 0.000937/0.1731, allocations: 0.7637 MB / 0.4929 GB, free: 2.977 MB / 378.7 MB
Notification: Performance of setup shared object (initialization): time 6.296e-05/0.1731, allocations: 349.9 kB / 0.4932 GB, free: 2.629 MB / 378.7 MB
Notification: Performance of preBalanceInitialSystem (initialization): time 0.002629/0.1758, allocations: 1.525 MB / 0.4947 GB, free: 1.102 MB / 378.7 MB
Notification: Performance of partitionIndependentBlocks (initialization): time 0.2186/0.3944, allocations: 2.709 MB / 0.4973 GB, free: 71.67 MB / 378.7 MB
Notification: Performance of analyzeInitialSystem (initialization): time 0.009445/0.4038, allocations: 5.861 MB / 0.5031 GB, free: 68.42 MB / 378.7 MB
Notification: Performance of solveInitialSystemEqSystem (initialization): time 3.559e-05/0.4039, allocations: 11.31 kB / 0.5031 GB, free: 68.42 MB / 378.7 MB
Notification: Performance of matching and sorting (n=467) (initialization): time 0.01181/0.4157, allocations: 6.28 MB / 0.5092 GB, free: 67.07 MB / 378.7 MB
Notification: Performance of prepare postOptimizeDAE: time 0.0006336/0.4164, allocations: 1.106 MB / 0.5103 GB, free: 66.04 MB / 378.7 MB
Notification: Performance of postOpt simplifyComplexFunction (initialization): time 0.005986/0.4224, allocations: 3.602 MB / 0.5138 GB, free: 65.45 MB / 378.7 MB
Notification: Performance of postOpt tearingSystem (initialization): time 0.002514/0.4249, allocations: 0.5019 MB / 0.5143 GB, free: 65.43 MB / 378.7 MB
Notification: Performance of postOpt solveSimpleEquations (initialization): time 0.001613/0.4265, allocations: 395.8 kB / 0.5147 GB, free: 65.38 MB / 378.7 MB
Notification: Performance of postOpt calculateStrongComponentJacobians (initialization): time 0.001492/0.4281, allocations: 1.081 MB / 0.5157 GB, free: 64.84 MB / 378.7 MB
Notification: Performance of postOpt simplifyAllExpressions (initialization): time 0.002295/0.4304, allocations: 442.2 kB / 0.5162 GB, free: 64.83 MB / 378.7 MB
Notification: Performance of postOpt collapseArrayExpressions (initialization): time 0.0002824/0.4307, allocations: 192.2 kB / 0.5163 GB, free: 64.83 MB / 378.7 MB
Warning: Assuming fixed start value for the following 54 variables:
         P3.enableOut.Index:DISCRETE(fixed = true protected = true )  type: Integer
         P3.enableOut.endWhile:DISCRETE(fixed = true protected = true )  type: Boolean
         P3.enableOut.sumEnablingProbTAout:DISCRETE(fixed = true protected = true )  "sum of the enabling probabilities of the active output transitions" type: Real
         P3.enableOut.posTE:DISCRETE(fixed = true protected = true )  "possible enabled transition" type: Integer
         P3.enableOut.k:DISCRETE(fixed = true protected = true )  "iteration index" type: Integer
         P3.enableOut.nTAout:DISCRETE(fixed = true protected = true )  "number of active output transitions" type: Integer
         P3.enableOut.nremTAout:DISCRETE(fixed = true protected = true )  "number of remaining active output transitions" type: Integer
         P3.enableOut.arcWeightSum:DISCRETE(fixed = true protected = true )  "arc weight sum" type: Real
         P3.enableIn.posTE:DISCRETE(fixed = true protected = true )  "possible enabled transition" type: Integer
         P3.enableIn.k:DISCRETE(fixed = true protected = true )  "iteration index" type: Integer
         P3.enableIn.endWhile:DISCRETE(fixed = true protected = true )  type: Boolean
         P3.enableIn.sumEnablingProbTAin:DISCRETE(fixed = true protected = true )  "sum of the enabling probabilities of the active input transitions" type: Real
         P3.enableIn.nTAin:DISCRETE(fixed = true protected = true )  "number ofactive input transitions" type: Integer
         P3.enableIn.nremTAin:DISCRETE(fixed = true protected = true )  "number of remaining active input transitions" type: Integer
         P3.enableIn.Index:DISCRETE(fixed = true protected = true )  "priority Index" type: Integer
         P3.enableIn.arcWeightSum:DISCRETE(fixed = true protected = true )  "arc weight sum" type: Real
         P2.enableIn.posTE:DISCRETE(fixed = true protected = true )  "possible enabled transition" type: Integer
         P2.enableIn.k:DISCRETE(fixed = true protected = true )  "iteration index" type: Integer
         P2.enableIn.endWhile:DISCRETE(fixed = true protected = true )  type: Boolean
         P2.enableIn.sumEnablingProbTAin:DISCRETE(fixed = true protected = true )  "sum of the enabling probabilities of the active input transitions" type: Real
         P2.enableIn.nTAin:DISCRETE(fixed = true protected = true )  "number ofactive input transitions" type: Integer
         P2.enableIn.nremTAin:DISCRETE(fixed = true protected = true )  "number of remaining active input transitions" type: Integer
         P2.enableIn.Index:DISCRETE(fixed = true protected = true )  "priority Index" type: Integer
         P2.enableIn.arcWeightSum:DISCRETE(fixed = true protected = true )  "arc weight sum" type: Real
         P1.enableOut.posTE:DISCRETE(fixed = true protected = true )  "possible enabled transition" type: Integer
         P1.enableOut.k:DISCRETE(fixed = true protected = true )  "iteration index" type: Integer
         P1.enableOut.endWhile:DISCRETE(fixed = true protected = true )  type: Boolean
         P1.enableOut.sumEnablingProbTAout:DISCRETE(fixed = true protected = true )  "sum of the enabling probabilities of the active output transitions" type: Real
         P1.enableOut.nTAout:DISCRETE(fixed = true protected = true )  "number of active output transitions" type: Integer
         P1.enableOut.nremTAout:DISCRETE(fixed = true protected = true )  "number of remaining active output transitions" type: Integer
         P1.enableOut.Index:DISCRETE(fixed = true protected = true )  type: Integer
         P1.enableOut.arcWeightSum:DISCRETE(fixed = true protected = true )  "arc weight sum" type: Real
         P1.enableIn.posTE:DISCRETE(fixed = true protected = true )  "possible enabled transition" type: Integer
         P1.enableIn.k:DISCRETE(fixed = true protected = true )  "iteration index" type: Integer
         P1.enableIn.endWhile:DISCRETE(fixed = true protected = true )  type: Boolean
         P1.enableIn.sumEnablingProbTAin:DISCRETE(fixed = true protected = true )  "sum of the enabling probabilities of the active input transitions" type: Real
         P1.enableIn.nTAin:DISCRETE(fixed = true protected = true )  "number ofactive input transitions" type: Integer
         P1.enableIn.nremTAin:DISCRETE(fixed = true protected = true )  "number of remaining active input transitions" type: Integer
         P1.enableIn.Index:DISCRETE(fixed = true protected = true )  "priority Index" type: Integer
         P1.enableIn.arcWeightSum:DISCRETE(fixed = true protected = true )  "arc weight sum" type: Real
         P3.disMarksIn.anytrue:DISCRETE(fixed = true protected = true )  type: Boolean
         P3.disMarksOut.anytrue:DISCRETE(fixed = true protected = true )  type: Boolean
         P2.disMarksIn.anytrue:DISCRETE(fixed = true protected = true )  type: Boolean
         P2.disMarksOut.anytrue:DISCRETE(fixed = true protected = true )  type: Boolean
         P1.disMarksIn.anytrue:DISCRETE(fixed = true protected = true )  type: Boolean
         P1.disMarksOut.anytrue:DISCRETE(fixed = true protected = true )  type: Boolean
         P2.enableOut.Index:DISCRETE(fixed = true protected = true )  type: Integer
         P2.enableOut.endWhile:DISCRETE(fixed = true protected = true )  type: Boolean
         P2.enableOut.sumEnablingProbTAout:DISCRETE(fixed = true protected = true )  "sum of the enabling probabilities of the active output transitions" type: Real
         P2.enableOut.posTE:DISCRETE(fixed = true protected = true )  "possible enabled transition" type: Integer
         P2.enableOut.k:DISCRETE(fixed = true protected = true )  "iteration index" type: Integer
         P2.enableOut.nTAout:DISCRETE(fixed = true protected = true )  "number of active output transitions" type: Integer
         P2.enableOut.nremTAout:DISCRETE(fixed = true protected = true )  "number of remaining active output transitions" type: Integer
         P2.enableOut.arcWeightSum:DISCRETE(fixed = true protected = true )  "arc weight sum" type: Real
Notification: Model statistics after passing the back-end for initialization:
 * Number of independent subsystems: 159
 * Number of states: 0 ()
 * Number of discrete variables: 368 ($PRE.P3.enableOut.Index,P3.enableOut.Index,$PRE.P3.enableOut.endWhile,P3.enableOut.endWhile,$PRE.P3.enableOut.sumEnablingProbTAout,P3.enableOut.sumEnablingProbTAout,P3.enableOut.randNum,$PRE.P3.enableOut.randNum,P3.enableOut.state128[4],$PRE.P3.enableOut.state128[4],P3.enableOut.state128[3],$PRE.P3.enableOut.state128[3],P3.enableOut.state128[2],$PRE.P3.enableOut.state128[2],P3.enableOut.state128[1],$PRE.P3.enableOut.state128[1],$PRE.P3.enableOut.posTE,P3.enableOut.posTE,$PRE.P3.enableOut.k,P3.enableOut.k,$PRE.P3.enableOut.nTAout,P3.enableOut.nTAout,$PRE.P3.enableOut.nremTAout,P3.enableOut.nremTAout,$PRE.P3.enableOut.arcWeightSum,P3.enableOut.arcWeightSum,P3.delayPassedOut.numtrue,P3.delayPassedOut.anytrue,$whenCondition9,$PRE.P3.enableIn.posTE,P3.enableIn.posTE,$PRE.P3.enableIn.k,P3.enableIn.k,$PRE.P3.enableIn.endWhile,P3.enableIn.endWhile,P3.enableIn.randNum,$PRE.P3.enableIn.randNum,P3.enableIn.state128[4],$PRE.P3.enableIn.state128[4],P3.enableIn.state128[3],$PRE.P3.enableIn.state128[3],P3.enableIn.state128[2],$PRE.P3.enableIn.state128[2],P3.enableIn.state128[1],$PRE.P3.enableIn.state128[1],P3.enableIn.cumEnablingProb[1],$PRE.P3.enableIn.cumEnablingProb[1],$PRE.P3.enableIn.sumEnablingProbTAin,P3.enableIn.sumEnablingProbTAin,$PRE.P3.enableIn.nTAin,P3.enableIn.nTAin,$PRE.P3.enableIn.nremTAin,P3.enableIn.nremTAin,P3.enableIn.remTAin[1],$PRE.P3.enableIn.remTAin[1],$PRE.P3.enableIn.Index,P3.enableIn.Index,$PRE.P3.enableIn.arcWeightSum,P3.enableIn.arcWeightSum,P3.enableIn.disTAin[1],$PRE.P3.enableIn.disTAin[1],$PRE.P2.enableIn.posTE,P2.enableIn.posTE,$PRE.P2.enableIn.k,P2.enableIn.k,$PRE.P2.enableIn.endWhile,P2.enableIn.endWhile,P2.enableIn.randNum,$PRE.P2.enableIn.randNum,P2.enableIn.state128[4],$PRE.P2.enableIn.state128[4],P2.enableIn.state128[3],$PRE.P2.enableIn.state128[3],P2.enableIn.state128[2],$PRE.P2.enableIn.state128[2],P2.enableIn.state128[1],$PRE.P2.enableIn.state128[1],P2.enableIn.cumEnablingProb[1],$PRE.P2.enableIn.cumEnablingProb[1],$PRE.P2.enableIn.sumEnablingProbTAin,P2.enableIn.sumEnablingProbTAin,$PRE.P2.enableIn.nTAin,P2.enableIn.nTAin,$PRE.P2.enableIn.nremTAin,P2.enableIn.nremTAin,P2.enableIn.remTAin[1],$PRE.P2.enableIn.remTAin[1],$PRE.P2.enableIn.Index,P2.enableIn.Index,$PRE.P2.enableIn.arcWeightSum,P2.enableIn.arcWeightSum,P2.enableIn.disTAin[1],$PRE.P2.enableIn.disTAin[1],$PRE.P1.enableOut.posTE,P1.enableOut.posTE,$PRE.P1.enableOut.k,P1.enableOut.k,$PRE.P1.enableOut.endWhile,P1.enableOut.endWhile,P1.enableOut.randNum,$PRE.P1.enableOut.randNum,P1.enableOut.state128[4],$PRE.P1.enableOut.state128[4],P1.enableOut.state128[3],$PRE.P1.enableOut.state128[3],P1.enableOut.state128[2],$PRE.P1.enableOut.state128[2],P1.enableOut.state128[1],$PRE.P1.enableOut.state128[1],P1.enableOut.cumEnablingProb[2],$PRE.P1.enableOut.cumEnablingProb[2],P1.enableOut.cumEnablingProb[1],$PRE.P1.enableOut.cumEnablingProb[1],$PRE.P1.enableOut.sumEnablingProbTAout,P1.enableOut.sumEnablingProbTAout,$PRE.P1.enableOut.nTAout,P1.enableOut.nTAout,$PRE.P1.enableOut.nremTAout,P1.enableOut.nremTAout,P1.enableOut.remTAout[2],$PRE.P1.enableOut.remTAout[2],P1.enableOut.remTAout[1],$PRE.P1.enableOut.remTAout[1],$PRE.P1.enableOut.Index,P1.enableOut.Index,$PRE.P1.enableOut.arcWeightSum,P1.enableOut.arcWeightSum,P1.enableOut.disTAout[2],$PRE.P1.enableOut.disTAout[2],P1.enableOut.disTAout[1],$PRE.P1.enableOut.disTAout[1],$PRE.P1.enableIn.posTE,P1.enableIn.posTE,$PRE.P1.enableIn.k,P1.enableIn.k,$PRE.P1.enableIn.endWhile,P1.enableIn.endWhile,P1.enableIn.randNum,$PRE.P1.enableIn.randNum,P1.enableIn.state128[4],$PRE.P1.enableIn.state128[4],P1.enableIn.state128[3],$PRE.P1.enableIn.state128[3],P1.enableIn.state128[2],$PRE.P1.enableIn.state128[2],P1.enableIn.state128[1],$PRE.P1.enableIn.state128[1],P1.enableIn.cumEnablingProb[1],$PRE.P1.enableIn.cumEnablingProb[1],$PRE.P1.enableIn.sumEnablingProbTAin,P1.enableIn.sumEnablingProbTAin,$PRE.P1.enableIn.nTAin,P1.enableIn.nTAin,$PRE.P1.enableIn.nremTAin,P1.enableIn.nremTAin,P1.enableIn.remTAin[1],$PRE.P1.enableIn.remTAin[1],$PRE.P1.enableIn.Index,P1.enableIn.Index,$PRE.P1.enableIn.arcWeightSum,P1.enableIn.arcWeightSum,P1.enableIn.disTAin[1],$PRE.P1.enableIn.disTAin[1],$PRE.P1.disMarksInOut,P1.outTransition[1].tokenInOut,T3.inPlaces[1].tokenInOut,$PRE.P3.disMarksIn.anytrue,$PRE.P3.disMarksOut.anytrue,P3.disMarksInOut,$whenCondition8,$PRE.P2.disMarksIn.anytrue,$PRE.P2.disMarksOut.anytrue,P2.disMarksInOut,$whenCondition7,$PRE.P1.disMarksIn.anytrue,$PRE.P1.disMarksOut.anytrue,P1.disMarksInOut,$whenCondition6,P3.disMarksOut.numtrue,P3.disMarksOut.anytrue,P2.disMarksOut.numtrue,P2.disMarksOut.anytrue,$PRE.P2.enableOut.Index,P2.enableOut.Index,$PRE.P2.enableOut.endWhile,P2.enableOut.endWhile,$PRE.P2.enableOut.sumEnablingProbTAout,P2.enableOut.sumEnablingProbTAout,P2.enableOut.randNum,$PRE.P2.enableOut.randNum,P2.enableOut.state128[4],$PRE.P2.enableOut.state128[4],P2.enableOut.state128[3],$PRE.P2.enableOut.state128[3],P2.enableOut.state128[2],$PRE.P2.enableOut.state128[2],P2.enableOut.state128[1],$PRE.P2.enableOut.state128[1],$PRE.P2.enableOut.posTE,P2.enableOut.posTE,$PRE.P2.enableOut.k,P2.enableOut.k,$PRE.P2.enableOut.nTAout,P2.enableOut.nTAout,$PRE.P2.enableOut.nremTAout,P2.enableOut.nremTAout,$PRE.P2.enableOut.arcWeightSum,P2.enableOut.arcWeightSum,P2.delayPassedOut.numtrue,P2.delayPassedOut.anytrue,$whenCondition1,P3.inTransition[1].disPlace,P3.inTransition[1].maxTokensint,P3.inTransition[1].tint,T3.outPlaces[1].disTransition,T3.outPlaces[1].enabledByInPlaces,P3.reStart,P2.inTransition[1].disPlace,P2.inTransition[1].maxTokensint,P2.inTransition[1].tint,T2.outPlaces[1].disTransition,T2.outPlaces[1].enabledByInPlaces,P2.reStart,P1.outTransition[2].normalArc,P1.outTransition[2].testValueint,P1.outTransition[2].arcType,P1.outTransition[2].disPlace,P1.outTransition[2].minTokensint,P1.outTransition[2].tint,T3.inPlaces[1].disTransition,P1.outTransition[1].normalArc,P1.outTransition[1].testValueint,P1.outTransition[1].arcType,P1.outTransition[1].disPlace,P1.outTransition[1].minTokensint,P1.outTransition[1].tint,T2.inPlaces[1].disTransition,P1.inTransition[1].disPlace,P1.inTransition[1].maxTokensint,P1.inTransition[1].tint,T1.outPlaces[1].disTransition,T1.outPlaces[1].enabledByInPlaces,P1.reStart,T3.firingCon,T2.firingCon,T1.firingCon,P1.disMarksOut.vec[1],P1.disMarksOut.vec[2],P1.disMarksOut.numtrue,P1.disMarksOut.anytrue,P1.disMarksIn.vec[1],P1.disMarksIn.numtrue,P1.disMarksIn.anytrue,P2.disMarksIn.vec[1],P2.disMarksIn.numtrue,P2.disMarksIn.anytrue,P3.disMarksIn.vec[1],P3.disMarksIn.numtrue,P3.disMarksIn.anytrue,T1.fire_,T1.activation.arcWeightIntOut[1],T2.activation.arcWeightIntIn[1],T2.activation.arcWeightIntOut[1],T3.activation.arcWeightIntIn[1],T3.activation.arcWeightIntOut[1],P1.delayPassedOut.vec[1],P1.delayPassedOut.vec[2],P1.delayPassedIn.vec[1],P2.delayPassedIn.vec[1],P3.delayPassedIn.vec[1],T3.activation.disPlaceOut[1],T3.activation.maxTokensInt[1],T3.activation.tIntOut[1],T2.activation.disPlaceOut[1],T2.activation.maxTokensInt[1],T2.activation.tIntOut[1],T3.activation.normalArc[1],T3.activation.testValueInt[1],T3.activation.arcType[1],T3.activation.disPlaceIn[1],T3.activation.minTokensInt[1],T3.activation.tIntIn[1],T2.activation.normalArc[1],T2.activation.testValueInt[1],T2.activation.arcType[1],T2.activation.disPlaceIn[1],T2.activation.minTokensInt[1],T2.activation.tIntIn[1],T1.activation.disPlaceOut[1],T1.activation.maxTokensInt[1],T1.activation.tIntOut[1],P3.emptying.numtrue,P3.emptying.anytrue,P3.feeding.numtrue,P3.feeding.anytrue,P3.feeding.vec[1],P3.delayPassedIn.numtrue,P3.delayPassedIn.anytrue,P3.enableIn.TEin[1],$PRE.P3.enableIn.TEin[1],P3.enableIn.TEin_[1],P3.enableIn.active[1],P3.fireIn[1],$PRE.P3.fireIn[1],P2.emptying.numtrue,P2.emptying.anytrue,P2.feeding.numtrue,P2.feeding.anytrue,P2.feeding.vec[1],P2.delayPassedIn.numtrue,P2.delayPassedIn.anytrue,P2.enableIn.TEin[1],$PRE.P2.enableIn.TEin[1],P2.enableIn.TEin_[1],P2.enableIn.active[1],P2.fireIn[1],$PRE.P2.fireIn[1],P1.emptying.numtrue,P1.emptying.anytrue,P1.emptying.vec[2],P1.emptying.vec[1],P1.feeding.numtrue,P1.feeding.anytrue,P1.feeding.vec[1],P1.delayPassedIn.numtrue,P1.delayPassedIn.anytrue,P1.delayPassedOut.numtrue,P1.delayPassedOut.anytrue,P1.enableOut.TEout[2],$PRE.P1.enableOut.TEout[2],P1.enableOut.TEout[1],$PRE.P1.enableOut.TEout[1],P1.enableOut.TEout_[2],P1.enableOut.TEout_[1],P1.enableOut.TAout[2],P1.enableOut.TAout[1],P1.enableIn.TEin[1],$PRE.P1.enableIn.TEin[1],P1.enableIn.TEin_[1],P1.enableIn.active[1],P1.fireOut[2],$PRE.P1.fireOut[2],P1.fireOut[1],$PRE.P1.fireOut[1],P1.fireIn[1],$PRE.P1.fireIn[1],T3.fire_,T3.activation.NoTokens,T3.activation.weaklyOutputActiveVec[1],T3.activation.weaklyInputActiveVec[1],T3.activation.active,T3.activation.emptied[1],T3.activation.fed[1],T2.fire_,T2.activation.NoTokens,T2.activation.weaklyOutputActiveVec[1],T2.activation.weaklyInputActiveVec[1],T2.activation.active,T2.activation.emptied[1],T2.activation.fed[1],T1.activation.NoTokens,T1.activation.weaklyOutputActiveVec[1],T1.activation.active,T1.activation.emptied[1],$whenCondition5,$whenCondition4,$whenCondition3,$whenCondition2)
 * Number of discrete states: 0 ()
 * Number of clocked states: 0 ()
 * Top-level inputs: 0
Notification: Strong component statistics for initialization (391):
 * Single equations (assignments): 357
 * Array equations: 0
 * Algorithm blocks: 33
 * Record equations: 0
 * When equations: 0
 * If-equations: 0
 * Equation systems (not torn): 0
 * Torn equation systems: 1
 * Mixed (continuous/discrete) equation systems: 0
Notification: Torn system details for strict tearing set:
 * Linear torn systems (#iteration vars, #inner vars, density): 0 systems
 * Non-linear torn systems (#iteration vars, #inner vars): 1 system
   {(4,16)}
Notification: Performance of prepare postOptimizeDAE: time 0.002762/0.4334, allocations: 2.292 MB / 0.5186 GB, free: 63.69 MB / 378.7 MB
Notification: Performance of postOpt lateInlineFunction (simulation): time 0.0006154/0.4341, allocations: 233.4 kB / 0.5188 GB, free: 63.69 MB / 378.7 MB
Notification: Performance of postOpt wrapFunctionCalls (simulation): time 0.009812/0.4439, allocations: 6.811 MB / 0.5255 GB, free: 59.3 MB / 378.7 MB
Notification: Performance of postOpt inlineArrayEqn (simulation): time 2.742e-05/0.4439, allocations: 12 kB / 0.5255 GB, free: 59.29 MB / 378.7 MB
Notification: Performance of postOpt constantLinearSystem (simulation): time 7.744e-06/0.444, allocations: 4 kB / 0.5255 GB, free: 59.28 MB / 378.7 MB
Notification: Performance of postOpt simplifysemiLinear (simulation): time 1.408e-05/0.444, allocations: 3.984 kB / 0.5255 GB, free: 59.28 MB / 378.7 MB
Notification: Performance of postOpt removeSimpleEquations (simulation): time 0.013/0.457, allocations: 9.839 MB / 0.5351 GB, free: 49.31 MB / 378.7 MB
Notification: Performance of postOpt simplifyComplexFunction (simulation): time 0.009284/0.4663, allocations: 6.648 MB / 0.5416 GB, free: 42.52 MB / 378.7 MB
Notification: Performance of postOpt solveSimpleEquations (simulation): time 0.0004196/0.4667, allocations: 95.83 kB / 0.5417 GB, free: 42.43 MB / 378.7 MB
Notification: Performance of postOpt tearingSystem (simulation): time 0.001088/0.4678, allocations: 374.9 kB / 0.542 GB, free: 42.06 MB / 378.7 MB
Notification: Performance of postOpt inputDerivativesUsed (simulation): time 0.000286/0.4681, allocations: 138.3 kB / 0.5422 GB, free: 41.93 MB / 378.7 MB
Notification: Performance of postOpt calculateStrongComponentJacobians (simulation): time 0.001023/0.4692, allocations: 1.034 MB / 0.5432 GB, free: 40.88 MB / 378.7 MB
Notification: Performance of postOpt calculateStateSetsJacobians (simulation): time 2.936e-06/0.4692, allocations: 7.938 kB / 0.5432 GB, free: 40.87 MB / 378.7 MB
Notification: Performance of postOpt symbolicJacobian (simulation): time 0.01464/0.4838, allocations: 10.22 MB / 0.5532 GB, free: 30.53 MB / 378.7 MB
Notification: Performance of postOpt removeConstants (simulation): time 0.0001743/0.484, allocations: 242.8 kB / 0.5534 GB, free: 30.27 MB / 378.7 MB
Notification: Performance of postOpt simplifyTimeIndepFuncCalls (simulation): time 0.000643/0.4847, allocations: 247.9 kB / 0.5536 GB, free: 30.03 MB / 378.7 MB
Notification: Performance of postOpt simplifyAllExpressions (simulation): time 0.001771/0.4864, allocations: 237.5 kB / 0.5538 GB, free: 29.8 MB / 378.7 MB
Notification: Performance of postOpt findZeroCrossings (simulation): time 0.0009747/0.4874, allocations: 0.616 MB / 0.5545 GB, free: 29.19 MB / 378.7 MB
Notification: Performance of postOpt collapseArrayExpressions (simulation): time 0.0003278/0.4878, allocations: 160.6 kB / 0.5546 GB, free: 29.04 MB / 378.7 MB
Notification: Performance of sorting global known variables: time 0.0006263/0.4884, allocations: 0.5732 MB / 0.5552 GB, free: 28.46 MB / 378.7 MB
Notification: Performance of sort global known variables: time 1.61e-07/0.4884, allocations: 4 kB / 0.5552 GB, free: 28.46 MB / 378.7 MB
Notification: Performance of remove unused functions: time 0.002469/0.4909, allocations: 0.8975 MB / 0.556 GB, free: 27.57 MB / 378.7 MB
Notification: Model statistics after passing the back-end for simulation:
 * Number of independent subsystems: 4
 * Number of states: 3 (P1.t_,P2.t_,P3.t_)
 * Number of discrete variables: 188 ($whenCondition1,P2.enableOut.state128[1],P2.enableOut.state128[2],P2.enableOut.state128[3],P2.enableOut.state128[4],P2.enableOut.arcWeightSum,P2.enableOut.nremTAout,P2.enableOut.nTAout,P2.enableOut.k,P2.enableOut.posTE,P2.enableOut.randNum,P2.enableOut.sumEnablingProbTAout,P2.enableOut.endWhile,P2.enableOut.Index,P2.delayPassedOut.anytrue,P2.delayPassedOut.numtrue,P2.disMarksInOut,P3.disMarksInOut,$cse4[1],$cse5[1],$whenCondition8,$whenCondition7,$whenCondition6,$whenCondition2,$whenCondition3,$whenCondition4,$whenCondition5,T1.activation.emptied[1],T1.activation.active,T1.activation.weaklyOutputActiveVec[1],T1.activation.NoTokens,T2.activation.fed[1],T2.activation.emptied[1],T2.activation.active,T2.activation.weaklyInputActiveVec[1],T2.activation.weaklyOutputActiveVec[1],T2.activation.NoTokens,T2.fire_,T3.inPlaces[1].tokenInOut,T3.activation.fed[1],T3.activation.emptied[1],T3.activation.active,T3.activation.weaklyInputActiveVec[1],T3.activation.weaklyOutputActiveVec[1],T3.activation.NoTokens,T3.fire_,P1.outTransition[1].tokenInOut,P1.disMarksInOut,P1.fireIn[1],P1.fireOut[1],P1.fireOut[2],P1.enableIn.active[1],P1.enableIn.TEin_[1],P1.enableIn.state128[1],P1.enableIn.state128[2],P1.enableIn.state128[3],P1.enableIn.state128[4],P1.enableIn.TEin[1],P1.enableIn.disTAin[1],P1.enableIn.remTAin[1],P1.enableIn.cumEnablingProb[1],P1.enableIn.arcWeightSum,P1.enableIn.nremTAin,P1.enableIn.nTAin,P1.enableIn.k,P1.enableIn.posTE,P1.enableIn.randNum,P1.enableIn.sumEnablingProbTAin,P1.enableIn.endWhile,P1.enableIn.Index,P1.enableOut.TAout[1],P1.enableOut.TAout[2],P1.enableOut.TEout_[1],P1.enableOut.TEout_[2],P1.enableOut.state128[1],P1.enableOut.state128[2],P1.enableOut.state128[3],P1.enableOut.state128[4],P1.enableOut.TEout[1],P1.enableOut.TEout[2],P1.enableOut.disTAout[1],P1.enableOut.disTAout[2],P1.enableOut.remTAout[1],P1.enableOut.remTAout[2],P1.enableOut.cumEnablingProb[1],P1.enableOut.cumEnablingProb[2],P1.enableOut.arcWeightSum,P1.enableOut.nremTAout,P1.enableOut.nTAout,P1.enableOut.k,P1.enableOut.posTE,P1.enableOut.randNum,P1.enableOut.sumEnablingProbTAout,P1.enableOut.endWhile,P1.enableOut.Index,P1.delayPassedOut.anytrue,P1.delayPassedOut.numtrue,P1.delayPassedIn.anytrue,P1.delayPassedIn.numtrue,P1.disMarksOut.anytrue,P1.disMarksOut.numtrue,P1.disMarksIn.anytrue,P1.disMarksIn.numtrue,P1.feeding.vec[1],P1.feeding.anytrue,P1.feeding.numtrue,P1.emptying.vec[1],P1.emptying.vec[2],P1.emptying.anytrue,P1.emptying.numtrue,P2.fireIn[1],P2.enableIn.active[1],P2.enableIn.TEin_[1],P2.enableIn.state128[1],P2.enableIn.state128[2],P2.enableIn.state128[3],P2.enableIn.state128[4],P2.enableIn.TEin[1],P2.enableIn.disTAin[1],P2.enableIn.remTAin[1],P2.enableIn.cumEnablingProb[1],P2.enableIn.arcWeightSum,P2.enableIn.nremTAin,P2.enableIn.nTAin,P2.enableIn.k,P2.enableIn.posTE,P2.enableIn.randNum,P2.enableIn.sumEnablingProbTAin,P2.enableIn.endWhile,P2.enableIn.Index,P2.delayPassedIn.anytrue,P2.delayPassedIn.numtrue,P2.disMarksOut.anytrue,P2.disMarksOut.numtrue,P2.disMarksIn.anytrue,P2.disMarksIn.numtrue,P2.feeding.vec[1],P2.feeding.anytrue,P2.feeding.numtrue,P2.emptying.anytrue,P2.emptying.numtrue,P3.fireIn[1],P3.enableIn.active[1],P3.enableIn.TEin_[1],P3.enableIn.state128[1],P3.enableIn.state128[2],P3.enableIn.state128[3],P3.enableIn.state128[4],P3.enableIn.TEin[1],P3.enableIn.disTAin[1],P3.enableIn.remTAin[1],P3.enableIn.cumEnablingProb[1],P3.enableIn.arcWeightSum,P3.enableIn.nremTAin,P3.enableIn.nTAin,P3.enableIn.k,P3.enableIn.posTE,P3.enableIn.randNum,P3.enableIn.sumEnablingProbTAin,P3.enableIn.endWhile,P3.enableIn.Index,P3.delayPassedIn.anytrue,P3.delayPassedIn.numtrue,P3.disMarksOut.anytrue,P3.disMarksOut.numtrue,P3.disMarksIn.anytrue,P3.disMarksIn.numtrue,P3.feeding.vec[1],P3.feeding.anytrue,P3.feeding.numtrue,P3.emptying.anytrue,P3.emptying.numtrue,$whenCondition9,P3.enableOut.state128[1],P3.enableOut.state128[2],P3.enableOut.state128[3],P3.enableOut.state128[4],P3.enableOut.arcWeightSum,P3.enableOut.nremTAout,P3.enableOut.nTAout,P3.enableOut.k,P3.enableOut.posTE,P3.enableOut.randNum,P3.enableOut.sumEnablingProbTAout,P3.enableOut.endWhile,P3.enableOut.Index,P3.delayPassedOut.anytrue,P3.delayPassedOut.numtrue)
 * Number of discrete states: 165 (P3.delayPassedOut.numtrue,P3.delayPassedOut.anytrue,P3.enableOut.Index,P3.enableOut.endWhile,P3.enableOut.sumEnablingProbTAout,P3.enableOut.state128[4],P3.enableOut.state128[3],P3.enableOut.state128[2],P3.enableOut.state128[1],P3.enableOut.randNum,P3.enableOut.posTE,P3.enableOut.k,P3.enableOut.nTAout,P3.enableOut.nremTAout,P3.enableOut.arcWeightSum,$whenCondition9,P1.disMarksInOut,P3.fireIn[1],P3.disMarksOut.anytrue,P3.disMarksIn.anytrue,P2.fireIn[1],P2.disMarksOut.anytrue,P2.disMarksIn.anytrue,P1.fireIn[1],P1.fireOut[2],P1.fireOut[1],P1.disMarksOut.anytrue,P1.disMarksIn.anytrue,P3.emptying.numtrue,P3.emptying.anytrue,P3.feeding.numtrue,P3.feeding.anytrue,P3.disMarksIn.numtrue,P3.disMarksOut.numtrue,P3.delayPassedIn.numtrue,P3.delayPassedIn.anytrue,P2.emptying.numtrue,P2.emptying.anytrue,P2.feeding.numtrue,P2.feeding.anytrue,P2.disMarksIn.numtrue,P2.disMarksOut.numtrue,P2.delayPassedIn.numtrue,P2.delayPassedIn.anytrue,P1.emptying.numtrue,P1.emptying.anytrue,P1.feeding.numtrue,P1.feeding.anytrue,P1.disMarksIn.numtrue,P1.disMarksOut.numtrue,P1.delayPassedIn.numtrue,P1.delayPassedIn.anytrue,P1.delayPassedOut.numtrue,P1.delayPassedOut.anytrue,T3.activation.weaklyOutputActiveVec[1],T3.activation.weaklyInputActiveVec[1],T3.activation.active,T3.activation.NoTokens,P3.enableIn.TEin_[1],P3.enableIn.posTE,P3.enableIn.k,P3.enableIn.endWhile,P3.enableIn.state128[4],P3.enableIn.state128[3],P3.enableIn.state128[2],P3.enableIn.state128[1],P3.enableIn.randNum,P3.enableIn.cumEnablingProb[1],P3.enableIn.sumEnablingProbTAin,P3.enableIn.nTAin,P3.enableIn.nremTAin,P3.enableIn.remTAin[1],P3.enableIn.Index,P3.enableIn.arcWeightSum,P3.enableIn.disTAin[1],$whenCondition5,P3.enableIn.TEin[1],T2.activation.weaklyOutputActiveVec[1],T2.activation.weaklyInputActiveVec[1],T2.activation.active,T2.activation.NoTokens,P2.enableIn.TEin_[1],P2.enableIn.posTE,P2.enableIn.k,P2.enableIn.endWhile,P2.enableIn.state128[4],P2.enableIn.state128[3],P2.enableIn.state128[2],P2.enableIn.state128[1],P2.enableIn.randNum,P2.enableIn.cumEnablingProb[1],P2.enableIn.sumEnablingProbTAin,P2.enableIn.nTAin,P2.enableIn.nremTAin,P2.enableIn.remTAin[1],P2.enableIn.Index,P2.enableIn.arcWeightSum,P2.enableIn.disTAin[1],$whenCondition4,P2.enableIn.TEin[1],P1.enableOut.TEout_[2],P1.enableOut.TEout_[1],P1.enableOut.posTE,P1.enableOut.k,P1.enableOut.endWhile,P1.enableOut.state128[4],P1.enableOut.state128[3],P1.enableOut.state128[2],P1.enableOut.state128[1],P1.enableOut.randNum,P1.enableOut.cumEnablingProb[2],P1.enableOut.cumEnablingProb[1],P1.enableOut.sumEnablingProbTAout,P1.enableOut.nTAout,P1.enableOut.nremTAout,P1.enableOut.remTAout[2],P1.enableOut.remTAout[1],P1.enableOut.Index,P1.enableOut.arcWeightSum,P1.enableOut.disTAout[2],P1.enableOut.disTAout[1],$whenCondition3,P1.enableOut.TEout[2],P1.enableOut.TEout[1],T1.activation.weaklyOutputActiveVec[1],T1.activation.active,T1.activation.NoTokens,P1.enableIn.TEin_[1],P1.enableIn.posTE,P1.enableIn.k,P1.enableIn.endWhile,P1.enableIn.state128[4],P1.enableIn.state128[3],P1.enableIn.state128[2],P1.enableIn.state128[1],P1.enableIn.randNum,P1.enableIn.cumEnablingProb[1],P1.enableIn.sumEnablingProbTAin,P1.enableIn.nTAin,P1.enableIn.nremTAin,P1.enableIn.remTAin[1],P1.enableIn.Index,P1.enableIn.arcWeightSum,P1.enableIn.disTAin[1],$whenCondition2,P1.enableIn.TEin[1],P3.disMarkChange,P2.disMarkChange,P1.disMarkChange,P2.delayPassedOut.numtrue,P2.delayPassedOut.anytrue,P2.enableOut.Index,P2.enableOut.endWhile,P2.enableOut.sumEnablingProbTAout,P2.enableOut.state128[4],P2.enableOut.state128[3],P2.enableOut.state128[2],P2.enableOut.state128[1],P2.enableOut.randNum,P2.enableOut.posTE,P2.enableOut.k,P2.enableOut.nTAout,P2.enableOut.nremTAout,P2.enableOut.arcWeightSum,$whenCondition1)
 * Number of clocked states: 0 ()
 * Top-level inputs: 0
Notification: Strong component statistics for simulation (98):
 * Single equations (assignments): 68
 * Array equations: 2
 * Algorithm blocks: 27
 * Record equations: 0
 * When equations: 0
 * If-equations: 0
 * Equation systems (not torn): 0
 * Torn equation systems: 1
 * Mixed (continuous/discrete) equation systems: 0
Notification: Torn system details for strict tearing set:
 * Linear torn systems (#iteration vars, #inner vars, density): 0 systems
 * Non-linear torn systems (#iteration vars, #inner vars): 1 system
   {(4,19)}
Notification: Performance of Backend phase and start with SimCode phase: time 0.001085/0.492, allocations: 0.6432 MB / 0.5567 GB, free: 26.93 MB / 378.7 MB
Notification: Performance of simCode: created initialization part: time 0.007906/0.4999, allocations: 7.471 MB / 0.564 GB, free: 19.05 MB / 378.7 MB
Notification: Performance of simCode: created event and clocks part: time 4.197e-06/0.4999, allocations: 0 / 0.564 GB, free: 19.05 MB / 378.7 MB
Notification: Performance of simCode: created simulation system equations: time 0.006853/0.5068, allocations: 9.096 MB / 0.5729 GB, free: 9.605 MB / 378.7 MB
Notification: Performance of simCode: created of all other equations (e.g. parameter, nominal, assert, etc): time 0.001262/0.5081, allocations: 290.1 kB / 0.5731 GB, free: 9.332 MB / 378.7 MB
Notification: Performance of simCode: created linear, non-linear and system jacobian parts: time 0.008265/0.5163, allocations: 5.658 MB / 0.5787 GB, free: 3.641 MB / 378.7 MB
Notification: Performance of simCode: some other stuff during SimCode phase: time 0.001037/0.5174, allocations: 1.7 MB / 0.5803 GB, free: 1.906 MB / 378.7 MB
Notification: Performance of simCode: alias equations: time 0.000915/0.5183, allocations: 424.8 kB / 0.5807 GB, free: 1.484 MB / 378.7 MB
Notification: Performance of simCode: all other stuff during SimCode phase: time 0.0002268/0.5185, allocations: 115.4 kB / 0.5808 GB, free: 1.371 MB / 378.7 MB
Notification: Performance of SimCode: time 4.11e-07/0.5186, allocations: 4 kB / 0.5808 GB, free: 1.367 MB / 378.7 MB
Notification: Performance of Templates: time 0.05712/0.5757, allocations: 39.5 MB / 0.6194 GB, free: 9.605 MB / 426.7 MB
make -j1 -f PNlib_2.2_PNlib.Examples.ConTest.Conflict.makefile
(rm -f PNlib_2.2_PNlib.Examples.ConTest.Conflict.pipe ; mkfifo PNlib_2.2_PNlib.Examples.ConTest.Conflict.pipe ; head -c 1048576 < PNlib_2.2_PNlib.Examples.ConTest.Conflict.pipe >> ../files/PNlib_2.2_PNlib.Examples.ConTest.Conflict.sim & ./PNlib_2.2_PNlib.Examples.ConTest.Conflict  -nls=newton -s=rungekutta -abortSlowSimulation -alarm=480  -emit_protected -lv LOG_STATS > PNlib_2.2_PNlib.Examples.ConTest.Conflict.pipe 2>&1)
diffSimulationResults("PNlib_2.2_PNlib.Examples.ConTest.Conflict_res.mat","/home/runner/work/PNlib/PNlib/ReferenceFiles/PNlib.Examples.ConTest.Conflict.mat","../files/PNlib_2.2_PNlib.Examples.ConTest.Conflict.diff",relTol=0.003,relTolDiffMinMax=0.003,rangeDelta=0.001)
Reference file matches
