Running: ./testmodel.py --libraries=/home/runner/.openmodelica/libraries/ --ompython_omhome= PNlib_2.2_PNlib.Examples.ConTest.ConflictLoop.conf.json
loadFile("/home/runner/.openmodelica/libraries/ModelicaServices 4.0.0+maint.om/package.mo", uses=false)
loadFile("/home/runner/.openmodelica/libraries/Complex 4.0.0+maint.om/package.mo", uses=false)
loadFile("/home/runner/.openmodelica/libraries/Modelica 4.0.0+maint.om/package.mo", uses=false)
loadFile("/home/runner/work/PNlib/PNlib/PNlib/package.mo", uses=false)
Using package PNlib with version 2.2 (/home/runner/work/PNlib/PNlib/PNlib/package.mo)
Using package Modelica with version 4.0.0 (/home/runner/.openmodelica/libraries/Modelica 4.0.0+maint.om/package.mo)
Using package Complex with version 4.0.0 (/home/runner/.openmodelica/libraries/Complex 4.0.0+maint.om/package.mo)
Using package ModelicaServices with version 4.0.0 (/home/runner/.openmodelica/libraries/ModelicaServices 4.0.0+maint.om/package.mo)
Running command: translateModel(PNlib.Examples.ConTest.ConflictLoop,tolerance=1e-06,outputFormat="mat",numberOfIntervals=5000,variableFilter="P1.t|P2.t|P3.t|T1.fire|T1.instantaneousSpeed|T1.maximumSpeed|T2.fire|T2.instantaneousSpeed|T2.maximumSpeed|T3.fire|T3.instantaneousSpeed|T3.maximumSpeed|time",fileNamePrefix="PNlib_2.2_PNlib.Examples.ConTest.ConflictLoop")
translateModel(PNlib.Examples.ConTest.ConflictLoop,tolerance=1e-06,outputFormat="mat",numberOfIntervals=5000,variableFilter="P1.t|P2.t|P3.t|T1.fire|T1.instantaneousSpeed|T1.maximumSpeed|T2.fire|T2.instantaneousSpeed|T2.maximumSpeed|T3.fire|T3.instantaneousSpeed|T3.maximumSpeed|time",fileNamePrefix="PNlib_2.2_PNlib.Examples.ConTest.ConflictLoop")
Notification: Performance of loadFile(/home/runner/.openmodelica/libraries/ModelicaServices 4.0.0+maint.om/package.mo): time 0.000971/0.0009711, allocations: 93.8 kB / 15.67 MB, free: 5.309 MB / 13.93 MB
Notification: Performance of loadFile(/home/runner/.openmodelica/libraries/Complex 4.0.0+maint.om/package.mo): time 0.0009914/0.0009914, allocations: 180 kB / 16.59 MB, free: 4.527 MB / 13.93 MB
Notification: Performance of loadFile(/home/runner/.openmodelica/libraries/Modelica 4.0.0+maint.om/package.mo): time 1.633/1.633, allocations: 222.1 MB / 239.5 MB, free: 11.02 MB / 202.7 MB
Notification: Performance of loadFile(/home/runner/work/PNlib/PNlib/PNlib/package.mo): time 0.09359/0.09359, allocations: 16.59 MB / 306.3 MB, free: 10.49 MB / 250.7 MB
Notification: Performance of FrontEnd - loaded program: time 0.0004497/0.0004498, allocations: 9.281 kB / 371.4 MB, free: 45.36 MB / 298.7 MB
Notification: Performance of FrontEnd - Absyn->SCode: time 0.07476/0.07523, allocations: 53.47 MB / 424.8 MB, free: 5.277 MB / 298.7 MB
Notification: Performance of NFInst.instantiate(PNlib.Examples.ConTest.ConflictLoop): time 0.004288/0.07956, allocations: 4.234 MB / 429.1 MB, free: 1.027 MB / 298.7 MB
Notification: Performance of NFInst.instExpressions: time 0.005352/0.08493, allocations: 3.293 MB / 432.3 MB, free: 13.73 MB / 314.7 MB
Notification: Performance of NFInst.updateImplicitVariability: time 0.0004967/0.08545, allocations: 27.88 kB / 432.4 MB, free: 13.7 MB / 314.7 MB
Notification: Performance of NFTyping.typeComponents: time 0.0008023/0.08626, allocations: 408.7 kB / 432.8 MB, free: 13.3 MB / 314.7 MB
Notification: Performance of NFTyping.typeBindings: time 0.0009458/0.08722, allocations: 424.6 kB / 433.2 MB, free: 12.88 MB / 314.7 MB
Notification: Performance of NFTyping.typeClassSections: time 0.002484/0.08971, allocations: 1.555 MB / 434.7 MB, free: 11.33 MB / 314.7 MB
Notification: Performance of NFFlatten.flatten: time 0.003552/0.09328, allocations: 4.709 MB / 439.5 MB, free: 6.613 MB / 314.7 MB
Notification: Performance of NFFlatten.resolveConnections: time 0.0008792/0.09418, allocations: 0.9159 MB / 440.4 MB, free: 5.648 MB / 314.7 MB
Notification: Performance of NFEvalConstants.evaluate: time 0.00131/0.0955, allocations: 1.827 MB / 442.2 MB, free: 3.816 MB / 314.7 MB
Notification: Performance of NFSimplifyModel.simplify: time 0.001423/0.09693, allocations: 1.594 MB / 443.8 MB, free: 2.219 MB / 314.7 MB
Notification: Performance of NFPackage.collectConstants: time 0.0005023/0.09745, allocations: 440 kB / 444.2 MB, free: 1.789 MB / 314.7 MB
Notification: Performance of NFFlatten.collectFunctions: time 0.001314/0.09877, allocations: 0.8236 MB / 445 MB, free: 0.9648 MB / 314.7 MB
Notification: Performance of NFScalarize.scalarize: time 0.0008738/0.09966, allocations: 0.7982 MB / 445.8 MB, free: 168 kB / 314.7 MB
Notification: Performance of NFVerifyModel.verify: time 0.002313/0.102, allocations: 1.844 MB / 447.7 MB, free: 14.31 MB / 330.7 MB
Notification: Performance of NFConvertDAE.convert: time 0.00337/0.1054, allocations: 4.577 MB / 452.3 MB, free: 9.723 MB / 330.7 MB
Notification: Performance of FrontEnd - DAE generated: time 4.528e-06/0.1054, allocations: 4 kB / 452.3 MB, free: 9.719 MB / 330.7 MB
Notification: Performance of FrontEnd: time 1.412e-06/0.1054, allocations: 0 / 452.3 MB, free: 9.719 MB / 330.7 MB
Notification: Performance of Transformations before backend: time 2.428e-05/0.1054, allocations: 0 / 452.3 MB, free: 9.719 MB / 330.7 MB
Notification: Model statistics after passing the front-end and creating the data structures used by the back-end:
 * Number of equations: 895
 * Number of variables: 895
Notification: Performance of Generate backend data structure: time 0.005101/0.1105, allocations: 4.255 MB / 456.5 MB, free: 5.203 MB / 330.7 MB
Notification: Performance of prepare preOptimizeDAE: time 3.698e-05/0.1106, allocations: 12.03 kB / 456.5 MB, free: 5.191 MB / 330.7 MB
Notification: Performance of preOpt normalInlineFunction (simulation): time 0.003719/0.1143, allocations: 0.6922 MB / 457.2 MB, free: 4.496 MB / 330.7 MB
Notification: Performance of preOpt evaluateParameters (simulation): time 0.002223/0.1165, allocations: 1.4 MB / 458.6 MB, free: 3.051 MB / 330.7 MB
Notification: Performance of preOpt simplifyIfEquations (simulation): time 0.0006183/0.1172, allocations: 0.8685 MB / 459.5 MB, free: 2.051 MB / 330.7 MB
Notification: Performance of preOpt expandDerOperator (simulation): time 0.0005537/0.1177, allocations: 399.9 kB / 459.9 MB, free: 1.66 MB / 330.7 MB
Notification: Performance of preOpt clockPartitioning (simulation): time 0.01034/0.1281, allocations: 6.815 MB / 466.7 MB, free: 10.69 MB / 346.7 MB
Notification: Performance of preOpt findStateOrder (simulation): time 6.506e-05/0.1282, allocations: 7.922 kB / 466.7 MB, free: 10.68 MB / 346.7 MB
Notification: Performance of preOpt replaceEdgeChange (simulation): time 0.0004587/0.1286, allocations: 187.9 kB / 466.9 MB, free: 10.5 MB / 346.7 MB
Notification: Performance of preOpt inlineArrayEqn (simulation): time 0.0005228/0.1292, allocations: 369.4 kB / 467.2 MB, free: 10.13 MB / 346.7 MB
Notification: Performance of preOpt removeEqualRHS (simulation): time 0.008129/0.1373, allocations: 5.086 MB / 472.3 MB, free: 5.035 MB / 346.7 MB
Notification: Performance of preOpt removeSimpleEquations (simulation): time 0.01615/0.1535, allocations: 11.48 MB / 483.8 MB, free: 9.309 MB / 362.7 MB
Notification: Performance of preOpt comSubExp (simulation): time 0.006911/0.1604, allocations: 6.682 MB / 490.5 MB, free: 2.562 MB / 362.7 MB
Notification: Performance of preOpt resolveLoops (simulation): time 0.007272/0.1677, allocations: 6.125 MB / 496.6 MB, free: 12.43 MB / 378.7 MB
Notification: Performance of preOpt evalFunc (simulation): time 0.0001637/0.1679, allocations: 45.83 kB / 496.7 MB, free: 12.38 MB / 378.7 MB
Notification: Performance of preOpt encapsulateWhenConditions (simulation): time 0.004883/0.1728, allocations: 3.458 MB / 0.4884 GB, free: 8.859 MB / 378.7 MB
Notification: Performance of pre-optimization done (n=276): time 4.599e-06/0.1728, allocations: 0 / 0.4884 GB, free: 8.859 MB / 378.7 MB
Notification: Performance of matching and sorting (n=276): time 0.2333/0.4061, allocations: 11.41 MB / 0.4995 GB, free: 74.81 MB / 378.7 MB
Notification: Performance of inlineWhenForInitialization (initialization): time 0.001192/0.4074, allocations: 1.797 MB / 0.5013 GB, free: 73.25 MB / 378.7 MB
Notification: Performance of selectInitializationVariablesDAE (initialization): time 0.002484/0.4099, allocations: 1.329 MB / 0.5026 GB, free: 73.1 MB / 378.7 MB
Notification: Performance of collectPreVariables (initialization): time 0.0004986/0.4104, allocations: 171 kB / 0.5028 GB, free: 73.07 MB / 378.7 MB
Notification: Performance of collectInitialEqns (initialization): time 0.0009624/0.4113, allocations: 1.048 MB / 0.5038 GB, free: 72.59 MB / 378.7 MB
Notification: Performance of collectInitialBindings (initialization): time 0.0009319/0.4123, allocations: 0.7387 MB / 0.5045 GB, free: 72.2 MB / 378.7 MB
Notification: Performance of simplifyInitialFunctions (initialization): time 0.001937/0.4142, allocations: 0.948 MB / 0.5054 GB, free: 72.14 MB / 378.7 MB
Notification: Performance of setup shared object (initialization): time 0.0001108/0.4144, allocations: 351.8 kB / 0.5058 GB, free: 71.84 MB / 378.7 MB
Notification: Performance of preBalanceInitialSystem (initialization): time 0.005254/0.4196, allocations: 2.068 MB / 0.5078 GB, free: 71.82 MB / 378.7 MB
Notification: Performance of partitionIndependentBlocks (initialization): time 0.006081/0.4257, allocations: 3.467 MB / 0.5112 GB, free: 70.2 MB / 378.7 MB
Notification: Performance of analyzeInitialSystem (initialization): time 0.01087/0.4366, allocations: 6.809 MB / 0.5178 GB, free: 65.42 MB / 378.7 MB
Notification: Performance of solveInitialSystemEqSystem (initialization): time 6.505e-05/0.4367, allocations: 15.22 kB / 0.5178 GB, free: 65.42 MB / 378.7 MB
Notification: Performance of matching and sorting (n=551) (initialization): time 0.0114/0.4481, allocations: 7.527 MB / 0.5252 GB, free: 60.86 MB / 378.7 MB
Notification: Performance of prepare postOptimizeDAE: time 0.0005015/0.4486, allocations: 1.161 MB / 0.5263 GB, free: 59.5 MB / 378.7 MB
Notification: Performance of postOpt simplifyComplexFunction (initialization): time 0.00668/0.4553, allocations: 4.793 MB / 0.531 GB, free: 54.58 MB / 378.7 MB
Notification: Performance of postOpt tearingSystem (initialization): time 0.003291/0.4586, allocations: 0.7528 MB / 0.5317 GB, free: 53.83 MB / 378.7 MB
Notification: Performance of postOpt solveSimpleEquations (initialization): time 0.001387/0.4601, allocations: 458.9 kB / 0.5322 GB, free: 53.38 MB / 378.7 MB
Notification: Performance of postOpt calculateStrongComponentJacobians (initialization): time 0.001345/0.4614, allocations: 1.284 MB / 0.5334 GB, free: 52.07 MB / 378.7 MB
Notification: Performance of postOpt simplifyAllExpressions (initialization): time 0.002389/0.4638, allocations: 0.5269 MB / 0.5339 GB, free: 51.54 MB / 378.7 MB
Notification: Performance of postOpt collapseArrayExpressions (initialization): time 0.0003369/0.4642, allocations: 228 kB / 0.5342 GB, free: 51.32 MB / 378.7 MB
Warning: Assuming fixed start value for the following 54 variables:
         P3.enableOut.posTE:DISCRETE(fixed = true protected = true )  "possible enabled transition" type: Integer
         P3.enableOut.k:DISCRETE(fixed = true protected = true )  "iteration index" type: Integer
         P3.enableOut.endWhile:DISCRETE(fixed = true protected = true )  type: Boolean
         P3.enableOut.sumEnablingProbTAout:DISCRETE(fixed = true protected = true )  "sum of the enabling probabilities of the active output transitions" type: Real
         P3.enableOut.nTAout:DISCRETE(fixed = true protected = true )  "number of active output transitions" type: Integer
         P3.enableOut.nremTAout:DISCRETE(fixed = true protected = true )  "number of remaining active output transitions" type: Integer
         P3.enableOut.Index:DISCRETE(fixed = true protected = true )  type: Integer
         P3.enableOut.arcWeightSum:DISCRETE(fixed = true protected = true )  "arc weight sum" type: Real
         P3.enableIn.posTE:DISCRETE(fixed = true protected = true )  "possible enabled transition" type: Integer
         P3.enableIn.k:DISCRETE(fixed = true protected = true )  "iteration index" type: Integer
         P3.enableIn.endWhile:DISCRETE(fixed = true protected = true )  type: Boolean
         P3.enableIn.sumEnablingProbTAin:DISCRETE(fixed = true protected = true )  "sum of the enabling probabilities of the active input transitions" type: Real
         P3.enableIn.nTAin:DISCRETE(fixed = true protected = true )  "number ofactive input transitions" type: Integer
         P3.enableIn.nremTAin:DISCRETE(fixed = true protected = true )  "number of remaining active input transitions" type: Integer
         P3.enableIn.Index:DISCRETE(fixed = true protected = true )  "priority Index" type: Integer
         P3.enableIn.arcWeightSum:DISCRETE(fixed = true protected = true )  "arc weight sum" type: Real
         P2.enableOut.posTE:DISCRETE(fixed = true protected = true )  "possible enabled transition" type: Integer
         P2.enableOut.k:DISCRETE(fixed = true protected = true )  "iteration index" type: Integer
         P2.enableOut.endWhile:DISCRETE(fixed = true protected = true )  type: Boolean
         P2.enableOut.sumEnablingProbTAout:DISCRETE(fixed = true protected = true )  "sum of the enabling probabilities of the active output transitions" type: Real
         P2.enableOut.nTAout:DISCRETE(fixed = true protected = true )  "number of active output transitions" type: Integer
         P2.enableOut.nremTAout:DISCRETE(fixed = true protected = true )  "number of remaining active output transitions" type: Integer
         P2.enableOut.Index:DISCRETE(fixed = true protected = true )  type: Integer
         P2.enableOut.arcWeightSum:DISCRETE(fixed = true protected = true )  "arc weight sum" type: Real
         P2.enableIn.posTE:DISCRETE(fixed = true protected = true )  "possible enabled transition" type: Integer
         P2.enableIn.k:DISCRETE(fixed = true protected = true )  "iteration index" type: Integer
         P2.enableIn.endWhile:DISCRETE(fixed = true protected = true )  type: Boolean
         P2.enableIn.sumEnablingProbTAin:DISCRETE(fixed = true protected = true )  "sum of the enabling probabilities of the active input transitions" type: Real
         P2.enableIn.nTAin:DISCRETE(fixed = true protected = true )  "number ofactive input transitions" type: Integer
         P2.enableIn.nremTAin:DISCRETE(fixed = true protected = true )  "number of remaining active input transitions" type: Integer
         P2.enableIn.Index:DISCRETE(fixed = true protected = true )  "priority Index" type: Integer
         P2.enableIn.arcWeightSum:DISCRETE(fixed = true protected = true )  "arc weight sum" type: Real
         P1.enableOut.posTE:DISCRETE(fixed = true protected = true )  "possible enabled transition" type: Integer
         P1.enableOut.k:DISCRETE(fixed = true protected = true )  "iteration index" type: Integer
         P1.enableOut.endWhile:DISCRETE(fixed = true protected = true )  type: Boolean
         P1.enableOut.sumEnablingProbTAout:DISCRETE(fixed = true protected = true )  "sum of the enabling probabilities of the active output transitions" type: Real
         P1.enableOut.nTAout:DISCRETE(fixed = true protected = true )  "number of active output transitions" type: Integer
         P1.enableOut.nremTAout:DISCRETE(fixed = true protected = true )  "number of remaining active output transitions" type: Integer
         P1.enableOut.Index:DISCRETE(fixed = true protected = true )  type: Integer
         P1.enableOut.arcWeightSum:DISCRETE(fixed = true protected = true )  "arc weight sum" type: Real
         P1.enableIn.posTE:DISCRETE(fixed = true protected = true )  "possible enabled transition" type: Integer
         P1.enableIn.k:DISCRETE(fixed = true protected = true )  "iteration index" type: Integer
         P1.enableIn.endWhile:DISCRETE(fixed = true protected = true )  type: Boolean
         P1.enableIn.sumEnablingProbTAin:DISCRETE(fixed = true protected = true )  "sum of the enabling probabilities of the active input transitions" type: Real
         P1.enableIn.nTAin:DISCRETE(fixed = true protected = true )  "number ofactive input transitions" type: Integer
         P1.enableIn.nremTAin:DISCRETE(fixed = true protected = true )  "number of remaining active input transitions" type: Integer
         P1.enableIn.Index:DISCRETE(fixed = true protected = true )  "priority Index" type: Integer
         P1.enableIn.arcWeightSum:DISCRETE(fixed = true protected = true )  "arc weight sum" type: Real
         P3.disMarksIn.anytrue:DISCRETE(fixed = true protected = true )  type: Boolean
         P3.disMarksOut.anytrue:DISCRETE(fixed = true protected = true )  type: Boolean
         P2.disMarksIn.anytrue:DISCRETE(fixed = true protected = true )  type: Boolean
         P2.disMarksOut.anytrue:DISCRETE(fixed = true protected = true )  type: Boolean
         P1.disMarksIn.anytrue:DISCRETE(fixed = true protected = true )  type: Boolean
         P1.disMarksOut.anytrue:DISCRETE(fixed = true protected = true )  type: Boolean
Notification: Model statistics after passing the back-end for initialization:
 * Number of independent subsystems: 185
 * Number of states: 0 ()
 * Number of discrete variables: 434 ($PRE.P3.enableOut.posTE,P3.enableOut.posTE,$PRE.P3.enableOut.k,P3.enableOut.k,$PRE.P3.enableOut.endWhile,P3.enableOut.endWhile,P3.enableOut.randNum,$PRE.P3.enableOut.randNum,P3.enableOut.state128[4],$PRE.P3.enableOut.state128[4],P3.enableOut.state128[3],$PRE.P3.enableOut.state128[3],P3.enableOut.state128[2],$PRE.P3.enableOut.state128[2],P3.enableOut.state128[1],$PRE.P3.enableOut.state128[1],P3.enableOut.cumEnablingProb[1],$PRE.P3.enableOut.cumEnablingProb[1],$PRE.P3.enableOut.sumEnablingProbTAout,P3.enableOut.sumEnablingProbTAout,$PRE.P3.enableOut.nTAout,P3.enableOut.nTAout,$PRE.P3.enableOut.nremTAout,P3.enableOut.nremTAout,P3.enableOut.remTAout[1],$PRE.P3.enableOut.remTAout[1],$PRE.P3.enableOut.Index,P3.enableOut.Index,$PRE.P3.enableOut.arcWeightSum,P3.enableOut.arcWeightSum,P3.enableOut.disTAout[1],$PRE.P3.enableOut.disTAout[1],$PRE.P3.enableIn.posTE,P3.enableIn.posTE,$PRE.P3.enableIn.k,P3.enableIn.k,$PRE.P3.enableIn.endWhile,P3.enableIn.endWhile,P3.enableIn.randNum,$PRE.P3.enableIn.randNum,P3.enableIn.state128[4],$PRE.P3.enableIn.state128[4],P3.enableIn.state128[3],$PRE.P3.enableIn.state128[3],P3.enableIn.state128[2],$PRE.P3.enableIn.state128[2],P3.enableIn.state128[1],$PRE.P3.enableIn.state128[1],P3.enableIn.cumEnablingProb[1],$PRE.P3.enableIn.cumEnablingProb[1],$PRE.P3.enableIn.sumEnablingProbTAin,P3.enableIn.sumEnablingProbTAin,$PRE.P3.enableIn.nTAin,P3.enableIn.nTAin,$PRE.P3.enableIn.nremTAin,P3.enableIn.nremTAin,P3.enableIn.remTAin[1],$PRE.P3.enableIn.remTAin[1],$PRE.P3.enableIn.Index,P3.enableIn.Index,$PRE.P3.enableIn.arcWeightSum,P3.enableIn.arcWeightSum,P3.enableIn.disTAin[1],$PRE.P3.enableIn.disTAin[1],$PRE.P2.enableOut.posTE,P2.enableOut.posTE,$PRE.P2.enableOut.k,P2.enableOut.k,$PRE.P2.enableOut.endWhile,P2.enableOut.endWhile,P2.enableOut.randNum,$PRE.P2.enableOut.randNum,P2.enableOut.state128[4],$PRE.P2.enableOut.state128[4],P2.enableOut.state128[3],$PRE.P2.enableOut.state128[3],P2.enableOut.state128[2],$PRE.P2.enableOut.state128[2],P2.enableOut.state128[1],$PRE.P2.enableOut.state128[1],P2.enableOut.cumEnablingProb[1],$PRE.P2.enableOut.cumEnablingProb[1],$PRE.P2.enableOut.sumEnablingProbTAout,P2.enableOut.sumEnablingProbTAout,$PRE.P2.enableOut.nTAout,P2.enableOut.nTAout,$PRE.P2.enableOut.nremTAout,P2.enableOut.nremTAout,P2.enableOut.remTAout[1],$PRE.P2.enableOut.remTAout[1],$PRE.P2.enableOut.Index,P2.enableOut.Index,$PRE.P2.enableOut.arcWeightSum,P2.enableOut.arcWeightSum,P2.enableOut.disTAout[1],$PRE.P2.enableOut.disTAout[1],$PRE.P2.enableIn.posTE,P2.enableIn.posTE,$PRE.P2.enableIn.k,P2.enableIn.k,$PRE.P2.enableIn.endWhile,P2.enableIn.endWhile,P2.enableIn.randNum,$PRE.P2.enableIn.randNum,P2.enableIn.state128[4],$PRE.P2.enableIn.state128[4],P2.enableIn.state128[3],$PRE.P2.enableIn.state128[3],P2.enableIn.state128[2],$PRE.P2.enableIn.state128[2],P2.enableIn.state128[1],$PRE.P2.enableIn.state128[1],P2.enableIn.cumEnablingProb[1],$PRE.P2.enableIn.cumEnablingProb[1],$PRE.P2.enableIn.sumEnablingProbTAin,P2.enableIn.sumEnablingProbTAin,$PRE.P2.enableIn.nTAin,P2.enableIn.nTAin,$PRE.P2.enableIn.nremTAin,P2.enableIn.nremTAin,P2.enableIn.remTAin[1],$PRE.P2.enableIn.remTAin[1],$PRE.P2.enableIn.Index,P2.enableIn.Index,$PRE.P2.enableIn.arcWeightSum,P2.enableIn.arcWeightSum,P2.enableIn.disTAin[1],$PRE.P2.enableIn.disTAin[1],$PRE.P1.enableOut.posTE,P1.enableOut.posTE,$PRE.P1.enableOut.k,P1.enableOut.k,$PRE.P1.enableOut.endWhile,P1.enableOut.endWhile,P1.enableOut.randNum,$PRE.P1.enableOut.randNum,P1.enableOut.state128[4],$PRE.P1.enableOut.state128[4],P1.enableOut.state128[3],$PRE.P1.enableOut.state128[3],P1.enableOut.state128[2],$PRE.P1.enableOut.state128[2],P1.enableOut.state128[1],$PRE.P1.enableOut.state128[1],P1.enableOut.cumEnablingProb[2],$PRE.P1.enableOut.cumEnablingProb[2],P1.enableOut.cumEnablingProb[1],$PRE.P1.enableOut.cumEnablingProb[1],$PRE.P1.enableOut.sumEnablingProbTAout,P1.enableOut.sumEnablingProbTAout,$PRE.P1.enableOut.nTAout,P1.enableOut.nTAout,$PRE.P1.enableOut.nremTAout,P1.enableOut.nremTAout,P1.enableOut.remTAout[2],$PRE.P1.enableOut.remTAout[2],P1.enableOut.remTAout[1],$PRE.P1.enableOut.remTAout[1],$PRE.P1.enableOut.Index,P1.enableOut.Index,$PRE.P1.enableOut.arcWeightSum,P1.enableOut.arcWeightSum,P1.enableOut.disTAout[2],$PRE.P1.enableOut.disTAout[2],P1.enableOut.disTAout[1],$PRE.P1.enableOut.disTAout[1],$PRE.P1.enableIn.posTE,P1.enableIn.posTE,$PRE.P1.enableIn.k,P1.enableIn.k,$PRE.P1.enableIn.endWhile,P1.enableIn.endWhile,P1.enableIn.randNum,$PRE.P1.enableIn.randNum,P1.enableIn.state128[4],$PRE.P1.enableIn.state128[4],P1.enableIn.state128[3],$PRE.P1.enableIn.state128[3],P1.enableIn.state128[2],$PRE.P1.enableIn.state128[2],P1.enableIn.state128[1],$PRE.P1.enableIn.state128[1],P1.enableIn.cumEnablingProb[1],$PRE.P1.enableIn.cumEnablingProb[1],$PRE.P1.enableIn.sumEnablingProbTAin,P1.enableIn.sumEnablingProbTAin,$PRE.P1.enableIn.nTAin,P1.enableIn.nTAin,$PRE.P1.enableIn.nremTAin,P1.enableIn.nremTAin,P1.enableIn.remTAin[1],$PRE.P1.enableIn.remTAin[1],$PRE.P1.enableIn.Index,P1.enableIn.Index,$PRE.P1.enableIn.arcWeightSum,P1.enableIn.arcWeightSum,P1.enableIn.disTAin[1],$PRE.P1.enableIn.disTAin[1],$PRE.P3.disMarksInOut,P3.outTransition[1].tokenInOut,$PRE.P2.disMarksInOut,P2.outTransition[1].tokenInOut,$PRE.P1.disMarksInOut,P1.outTransition[1].tokenInOut,T3.inPlaces[1].tokenInOut,$PRE.P3.disMarksIn.anytrue,$PRE.P3.disMarksOut.anytrue,P3.disMarksInOut,$whenCondition9,$PRE.P2.disMarksIn.anytrue,$PRE.P2.disMarksOut.anytrue,P2.disMarksInOut,$whenCondition8,$PRE.P1.disMarksIn.anytrue,$PRE.P1.disMarksOut.anytrue,P1.disMarksInOut,$whenCondition7,P3.outTransition[1].normalArc,P3.outTransition[1].testValueint,P3.outTransition[1].arcType,P3.outTransition[1].disPlace,P3.outTransition[1].minTokensint,P3.outTransition[1].tint,T1.inPlaces[2].disTransition,P3.inTransition[1].disPlace,P3.inTransition[1].maxTokensint,P3.inTransition[1].tint,T3.outPlaces[1].disTransition,T3.outPlaces[1].enabledByInPlaces,P3.reStart,P2.outTransition[1].normalArc,P2.outTransition[1].testValueint,P2.outTransition[1].arcType,P2.outTransition[1].disPlace,P2.outTransition[1].minTokensint,P2.outTransition[1].tint,T1.inPlaces[1].disTransition,P2.inTransition[1].disPlace,P2.inTransition[1].maxTokensint,P2.inTransition[1].tint,T2.outPlaces[1].disTransition,T2.outPlaces[1].enabledByInPlaces,P2.reStart,P1.outTransition[2].normalArc,P1.outTransition[2].testValueint,P1.outTransition[2].arcType,P1.outTransition[2].disPlace,P1.outTransition[2].minTokensint,P1.outTransition[2].tint,T3.inPlaces[1].disTransition,P1.outTransition[1].normalArc,P1.outTransition[1].testValueint,P1.outTransition[1].arcType,P1.outTransition[1].disPlace,P1.outTransition[1].minTokensint,P1.outTransition[1].tint,T2.inPlaces[1].disTransition,P1.inTransition[1].disPlace,P1.inTransition[1].maxTokensint,P1.inTransition[1].tint,T1.outPlaces[1].disTransition,T1.outPlaces[1].enabledByInPlaces,P1.reStart,T3.firingCon,T2.firingCon,T1.firingCon,P1.disMarksOut.vec[1],P1.disMarksOut.vec[2],P1.disMarksOut.numtrue,P1.disMarksOut.anytrue,P1.disMarksIn.vec[1],P1.disMarksIn.numtrue,P1.disMarksIn.anytrue,P2.disMarksOut.vec[1],P2.disMarksOut.numtrue,P2.disMarksOut.anytrue,P2.disMarksIn.vec[1],P2.disMarksIn.numtrue,P2.disMarksIn.anytrue,P3.disMarksOut.vec[1],P3.disMarksOut.numtrue,P3.disMarksOut.anytrue,P3.disMarksIn.vec[1],P3.disMarksIn.numtrue,P3.disMarksIn.anytrue,T1.activation.arcWeightIntIn[1],T1.activation.arcWeightIntIn[2],T1.activation.arcWeightIntOut[1],T2.activation.arcWeightIntIn[1],T2.activation.arcWeightIntOut[1],T3.activation.arcWeightIntIn[1],T3.activation.arcWeightIntOut[1],P1.delayPassedOut.vec[1],P1.delayPassedOut.vec[2],P1.delayPassedIn.vec[1],P2.delayPassedOut.vec[1],P2.delayPassedIn.vec[1],P3.delayPassedOut.vec[1],P3.delayPassedIn.vec[1],T1.activation.normalArc[2],T1.activation.testValueInt[2],T1.activation.arcType[2],T1.activation.disPlaceIn[2],T1.activation.minTokensInt[2],T1.activation.tIntIn[2],T3.activation.disPlaceOut[1],T3.activation.maxTokensInt[1],T3.activation.tIntOut[1],T1.activation.normalArc[1],T1.activation.testValueInt[1],T1.activation.arcType[1],T1.activation.disPlaceIn[1],T1.activation.minTokensInt[1],T1.activation.tIntIn[1],T2.activation.disPlaceOut[1],T2.activation.maxTokensInt[1],T2.activation.tIntOut[1],T3.activation.normalArc[1],T3.activation.testValueInt[1],T3.activation.arcType[1],T3.activation.disPlaceIn[1],T3.activation.minTokensInt[1],T3.activation.tIntIn[1],T2.activation.normalArc[1],T2.activation.testValueInt[1],T2.activation.arcType[1],T2.activation.disPlaceIn[1],T2.activation.minTokensInt[1],T2.activation.tIntIn[1],T1.activation.disPlaceOut[1],T1.activation.maxTokensInt[1],T1.activation.tIntOut[1],P3.emptying.numtrue,P3.emptying.anytrue,P3.emptying.vec[1],P3.feeding.numtrue,P3.feeding.anytrue,P3.feeding.vec[1],P3.delayPassedIn.numtrue,P3.delayPassedIn.anytrue,P3.delayPassedOut.numtrue,P3.delayPassedOut.anytrue,P3.enableOut.TEout[1],$PRE.P3.enableOut.TEout[1],P3.enableOut.TEout_[1],P3.enableOut.TAout[1],P3.enableIn.TEin[1],$PRE.P3.enableIn.TEin[1],P3.enableIn.TEin_[1],P3.enableIn.active[1],P3.fireOut[1],$PRE.P3.fireOut[1],P3.fireIn[1],$PRE.P3.fireIn[1],P2.emptying.numtrue,P2.emptying.anytrue,P2.emptying.vec[1],P2.feeding.numtrue,P2.feeding.anytrue,P2.feeding.vec[1],P2.delayPassedIn.numtrue,P2.delayPassedIn.anytrue,P2.delayPassedOut.numtrue,P2.delayPassedOut.anytrue,P2.enableOut.TEout[1],$PRE.P2.enableOut.TEout[1],P2.enableOut.TEout_[1],P2.enableOut.TAout[1],P2.enableIn.TEin[1],$PRE.P2.enableIn.TEin[1],P2.enableIn.TEin_[1],P2.enableIn.active[1],P2.fireOut[1],$PRE.P2.fireOut[1],P2.fireIn[1],$PRE.P2.fireIn[1],P1.emptying.numtrue,P1.emptying.anytrue,P1.emptying.vec[2],P1.emptying.vec[1],P1.feeding.numtrue,P1.feeding.anytrue,P1.feeding.vec[1],P1.delayPassedIn.numtrue,P1.delayPassedIn.anytrue,P1.delayPassedOut.numtrue,P1.delayPassedOut.anytrue,P1.enableOut.TEout[2],$PRE.P1.enableOut.TEout[2],P1.enableOut.TEout[1],$PRE.P1.enableOut.TEout[1],P1.enableOut.TEout_[2],P1.enableOut.TEout_[1],P1.enableOut.TAout[2],P1.enableOut.TAout[1],P1.enableIn.TEin[1],$PRE.P1.enableIn.TEin[1],P1.enableIn.TEin_[1],P1.enableIn.active[1],P1.fireOut[2],$PRE.P1.fireOut[2],P1.fireOut[1],$PRE.P1.fireOut[1],P1.fireIn[1],$PRE.P1.fireIn[1],T3.fire_,T3.activation.NoTokens,T3.activation.weaklyOutputActiveVec[1],T3.activation.weaklyInputActiveVec[1],T3.activation.active,T3.activation.emptied[1],T3.activation.fed[1],T2.fire_,T2.activation.NoTokens,T2.activation.weaklyOutputActiveVec[1],T2.activation.weaklyInputActiveVec[1],T2.activation.active,T2.activation.emptied[1],T2.activation.fed[1],T1.fire_,T1.activation.NoTokens,T1.activation.weaklyOutputActiveVec[1],T1.activation.weaklyInputActiveVec[2],T1.activation.weaklyInputActiveVec[1],T1.activation.active,T1.activation.emptied[1],T1.activation.fed[2],T1.activation.fed[1],$whenCondition6,$whenCondition5,$whenCondition4,$whenCondition3,$whenCondition2,$whenCondition1)
 * Number of discrete states: 0 ()
 * Number of clocked states: 0 ()
 * Top-level inputs: 0
Notification: Strong component statistics for initialization (465):
 * Single equations (assignments): 431
 * Array equations: 0
 * Algorithm blocks: 33
 * Record equations: 0
 * When equations: 0
 * If-equations: 0
 * Equation systems (not torn): 0
 * Torn equation systems: 1
 * Mixed (continuous/discrete) equation systems: 0
Notification: Torn system details for strict tearing set:
 * Linear torn systems (#iteration vars, #inner vars, density): 0 systems
 * Non-linear torn systems (#iteration vars, #inner vars): 1 system
   {(5,19)}
Notification: Performance of prepare postOptimizeDAE: time 0.002952/0.4671, allocations: 2.665 MB / 0.5368 GB, free: 48.54 MB / 378.7 MB
Notification: Performance of postOpt lateInlineFunction (simulation): time 0.0008092/0.4679, allocations: 278.4 kB / 0.537 GB, free: 48.27 MB / 378.7 MB
Notification: Performance of postOpt wrapFunctionCalls (simulation): time 0.01321/0.4812, allocations: 9.298 MB / 0.5461 GB, free: 38.77 MB / 378.7 MB
Notification: Performance of postOpt inlineArrayEqn (simulation): time 3.159e-05/0.4812, allocations: 16 kB / 0.5461 GB, free: 38.75 MB / 378.7 MB
Notification: Performance of postOpt constantLinearSystem (simulation): time 7.333e-06/0.4812, allocations: 0 / 0.5461 GB, free: 38.75 MB / 378.7 MB
Notification: Performance of postOpt simplifysemiLinear (simulation): time 1.517e-05/0.4812, allocations: 7.969 kB / 0.5461 GB, free: 38.75 MB / 378.7 MB
Notification: Performance of postOpt removeSimpleEquations (simulation): time 0.01553/0.4968, allocations: 12.25 MB / 0.5581 GB, free: 26.27 MB / 378.7 MB
Notification: Performance of postOpt simplifyComplexFunction (simulation): time 0.01241/0.5092, allocations: 9.109 MB / 0.567 GB, free: 16.96 MB / 378.7 MB
Notification: Performance of postOpt solveSimpleEquations (simulation): time 0.0004826/0.5097, allocations: 99.81 kB / 0.5671 GB, free: 16.86 MB / 378.7 MB
Notification: Performance of postOpt tearingSystem (simulation): time 0.0015/0.5112, allocations: 0.5282 MB / 0.5676 GB, free: 16.34 MB / 378.7 MB
Notification: Performance of postOpt inputDerivativesUsed (simulation): time 0.0003645/0.5116, allocations: 175.8 kB / 0.5678 GB, free: 16.17 MB / 378.7 MB
Notification: Performance of postOpt calculateStrongComponentJacobians (simulation): time 0.001314/0.5129, allocations: 1.217 MB / 0.569 GB, free: 14.93 MB / 378.7 MB
Notification: Performance of postOpt calculateStateSetsJacobians (simulation): time 3.346e-06/0.5129, allocations: 4.609 kB / 0.569 GB, free: 14.93 MB / 378.7 MB
Notification: Performance of postOpt symbolicJacobian (simulation): time 0.01936/0.5323, allocations: 13.48 MB / 0.5821 GB, free: 1.215 MB / 378.7 MB
Notification: Performance of postOpt removeConstants (simulation): time 0.0002797/0.5326, allocations: 266.4 kB / 0.5824 GB, free: 0.9336 MB / 378.7 MB
Notification: Performance of postOpt simplifyTimeIndepFuncCalls (simulation): time 0.0007831/0.5334, allocations: 283.9 kB / 0.5826 GB, free: 0.6562 MB / 378.7 MB
Notification: Performance of postOpt simplifyAllExpressions (simulation): time 0.002293/0.5357, allocations: 312.8 kB / 0.5829 GB, free: 360 kB / 378.7 MB
Notification: Performance of postOpt findZeroCrossings (simulation): time 0.0018/0.5375, allocations: 0.9887 MB / 0.5839 GB, free: 15.37 MB / 394.7 MB
Notification: Performance of postOpt collapseArrayExpressions (simulation): time 0.0005997/0.5381, allocations: 194.8 kB / 0.5841 GB, free: 15.18 MB / 394.7 MB
Notification: Performance of sorting global known variables: time 0.0007611/0.5389, allocations: 0.6865 MB / 0.5848 GB, free: 14.49 MB / 394.7 MB
Notification: Performance of sort global known variables: time 1.6e-07/0.5389, allocations: 0 / 0.5848 GB, free: 14.49 MB / 394.7 MB
Notification: Performance of remove unused functions: time 0.002894/0.5418, allocations: 1.12 MB / 0.5859 GB, free: 13.38 MB / 394.7 MB
Notification: Model statistics after passing the back-end for simulation:
 * Number of independent subsystems: 2
 * Number of states: 3 (P1.t_,P2.t_,P3.t_)
 * Number of discrete variables: 213 ($cse5[1],$cse5[2],$cse6[1],$cse7[1],$whenCondition9,$whenCondition8,$whenCondition7,$whenCondition1,$whenCondition2,$whenCondition3,$whenCondition4,$whenCondition5,$whenCondition6,T1.activation.fed[1],T1.activation.fed[2],T1.activation.emptied[1],T1.activation.active,T1.activation.weaklyInputActiveVec[1],T1.activation.weaklyInputActiveVec[2],T1.activation.weaklyOutputActiveVec[1],T1.activation.NoTokens,T1.fire_,T2.activation.fed[1],T2.activation.emptied[1],T2.activation.active,T2.activation.weaklyInputActiveVec[1],T2.activation.weaklyOutputActiveVec[1],T2.activation.NoTokens,T2.fire_,T3.inPlaces[1].tokenInOut,T3.activation.fed[1],T3.activation.emptied[1],T3.activation.active,T3.activation.weaklyInputActiveVec[1],T3.activation.weaklyOutputActiveVec[1],T3.activation.NoTokens,T3.fire_,P1.outTransition[1].tokenInOut,P1.disMarksInOut,P1.fireIn[1],P1.fireOut[1],P1.fireOut[2],P1.enableIn.active[1],P1.enableIn.TEin_[1],P1.enableIn.state128[1],P1.enableIn.state128[2],P1.enableIn.state128[3],P1.enableIn.state128[4],P1.enableIn.TEin[1],P1.enableIn.disTAin[1],P1.enableIn.remTAin[1],P1.enableIn.cumEnablingProb[1],P1.enableIn.arcWeightSum,P1.enableIn.nremTAin,P1.enableIn.nTAin,P1.enableIn.k,P1.enableIn.posTE,P1.enableIn.randNum,P1.enableIn.sumEnablingProbTAin,P1.enableIn.endWhile,P1.enableIn.Index,P1.enableOut.TAout[1],P1.enableOut.TAout[2],P1.enableOut.TEout_[1],P1.enableOut.TEout_[2],P1.enableOut.state128[1],P1.enableOut.state128[2],P1.enableOut.state128[3],P1.enableOut.state128[4],P1.enableOut.TEout[1],P1.enableOut.TEout[2],P1.enableOut.disTAout[1],P1.enableOut.disTAout[2],P1.enableOut.remTAout[1],P1.enableOut.remTAout[2],P1.enableOut.cumEnablingProb[1],P1.enableOut.cumEnablingProb[2],P1.enableOut.arcWeightSum,P1.enableOut.nremTAout,P1.enableOut.nTAout,P1.enableOut.k,P1.enableOut.posTE,P1.enableOut.randNum,P1.enableOut.sumEnablingProbTAout,P1.enableOut.endWhile,P1.enableOut.Index,P1.delayPassedOut.anytrue,P1.delayPassedOut.numtrue,P1.delayPassedIn.anytrue,P1.delayPassedIn.numtrue,P1.disMarksOut.anytrue,P1.disMarksOut.numtrue,P1.disMarksIn.anytrue,P1.disMarksIn.numtrue,P1.feeding.vec[1],P1.feeding.anytrue,P1.feeding.numtrue,P1.emptying.vec[1],P1.emptying.vec[2],P1.emptying.anytrue,P1.emptying.numtrue,P2.outTransition[1].tokenInOut,P2.disMarksInOut,P2.fireIn[1],P2.fireOut[1],P2.enableIn.active[1],P2.enableIn.TEin_[1],P2.enableIn.state128[1],P2.enableIn.state128[2],P2.enableIn.state128[3],P2.enableIn.state128[4],P2.enableIn.TEin[1],P2.enableIn.disTAin[1],P2.enableIn.remTAin[1],P2.enableIn.cumEnablingProb[1],P2.enableIn.arcWeightSum,P2.enableIn.nremTAin,P2.enableIn.nTAin,P2.enableIn.k,P2.enableIn.posTE,P2.enableIn.randNum,P2.enableIn.sumEnablingProbTAin,P2.enableIn.endWhile,P2.enableIn.Index,P2.enableOut.TAout[1],P2.enableOut.TEout_[1],P2.enableOut.state128[1],P2.enableOut.state128[2],P2.enableOut.state128[3],P2.enableOut.state128[4],P2.enableOut.TEout[1],P2.enableOut.disTAout[1],P2.enableOut.remTAout[1],P2.enableOut.cumEnablingProb[1],P2.enableOut.arcWeightSum,P2.enableOut.nremTAout,P2.enableOut.nTAout,P2.enableOut.k,P2.enableOut.posTE,P2.enableOut.randNum,P2.enableOut.sumEnablingProbTAout,P2.enableOut.endWhile,P2.enableOut.Index,P2.delayPassedOut.anytrue,P2.delayPassedOut.numtrue,P2.delayPassedIn.anytrue,P2.delayPassedIn.numtrue,P2.disMarksOut.anytrue,P2.disMarksOut.numtrue,P2.disMarksIn.anytrue,P2.disMarksIn.numtrue,P2.feeding.vec[1],P2.feeding.anytrue,P2.feeding.numtrue,P2.emptying.vec[1],P2.emptying.anytrue,P2.emptying.numtrue,P3.outTransition[1].tokenInOut,P3.disMarksInOut,P3.fireIn[1],P3.fireOut[1],P3.enableIn.active[1],P3.enableIn.TEin_[1],P3.enableIn.state128[1],P3.enableIn.state128[2],P3.enableIn.state128[3],P3.enableIn.state128[4],P3.enableIn.TEin[1],P3.enableIn.disTAin[1],P3.enableIn.remTAin[1],P3.enableIn.cumEnablingProb[1],P3.enableIn.arcWeightSum,P3.enableIn.nremTAin,P3.enableIn.nTAin,P3.enableIn.k,P3.enableIn.posTE,P3.enableIn.randNum,P3.enableIn.sumEnablingProbTAin,P3.enableIn.endWhile,P3.enableIn.Index,P3.enableOut.TAout[1],P3.enableOut.TEout_[1],P3.enableOut.state128[1],P3.enableOut.state128[2],P3.enableOut.state128[3],P3.enableOut.state128[4],P3.enableOut.TEout[1],P3.enableOut.disTAout[1],P3.enableOut.remTAout[1],P3.enableOut.cumEnablingProb[1],P3.enableOut.arcWeightSum,P3.enableOut.nremTAout,P3.enableOut.nTAout,P3.enableOut.k,P3.enableOut.posTE,P3.enableOut.randNum,P3.enableOut.sumEnablingProbTAout,P3.enableOut.endWhile,P3.enableOut.Index,P3.delayPassedOut.anytrue,P3.delayPassedOut.numtrue,P3.delayPassedIn.anytrue,P3.delayPassedIn.numtrue,P3.disMarksOut.anytrue,P3.disMarksOut.numtrue,P3.disMarksIn.anytrue,P3.disMarksIn.numtrue,P3.feeding.vec[1],P3.feeding.anytrue,P3.feeding.numtrue,P3.emptying.vec[1],P3.emptying.anytrue,P3.emptying.numtrue)
 * Number of discrete states: 181 (P3.disMarksInOut,P2.disMarksInOut,P1.disMarksInOut,P3.fireIn[1],P3.fireOut[1],P3.disMarksOut.anytrue,P3.disMarksIn.anytrue,P2.fireIn[1],P2.fireOut[1],P2.disMarksOut.anytrue,P2.disMarksIn.anytrue,P1.fireIn[1],P1.fireOut[2],P1.fireOut[1],P1.disMarksOut.anytrue,P1.disMarksIn.anytrue,P3.emptying.numtrue,P3.emptying.anytrue,P3.feeding.numtrue,P3.feeding.anytrue,P3.disMarksIn.numtrue,P3.disMarksOut.numtrue,P3.delayPassedIn.numtrue,P3.delayPassedIn.anytrue,P3.delayPassedOut.numtrue,P3.delayPassedOut.anytrue,P2.emptying.numtrue,P2.emptying.anytrue,P2.feeding.numtrue,P2.feeding.anytrue,P2.disMarksIn.numtrue,P2.disMarksOut.numtrue,P2.delayPassedIn.numtrue,P2.delayPassedIn.anytrue,P2.delayPassedOut.numtrue,P2.delayPassedOut.anytrue,P1.emptying.numtrue,P1.emptying.anytrue,P1.feeding.numtrue,P1.feeding.anytrue,P1.disMarksIn.numtrue,P1.disMarksOut.numtrue,P1.delayPassedIn.numtrue,P1.delayPassedIn.anytrue,P1.delayPassedOut.numtrue,P1.delayPassedOut.anytrue,T3.activation.weaklyOutputActiveVec[1],T3.activation.weaklyInputActiveVec[1],T3.activation.active,T3.activation.NoTokens,P3.enableIn.TEin_[1],P3.enableIn.posTE,P3.enableIn.k,P3.enableIn.endWhile,P3.enableIn.state128[4],P3.enableIn.state128[3],P3.enableIn.state128[2],P3.enableIn.state128[1],P3.enableIn.randNum,P3.enableIn.cumEnablingProb[1],P3.enableIn.sumEnablingProbTAin,P3.enableIn.nTAin,P3.enableIn.nremTAin,P3.enableIn.remTAin[1],P3.enableIn.Index,P3.enableIn.arcWeightSum,P3.enableIn.disTAin[1],$whenCondition5,P3.enableIn.TEin[1],T2.activation.weaklyOutputActiveVec[1],T2.activation.weaklyInputActiveVec[1],T2.activation.active,T2.activation.NoTokens,P2.enableIn.TEin_[1],P2.enableIn.posTE,P2.enableIn.k,P2.enableIn.endWhile,P2.enableIn.state128[4],P2.enableIn.state128[3],P2.enableIn.state128[2],P2.enableIn.state128[1],P2.enableIn.randNum,P2.enableIn.cumEnablingProb[1],P2.enableIn.sumEnablingProbTAin,P2.enableIn.nTAin,P2.enableIn.nremTAin,P2.enableIn.remTAin[1],P2.enableIn.Index,P2.enableIn.arcWeightSum,P2.enableIn.disTAin[1],$whenCondition3,P2.enableIn.TEin[1],P1.enableOut.TEout_[2],P1.enableOut.TEout_[1],P1.enableOut.posTE,P1.enableOut.k,P1.enableOut.endWhile,P1.enableOut.state128[4],P1.enableOut.state128[3],P1.enableOut.state128[2],P1.enableOut.state128[1],P1.enableOut.randNum,P1.enableOut.cumEnablingProb[2],P1.enableOut.cumEnablingProb[1],P1.enableOut.sumEnablingProbTAout,P1.enableOut.nTAout,P1.enableOut.nremTAout,P1.enableOut.remTAout[2],P1.enableOut.remTAout[1],P1.enableOut.Index,P1.enableOut.arcWeightSum,P1.enableOut.disTAout[2],P1.enableOut.disTAout[1],$whenCondition2,P1.enableOut.TEout[2],P1.enableOut.TEout[1],T1.activation.weaklyOutputActiveVec[1],T1.activation.weaklyInputActiveVec[2],T1.activation.weaklyInputActiveVec[1],T1.activation.active,T1.activation.NoTokens,P1.enableIn.TEin_[1],P1.enableIn.posTE,P1.enableIn.k,P1.enableIn.endWhile,P1.enableIn.state128[4],P1.enableIn.state128[3],P1.enableIn.state128[2],P1.enableIn.state128[1],P1.enableIn.randNum,P1.enableIn.cumEnablingProb[1],P1.enableIn.sumEnablingProbTAin,P1.enableIn.nTAin,P1.enableIn.nremTAin,P1.enableIn.remTAin[1],P1.enableIn.Index,P1.enableIn.arcWeightSum,P1.enableIn.disTAin[1],$whenCondition1,P1.enableIn.TEin[1],P3.enableOut.TEout_[1],P3.enableOut.posTE,P3.enableOut.k,P3.enableOut.endWhile,P3.enableOut.state128[4],P3.enableOut.state128[3],P3.enableOut.state128[2],P3.enableOut.state128[1],P3.enableOut.randNum,P3.enableOut.cumEnablingProb[1],P3.enableOut.sumEnablingProbTAout,P3.enableOut.nTAout,P3.enableOut.nremTAout,P3.enableOut.remTAout[1],P3.enableOut.Index,P3.enableOut.arcWeightSum,P3.enableOut.disTAout[1],$whenCondition6,P3.enableOut.TEout[1],P2.enableOut.TEout_[1],P2.enableOut.posTE,P2.enableOut.k,P2.enableOut.endWhile,P2.enableOut.state128[4],P2.enableOut.state128[3],P2.enableOut.state128[2],P2.enableOut.state128[1],P2.enableOut.randNum,P2.enableOut.cumEnablingProb[1],P2.enableOut.sumEnablingProbTAout,P2.enableOut.nTAout,P2.enableOut.nremTAout,P2.enableOut.remTAout[1],P2.enableOut.Index,P2.enableOut.arcWeightSum,P2.enableOut.disTAout[1],$whenCondition4,P2.enableOut.TEout[1],P3.disMarkChange,P2.disMarkChange,P1.disMarkChange)
 * Number of clocked states: 0 ()
 * Top-level inputs: 0
Notification: Strong component statistics for simulation (118):
 * Single equations (assignments): 87
 * Array equations: 3
 * Algorithm blocks: 27
 * Record equations: 0
 * When equations: 0
 * If-equations: 0
 * Equation systems (not torn): 0
 * Torn equation systems: 1
 * Mixed (continuous/discrete) equation systems: 0
Notification: Torn system details for strict tearing set:
 * Linear torn systems (#iteration vars, #inner vars, density): 0 systems
 * Non-linear torn systems (#iteration vars, #inner vars): 1 system
   {(5,23)}
Notification: Performance of Backend phase and start with SimCode phase: time 0.001377/0.5432, allocations: 0.7089 MB / 0.5866 GB, free: 12.66 MB / 394.7 MB
Notification: Performance of simCode: created initialization part: time 0.01162/0.5548, allocations: 9.586 MB / 0.5959 GB, free: 2.652 MB / 394.7 MB
Notification: Performance of simCode: created event and clocks part: time 5.11e-06/0.5549, allocations: 0 / 0.5959 GB, free: 2.652 MB / 394.7 MB
Notification: Performance of simCode: created simulation system equations: time 0.01161/0.5665, allocations: 11.74 MB / 0.6074 GB, free: 6.562 MB / 410.7 MB
Notification: Performance of simCode: created of all other equations (e.g. parameter, nominal, assert, etc): time 0.001699/0.5682, allocations: 363.4 kB / 0.6077 GB, free: 6.211 MB / 410.7 MB
Notification: Performance of simCode: created linear, non-linear and system jacobian parts: time 0.01258/0.5808, allocations: 7.713 MB / 0.6153 GB, free: 14.47 MB / 426.7 MB
Notification: Performance of simCode: some other stuff during SimCode phase: time 0.001485/0.5823, allocations: 1.979 MB / 0.6172 GB, free: 12.46 MB / 426.7 MB
Notification: Performance of simCode: alias equations: time 0.001291/0.5836, allocations: 0.5504 MB / 0.6177 GB, free: 11.9 MB / 426.7 MB
Notification: Performance of simCode: all other stuff during SimCode phase: time 0.0002703/0.5839, allocations: 139.4 kB / 0.6179 GB, free: 11.77 MB / 426.7 MB
Notification: Performance of SimCode: time 6.01e-07/0.5839, allocations: 0 / 0.6179 GB, free: 11.77 MB / 426.7 MB
Notification: Performance of Templates: time 0.07515/0.6591, allocations: 50.48 MB / 0.6672 GB, free: 8.812 MB / 474.7 MB
make -j1 -f PNlib_2.2_PNlib.Examples.ConTest.ConflictLoop.makefile
(rm -f PNlib_2.2_PNlib.Examples.ConTest.ConflictLoop.pipe ; mkfifo PNlib_2.2_PNlib.Examples.ConTest.ConflictLoop.pipe ; head -c 1048576 < PNlib_2.2_PNlib.Examples.ConTest.ConflictLoop.pipe >> ../files/PNlib_2.2_PNlib.Examples.ConTest.ConflictLoop.sim & ./PNlib_2.2_PNlib.Examples.ConTest.ConflictLoop  -abortSlowSimulation -alarm=480  -emit_protected -lv LOG_STATS > PNlib_2.2_PNlib.Examples.ConTest.ConflictLoop.pipe 2>&1)
diffSimulationResults("PNlib_2.2_PNlib.Examples.ConTest.ConflictLoop_res.mat","/home/runner/work/PNlib/PNlib/ReferenceFiles/PNlib.Examples.ConTest.ConflictLoop.mat","../files/PNlib_2.2_PNlib.Examples.ConTest.ConflictLoop.diff",relTol=0.003,relTolDiffMinMax=0.003,rangeDelta=0.001)
Reference file matches
