Running: ./testmodel.py --libraries=/home/runner/.openmodelica/libraries/ --ompython_omhome= PNlib_2.2_PNlib.Examples.ConTest.PCtoTC.conf.json
loadFile("/home/runner/.openmodelica/libraries/ModelicaServices 4.0.0+maint.om/package.mo", uses=false)
loadFile("/home/runner/.openmodelica/libraries/Complex 4.0.0+maint.om/package.mo", uses=false)
loadFile("/home/runner/.openmodelica/libraries/Modelica 4.0.0+maint.om/package.mo", uses=false)
loadFile("/home/runner/work/PNlib/PNlib/PNlib/package.mo", uses=false)
Using package PNlib with version 2.2 (/home/runner/work/PNlib/PNlib/PNlib/package.mo)
Using package Modelica with version 4.0.0 (/home/runner/.openmodelica/libraries/Modelica 4.0.0+maint.om/package.mo)
Using package Complex with version 4.0.0 (/home/runner/.openmodelica/libraries/Complex 4.0.0+maint.om/package.mo)
Using package ModelicaServices with version 4.0.0 (/home/runner/.openmodelica/libraries/ModelicaServices 4.0.0+maint.om/package.mo)
Running command: translateModel(PNlib.Examples.ConTest.PCtoTC,tolerance=1e-06,outputFormat="mat",numberOfIntervals=5000,variableFilter="P1.t|T1.fire|T1.instantaneousSpeed|T1.maximumSpeed|time",fileNamePrefix="PNlib_2.2_PNlib.Examples.ConTest.PCtoTC")
translateModel(PNlib.Examples.ConTest.PCtoTC,tolerance=1e-06,outputFormat="mat",numberOfIntervals=5000,variableFilter="P1.t|T1.fire|T1.instantaneousSpeed|T1.maximumSpeed|time",fileNamePrefix="PNlib_2.2_PNlib.Examples.ConTest.PCtoTC")
Notification: Performance of loadFile(/home/runner/.openmodelica/libraries/ModelicaServices 4.0.0+maint.om/package.mo): time 0.001345/0.001345, allocations: 93.8 kB / 15.67 MB, free: 5.309 MB / 13.93 MB
Notification: Performance of loadFile(/home/runner/.openmodelica/libraries/Complex 4.0.0+maint.om/package.mo): time 0.001517/0.001517, allocations: 180 kB / 16.59 MB, free: 4.527 MB / 13.93 MB
Notification: Performance of loadFile(/home/runner/.openmodelica/libraries/Modelica 4.0.0+maint.om/package.mo): time 1.667/1.667, allocations: 222.1 MB / 239.5 MB, free: 11.04 MB / 202.7 MB
Notification: Performance of loadFile(/home/runner/work/PNlib/PNlib/PNlib/package.mo): time 0.09585/0.09585, allocations: 16.57 MB / 306.3 MB, free: 10.51 MB / 250.7 MB
Notification: Performance of FrontEnd - loaded program: time 0.0004778/0.0004778, allocations: 13.14 kB / 371.4 MB, free: 45.04 MB / 298.7 MB
Notification: Performance of FrontEnd - Absyn->SCode: time 0.07882/0.07932, allocations: 53.46 MB / 424.8 MB, free: 5.191 MB / 298.7 MB
Notification: Performance of NFInst.instantiate(PNlib.Examples.ConTest.PCtoTC): time 0.003087/0.08245, allocations: 1.99 MB / 426.8 MB, free: 3.195 MB / 298.7 MB
Notification: Performance of NFInst.instExpressions: time 0.003045/0.08553, allocations: 1.685 MB / 428.5 MB, free: 1.512 MB / 298.7 MB
Notification: Performance of NFInst.updateImplicitVariability: time 0.0003923/0.08597, allocations: 11.94 kB / 428.5 MB, free: 1.5 MB / 298.7 MB
Notification: Performance of NFTyping.typeComponents: time 0.0003784/0.08636, allocations: 131 kB / 428.6 MB, free: 1.371 MB / 298.7 MB
Notification: Performance of NFTyping.typeBindings: time 0.0005302/0.0869, allocations: 131 kB / 428.8 MB, free: 1.242 MB / 298.7 MB
Notification: Performance of NFTyping.typeClassSections: time 0.001659/0.08858, allocations: 0.6927 MB / 429.5 MB, free: 0.5508 MB / 298.7 MB
Notification: Performance of NFFlatten.flatten: time 0.00188/0.09047, allocations: 1.428 MB / 430.9 MB, free: 15.12 MB / 314.7 MB
Notification: Performance of NFFlatten.resolveConnections: time 0.0003562/0.09085, allocations: 173.3 kB / 431.1 MB, free: 14.94 MB / 314.7 MB
Notification: Performance of NFEvalConstants.evaluate: time 0.001068/0.09193, allocations: 0.5492 MB / 431.6 MB, free: 14.39 MB / 314.7 MB
Notification: Performance of NFSimplifyModel.simplify: time 0.0006156/0.09256, allocations: 362.2 kB / 432 MB, free: 14.03 MB / 314.7 MB
Notification: Performance of NFPackage.collectConstants: time 0.0001454/0.09272, allocations: 91.94 kB / 432 MB, free: 13.94 MB / 314.7 MB
Notification: Performance of NFFlatten.collectFunctions: time 0.0007448/0.09347, allocations: 0.5033 MB / 432.6 MB, free: 13.44 MB / 314.7 MB
Notification: Performance of NFScalarize.scalarize: time 0.0002256/0.09372, allocations: 163.5 kB / 432.7 MB, free: 13.28 MB / 314.7 MB
Notification: Performance of NFVerifyModel.verify: time 0.0003549/0.09409, allocations: 394.2 kB / 433.1 MB, free: 12.89 MB / 314.7 MB
Notification: Performance of NFConvertDAE.convert: time 0.001311/0.09541, allocations: 1.18 MB / 434.3 MB, free: 11.71 MB / 314.7 MB
Notification: Performance of FrontEnd - DAE generated: time 3.737e-06/0.09543, allocations: 0 / 434.3 MB, free: 11.71 MB / 314.7 MB
Notification: Performance of FrontEnd: time 1.322e-06/0.09544, allocations: 0 / 434.3 MB, free: 11.71 MB / 314.7 MB
Notification: Performance of Transformations before backend: time 1.037e-05/0.09545, allocations: 0 / 434.3 MB, free: 11.71 MB / 314.7 MB
Notification: Model statistics after passing the front-end and creating the data structures used by the back-end:
 * Number of equations: 180
 * Number of variables: 180
Notification: Performance of Generate backend data structure: time 0.001936/0.0974, allocations: 1.333 MB / 435.6 MB, free: 10.26 MB / 314.7 MB
Notification: Performance of prepare preOptimizeDAE: time 3.803e-05/0.09744, allocations: 8.031 kB / 435.6 MB, free: 10.25 MB / 314.7 MB
Notification: Performance of preOpt normalInlineFunction (simulation): time 0.0008102/0.09826, allocations: 140 kB / 435.8 MB, free: 10.11 MB / 314.7 MB
Notification: Performance of preOpt evaluateParameters (simulation): time 0.0005574/0.09883, allocations: 442.9 kB / 436.2 MB, free: 9.641 MB / 314.7 MB
Notification: Performance of preOpt simplifyIfEquations (simulation): time 0.0001196/0.09897, allocations: 150.5 kB / 436.3 MB, free: 9.473 MB / 314.7 MB
Notification: Performance of preOpt expandDerOperator (simulation): time 0.0001435/0.09912, allocations: 87.97 kB / 436.4 MB, free: 9.387 MB / 314.7 MB
Notification: Performance of preOpt clockPartitioning (simulation): time 0.002195/0.1013, allocations: 1.318 MB / 437.7 MB, free: 8.016 MB / 314.7 MB
Notification: Performance of preOpt findStateOrder (simulation): time 2.512e-05/0.1014, allocations: 7.938 kB / 437.7 MB, free: 8.008 MB / 314.7 MB
Notification: Performance of preOpt replaceEdgeChange (simulation): time 0.0001066/0.1015, allocations: 39.97 kB / 437.8 MB, free: 7.969 MB / 314.7 MB
Notification: Performance of preOpt inlineArrayEqn (simulation): time 0.0001064/0.1016, allocations: 68.77 kB / 437.9 MB, free: 7.906 MB / 314.7 MB
Notification: Performance of preOpt removeEqualRHS (simulation): time 0.001628/0.1032, allocations: 0.9419 MB / 438.8 MB, free: 6.965 MB / 314.7 MB
Notification: Performance of preOpt removeSimpleEquations (simulation): time 0.003744/0.107, allocations: 2.909 MB / 441.7 MB, free: 3.941 MB / 314.7 MB
Notification: Performance of preOpt comSubExp (simulation): time 0.001407/0.1084, allocations: 1.201 MB / 442.9 MB, free: 2.727 MB / 314.7 MB
Notification: Performance of preOpt resolveLoops (simulation): time 0.001292/0.1097, allocations: 1.065 MB / 444 MB, free: 1.656 MB / 314.7 MB
Notification: Performance of preOpt evalFunc (simulation): time 0.002184/0.1119, allocations: 2.964 MB / 446.9 MB, free: 14.05 MB / 330.7 MB
Notification: Performance of preOpt encapsulateWhenConditions (simulation): time 0.001142/0.1131, allocations: 0.7851 MB / 447.7 MB, free: 13.23 MB / 330.7 MB
Notification: Performance of pre-optimization done (n=70): time 2.785e-06/0.1131, allocations: 0 / 447.7 MB, free: 13.23 MB / 330.7 MB
Notification: Performance of matching and sorting (n=70): time 0.0044/0.1175, allocations: 2.457 MB / 450.2 MB, free: 10.69 MB / 330.7 MB
Notification: Performance of inlineWhenForInitialization (initialization): time 0.0001953/0.1177, allocations: 0.5559 MB / 450.7 MB, free: 10.02 MB / 330.7 MB
Notification: Performance of selectInitializationVariablesDAE (initialization): time 0.0003802/0.1181, allocations: 409 kB / 451.1 MB, free: 9.609 MB / 330.7 MB
Notification: Performance of collectPreVariables (initialization): time 8.269e-05/0.1182, allocations: 65.69 kB / 451.2 MB, free: 9.539 MB / 330.7 MB
Notification: Performance of collectInitialEqns (initialization): time 0.0001598/0.1184, allocations: 284 kB / 451.5 MB, free: 9.258 MB / 330.7 MB
Notification: Performance of collectInitialBindings (initialization): time 0.0003277/0.1187, allocations: 181.8 kB / 451.6 MB, free: 9.078 MB / 330.7 MB
Notification: Performance of simplifyInitialFunctions (initialization): time 0.0003131/0.119, allocations: 234.4 kB / 451.9 MB, free: 8.84 MB / 330.7 MB
Notification: Performance of setup shared object (initialization): time 7.258e-05/0.1191, allocations: 366.8 kB / 452.2 MB, free: 8.473 MB / 330.7 MB
Notification: Performance of preBalanceInitialSystem (initialization): time 0.0007521/0.1199, allocations: 470 kB / 452.7 MB, free: 8.016 MB / 330.7 MB
Notification: Performance of partitionIndependentBlocks (initialization): time 0.001085/0.121, allocations: 0.8211 MB / 453.5 MB, free: 7.043 MB / 330.7 MB
Notification: Performance of analyzeInitialSystem (initialization): time 0.001833/0.1228, allocations: 1.767 MB / 455.3 MB, free: 5.008 MB / 330.7 MB
Notification: Performance of solveInitialSystemEqSystem (initialization): time 9.117e-06/0.1228, allocations: 8 kB / 455.3 MB, free: 5 MB / 330.7 MB
Notification: Performance of matching and sorting (n=136) (initialization): time 0.002889/0.1257, allocations: 1.925 MB / 457.2 MB, free: 2.996 MB / 330.7 MB
Notification: Performance of prepare postOptimizeDAE: time 0.0001509/0.1259, allocations: 384.7 kB / 457.6 MB, free: 2.555 MB / 330.7 MB
Notification: Performance of postOpt simplifyComplexFunction (initialization): time 0.001661/0.1276, allocations: 1.06 MB / 458.7 MB, free: 1.457 MB / 330.7 MB
Notification: Performance of postOpt tearingSystem (initialization): time 0.0003716/0.128, allocations: 76.8 kB / 458.7 MB, free: 1.379 MB / 330.7 MB
Notification: Performance of postOpt solveSimpleEquations (initialization): time 0.0004018/0.1284, allocations: 115.7 kB / 458.8 MB, free: 1.266 MB / 330.7 MB
Notification: Performance of postOpt calculateStrongComponentJacobians (initialization): time 0.0006017/0.129, allocations: 0.6108 MB / 459.4 MB, free: 0.6289 MB / 330.7 MB
Notification: Performance of postOpt simplifyAllExpressions (initialization): time 0.000707/0.1297, allocations: 134.9 kB / 459.6 MB, free: 0.4961 MB / 330.7 MB
Notification: Performance of postOpt collapseArrayExpressions (initialization): time 0.0001255/0.1299, allocations: 63.92 kB / 459.6 MB, free: 444 kB / 330.7 MB
Warning: Assuming fixed start value for the following 18 variables:
         P1.enableOut.posTE:DISCRETE(fixed = true protected = true )  "possible enabled transition" type: Integer
         P1.enableOut.k:DISCRETE(fixed = true protected = true )  "iteration index" type: Integer
         P1.enableOut.endWhile:DISCRETE(fixed = true protected = true )  type: Boolean
         P1.enableOut.sumEnablingProbTAout:DISCRETE(fixed = true protected = true )  "sum of the enabling probabilities of the active output transitions" type: Real
         P1.enableOut.nTAout:DISCRETE(fixed = true protected = true )  "number of active output transitions" type: Integer
         P1.enableOut.nremTAout:DISCRETE(fixed = true protected = true )  "number of remaining active output transitions" type: Integer
         P1.enableOut.Index:DISCRETE(fixed = true protected = true )  type: Integer
         P1.enableOut.arcWeightSum:DISCRETE(fixed = true protected = true )  "arc weight sum" type: Real
         P1.disMarksIn.anytrue:DISCRETE(fixed = true protected = true )  type: Boolean
         P1.disMarksOut.anytrue:DISCRETE(fixed = true protected = true )  type: Boolean
         P1.enableIn.Index:DISCRETE(fixed = true protected = true )  "priority Index" type: Integer
         P1.enableIn.endWhile:DISCRETE(fixed = true protected = true )  type: Boolean
         P1.enableIn.sumEnablingProbTAin:DISCRETE(fixed = true protected = true )  "sum of the enabling probabilities of the active input transitions" type: Real
         P1.enableIn.posTE:DISCRETE(fixed = true protected = true )  "possible enabled transition" type: Integer
         P1.enableIn.k:DISCRETE(fixed = true protected = true )  "iteration index" type: Integer
         P1.enableIn.nTAin:DISCRETE(fixed = true protected = true )  "number ofactive input transitions" type: Integer
         P1.enableIn.nremTAin:DISCRETE(fixed = true protected = true )  "number of remaining active input transitions" type: Integer
         P1.enableIn.arcWeightSum:DISCRETE(fixed = true protected = true )  "arc weight sum" type: Real
Notification: Model statistics after passing the back-end for initialization:
 * Number of independent subsystems: 48
 * Number of states: 0 ()
 * Number of discrete variables: 108 ($PRE.P1.enableOut.posTE,P1.enableOut.posTE,$PRE.P1.enableOut.k,P1.enableOut.k,$PRE.P1.enableOut.endWhile,P1.enableOut.endWhile,P1.enableOut.randNum,$PRE.P1.enableOut.randNum,P1.enableOut.state128[4],$PRE.P1.enableOut.state128[4],P1.enableOut.state128[3],$PRE.P1.enableOut.state128[3],P1.enableOut.state128[2],$PRE.P1.enableOut.state128[2],P1.enableOut.state128[1],$PRE.P1.enableOut.state128[1],P1.enableOut.cumEnablingProb[1],$PRE.P1.enableOut.cumEnablingProb[1],$PRE.P1.enableOut.sumEnablingProbTAout,P1.enableOut.sumEnablingProbTAout,$PRE.P1.enableOut.nTAout,P1.enableOut.nTAout,$PRE.P1.enableOut.nremTAout,P1.enableOut.nremTAout,P1.enableOut.remTAout[1],$PRE.P1.enableOut.remTAout[1],$PRE.P1.enableOut.Index,P1.enableOut.Index,$PRE.P1.enableOut.arcWeightSum,P1.enableOut.arcWeightSum,P1.enableOut.disTAout[1],$PRE.P1.enableOut.disTAout[1],$PRE.P1.disMarksInOut,P1.outTransition[1].tokenInOut,$PRE.P1.disMarksIn.anytrue,$PRE.P1.disMarksOut.anytrue,P1.disMarksInOut,$whenCondition3,P1.disMarksIn.numtrue,P1.disMarksIn.anytrue,$PRE.P1.enableIn.Index,P1.enableIn.Index,$PRE.P1.enableIn.endWhile,P1.enableIn.endWhile,$PRE.P1.enableIn.sumEnablingProbTAin,P1.enableIn.sumEnablingProbTAin,P1.enableIn.randNum,$PRE.P1.enableIn.randNum,P1.enableIn.state128[4],$PRE.P1.enableIn.state128[4],P1.enableIn.state128[3],$PRE.P1.enableIn.state128[3],P1.enableIn.state128[2],$PRE.P1.enableIn.state128[2],P1.enableIn.state128[1],$PRE.P1.enableIn.state128[1],$PRE.P1.enableIn.posTE,P1.enableIn.posTE,$PRE.P1.enableIn.k,P1.enableIn.k,$PRE.P1.enableIn.nTAin,P1.enableIn.nTAin,$PRE.P1.enableIn.nremTAin,P1.enableIn.nremTAin,$PRE.P1.enableIn.arcWeightSum,P1.enableIn.arcWeightSum,P1.delayPassedIn.numtrue,P1.delayPassedIn.anytrue,$whenCondition1,T1.firingCon,T1.inPlaces[1].disTransition,P1.outTransition[1].normalArc,P1.outTransition[1].testValueint,P1.outTransition[1].arcType,P1.outTransition[1].disPlace,P1.outTransition[1].minTokensint,P1.outTransition[1].tint,P1.reStart,P1.disMarksOut.vec[1],P1.disMarksOut.numtrue,P1.disMarksOut.anytrue,P1.delayPassedOut.vec[1],T1.activation.arcWeightIntIn[1],T1.activation.normalArc[1],T1.activation.testValueInt[1],T1.activation.arcType[1],T1.activation.disPlaceIn[1],T1.activation.minTokensInt[1],T1.activation.tIntIn[1],T1.fire_,T1.activation.NoTokens,T1.activation.weaklyInputActiveVec[1],T1.activation.active,T1.activation.fed[1],P1.emptying.numtrue,P1.emptying.anytrue,P1.emptying.vec[1],P1.feeding.numtrue,P1.feeding.anytrue,P1.delayPassedOut.numtrue,P1.delayPassedOut.anytrue,P1.enableOut.TEout[1],$PRE.P1.enableOut.TEout[1],P1.enableOut.TEout_[1],P1.enableOut.TAout[1],P1.fireOut[1],$PRE.P1.fireOut[1],$whenCondition2)
 * Number of discrete states: 0 ()
 * Number of clocked states: 0 ()
 * Top-level inputs: 0
Notification: Strong component statistics for initialization (116):
 * Single equations (assignments): 104
 * Array equations: 0
 * Algorithm blocks: 11
 * Record equations: 0
 * When equations: 0
 * If-equations: 0
 * Equation systems (not torn): 0
 * Torn equation systems: 1
 * Mixed (continuous/discrete) equation systems: 0
Notification: Torn system details for strict tearing set:
 * Linear torn systems (#iteration vars, #inner vars, density): 0 systems
 * Non-linear torn systems (#iteration vars, #inner vars): 1 system
   {(1,3)}
Notification: Performance of prepare postOptimizeDAE: time 0.001182/0.131, allocations: 0.7635 MB / 460.4 MB, free: 15.6 MB / 346.7 MB
Notification: Performance of postOpt lateInlineFunction (simulation): time 0.0002398/0.1313, allocations: 71.44 kB / 460.5 MB, free: 15.53 MB / 346.7 MB
Notification: Performance of postOpt wrapFunctionCalls (simulation): time 0.003851/0.1352, allocations: 1.922 MB / 462.4 MB, free: 13.55 MB / 346.7 MB
Notification: Performance of postOpt inlineArrayEqn (simulation): time 1.911e-05/0.1352, allocations: 7.938 kB / 462.4 MB, free: 13.55 MB / 346.7 MB
Notification: Performance of postOpt constantLinearSystem (simulation): time 6.833e-06/0.1352, allocations: 0 / 462.4 MB, free: 13.55 MB / 346.7 MB
Notification: Performance of postOpt simplifysemiLinear (simulation): time 7.684e-06/0.1352, allocations: 7.938 kB / 462.4 MB, free: 13.54 MB / 346.7 MB
Notification: Performance of postOpt removeSimpleEquations (simulation): time 0.003787/0.139, allocations: 2.656 MB / 465.1 MB, free: 10.78 MB / 346.7 MB
Notification: Performance of postOpt simplifyComplexFunction (simulation): time 0.002861/0.1419, allocations: 1.821 MB / 466.9 MB, free: 8.902 MB / 346.7 MB
Notification: Performance of postOpt solveSimpleEquations (simulation): time 0.0001792/0.1421, allocations: 23.98 kB / 466.9 MB, free: 8.879 MB / 346.7 MB
Notification: Performance of postOpt tearingSystem (simulation): time 0.0001995/0.1423, allocations: 60.75 kB / 467 MB, free: 8.816 MB / 346.7 MB
Notification: Performance of postOpt inputDerivativesUsed (simulation): time 0.0001023/0.1424, allocations: 43.97 kB / 467 MB, free: 8.773 MB / 346.7 MB
Notification: Performance of postOpt calculateStrongComponentJacobians (simulation): time 0.0005414/0.143, allocations: 0.5953 MB / 467.6 MB, free: 8.152 MB / 346.7 MB
Notification: Performance of postOpt calculateStateSetsJacobians (simulation): time 1.773e-06/0.143, allocations: 0 / 467.6 MB, free: 8.152 MB / 346.7 MB
Notification: Performance of postOpt symbolicJacobian (simulation): time 0.004616/0.1476, allocations: 2.969 MB / 470.6 MB, free: 5.105 MB / 346.7 MB
Notification: Performance of postOpt removeConstants (simulation): time 8.447e-05/0.1477, allocations: 136.4 kB / 470.7 MB, free: 4.953 MB / 346.7 MB
Notification: Performance of postOpt simplifyTimeIndepFuncCalls (simulation): time 0.0002162/0.1479, allocations: 63.98 kB / 470.8 MB, free: 4.891 MB / 346.7 MB
Notification: Performance of postOpt simplifyAllExpressions (simulation): time 0.0006214/0.1486, allocations: 75.92 kB / 470.9 MB, free: 4.816 MB / 346.7 MB
Notification: Performance of postOpt findZeroCrossings (simulation): time 0.0004687/0.149, allocations: 259.8 kB / 471.1 MB, free: 4.562 MB / 346.7 MB
Notification: Performance of postOpt collapseArrayExpressions (simulation): time 0.0001113/0.1492, allocations: 52.03 kB / 471.2 MB, free: 4.512 MB / 346.7 MB
Notification: Performance of sorting global known variables: time 0.0002323/0.1494, allocations: 243.1 kB / 471.4 MB, free: 4.281 MB / 346.7 MB
Notification: Performance of sort global known variables: time 1.51e-07/0.1494, allocations: 0 / 471.4 MB, free: 4.281 MB / 346.7 MB
Notification: Performance of remove unused functions: time 0.001307/0.1507, allocations: 327.6 kB / 471.7 MB, free: 3.961 MB / 346.7 MB
Notification: Model statistics after passing the back-end for simulation:
 * Number of independent subsystems: 2
 * Number of states: 1 (P1.t_)
 * Number of discrete variables: 57 ($whenCondition1,P1.enableIn.state128[1],P1.enableIn.state128[2],P1.enableIn.state128[3],P1.enableIn.state128[4],P1.enableIn.arcWeightSum,P1.enableIn.nremTAin,P1.enableIn.nTAin,P1.enableIn.k,P1.enableIn.posTE,P1.enableIn.randNum,P1.enableIn.sumEnablingProbTAin,P1.enableIn.endWhile,P1.enableIn.Index,P1.delayPassedIn.anytrue,P1.delayPassedIn.numtrue,$cse2[1],$whenCondition3,$whenCondition2,P1.outTransition[1].tokenInOut,P1.disMarksInOut,P1.fireOut[1],P1.enableOut.TAout[1],P1.enableOut.TEout_[1],P1.enableOut.state128[1],P1.enableOut.state128[2],P1.enableOut.state128[3],P1.enableOut.state128[4],P1.enableOut.TEout[1],P1.enableOut.disTAout[1],P1.enableOut.remTAout[1],P1.enableOut.cumEnablingProb[1],P1.enableOut.arcWeightSum,P1.enableOut.nremTAout,P1.enableOut.nTAout,P1.enableOut.k,P1.enableOut.posTE,P1.enableOut.randNum,P1.enableOut.sumEnablingProbTAout,P1.enableOut.endWhile,P1.enableOut.Index,P1.delayPassedOut.anytrue,P1.delayPassedOut.numtrue,P1.disMarksOut.anytrue,P1.disMarksOut.numtrue,P1.disMarksIn.anytrue,P1.disMarksIn.numtrue,P1.feeding.anytrue,P1.feeding.numtrue,P1.emptying.vec[1],P1.emptying.anytrue,P1.emptying.numtrue,T1.activation.fed[1],T1.activation.active,T1.activation.weaklyInputActiveVec[1],T1.activation.NoTokens,T1.fire_)
 * Number of discrete states: 51 (P1.disMarksInOut,P1.fireOut[1],P1.disMarksOut.anytrue,P1.disMarksIn.anytrue,P1.emptying.numtrue,P1.emptying.anytrue,P1.feeding.numtrue,P1.feeding.anytrue,T1.activation.weaklyInputActiveVec[1],T1.activation.active,T1.activation.NoTokens,P1.disMarksIn.numtrue,P1.disMarksOut.numtrue,P1.delayPassedOut.numtrue,P1.delayPassedOut.anytrue,P1.enableOut.TEout_[1],P1.enableOut.posTE,P1.enableOut.k,P1.enableOut.endWhile,P1.enableOut.state128[4],P1.enableOut.state128[3],P1.enableOut.state128[2],P1.enableOut.state128[1],P1.enableOut.randNum,P1.enableOut.cumEnablingProb[1],P1.enableOut.sumEnablingProbTAout,P1.enableOut.nTAout,P1.enableOut.nremTAout,P1.enableOut.remTAout[1],P1.enableOut.Index,P1.enableOut.arcWeightSum,P1.enableOut.disTAout[1],$whenCondition2,P1.enableOut.TEout[1],P1.disMarkChange,P1.delayPassedIn.numtrue,P1.delayPassedIn.anytrue,P1.enableIn.Index,P1.enableIn.endWhile,P1.enableIn.sumEnablingProbTAin,P1.enableIn.state128[4],P1.enableIn.state128[3],P1.enableIn.state128[2],P1.enableIn.state128[1],P1.enableIn.randNum,P1.enableIn.posTE,P1.enableIn.k,P1.enableIn.nTAin,P1.enableIn.nremTAin,P1.enableIn.arcWeightSum,$whenCondition1)
 * Number of clocked states: 0 ()
 * Top-level inputs: 0
Notification: Strong component statistics for simulation (30):
 * Single equations (assignments): 19
 * Array equations: 1
 * Algorithm blocks: 9
 * Record equations: 0
 * When equations: 0
 * If-equations: 0
 * Equation systems (not torn): 0
 * Torn equation systems: 1
 * Mixed (continuous/discrete) equation systems: 0
Notification: Torn system details for strict tearing set:
 * Linear torn systems (#iteration vars, #inner vars, density): 0 systems
 * Non-linear torn systems (#iteration vars, #inner vars): 1 system
   {(1,4)}
Notification: Performance of Backend phase and start with SimCode phase: time 0.0008124/0.1516, allocations: 360.1 kB / 472.1 MB, free: 3.613 MB / 346.7 MB
Notification: Performance of simCode: created initialization part: time 0.002924/0.1545, allocations: 2.213 MB / 474.3 MB, free: 1.258 MB / 346.7 MB
Notification: Performance of simCode: created event and clocks part: time 3.226e-06/0.1545, allocations: 0 / 474.3 MB, free: 1.258 MB / 346.7 MB
Notification: Performance of simCode: created simulation system equations: time 0.002643/0.1572, allocations: 2.45 MB / 476.7 MB, free: 14.69 MB / 362.7 MB
Notification: Performance of simCode: created of all other equations (e.g. parameter, nominal, assert, etc): time 0.000626/0.1578, allocations: 85.42 kB / 476.8 MB, free: 14.6 MB / 362.7 MB
Notification: Performance of simCode: created linear, non-linear and system jacobian parts: time 0.002737/0.1606, allocations: 1.509 MB / 478.3 MB, free: 13.06 MB / 362.7 MB
Notification: Performance of simCode: some other stuff during SimCode phase: time 0.0003581/0.1609, allocations: 0.9377 MB / 479.3 MB, free: 12.1 MB / 362.7 MB
Notification: Performance of simCode: alias equations: time 0.0003464/0.1613, allocations: 148.1 kB / 479.4 MB, free: 11.96 MB / 362.7 MB
Notification: Performance of simCode: all other stuff during SimCode phase: time 0.0001067/0.1614, allocations: 47.42 kB / 479.4 MB, free: 11.91 MB / 362.7 MB
Notification: Performance of SimCode: time 4.3e-07/0.1614, allocations: 0 / 479.4 MB, free: 11.91 MB / 362.7 MB
Notification: Performance of Templates: time 0.02277/0.1842, allocations: 13.27 MB / 492.7 MB, free: 14.55 MB / 378.7 MB
make -j1 -f PNlib_2.2_PNlib.Examples.ConTest.PCtoTC.makefile
(rm -f PNlib_2.2_PNlib.Examples.ConTest.PCtoTC.pipe ; mkfifo PNlib_2.2_PNlib.Examples.ConTest.PCtoTC.pipe ; head -c 1048576 < PNlib_2.2_PNlib.Examples.ConTest.PCtoTC.pipe >> ../files/PNlib_2.2_PNlib.Examples.ConTest.PCtoTC.sim & ./PNlib_2.2_PNlib.Examples.ConTest.PCtoTC  -abortSlowSimulation -alarm=480  -emit_protected -lv LOG_STATS > PNlib_2.2_PNlib.Examples.ConTest.PCtoTC.pipe 2>&1)
diffSimulationResults("PNlib_2.2_PNlib.Examples.ConTest.PCtoTC_res.mat","/home/runner/work/PNlib/PNlib/ReferenceFiles/PNlib.Examples.ConTest.PCtoTC.mat","../files/PNlib_2.2_PNlib.Examples.ConTest.PCtoTC.diff",relTol=0.003,relTolDiffMinMax=0.003,rangeDelta=0.001)
Reference file matches
