Running: ./testmodel.py --libraries=/home/runner/.openmodelica/libraries/ --ompython_omhome= PNlib_2.2_PNlib.Examples.ConTest.ZeroPlace.conf.json
loadFile("/home/runner/.openmodelica/libraries/ModelicaServices 4.0.0+maint.om/package.mo", uses=false)
loadFile("/home/runner/.openmodelica/libraries/Complex 4.0.0+maint.om/package.mo", uses=false)
loadFile("/home/runner/.openmodelica/libraries/Modelica 4.0.0+maint.om/package.mo", uses=false)
loadFile("/home/runner/work/PNlib/PNlib/PNlib/package.mo", uses=false)
Using package PNlib with version 2.2 (/home/runner/work/PNlib/PNlib/PNlib/package.mo)
Using package Modelica with version 4.0.0 (/home/runner/.openmodelica/libraries/Modelica 4.0.0+maint.om/package.mo)
Using package Complex with version 4.0.0 (/home/runner/.openmodelica/libraries/Complex 4.0.0+maint.om/package.mo)
Using package ModelicaServices with version 4.0.0 (/home/runner/.openmodelica/libraries/ModelicaServices 4.0.0+maint.om/package.mo)
Running command: translateModel(PNlib.Examples.ConTest.ZeroPlace,tolerance=1e-06,outputFormat="mat",numberOfIntervals=5000,variableFilter="P1.t|P2.t|T1.fire|T1.instantaneousSpeed|T1.maximumSpeed|T2.fire|T2.instantaneousSpeed|T2.maximumSpeed|time",fileNamePrefix="PNlib_2.2_PNlib.Examples.ConTest.ZeroPlace")
translateModel(PNlib.Examples.ConTest.ZeroPlace,tolerance=1e-06,outputFormat="mat",numberOfIntervals=5000,variableFilter="P1.t|P2.t|T1.fire|T1.instantaneousSpeed|T1.maximumSpeed|T2.fire|T2.instantaneousSpeed|T2.maximumSpeed|time",fileNamePrefix="PNlib_2.2_PNlib.Examples.ConTest.ZeroPlace")
Notification: Performance of loadFile(/home/runner/.openmodelica/libraries/ModelicaServices 4.0.0+maint.om/package.mo): time 0.001001/0.001001, allocations: 94.95 kB / 15.67 MB, free: 4.418 MB / 13.93 MB
Notification: Performance of loadFile(/home/runner/.openmodelica/libraries/Complex 4.0.0+maint.om/package.mo): time 0.001059/0.001059, allocations: 182.4 kB / 16.59 MB, free: 3.98 MB / 13.93 MB
Notification: Performance of loadFile(/home/runner/.openmodelica/libraries/Modelica 4.0.0+maint.om/package.mo): time 1.698/1.698, allocations: 222.1 MB / 239.5 MB, free: 11.02 MB / 202.7 MB
Notification: Performance of loadFile(/home/runner/work/PNlib/PNlib/PNlib/package.mo): time 0.09627/0.09627, allocations: 16.57 MB / 306.3 MB, free: 10.49 MB / 250.7 MB
Notification: Performance of FrontEnd - loaded program: time 0.0004884/0.0004885, allocations: 7.359 kB / 371.3 MB, free: 45.37 MB / 298.7 MB
Notification: Performance of FrontEnd - Absyn->SCode: time 0.07747/0.07798, allocations: 53.47 MB / 424.8 MB, free: 5.285 MB / 298.7 MB
Notification: Performance of NFInst.instantiate(PNlib.Examples.ConTest.ZeroPlace): time 0.003686/0.0817, allocations: 3.108 MB / 427.9 MB, free: 2.164 MB / 298.7 MB
Notification: Performance of NFInst.instExpressions: time 0.004231/0.08596, allocations: 2.493 MB / 430.4 MB, free: 15.68 MB / 314.7 MB
Notification: Performance of NFInst.updateImplicitVariability: time 0.0004738/0.08648, allocations: 15.94 kB / 430.4 MB, free: 15.66 MB / 314.7 MB
Notification: Performance of NFTyping.typeComponents: time 0.0006222/0.08711, allocations: 273.9 kB / 430.7 MB, free: 15.39 MB / 314.7 MB
Notification: Performance of NFTyping.typeBindings: time 0.000822/0.08795, allocations: 262 kB / 431 MB, free: 15.13 MB / 314.7 MB
Notification: Performance of NFTyping.typeClassSections: time 0.002847/0.09081, allocations: 1.114 MB / 432.1 MB, free: 14.02 MB / 314.7 MB
Notification: Performance of NFFlatten.flatten: time 0.002411/0.09324, allocations: 2.934 MB / 435 MB, free: 11.08 MB / 314.7 MB
Notification: Performance of NFFlatten.resolveConnections: time 0.000571/0.09383, allocations: 395.8 kB / 435.4 MB, free: 10.68 MB / 314.7 MB
Notification: Performance of NFEvalConstants.evaluate: time 0.001117/0.09496, allocations: 1.122 MB / 436.5 MB, free: 9.551 MB / 314.7 MB
Notification: Performance of NFSimplifyModel.simplify: time 0.0008991/0.09587, allocations: 0.836 MB / 437.4 MB, free: 8.711 MB / 314.7 MB
Notification: Performance of NFPackage.collectConstants: time 0.0002911/0.09618, allocations: 212 kB / 437.6 MB, free: 8.504 MB / 314.7 MB
Notification: Performance of NFFlatten.collectFunctions: time 0.001059/0.09725, allocations: 0.6126 MB / 438.2 MB, free: 7.891 MB / 314.7 MB
Notification: Performance of NFScalarize.scalarize: time 0.0003502/0.09761, allocations: 398.7 kB / 438.6 MB, free: 7.5 MB / 314.7 MB
Notification: Performance of NFVerifyModel.verify: time 0.0007204/0.09834, allocations: 0.9179 MB / 439.5 MB, free: 6.578 MB / 314.7 MB
Notification: Performance of NFConvertDAE.convert: time 0.002094/0.1004, allocations: 2.396 MB / 441.9 MB, free: 4.176 MB / 314.7 MB
Notification: Performance of FrontEnd - DAE generated: time 4.518e-06/0.1005, allocations: 0 / 441.9 MB, free: 4.176 MB / 314.7 MB
Notification: Performance of FrontEnd: time 1.914e-06/0.1005, allocations: 0 / 441.9 MB, free: 4.176 MB / 314.7 MB
Notification: Performance of Transformations before backend: time 1.439e-05/0.1005, allocations: 4 kB / 441.9 MB, free: 4.172 MB / 314.7 MB
Notification: Model statistics after passing the front-end and creating the data structures used by the back-end:
 * Number of equations: 430
 * Number of variables: 430
Notification: Performance of Generate backend data structure: time 0.002987/0.1035, allocations: 2.451 MB / 444.3 MB, free: 1.531 MB / 314.7 MB
Notification: Performance of prepare preOptimizeDAE: time 3.645e-05/0.1035, allocations: 16.03 kB / 444.3 MB, free: 1.516 MB / 314.7 MB
Notification: Performance of preOpt normalInlineFunction (simulation): time 0.002014/0.1056, allocations: 354.8 kB / 444.7 MB, free: 1.168 MB / 314.7 MB
Notification: Performance of preOpt evaluateParameters (simulation): time 0.001127/0.1067, allocations: 0.7748 MB / 445.5 MB, free: 360 kB / 314.7 MB
Notification: Performance of preOpt simplifyIfEquations (simulation): time 0.0003857/0.1071, allocations: 402 kB / 445.9 MB, free: 15.9 MB / 330.7 MB
Notification: Performance of preOpt expandDerOperator (simulation): time 0.0003805/0.1075, allocations: 196 kB / 446.1 MB, free: 15.71 MB / 330.7 MB
Notification: Performance of preOpt clockPartitioning (simulation): time 0.005303/0.1128, allocations: 3.162 MB / 449.2 MB, free: 12.44 MB / 330.7 MB
Notification: Performance of preOpt findStateOrder (simulation): time 4.032e-05/0.1129, allocations: 7.844 kB / 449.2 MB, free: 12.43 MB / 330.7 MB
Notification: Performance of preOpt replaceEdgeChange (simulation): time 0.0002282/0.1131, allocations: 95.95 kB / 449.3 MB, free: 12.34 MB / 330.7 MB
Notification: Performance of preOpt inlineArrayEqn (simulation): time 0.0002595/0.1134, allocations: 162.4 kB / 449.5 MB, free: 12.18 MB / 330.7 MB
Notification: Performance of preOpt removeEqualRHS (simulation): time 0.003929/0.1173, allocations: 2.271 MB / 451.7 MB, free: 9.898 MB / 330.7 MB
Notification: Performance of preOpt removeSimpleEquations (simulation): time 0.008246/0.1256, allocations: 6.267 MB / 458 MB, free: 3.43 MB / 330.7 MB
Notification: Performance of preOpt comSubExp (simulation): time 0.00366/0.1293, allocations: 3.049 MB / 461.1 MB, free: 348 kB / 330.7 MB
Notification: Performance of preOpt resolveLoops (simulation): time 0.003307/0.1326, allocations: 2.754 MB / 463.8 MB, free: 13.58 MB / 346.7 MB
Notification: Performance of preOpt evalFunc (simulation): time 0.003318/0.136, allocations: 5.995 MB / 469.8 MB, free: 6.27 MB / 346.7 MB
Notification: Performance of preOpt encapsulateWhenConditions (simulation): time 0.002784/0.1388, allocations: 1.751 MB / 471.6 MB, free: 4.477 MB / 346.7 MB
Notification: Performance of pre-optimization done (n=154): time 3.367e-06/0.1388, allocations: 0 / 471.6 MB, free: 4.477 MB / 346.7 MB
Notification: Performance of matching and sorting (n=154): time 0.01083/0.1496, allocations: 5.753 MB / 477.3 MB, free: 14.58 MB / 362.7 MB
Notification: Performance of inlineWhenForInitialization (initialization): time 0.0003941/0.1501, allocations: 1.102 MB / 478.4 MB, free: 13.27 MB / 362.7 MB
Notification: Performance of selectInitializationVariablesDAE (initialization): time 0.0009626/0.151, allocations: 0.7237 MB / 479.1 MB, free: 12.54 MB / 362.7 MB
Notification: Performance of collectPreVariables (initialization): time 0.0001662/0.1512, allocations: 105.7 kB / 479.2 MB, free: 12.43 MB / 362.7 MB
Notification: Performance of collectInitialEqns (initialization): time 0.0003243/0.1515, allocations: 0.5347 MB / 479.8 MB, free: 11.88 MB / 362.7 MB
Notification: Performance of collectInitialBindings (initialization): time 0.000303/0.1519, allocations: 418.9 kB / 480.2 MB, free: 11.47 MB / 362.7 MB
Notification: Performance of simplifyInitialFunctions (initialization): time 0.000603/0.1525, allocations: 492 kB / 480.7 MB, free: 10.98 MB / 362.7 MB
Notification: Performance of setup shared object (initialization): time 0.0002116/0.1527, allocations: 338 kB / 481 MB, free: 10.65 MB / 362.7 MB
Notification: Performance of preBalanceInitialSystem (initialization): time 0.001502/0.1542, allocations: 0.9294 MB / 481.9 MB, free: 9.715 MB / 362.7 MB
Notification: Performance of partitionIndependentBlocks (initialization): time 0.001941/0.1562, allocations: 1.679 MB / 483.6 MB, free: 7.695 MB / 362.7 MB
Notification: Performance of analyzeInitialSystem (initialization): time 0.003771/0.1599, allocations: 3.759 MB / 487.4 MB, free: 3.391 MB / 362.7 MB
Notification: Performance of solveInitialSystemEqSystem (initialization): time 1.541e-05/0.16, allocations: 7.938 kB / 487.4 MB, free: 3.383 MB / 362.7 MB
Notification: Performance of matching and sorting (n=296) (initialization): time 0.006237/0.1662, allocations: 3.97 MB / 491.3 MB, free: 15.26 MB / 378.7 MB
Notification: Performance of prepare postOptimizeDAE: time 0.0002662/0.1665, allocations: 0.7278 MB / 492.1 MB, free: 14.4 MB / 378.7 MB
Notification: Performance of postOpt simplifyComplexFunction (initialization): time 0.003286/0.1698, allocations: 2.244 MB / 494.3 MB, free: 12.08 MB / 378.7 MB
Notification: Performance of postOpt tearingSystem (initialization): time 0.001149/0.171, allocations: 284.4 kB / 494.6 MB, free: 11.8 MB / 378.7 MB
Notification: Performance of postOpt solveSimpleEquations (initialization): time 0.001013/0.172, allocations: 251.4 kB / 494.8 MB, free: 11.56 MB / 378.7 MB
Notification: Performance of postOpt calculateStrongComponentJacobians (initialization): time 0.0007454/0.1728, allocations: 0.8488 MB / 495.7 MB, free: 10.68 MB / 378.7 MB
Notification: Performance of postOpt simplifyAllExpressions (initialization): time 0.00132/0.1741, allocations: 273.7 kB / 496 MB, free: 10.41 MB / 378.7 MB
Notification: Performance of postOpt collapseArrayExpressions (initialization): time 0.0001913/0.1743, allocations: 120 kB / 496.1 MB, free: 10.3 MB / 378.7 MB
Warning: Assuming fixed start value for the following 36 variables:
         P2.enableOut.Index:DISCRETE(fixed = true protected = true )  type: Integer
         P2.enableOut.endWhile:DISCRETE(fixed = true protected = true )  type: Boolean
         P2.enableOut.sumEnablingProbTAout:DISCRETE(fixed = true protected = true )  "sum of the enabling probabilities of the active output transitions" type: Real
         P2.enableOut.posTE:DISCRETE(fixed = true protected = true )  "possible enabled transition" type: Integer
         P2.enableOut.k:DISCRETE(fixed = true protected = true )  "iteration index" type: Integer
         P2.enableOut.nTAout:DISCRETE(fixed = true protected = true )  "number of active output transitions" type: Integer
         P2.enableOut.nremTAout:DISCRETE(fixed = true protected = true )  "number of remaining active output transitions" type: Integer
         P2.enableOut.arcWeightSum:DISCRETE(fixed = true protected = true )  "arc weight sum" type: Real
         P2.enableIn.posTE:DISCRETE(fixed = true protected = true )  "possible enabled transition" type: Integer
         P2.enableIn.k:DISCRETE(fixed = true protected = true )  "iteration index" type: Integer
         P2.enableIn.endWhile:DISCRETE(fixed = true protected = true )  type: Boolean
         P2.enableIn.sumEnablingProbTAin:DISCRETE(fixed = true protected = true )  "sum of the enabling probabilities of the active input transitions" type: Real
         P2.enableIn.nTAin:DISCRETE(fixed = true protected = true )  "number ofactive input transitions" type: Integer
         P2.enableIn.nremTAin:DISCRETE(fixed = true protected = true )  "number of remaining active input transitions" type: Integer
         P2.enableIn.Index:DISCRETE(fixed = true protected = true )  "priority Index" type: Integer
         P2.enableIn.arcWeightSum:DISCRETE(fixed = true protected = true )  "arc weight sum" type: Real
         P1.enableOut.posTE:DISCRETE(fixed = true protected = true )  "possible enabled transition" type: Integer
         P1.enableOut.k:DISCRETE(fixed = true protected = true )  "iteration index" type: Integer
         P1.enableOut.endWhile:DISCRETE(fixed = true protected = true )  type: Boolean
         P1.enableOut.sumEnablingProbTAout:DISCRETE(fixed = true protected = true )  "sum of the enabling probabilities of the active output transitions" type: Real
         P1.enableOut.nTAout:DISCRETE(fixed = true protected = true )  "number of active output transitions" type: Integer
         P1.enableOut.nremTAout:DISCRETE(fixed = true protected = true )  "number of remaining active output transitions" type: Integer
         P1.enableOut.Index:DISCRETE(fixed = true protected = true )  type: Integer
         P1.enableOut.arcWeightSum:DISCRETE(fixed = true protected = true )  "arc weight sum" type: Real
         P1.enableIn.posTE:DISCRETE(fixed = true protected = true )  "possible enabled transition" type: Integer
         P1.enableIn.k:DISCRETE(fixed = true protected = true )  "iteration index" type: Integer
         P1.enableIn.endWhile:DISCRETE(fixed = true protected = true )  type: Boolean
         P1.enableIn.sumEnablingProbTAin:DISCRETE(fixed = true protected = true )  "sum of the enabling probabilities of the active input transitions" type: Real
         P1.enableIn.nTAin:DISCRETE(fixed = true protected = true )  "number ofactive input transitions" type: Integer
         P1.enableIn.nremTAin:DISCRETE(fixed = true protected = true )  "number of remaining active input transitions" type: Integer
         P1.enableIn.Index:DISCRETE(fixed = true protected = true )  "priority Index" type: Integer
         P1.enableIn.arcWeightSum:DISCRETE(fixed = true protected = true )  "arc weight sum" type: Real
         P2.disMarksIn.anytrue:DISCRETE(fixed = true protected = true )  type: Boolean
         P2.disMarksOut.anytrue:DISCRETE(fixed = true protected = true )  type: Boolean
         P1.disMarksIn.anytrue:DISCRETE(fixed = true protected = true )  type: Boolean
         P1.disMarksOut.anytrue:DISCRETE(fixed = true protected = true )  type: Boolean
Notification: Model statistics after passing the back-end for initialization:
 * Number of independent subsystems: 100
 * Number of states: 0 ()
 * Number of discrete variables: 235 ($PRE.P2.enableOut.Index,P2.enableOut.Index,$PRE.P2.enableOut.endWhile,P2.enableOut.endWhile,$PRE.P2.enableOut.sumEnablingProbTAout,P2.enableOut.sumEnablingProbTAout,P2.enableOut.randNum,$PRE.P2.enableOut.randNum,P2.enableOut.state128[4],$PRE.P2.enableOut.state128[4],P2.enableOut.state128[3],$PRE.P2.enableOut.state128[3],P2.enableOut.state128[2],$PRE.P2.enableOut.state128[2],P2.enableOut.state128[1],$PRE.P2.enableOut.state128[1],$PRE.P2.enableOut.posTE,P2.enableOut.posTE,$PRE.P2.enableOut.k,P2.enableOut.k,$PRE.P2.enableOut.nTAout,P2.enableOut.nTAout,$PRE.P2.enableOut.nremTAout,P2.enableOut.nremTAout,$PRE.P2.enableOut.arcWeightSum,P2.enableOut.arcWeightSum,P2.delayPassedOut.numtrue,P2.delayPassedOut.anytrue,$whenCondition6,$PRE.P2.enableIn.posTE,P2.enableIn.posTE,$PRE.P2.enableIn.k,P2.enableIn.k,$PRE.P2.enableIn.endWhile,P2.enableIn.endWhile,P2.enableIn.randNum,$PRE.P2.enableIn.randNum,P2.enableIn.state128[4],$PRE.P2.enableIn.state128[4],P2.enableIn.state128[3],$PRE.P2.enableIn.state128[3],P2.enableIn.state128[2],$PRE.P2.enableIn.state128[2],P2.enableIn.state128[1],$PRE.P2.enableIn.state128[1],P2.enableIn.cumEnablingProb[1],$PRE.P2.enableIn.cumEnablingProb[1],$PRE.P2.enableIn.sumEnablingProbTAin,P2.enableIn.sumEnablingProbTAin,$PRE.P2.enableIn.nTAin,P2.enableIn.nTAin,$PRE.P2.enableIn.nremTAin,P2.enableIn.nremTAin,P2.enableIn.remTAin[1],$PRE.P2.enableIn.remTAin[1],$PRE.P2.enableIn.Index,P2.enableIn.Index,$PRE.P2.enableIn.arcWeightSum,P2.enableIn.arcWeightSum,P2.enableIn.disTAin[1],$PRE.P2.enableIn.disTAin[1],$PRE.P1.enableOut.posTE,P1.enableOut.posTE,$PRE.P1.enableOut.k,P1.enableOut.k,$PRE.P1.enableOut.endWhile,P1.enableOut.endWhile,P1.enableOut.randNum,$PRE.P1.enableOut.randNum,P1.enableOut.state128[4],$PRE.P1.enableOut.state128[4],P1.enableOut.state128[3],$PRE.P1.enableOut.state128[3],P1.enableOut.state128[2],$PRE.P1.enableOut.state128[2],P1.enableOut.state128[1],$PRE.P1.enableOut.state128[1],P1.enableOut.cumEnablingProb[1],$PRE.P1.enableOut.cumEnablingProb[1],$PRE.P1.enableOut.sumEnablingProbTAout,P1.enableOut.sumEnablingProbTAout,$PRE.P1.enableOut.nTAout,P1.enableOut.nTAout,$PRE.P1.enableOut.nremTAout,P1.enableOut.nremTAout,P1.enableOut.remTAout[1],$PRE.P1.enableOut.remTAout[1],$PRE.P1.enableOut.Index,P1.enableOut.Index,$PRE.P1.enableOut.arcWeightSum,P1.enableOut.arcWeightSum,P1.enableOut.disTAout[1],$PRE.P1.enableOut.disTAout[1],$PRE.P1.enableIn.posTE,P1.enableIn.posTE,$PRE.P1.enableIn.k,P1.enableIn.k,$PRE.P1.enableIn.endWhile,P1.enableIn.endWhile,P1.enableIn.randNum,$PRE.P1.enableIn.randNum,P1.enableIn.state128[4],$PRE.P1.enableIn.state128[4],P1.enableIn.state128[3],$PRE.P1.enableIn.state128[3],P1.enableIn.state128[2],$PRE.P1.enableIn.state128[2],P1.enableIn.state128[1],$PRE.P1.enableIn.state128[1],P1.enableIn.cumEnablingProb[1],$PRE.P1.enableIn.cumEnablingProb[1],$PRE.P1.enableIn.sumEnablingProbTAin,P1.enableIn.sumEnablingProbTAin,$PRE.P1.enableIn.nTAin,P1.enableIn.nTAin,$PRE.P1.enableIn.nremTAin,P1.enableIn.nremTAin,P1.enableIn.remTAin[1],$PRE.P1.enableIn.remTAin[1],$PRE.P1.enableIn.Index,P1.enableIn.Index,$PRE.P1.enableIn.arcWeightSum,P1.enableIn.arcWeightSum,P1.enableIn.disTAin[1],$PRE.P1.enableIn.disTAin[1],$PRE.P1.disMarksInOut,P1.outTransition[1].tokenInOut,$PRE.P2.disMarksIn.anytrue,$PRE.P2.disMarksOut.anytrue,P2.disMarksInOut,$whenCondition5,$PRE.P1.disMarksIn.anytrue,$PRE.P1.disMarksOut.anytrue,P1.disMarksInOut,$whenCondition4,P2.disMarksOut.numtrue,P2.disMarksOut.anytrue,P2.inTransition[1].disPlace,P2.inTransition[1].maxTokensint,P2.inTransition[1].tint,T2.outPlaces[1].disTransition,T2.outPlaces[1].enabledByInPlaces,P2.reStart,T2.firingCon,T2.inPlaces[1].disTransition,P1.outTransition[1].normalArc,P1.outTransition[1].testValueint,P1.outTransition[1].arcType,P1.outTransition[1].disPlace,P1.outTransition[1].minTokensint,P1.outTransition[1].tint,P1.inTransition[1].disPlace,P1.inTransition[1].maxTokensint,P1.inTransition[1].tint,T1.outPlaces[1].disTransition,T1.outPlaces[1].enabledByInPlaces,P1.reStart,T1.firingCon,P1.disMarksOut.vec[1],P1.disMarksOut.numtrue,P1.disMarksOut.anytrue,P1.disMarksIn.vec[1],P1.disMarksIn.numtrue,P1.disMarksIn.anytrue,P2.disMarksIn.vec[1],P2.disMarksIn.numtrue,P2.disMarksIn.anytrue,T1.fire_,T1.activation.arcWeightIntOut[1],P1.delayPassedOut.vec[1],P1.delayPassedIn.vec[1],T2.activation.arcWeightIntIn[1],T2.activation.arcWeightIntOut[1],P2.delayPassedIn.vec[1],T2.activation.disPlaceOut[1],T2.activation.maxTokensInt[1],T2.activation.tIntOut[1],T2.activation.normalArc[1],T2.activation.testValueInt[1],T2.activation.arcType[1],T2.activation.disPlaceIn[1],T2.activation.minTokensInt[1],T2.activation.tIntIn[1],T1.activation.disPlaceOut[1],T1.activation.maxTokensInt[1],T1.activation.tIntOut[1],P2.emptying.numtrue,P2.emptying.anytrue,P2.feeding.numtrue,P2.feeding.anytrue,P2.feeding.vec[1],P2.delayPassedIn.numtrue,P2.delayPassedIn.anytrue,P2.enableIn.TEin[1],$PRE.P2.enableIn.TEin[1],P2.enableIn.TEin_[1],P2.enableIn.active[1],P2.fireIn[1],$PRE.P2.fireIn[1],T2.fire_,T2.activation.NoTokens,T2.activation.weaklyOutputActiveVec[1],T2.activation.weaklyInputActiveVec[1],T2.activation.active,T2.activation.emptied[1],T2.activation.fed[1],P1.emptying.numtrue,P1.emptying.anytrue,P1.emptying.vec[1],P1.feeding.numtrue,P1.feeding.anytrue,P1.feeding.vec[1],P1.delayPassedIn.numtrue,P1.delayPassedIn.anytrue,P1.delayPassedOut.numtrue,P1.delayPassedOut.anytrue,P1.enableOut.TEout[1],$PRE.P1.enableOut.TEout[1],P1.enableOut.TEout_[1],P1.enableOut.TAout[1],P1.enableIn.TEin[1],$PRE.P1.enableIn.TEin[1],P1.enableIn.TEin_[1],P1.enableIn.active[1],P1.fireOut[1],$PRE.P1.fireOut[1],P1.fireIn[1],$PRE.P1.fireIn[1],T1.activation.NoTokens,T1.activation.weaklyOutputActiveVec[1],T1.activation.active,T1.activation.emptied[1],$whenCondition3,$whenCondition2,$whenCondition1)
 * Number of discrete states: 0 ()
 * Number of clocked states: 0 ()
 * Top-level inputs: 0
Notification: Strong component statistics for initialization (248):
 * Single equations (assignments): 225
 * Array equations: 0
 * Algorithm blocks: 22
 * Record equations: 0
 * When equations: 0
 * If-equations: 0
 * Equation systems (not torn): 0
 * Torn equation systems: 1
 * Mixed (continuous/discrete) equation systems: 0
Notification: Torn system details for strict tearing set:
 * Linear torn systems (#iteration vars, #inner vars, density): 0 systems
 * Non-linear torn systems (#iteration vars, #inner vars): 1 system
   {(3,9)}
Notification: Performance of prepare postOptimizeDAE: time 0.001835/0.1761, allocations: 1.526 MB / 497.6 MB, free: 8.648 MB / 378.7 MB
Notification: Performance of postOpt lateInlineFunction (simulation): time 0.0004452/0.1766, allocations: 146.9 kB / 497.7 MB, free: 8.504 MB / 378.7 MB
Notification: Performance of postOpt wrapFunctionCalls (simulation): time 0.007411/0.184, allocations: 4.699 MB / 0.4907 GB, free: 3.703 MB / 378.7 MB
Notification: Performance of postOpt inlineArrayEqn (simulation): time 0.0001939/0.1842, allocations: 8 kB / 0.4907 GB, free: 3.695 MB / 378.7 MB
Notification: Performance of postOpt constantLinearSystem (simulation): time 7.804e-06/0.1842, allocations: 4 kB / 0.4907 GB, free: 3.691 MB / 378.7 MB
Notification: Performance of postOpt simplifysemiLinear (simulation): time 1.067e-05/0.1843, allocations: 7.922 kB / 0.4907 GB, free: 3.684 MB / 378.7 MB
Notification: Performance of postOpt removeSimpleEquations (simulation): time 0.2271/0.4114, allocations: 6.731 MB / 0.4973 GB, free: 75.33 MB / 378.7 MB
Notification: Performance of postOpt simplifyComplexFunction (simulation): time 0.007529/0.419, allocations: 4.572 MB / 0.5017 GB, free: 74.75 MB / 378.7 MB
Notification: Performance of postOpt solveSimpleEquations (simulation): time 0.0003426/0.4193, allocations: 55.86 kB / 0.5018 GB, free: 74.75 MB / 378.7 MB
Notification: Performance of postOpt tearingSystem (simulation): time 0.001156/0.4205, allocations: 213.8 kB / 0.502 GB, free: 74.74 MB / 378.7 MB
Notification: Performance of postOpt inputDerivativesUsed (simulation): time 0.000362/0.4209, allocations: 94.98 kB / 0.5021 GB, free: 74.74 MB / 378.7 MB
Notification: Performance of postOpt calculateStrongComponentJacobians (simulation): time 0.001239/0.4222, allocations: 0.82 MB / 0.5029 GB, free: 74.23 MB / 378.7 MB
Notification: Performance of postOpt calculateStateSetsJacobians (simulation): time 3.446e-06/0.4222, allocations: 1.781 kB / 0.5029 GB, free: 74.23 MB / 378.7 MB
Notification: Performance of postOpt symbolicJacobian (simulation): time 0.01625/0.4384, allocations: 6.851 MB / 0.5096 GB, free: 73.09 MB / 378.7 MB
Notification: Performance of postOpt removeConstants (simulation): time 0.0001638/0.4387, allocations: 184.7 kB / 0.5097 GB, free: 72.99 MB / 378.7 MB
Notification: Performance of postOpt simplifyTimeIndepFuncCalls (simulation): time 0.000457/0.4391, allocations: 165.1 kB / 0.5099 GB, free: 72.94 MB / 378.7 MB
Notification: Performance of postOpt simplifyAllExpressions (simulation): time 0.001182/0.4403, allocations: 151.1 kB / 0.51 GB, free: 72.93 MB / 378.7 MB
Notification: Performance of postOpt findZeroCrossings (simulation): time 0.000651/0.441, allocations: 354.6 kB / 0.5104 GB, free: 72.83 MB / 378.7 MB
Notification: Performance of postOpt collapseArrayExpressions (simulation): time 0.000227/0.4412, allocations: 103.6 kB / 0.5105 GB, free: 72.82 MB / 378.7 MB
Notification: Performance of sorting global known variables: time 0.0004442/0.4417, allocations: 407.4 kB / 0.5109 GB, free: 72.64 MB / 378.7 MB
Notification: Performance of sort global known variables: time 1.7e-07/0.4417, allocations: 3.719 kB / 0.5109 GB, free: 72.64 MB / 378.7 MB
Notification: Performance of remove unused functions: time 0.001653/0.4433, allocations: 0.6098 MB / 0.5115 GB, free: 72.57 MB / 378.7 MB
Notification: Model statistics after passing the back-end for simulation:
 * Number of independent subsystems: 2
 * Number of states: 2 (P1.t_,P2.t_)
 * Number of discrete variables: 121 (P2.disMarksInOut,$cse3[1],$whenCondition5,$whenCondition4,$whenCondition1,$whenCondition2,$whenCondition3,T1.activation.emptied[1],T1.activation.active,T1.activation.weaklyOutputActiveVec[1],T1.activation.NoTokens,P1.outTransition[1].tokenInOut,P1.disMarksInOut,P1.fireIn[1],P1.fireOut[1],P1.enableIn.active[1],P1.enableIn.TEin_[1],P1.enableIn.state128[1],P1.enableIn.state128[2],P1.enableIn.state128[3],P1.enableIn.state128[4],P1.enableIn.TEin[1],P1.enableIn.disTAin[1],P1.enableIn.remTAin[1],P1.enableIn.cumEnablingProb[1],P1.enableIn.arcWeightSum,P1.enableIn.nremTAin,P1.enableIn.nTAin,P1.enableIn.k,P1.enableIn.posTE,P1.enableIn.randNum,P1.enableIn.sumEnablingProbTAin,P1.enableIn.endWhile,P1.enableIn.Index,P1.enableOut.TAout[1],P1.enableOut.TEout_[1],P1.enableOut.state128[1],P1.enableOut.state128[2],P1.enableOut.state128[3],P1.enableOut.state128[4],P1.enableOut.TEout[1],P1.enableOut.disTAout[1],P1.enableOut.remTAout[1],P1.enableOut.cumEnablingProb[1],P1.enableOut.arcWeightSum,P1.enableOut.nremTAout,P1.enableOut.nTAout,P1.enableOut.k,P1.enableOut.posTE,P1.enableOut.randNum,P1.enableOut.sumEnablingProbTAout,P1.enableOut.endWhile,P1.enableOut.Index,P1.delayPassedOut.anytrue,P1.delayPassedOut.numtrue,P1.delayPassedIn.anytrue,P1.delayPassedIn.numtrue,P1.disMarksOut.anytrue,P1.disMarksOut.numtrue,P1.disMarksIn.anytrue,P1.disMarksIn.numtrue,P1.feeding.vec[1],P1.feeding.anytrue,P1.feeding.numtrue,P1.emptying.vec[1],P1.emptying.anytrue,P1.emptying.numtrue,T2.activation.fed[1],T2.activation.emptied[1],T2.activation.active,T2.activation.weaklyInputActiveVec[1],T2.activation.weaklyOutputActiveVec[1],T2.activation.NoTokens,T2.fire_,P2.fireIn[1],P2.enableIn.active[1],P2.enableIn.TEin_[1],P2.enableIn.state128[1],P2.enableIn.state128[2],P2.enableIn.state128[3],P2.enableIn.state128[4],P2.enableIn.TEin[1],P2.enableIn.disTAin[1],P2.enableIn.remTAin[1],P2.enableIn.cumEnablingProb[1],P2.enableIn.arcWeightSum,P2.enableIn.nremTAin,P2.enableIn.nTAin,P2.enableIn.k,P2.enableIn.posTE,P2.enableIn.randNum,P2.enableIn.sumEnablingProbTAin,P2.enableIn.endWhile,P2.enableIn.Index,P2.delayPassedIn.anytrue,P2.delayPassedIn.numtrue,P2.disMarksOut.anytrue,P2.disMarksOut.numtrue,P2.disMarksIn.anytrue,P2.disMarksIn.numtrue,P2.feeding.vec[1],P2.feeding.anytrue,P2.feeding.numtrue,P2.emptying.anytrue,P2.emptying.numtrue,$whenCondition6,P2.enableOut.state128[1],P2.enableOut.state128[2],P2.enableOut.state128[3],P2.enableOut.state128[4],P2.enableOut.arcWeightSum,P2.enableOut.nremTAout,P2.enableOut.nTAout,P2.enableOut.k,P2.enableOut.posTE,P2.enableOut.randNum,P2.enableOut.sumEnablingProbTAout,P2.enableOut.endWhile,P2.enableOut.Index,P2.delayPassedOut.anytrue,P2.delayPassedOut.numtrue)
 * Number of discrete states: 108 (P2.delayPassedOut.numtrue,P2.delayPassedOut.anytrue,P2.enableOut.Index,P2.enableOut.endWhile,P2.enableOut.sumEnablingProbTAout,P2.enableOut.state128[4],P2.enableOut.state128[3],P2.enableOut.state128[2],P2.enableOut.state128[1],P2.enableOut.randNum,P2.enableOut.posTE,P2.enableOut.k,P2.enableOut.nTAout,P2.enableOut.nremTAout,P2.enableOut.arcWeightSum,$whenCondition6,P1.disMarksInOut,P2.fireIn[1],P2.disMarksOut.anytrue,P2.disMarksIn.anytrue,P1.fireIn[1],P1.fireOut[1],P1.disMarksOut.anytrue,P1.disMarksIn.anytrue,P2.emptying.numtrue,P2.emptying.anytrue,P2.feeding.numtrue,P2.feeding.anytrue,P2.disMarksIn.numtrue,P2.disMarksOut.numtrue,P2.delayPassedIn.numtrue,P2.delayPassedIn.anytrue,P1.emptying.numtrue,P1.emptying.anytrue,P1.feeding.numtrue,P1.feeding.anytrue,T2.activation.weaklyOutputActiveVec[1],T2.activation.weaklyInputActiveVec[1],T2.activation.active,T2.activation.NoTokens,P2.enableIn.TEin_[1],P2.enableIn.posTE,P2.enableIn.k,P2.enableIn.endWhile,P2.enableIn.state128[4],P2.enableIn.state128[3],P2.enableIn.state128[2],P2.enableIn.state128[1],P2.enableIn.randNum,P2.enableIn.cumEnablingProb[1],P2.enableIn.sumEnablingProbTAin,P2.enableIn.nTAin,P2.enableIn.nremTAin,P2.enableIn.remTAin[1],P2.enableIn.Index,P2.enableIn.arcWeightSum,P2.enableIn.disTAin[1],$whenCondition3,P2.enableIn.TEin[1],P1.disMarksIn.numtrue,P1.disMarksOut.numtrue,P1.delayPassedIn.numtrue,P1.delayPassedIn.anytrue,P1.delayPassedOut.numtrue,P1.delayPassedOut.anytrue,P1.enableOut.TEout_[1],P1.enableOut.posTE,P1.enableOut.k,P1.enableOut.endWhile,P1.enableOut.state128[4],P1.enableOut.state128[3],P1.enableOut.state128[2],P1.enableOut.state128[1],P1.enableOut.randNum,P1.enableOut.cumEnablingProb[1],P1.enableOut.sumEnablingProbTAout,P1.enableOut.nTAout,P1.enableOut.nremTAout,P1.enableOut.remTAout[1],P1.enableOut.Index,P1.enableOut.arcWeightSum,P1.enableOut.disTAout[1],$whenCondition2,P1.enableOut.TEout[1],T1.activation.weaklyOutputActiveVec[1],T1.activation.active,T1.activation.NoTokens,P1.enableIn.TEin_[1],P1.enableIn.posTE,P1.enableIn.k,P1.enableIn.endWhile,P1.enableIn.state128[4],P1.enableIn.state128[3],P1.enableIn.state128[2],P1.enableIn.state128[1],P1.enableIn.randNum,P1.enableIn.cumEnablingProb[1],P1.enableIn.sumEnablingProbTAin,P1.enableIn.nTAin,P1.enableIn.nremTAin,P1.enableIn.remTAin[1],P1.enableIn.Index,P1.enableIn.arcWeightSum,P1.enableIn.disTAin[1],$whenCondition1,P1.enableIn.TEin[1],P2.disMarkChange,P1.disMarkChange)
 * Number of clocked states: 0 ()
 * Top-level inputs: 0
Notification: Strong component statistics for simulation (62):
 * Single equations (assignments): 42
 * Array equations: 1
 * Algorithm blocks: 18
 * Record equations: 0
 * When equations: 0
 * If-equations: 0
 * Equation systems (not torn): 0
 * Torn equation systems: 1
 * Mixed (continuous/discrete) equation systems: 0
Notification: Torn system details for strict tearing set:
 * Linear torn systems (#iteration vars, #inner vars, density): 0 systems
 * Non-linear torn systems (#iteration vars, #inner vars): 1 system
   {(3,11)}
Notification: Performance of Backend phase and start with SimCode phase: time 0.0009334/0.4443, allocations: 0.4898 MB / 0.5119 GB, free: 72.41 MB / 378.7 MB
Notification: Performance of simCode: created initialization part: time 0.005206/0.4495, allocations: 4.707 MB / 0.5165 GB, free: 68.86 MB / 378.7 MB
Notification: Performance of simCode: created event and clocks part: time 3.988e-06/0.4495, allocations: 0 / 0.5165 GB, free: 68.86 MB / 378.7 MB
Notification: Performance of simCode: created simulation system equations: time 0.004442/0.454, allocations: 5.862 MB / 0.5223 GB, free: 62.77 MB / 378.7 MB
Notification: Performance of simCode: created of all other equations (e.g. parameter, nominal, assert, etc): time 0.0009873/0.455, allocations: 197.3 kB / 0.5224 GB, free: 62.59 MB / 378.7 MB
Notification: Performance of simCode: created linear, non-linear and system jacobian parts: time 0.005404/0.4604, allocations: 3.483 MB / 0.5259 GB, free: 59.09 MB / 378.7 MB
Notification: Performance of simCode: some other stuff during SimCode phase: time 0.0006501/0.4611, allocations: 1.309 MB / 0.5271 GB, free: 57.77 MB / 378.7 MB
Notification: Performance of simCode: alias equations: time 0.0006516/0.4617, allocations: 269.3 kB / 0.5274 GB, free: 57.52 MB / 378.7 MB
Notification: Performance of simCode: all other stuff during SimCode phase: time 0.0001525/0.4619, allocations: 71.42 kB / 0.5275 GB, free: 57.46 MB / 378.7 MB
Notification: Performance of SimCode: time 6.21e-07/0.4619, allocations: 0 / 0.5275 GB, free: 57.46 MB / 378.7 MB
Notification: Performance of Templates: time 0.03623/0.4981, allocations: 26.52 MB / 0.5533 GB, free: 30.84 MB / 378.7 MB
make -j1 -f PNlib_2.2_PNlib.Examples.ConTest.ZeroPlace.makefile
(rm -f PNlib_2.2_PNlib.Examples.ConTest.ZeroPlace.pipe ; mkfifo PNlib_2.2_PNlib.Examples.ConTest.ZeroPlace.pipe ; head -c 1048576 < PNlib_2.2_PNlib.Examples.ConTest.ZeroPlace.pipe >> ../files/PNlib_2.2_PNlib.Examples.ConTest.ZeroPlace.sim & ./PNlib_2.2_PNlib.Examples.ConTest.ZeroPlace  -abortSlowSimulation -alarm=480  -emit_protected -lv LOG_STATS > PNlib_2.2_PNlib.Examples.ConTest.ZeroPlace.pipe 2>&1)
diffSimulationResults("PNlib_2.2_PNlib.Examples.ConTest.ZeroPlace_res.mat","/home/runner/work/PNlib/PNlib/ReferenceFiles/PNlib.Examples.ConTest.ZeroPlace.mat","../files/PNlib_2.2_PNlib.Examples.ConTest.ZeroPlace.diff",relTol=0.003,relTolDiffMinMax=0.003,rangeDelta=0.001)
Reference file matches
