Running: ./testmodel.py --libraries=/home/runner/.openmodelica/libraries/ --ompython_omhome= PNlib_2.2_PNlib.Examples.Models.BicoloredPlaces.Aquarium.conf.json
loadFile("/home/runner/.openmodelica/libraries/ModelicaServices 4.0.0+maint.om/package.mo", uses=false)
loadFile("/home/runner/.openmodelica/libraries/Complex 4.0.0+maint.om/package.mo", uses=false)
loadFile("/home/runner/.openmodelica/libraries/Modelica 4.0.0+maint.om/package.mo", uses=false)
loadFile("/home/runner/work/PNlib/PNlib/PNlib/package.mo", uses=false)
Using package PNlib with version 2.2 (/home/runner/work/PNlib/PNlib/PNlib/package.mo)
Using package Modelica with version 4.0.0 (/home/runner/.openmodelica/libraries/Modelica 4.0.0+maint.om/package.mo)
Using package Complex with version 4.0.0 (/home/runner/.openmodelica/libraries/Complex 4.0.0+maint.om/package.mo)
Using package ModelicaServices with version 4.0.0 (/home/runner/.openmodelica/libraries/ModelicaServices 4.0.0+maint.om/package.mo)
Running command: translateModel(PNlib.Examples.Models.BicoloredPlaces.Aquarium,tolerance=1e-06,outputFormat="mat",numberOfIntervals=5000,variableFilter="P1.color.1.|P1.color.2.|P1.t|P2.color.1.|P2.color.2.|P2.t|ratio|t1.fire|t1.instantaneousSpeed|t1.maximumSpeed|t2.fire|t2.instantaneousSpeed|t2.maximumSpeed|time",fileNamePrefix="PNlib_2.2_PNlib.Examples.Models.BicoloredPlaces.Aquarium")
translateModel(PNlib.Examples.Models.BicoloredPlaces.Aquarium,tolerance=1e-06,outputFormat="mat",numberOfIntervals=5000,variableFilter="P1.color.1.|P1.color.2.|P1.t|P2.color.1.|P2.color.2.|P2.t|ratio|t1.fire|t1.instantaneousSpeed|t1.maximumSpeed|t2.fire|t2.instantaneousSpeed|t2.maximumSpeed|time",fileNamePrefix="PNlib_2.2_PNlib.Examples.Models.BicoloredPlaces.Aquarium")
Notification: Performance of loadFile(/home/runner/.openmodelica/libraries/ModelicaServices 4.0.0+maint.om/package.mo): time 0.0009834/0.0009835, allocations: 89.52 kB / 15.67 MB, free: 5.309 MB / 13.93 MB
Notification: Performance of loadFile(/home/runner/.openmodelica/libraries/Complex 4.0.0+maint.om/package.mo): time 0.00102/0.00102, allocations: 179 kB / 16.59 MB, free: 4.527 MB / 13.93 MB
Notification: Performance of loadFile(/home/runner/.openmodelica/libraries/Modelica 4.0.0+maint.om/package.mo): time 1.614/1.614, allocations: 222.1 MB / 239.5 MB, free: 11.02 MB / 202.7 MB
Notification: Performance of loadFile(/home/runner/work/PNlib/PNlib/PNlib/package.mo): time 0.09369/0.09369, allocations: 16.58 MB / 306.3 MB, free: 10.5 MB / 250.7 MB
Notification: Performance of FrontEnd - loaded program: time 0.0004426/0.0004425, allocations: 11.14 kB / 371.4 MB, free: 44.89 MB / 298.7 MB
Notification: Performance of FrontEnd - Absyn->SCode: time 0.0703/0.07076, allocations: 53.48 MB / 424.8 MB, free: 5.176 MB / 298.7 MB
Notification: Performance of NFInst.instantiate(PNlib.Examples.Models.BicoloredPlaces.Aquarium): time 0.005083/0.07589, allocations: 5.237 MB / 430.1 MB, free: 15.93 MB / 314.7 MB
Notification: Performance of NFInst.instExpressions: time 0.007281/0.08319, allocations: 4.298 MB / 434.4 MB, free: 11.62 MB / 314.7 MB
Notification: Performance of NFInst.updateImplicitVariability: time 0.0006094/0.08382, allocations: 31.88 kB / 434.4 MB, free: 11.59 MB / 314.7 MB
Notification: Performance of NFTyping.typeComponents: time 0.0007937/0.08462, allocations: 0.5624 MB / 435 MB, free: 11.02 MB / 314.7 MB
Notification: Performance of NFTyping.typeBindings: time 0.001049/0.08568, allocations: 0.4926 MB / 435.5 MB, free: 10.53 MB / 314.7 MB
Notification: Performance of NFTyping.typeClassSections: time 0.00282/0.08851, allocations: 2.09 MB / 437.5 MB, free: 8.438 MB / 314.7 MB
Notification: Performance of NFFlatten.flatten: time 0.004796/0.09333, allocations: 6.415 MB / 444 MB, free: 2.016 MB / 314.7 MB
Notification: Performance of NFFlatten.resolveConnections: time 0.001908/0.09525, allocations: 2.054 MB / 446 MB, free: 15.88 MB / 330.7 MB
Notification: Performance of NFEvalConstants.evaluate: time 0.002097/0.09736, allocations: 2.482 MB / 448.5 MB, free: 13.39 MB / 330.7 MB
Notification: Performance of NFSimplifyModel.simplify: time 0.001762/0.09913, allocations: 2.023 MB / 450.5 MB, free: 11.36 MB / 330.7 MB
Notification: Performance of NFPackage.collectConstants: time 0.0007913/0.09994, allocations: 0.6055 MB / 451.1 MB, free: 10.75 MB / 330.7 MB
Notification: Performance of NFFlatten.collectFunctions: time 0.001123/0.1011, allocations: 1.011 MB / 452.1 MB, free: 9.742 MB / 330.7 MB
Notification: Performance of NFScalarize.scalarize: time 0.0008495/0.1019, allocations: 1.04 MB / 453.2 MB, free: 8.699 MB / 330.7 MB
Notification: Performance of NFVerifyModel.verify: time 0.001811/0.1038, allocations: 2.284 MB / 455.5 MB, free: 6.406 MB / 330.7 MB
Notification: Performance of NFConvertDAE.convert: time 0.004984/0.1088, allocations: 6.693 MB / 462.2 MB, free: 15.7 MB / 346.7 MB
Notification: Performance of FrontEnd - DAE generated: time 4.568e-06/0.1088, allocations: 0 / 462.2 MB, free: 15.7 MB / 346.7 MB
Notification: Performance of FrontEnd: time 1.453e-06/0.1088, allocations: 3.656 kB / 462.2 MB, free: 15.7 MB / 346.7 MB
Notification: Performance of Transformations before backend: time 2.861e-05/0.1088, allocations: 0 / 462.2 MB, free: 15.7 MB / 346.7 MB
Notification: Model statistics after passing the front-end and creating the data structures used by the back-end:
 * Number of equations: 1091
 * Number of variables: 1091
Notification: Performance of Generate backend data structure: time 0.006315/0.1151, allocations: 5.161 MB / 467.3 MB, free: 10.22 MB / 346.7 MB
Notification: Performance of prepare preOptimizeDAE: time 4.062e-05/0.1152, allocations: 8.031 kB / 467.3 MB, free: 10.21 MB / 346.7 MB
Notification: Performance of preOpt normalInlineFunction (simulation): time 0.003888/0.1191, allocations: 0.7647 MB / 468.1 MB, free: 9.441 MB / 346.7 MB
Notification: Performance of preOpt evaluateParameters (simulation): time 0.002818/0.1219, allocations: 1.859 MB / 469.9 MB, free: 7.535 MB / 346.7 MB
Notification: Performance of preOpt simplifyIfEquations (simulation): time 0.0006211/0.1225, allocations: 0.8297 MB / 470.8 MB, free: 6.594 MB / 346.7 MB
Notification: Performance of preOpt expandDerOperator (simulation): time 0.0007355/0.1233, allocations: 455.8 kB / 471.2 MB, free: 6.148 MB / 346.7 MB
Notification: Performance of preOpt clockPartitioning (simulation): time 0.01263/0.1359, allocations: 7.881 MB / 479.1 MB, free: 14.07 MB / 362.7 MB
Notification: Performance of preOpt findStateOrder (simulation): time 7.828e-05/0.136, allocations: 7.938 kB / 479.1 MB, free: 14.07 MB / 362.7 MB
Notification: Performance of preOpt replaceEdgeChange (simulation): time 0.0005043/0.1365, allocations: 211.9 kB / 479.3 MB, free: 13.86 MB / 362.7 MB
Notification: Performance of preOpt inlineArrayEqn (simulation): time 0.0004906/0.137, allocations: 398.7 kB / 479.7 MB, free: 13.47 MB / 362.7 MB
Notification: Performance of preOpt removeEqualRHS (simulation): time 0.009452/0.1465, allocations: 5.884 MB / 485.6 MB, free: 7.574 MB / 362.7 MB
Notification: Performance of preOpt removeSimpleEquations (simulation): time 0.01941/0.1659, allocations: 15.24 MB / 0.4891 GB, free: 8.012 MB / 378.7 MB
Notification: Performance of preOpt comSubExp (simulation): time 0.007111/0.173, allocations: 6.383 MB / 0.4953 GB, free: 1.598 MB / 378.7 MB
Notification: Performance of preOpt resolveLoops (simulation): time 0.2081/0.3812, allocations: 6.015 MB / 0.5012 GB, free: 71.96 MB / 378.7 MB
Notification: Performance of preOpt evalFunc (simulation): time 0.004155/0.3854, allocations: 8.669 MB / 0.5097 GB, free: 62.31 MB / 378.7 MB
Notification: Performance of preOpt encapsulateWhenConditions (simulation): time 0.005747/0.3912, allocations: 3.782 MB / 0.5134 GB, free: 61.94 MB / 378.7 MB
Notification: Performance of pre-optimization done (n=299): time 5.32e-06/0.3912, allocations: 0 / 0.5134 GB, free: 61.94 MB / 378.7 MB
Notification: Performance of matching and sorting (n=299): time 0.01967/0.4109, allocations: 11.96 MB / 0.525 GB, free: 56.98 MB / 378.7 MB
Notification: Performance of inlineWhenForInitialization (initialization): time 0.000764/0.4116, allocations: 2.126 MB / 0.5271 GB, free: 54.83 MB / 378.7 MB
Notification: Performance of selectInitializationVariablesDAE (initialization): time 0.00161/0.4133, allocations: 1.472 MB / 0.5286 GB, free: 54.28 MB / 378.7 MB
Notification: Performance of collectPreVariables (initialization): time 0.0002882/0.4136, allocations: 196.7 kB / 0.5287 GB, free: 54.18 MB / 378.7 MB
Notification: Performance of collectInitialEqns (initialization): time 0.0007339/0.4143, allocations: 1.246 MB / 0.53 GB, free: 53.16 MB / 378.7 MB
Notification: Performance of collectInitialBindings (initialization): time 0.0005699/0.4149, allocations: 0.788 MB / 0.5307 GB, free: 52.39 MB / 378.7 MB
Notification: Performance of simplifyInitialFunctions (initialization): time 0.001123/0.416, allocations: 0.9652 MB / 0.5317 GB, free: 51.42 MB / 378.7 MB
Notification: Performance of setup shared object (initialization): time 3.912e-05/0.4161, allocations: 301.1 kB / 0.532 GB, free: 51.12 MB / 378.7 MB
Notification: Performance of preBalanceInitialSystem (initialization): time 0.002746/0.4188, allocations: 1.998 MB / 0.5339 GB, free: 49.12 MB / 378.7 MB
Notification: Performance of partitionIndependentBlocks (initialization): time 0.003291/0.4221, allocations: 3.405 MB / 0.5372 GB, free: 45.14 MB / 378.7 MB
Notification: Performance of analyzeInitialSystem (initialization): time 0.006549/0.4287, allocations: 7.523 MB / 0.5446 GB, free: 36.67 MB / 378.7 MB
Notification: Performance of solveInitialSystemEqSystem (initialization): time 2.515e-05/0.4287, allocations: 12 kB / 0.5446 GB, free: 36.66 MB / 378.7 MB
Notification: Performance of matching and sorting (n=567) (initialization): time 0.009225/0.438, allocations: 7.491 MB / 0.5519 GB, free: 28.91 MB / 378.7 MB
Notification: Performance of prepare postOptimizeDAE: time 0.0004765/0.4384, allocations: 1.39 MB / 0.5533 GB, free: 27.26 MB / 378.7 MB
Notification: Performance of postOpt simplifyComplexFunction (initialization): time 0.004991/0.4434, allocations: 3.968 MB / 0.5571 GB, free: 23.15 MB / 378.7 MB
Notification: Performance of postOpt tearingSystem (initialization): time 0.003493/0.447, allocations: 0.8704 MB / 0.558 GB, free: 22.28 MB / 378.7 MB
Notification: Performance of postOpt solveSimpleEquations (initialization): time 0.001405/0.4484, allocations: 462.9 kB / 0.5584 GB, free: 21.83 MB / 378.7 MB
Notification: Performance of postOpt calculateStrongComponentJacobians (initialization): time 0.001203/0.4496, allocations: 1.235 MB / 0.5596 GB, free: 20.57 MB / 378.7 MB
Notification: Performance of postOpt simplifyAllExpressions (initialization): time 0.001865/0.4515, allocations: 487.1 kB / 0.5601 GB, free: 20.09 MB / 378.7 MB
Notification: Performance of postOpt collapseArrayExpressions (initialization): time 0.0003196/0.4518, allocations: 231.9 kB / 0.5603 GB, free: 19.87 MB / 378.7 MB
Warning: Assuming fixed start value for the following 72 variables:
         P2.place2.enableIn.posTE:DISCRETE(fixed = true protected = true )  "possible enabled transition" type: Integer
         P2.place2.enableIn.k:DISCRETE(fixed = true protected = true )  "iteration index" type: Integer
         P2.place2.enableIn.endWhile:DISCRETE(fixed = true protected = true )  type: Boolean
         P2.place2.enableIn.sumEnablingProbTAin:DISCRETE(fixed = true protected = true )  "sum of the enabling probabilities of the active input transitions" type: Real
         P2.place2.enableIn.nTAin:DISCRETE(fixed = true protected = true )  "number ofactive input transitions" type: Integer
         P2.place2.enableIn.nremTAin:DISCRETE(fixed = true protected = true )  "number of remaining active input transitions" type: Integer
         P2.place2.enableIn.Index:DISCRETE(fixed = true protected = true )  "priority Index" type: Integer
         P2.place2.enableIn.arcWeightSum:DISCRETE(fixed = true protected = true )  "arc weight sum" type: Real
         P2.place1.enableIn.posTE:DISCRETE(fixed = true protected = true )  "possible enabled transition" type: Integer
         P2.place1.enableIn.k:DISCRETE(fixed = true protected = true )  "iteration index" type: Integer
         P2.place1.enableIn.endWhile:DISCRETE(fixed = true protected = true )  type: Boolean
         P2.place1.enableIn.sumEnablingProbTAin:DISCRETE(fixed = true protected = true )  "sum of the enabling probabilities of the active input transitions" type: Real
         P2.place1.enableIn.nTAin:DISCRETE(fixed = true protected = true )  "number ofactive input transitions" type: Integer
         P2.place1.enableIn.nremTAin:DISCRETE(fixed = true protected = true )  "number of remaining active input transitions" type: Integer
         P2.place1.enableIn.Index:DISCRETE(fixed = true protected = true )  "priority Index" type: Integer
         P2.place1.enableIn.arcWeightSum:DISCRETE(fixed = true protected = true )  "arc weight sum" type: Real
         P1.place2.enableOut.posTE:DISCRETE(fixed = true protected = true )  "possible enabled transition" type: Integer
         P1.place2.enableOut.k:DISCRETE(fixed = true protected = true )  "iteration index" type: Integer
         P1.place2.enableOut.endWhile:DISCRETE(fixed = true protected = true )  type: Boolean
         P1.place2.enableOut.sumEnablingProbTAout:DISCRETE(fixed = true protected = true )  "sum of the enabling probabilities of the active output transitions" type: Real
         P1.place2.enableOut.nTAout:DISCRETE(fixed = true protected = true )  "number of active output transitions" type: Integer
         P1.place2.enableOut.nremTAout:DISCRETE(fixed = true protected = true )  "number of remaining active output transitions" type: Integer
         P1.place2.enableOut.Index:DISCRETE(fixed = true protected = true )  type: Integer
         P1.place2.enableOut.arcWeightSum:DISCRETE(fixed = true protected = true )  "arc weight sum" type: Real
         P1.place2.enableIn.posTE:DISCRETE(fixed = true protected = true )  "possible enabled transition" type: Integer
         P1.place2.enableIn.k:DISCRETE(fixed = true protected = true )  "iteration index" type: Integer
         P1.place2.enableIn.endWhile:DISCRETE(fixed = true protected = true )  type: Boolean
         P1.place2.enableIn.sumEnablingProbTAin:DISCRETE(fixed = true protected = true )  "sum of the enabling probabilities of the active input transitions" type: Real
         P1.place2.enableIn.nTAin:DISCRETE(fixed = true protected = true )  "number ofactive input transitions" type: Integer
         P1.place2.enableIn.nremTAin:DISCRETE(fixed = true protected = true )  "number of remaining active input transitions" type: Integer
         P1.place2.enableIn.Index:DISCRETE(fixed = true protected = true )  "priority Index" type: Integer
         P1.place2.enableIn.arcWeightSum:DISCRETE(fixed = true protected = true )  "arc weight sum" type: Real
         P1.place1.enableOut.posTE:DISCRETE(fixed = true protected = true )  "possible enabled transition" type: Integer
         P1.place1.enableOut.k:DISCRETE(fixed = true protected = true )  "iteration index" type: Integer
         P1.place1.enableOut.endWhile:DISCRETE(fixed = true protected = true )  type: Boolean
         P1.place1.enableOut.sumEnablingProbTAout:DISCRETE(fixed = true protected = true )  "sum of the enabling probabilities of the active output transitions" type: Real
         P1.place1.enableOut.nTAout:DISCRETE(fixed = true protected = true )  "number of active output transitions" type: Integer
         P1.place1.enableOut.nremTAout:DISCRETE(fixed = true protected = true )  "number of remaining active output transitions" type: Integer
         P1.place1.enableOut.Index:DISCRETE(fixed = true protected = true )  type: Integer
         P1.place1.enableOut.arcWeightSum:DISCRETE(fixed = true protected = true )  "arc weight sum" type: Real
         P1.place1.enableIn.posTE:DISCRETE(fixed = true protected = true )  "possible enabled transition" type: Integer
         P1.place1.enableIn.k:DISCRETE(fixed = true protected = true )  "iteration index" type: Integer
         P1.place1.enableIn.endWhile:DISCRETE(fixed = true protected = true )  type: Boolean
         P1.place1.enableIn.sumEnablingProbTAin:DISCRETE(fixed = true protected = true )  "sum of the enabling probabilities of the active input transitions" type: Real
         P1.place1.enableIn.nTAin:DISCRETE(fixed = true protected = true )  "number ofactive input transitions" type: Integer
         P1.place1.enableIn.nremTAin:DISCRETE(fixed = true protected = true )  "number of remaining active input transitions" type: Integer
         P1.place1.enableIn.Index:DISCRETE(fixed = true protected = true )  "priority Index" type: Integer
         P1.place1.enableIn.arcWeightSum:DISCRETE(fixed = true protected = true )  "arc weight sum" type: Real
         P2.place2.disMarksIn.anytrue:DISCRETE(fixed = true protected = true )  type: Boolean
         P2.place2.disMarksOut.anytrue:DISCRETE(fixed = true protected = true )  type: Boolean
         P2.place1.disMarksIn.anytrue:DISCRETE(fixed = true protected = true )  type: Boolean
         P2.place1.disMarksOut.anytrue:DISCRETE(fixed = true protected = true )  type: Boolean
         P1.place2.disMarksIn.anytrue:DISCRETE(fixed = true protected = true )  type: Boolean
         P1.place2.disMarksOut.anytrue:DISCRETE(fixed = true protected = true )  type: Boolean
         P1.place1.disMarksIn.anytrue:DISCRETE(fixed = true protected = true )  type: Boolean
         P1.place1.disMarksOut.anytrue:DISCRETE(fixed = true protected = true )  type: Boolean
         P2.place2.enableOut.Index:DISCRETE(fixed = true protected = true )  type: Integer
         P2.place2.enableOut.endWhile:DISCRETE(fixed = true protected = true )  type: Boolean
         P2.place2.enableOut.sumEnablingProbTAout:DISCRETE(fixed = true protected = true )  "sum of the enabling probabilities of the active output transitions" type: Real
         P2.place2.enableOut.posTE:DISCRETE(fixed = true protected = true )  "possible enabled transition" type: Integer
         P2.place2.enableOut.k:DISCRETE(fixed = true protected = true )  "iteration index" type: Integer
         P2.place2.enableOut.nTAout:DISCRETE(fixed = true protected = true )  "number of active output transitions" type: Integer
         P2.place2.enableOut.nremTAout:DISCRETE(fixed = true protected = true )  "number of remaining active output transitions" type: Integer
         P2.place2.enableOut.arcWeightSum:DISCRETE(fixed = true protected = true )  "arc weight sum" type: Real
         P2.place1.enableOut.Index:DISCRETE(fixed = true protected = true )  type: Integer
         P2.place1.enableOut.endWhile:DISCRETE(fixed = true protected = true )  type: Boolean
         P2.place1.enableOut.sumEnablingProbTAout:DISCRETE(fixed = true protected = true )  "sum of the enabling probabilities of the active output transitions" type: Real
         P2.place1.enableOut.posTE:DISCRETE(fixed = true protected = true )  "possible enabled transition" type: Integer
         P2.place1.enableOut.k:DISCRETE(fixed = true protected = true )  "iteration index" type: Integer
         P2.place1.enableOut.nTAout:DISCRETE(fixed = true protected = true )  "number of active output transitions" type: Integer
         P2.place1.enableOut.nremTAout:DISCRETE(fixed = true protected = true )  "number of remaining active output transitions" type: Integer
         P2.place1.enableOut.arcWeightSum:DISCRETE(fixed = true protected = true )  "arc weight sum" type: Real
Notification: Model statistics after passing the back-end for initialization:
 * Number of independent subsystems: 184
 * Number of states: 0 ()
 * Number of discrete variables: 462 ($PRE.P2.place2.enableIn.posTE,P2.place2.enableIn.posTE,$PRE.P2.place2.enableIn.k,P2.place2.enableIn.k,$PRE.P2.place2.enableIn.endWhile,P2.place2.enableIn.endWhile,P2.place2.enableIn.randNum,$PRE.P2.place2.enableIn.randNum,P2.place2.enableIn.state128[4],$PRE.P2.place2.enableIn.state128[4],P2.place2.enableIn.state128[3],$PRE.P2.place2.enableIn.state128[3],P2.place2.enableIn.state128[2],$PRE.P2.place2.enableIn.state128[2],P2.place2.enableIn.state128[1],$PRE.P2.place2.enableIn.state128[1],P2.place2.enableIn.cumEnablingProb[1],$PRE.P2.place2.enableIn.cumEnablingProb[1],$PRE.P2.place2.enableIn.sumEnablingProbTAin,P2.place2.enableIn.sumEnablingProbTAin,$PRE.P2.place2.enableIn.nTAin,P2.place2.enableIn.nTAin,$PRE.P2.place2.enableIn.nremTAin,P2.place2.enableIn.nremTAin,P2.place2.enableIn.remTAin[1],$PRE.P2.place2.enableIn.remTAin[1],$PRE.P2.place2.enableIn.Index,P2.place2.enableIn.Index,$PRE.P2.place2.enableIn.arcWeightSum,P2.place2.enableIn.arcWeightSum,P2.place2.enableIn.disTAin[1],$PRE.P2.place2.enableIn.disTAin[1],$PRE.P2.place1.enableIn.posTE,P2.place1.enableIn.posTE,$PRE.P2.place1.enableIn.k,P2.place1.enableIn.k,$PRE.P2.place1.enableIn.endWhile,P2.place1.enableIn.endWhile,P2.place1.enableIn.randNum,$PRE.P2.place1.enableIn.randNum,P2.place1.enableIn.state128[4],$PRE.P2.place1.enableIn.state128[4],P2.place1.enableIn.state128[3],$PRE.P2.place1.enableIn.state128[3],P2.place1.enableIn.state128[2],$PRE.P2.place1.enableIn.state128[2],P2.place1.enableIn.state128[1],$PRE.P2.place1.enableIn.state128[1],P2.place1.enableIn.cumEnablingProb[1],$PRE.P2.place1.enableIn.cumEnablingProb[1],$PRE.P2.place1.enableIn.sumEnablingProbTAin,P2.place1.enableIn.sumEnablingProbTAin,$PRE.P2.place1.enableIn.nTAin,P2.place1.enableIn.nTAin,$PRE.P2.place1.enableIn.nremTAin,P2.place1.enableIn.nremTAin,P2.place1.enableIn.remTAin[1],$PRE.P2.place1.enableIn.remTAin[1],$PRE.P2.place1.enableIn.Index,P2.place1.enableIn.Index,$PRE.P2.place1.enableIn.arcWeightSum,P2.place1.enableIn.arcWeightSum,P2.place1.enableIn.disTAin[1],$PRE.P2.place1.enableIn.disTAin[1],$PRE.P1.place2.enableOut.posTE,P1.place2.enableOut.posTE,$PRE.P1.place2.enableOut.k,P1.place2.enableOut.k,$PRE.P1.place2.enableOut.endWhile,P1.place2.enableOut.endWhile,P1.place2.enableOut.randNum,$PRE.P1.place2.enableOut.randNum,P1.place2.enableOut.state128[4],$PRE.P1.place2.enableOut.state128[4],P1.place2.enableOut.state128[3],$PRE.P1.place2.enableOut.state128[3],P1.place2.enableOut.state128[2],$PRE.P1.place2.enableOut.state128[2],P1.place2.enableOut.state128[1],$PRE.P1.place2.enableOut.state128[1],P1.place2.enableOut.cumEnablingProb[1],$PRE.P1.place2.enableOut.cumEnablingProb[1],$PRE.P1.place2.enableOut.sumEnablingProbTAout,P1.place2.enableOut.sumEnablingProbTAout,$PRE.P1.place2.enableOut.nTAout,P1.place2.enableOut.nTAout,$PRE.P1.place2.enableOut.nremTAout,P1.place2.enableOut.nremTAout,P1.place2.enableOut.remTAout[1],$PRE.P1.place2.enableOut.remTAout[1],$PRE.P1.place2.enableOut.Index,P1.place2.enableOut.Index,$PRE.P1.place2.enableOut.arcWeightSum,P1.place2.enableOut.arcWeightSum,P1.place2.enableOut.disTAout[1],$PRE.P1.place2.enableOut.disTAout[1],$PRE.P1.place2.enableIn.posTE,P1.place2.enableIn.posTE,$PRE.P1.place2.enableIn.k,P1.place2.enableIn.k,$PRE.P1.place2.enableIn.endWhile,P1.place2.enableIn.endWhile,P1.place2.enableIn.randNum,$PRE.P1.place2.enableIn.randNum,P1.place2.enableIn.state128[4],$PRE.P1.place2.enableIn.state128[4],P1.place2.enableIn.state128[3],$PRE.P1.place2.enableIn.state128[3],P1.place2.enableIn.state128[2],$PRE.P1.place2.enableIn.state128[2],P1.place2.enableIn.state128[1],$PRE.P1.place2.enableIn.state128[1],P1.place2.enableIn.cumEnablingProb[1],$PRE.P1.place2.enableIn.cumEnablingProb[1],$PRE.P1.place2.enableIn.sumEnablingProbTAin,P1.place2.enableIn.sumEnablingProbTAin,$PRE.P1.place2.enableIn.nTAin,P1.place2.enableIn.nTAin,$PRE.P1.place2.enableIn.nremTAin,P1.place2.enableIn.nremTAin,P1.place2.enableIn.remTAin[1],$PRE.P1.place2.enableIn.remTAin[1],$PRE.P1.place2.enableIn.Index,P1.place2.enableIn.Index,$PRE.P1.place2.enableIn.arcWeightSum,P1.place2.enableIn.arcWeightSum,P1.place2.enableIn.disTAin[1],$PRE.P1.place2.enableIn.disTAin[1],$PRE.P1.place1.enableOut.posTE,P1.place1.enableOut.posTE,$PRE.P1.place1.enableOut.k,P1.place1.enableOut.k,$PRE.P1.place1.enableOut.endWhile,P1.place1.enableOut.endWhile,P1.place1.enableOut.randNum,$PRE.P1.place1.enableOut.randNum,P1.place1.enableOut.state128[4],$PRE.P1.place1.enableOut.state128[4],P1.place1.enableOut.state128[3],$PRE.P1.place1.enableOut.state128[3],P1.place1.enableOut.state128[2],$PRE.P1.place1.enableOut.state128[2],P1.place1.enableOut.state128[1],$PRE.P1.place1.enableOut.state128[1],P1.place1.enableOut.cumEnablingProb[1],$PRE.P1.place1.enableOut.cumEnablingProb[1],$PRE.P1.place1.enableOut.sumEnablingProbTAout,P1.place1.enableOut.sumEnablingProbTAout,$PRE.P1.place1.enableOut.nTAout,P1.place1.enableOut.nTAout,$PRE.P1.place1.enableOut.nremTAout,P1.place1.enableOut.nremTAout,P1.place1.enableOut.remTAout[1],$PRE.P1.place1.enableOut.remTAout[1],$PRE.P1.place1.enableOut.Index,P1.place1.enableOut.Index,$PRE.P1.place1.enableOut.arcWeightSum,P1.place1.enableOut.arcWeightSum,P1.place1.enableOut.disTAout[1],$PRE.P1.place1.enableOut.disTAout[1],$PRE.P1.place1.enableIn.posTE,P1.place1.enableIn.posTE,$PRE.P1.place1.enableIn.k,P1.place1.enableIn.k,$PRE.P1.place1.enableIn.endWhile,P1.place1.enableIn.endWhile,P1.place1.enableIn.randNum,$PRE.P1.place1.enableIn.randNum,P1.place1.enableIn.state128[4],$PRE.P1.place1.enableIn.state128[4],P1.place1.enableIn.state128[3],$PRE.P1.place1.enableIn.state128[3],P1.place1.enableIn.state128[2],$PRE.P1.place1.enableIn.state128[2],P1.place1.enableIn.state128[1],$PRE.P1.place1.enableIn.state128[1],P1.place1.enableIn.cumEnablingProb[1],$PRE.P1.place1.enableIn.cumEnablingProb[1],$PRE.P1.place1.enableIn.sumEnablingProbTAin,P1.place1.enableIn.sumEnablingProbTAin,$PRE.P1.place1.enableIn.nTAin,P1.place1.enableIn.nTAin,$PRE.P1.place1.enableIn.nremTAin,P1.place1.enableIn.nremTAin,P1.place1.enableIn.remTAin[1],$PRE.P1.place1.enableIn.remTAin[1],$PRE.P1.place1.enableIn.Index,P1.place1.enableIn.Index,$PRE.P1.place1.enableIn.arcWeightSum,P1.place1.enableIn.arcWeightSum,P1.place1.enableIn.disTAin[1],$PRE.P1.place1.enableIn.disTAin[1],$PRE.P1.place2.disMarksInOut,P1.outTransition[1,2].tokenInOut,$PRE.P1.place1.disMarksInOut,P1.outTransition[1,1].tokenInOut,$PRE.P2.place2.disMarksIn.anytrue,$PRE.P2.place2.disMarksOut.anytrue,P2.place2.disMarksInOut,$whenCondition12,$PRE.P2.place1.disMarksIn.anytrue,$PRE.P2.place1.disMarksOut.anytrue,P2.place1.disMarksInOut,$whenCondition11,$PRE.P1.place2.disMarksIn.anytrue,$PRE.P1.place2.disMarksOut.anytrue,P1.place2.disMarksInOut,$whenCondition10,$PRE.P1.place1.disMarksIn.anytrue,$PRE.P1.place1.disMarksOut.anytrue,P1.place1.disMarksInOut,$whenCondition9,P2.place2.disMarksOut.numtrue,P2.place2.disMarksOut.anytrue,P2.place1.disMarksOut.numtrue,P2.place1.disMarksOut.anytrue,$PRE.P2.place2.enableOut.Index,P2.place2.enableOut.Index,$PRE.P2.place2.enableOut.endWhile,P2.place2.enableOut.endWhile,$PRE.P2.place2.enableOut.sumEnablingProbTAout,P2.place2.enableOut.sumEnablingProbTAout,P2.place2.enableOut.randNum,$PRE.P2.place2.enableOut.randNum,P2.place2.enableOut.state128[4],$PRE.P2.place2.enableOut.state128[4],P2.place2.enableOut.state128[3],$PRE.P2.place2.enableOut.state128[3],P2.place2.enableOut.state128[2],$PRE.P2.place2.enableOut.state128[2],P2.place2.enableOut.state128[1],$PRE.P2.place2.enableOut.state128[1],$PRE.P2.place2.enableOut.posTE,P2.place2.enableOut.posTE,$PRE.P2.place2.enableOut.k,P2.place2.enableOut.k,$PRE.P2.place2.enableOut.nTAout,P2.place2.enableOut.nTAout,$PRE.P2.place2.enableOut.nremTAout,P2.place2.enableOut.nremTAout,$PRE.P2.place2.enableOut.arcWeightSum,P2.place2.enableOut.arcWeightSum,P2.place2.delayPassedOut.numtrue,P2.place2.delayPassedOut.anytrue,$whenCondition2,$PRE.P2.place1.enableOut.Index,P2.place1.enableOut.Index,$PRE.P2.place1.enableOut.endWhile,P2.place1.enableOut.endWhile,$PRE.P2.place1.enableOut.sumEnablingProbTAout,P2.place1.enableOut.sumEnablingProbTAout,P2.place1.enableOut.randNum,$PRE.P2.place1.enableOut.randNum,P2.place1.enableOut.state128[4],$PRE.P2.place1.enableOut.state128[4],P2.place1.enableOut.state128[3],$PRE.P2.place1.enableOut.state128[3],P2.place1.enableOut.state128[2],$PRE.P2.place1.enableOut.state128[2],P2.place1.enableOut.state128[1],$PRE.P2.place1.enableOut.state128[1],$PRE.P2.place1.enableOut.posTE,P2.place1.enableOut.posTE,$PRE.P2.place1.enableOut.k,P2.place1.enableOut.k,$PRE.P2.place1.enableOut.nTAout,P2.place1.enableOut.nTAout,$PRE.P2.place1.enableOut.nremTAout,P2.place1.enableOut.nremTAout,$PRE.P2.place1.enableOut.arcWeightSum,P2.place1.enableOut.arcWeightSum,P2.place1.delayPassedOut.numtrue,P2.place1.delayPassedOut.anytrue,$whenCondition1,t2.transition_.firingCon,t2.transition_.outPlaces[2].disTransition,t2.transition_.outPlaces[2].enabledByInPlaces,P2.place2.inTransition[1].disPlace,P2.place2.inTransition[1].maxTokensint,P2.place2.inTransition[1].tint,t2.transition_.outPlaces[1].disTransition,t2.transition_.outPlaces[1].enabledByInPlaces,P2.place1.inTransition[1].disPlace,P2.place1.inTransition[1].maxTokensint,P2.place1.inTransition[1].tint,t2.transition_.inPlaces[2].disTransition,P1.place2.outTransition[1].normalArc,P1.place2.outTransition[1].testValueint,P1.place2.outTransition[1].arcType,P1.place2.outTransition[1].disPlace,P1.place2.outTransition[1].minTokensint,P1.place2.outTransition[1].tint,t2.transition_.inPlaces[1].disTransition,P1.place1.outTransition[1].normalArc,P1.place1.outTransition[1].testValueint,P1.place1.outTransition[1].arcType,P1.place1.outTransition[1].disPlace,P1.place1.outTransition[1].minTokensint,P1.place1.outTransition[1].tint,t1.transition_.firingCon,t1.transition_.outPlaces[2].disTransition,t1.transition_.outPlaces[2].enabledByInPlaces,P1.place2.inTransition[1].disPlace,P1.place2.inTransition[1].maxTokensint,P1.place2.inTransition[1].tint,t1.transition_.outPlaces[1].disTransition,t1.transition_.outPlaces[1].enabledByInPlaces,P1.place1.inTransition[1].disPlace,P1.place1.inTransition[1].maxTokensint,P1.place1.inTransition[1].tint,P2.place2.reStart,P2.place1.reStart,P1.place2.reStart,P1.place1.reStart,P1.place1.disMarksOut.vec[1],P1.place1.disMarksOut.numtrue,P1.place1.disMarksOut.anytrue,P1.place1.disMarksIn.vec[1],P1.place1.disMarksIn.numtrue,P1.place1.disMarksIn.anytrue,P1.place2.disMarksOut.vec[1],P1.place2.disMarksOut.numtrue,P1.place2.disMarksOut.anytrue,P1.place2.disMarksIn.vec[1],P1.place2.disMarksIn.numtrue,P1.place2.disMarksIn.anytrue,P2.place1.disMarksIn.vec[1],P2.place1.disMarksIn.numtrue,P2.place1.disMarksIn.anytrue,P2.place2.disMarksIn.vec[1],P2.place2.disMarksIn.numtrue,P2.place2.disMarksIn.anytrue,t1.transition_.fire_,P1.place1.delayPassedOut.vec[1],P1.place1.delayPassedIn.vec[1],P1.place2.delayPassedOut.vec[1],P1.place2.delayPassedIn.vec[1],P2.place1.delayPassedIn.vec[1],P2.place2.delayPassedIn.vec[1],t1.transition_.activation.arcWeightIntOut[1],t1.transition_.activation.arcWeightIntOut[2],t2.transition_.activation.arcWeightIntIn[1],t2.transition_.activation.arcWeightIntIn[2],t2.transition_.activation.arcWeightIntOut[1],t2.transition_.activation.arcWeightIntOut[2],t2.transition_.activation.disPlaceOut[2],t2.transition_.activation.maxTokensInt[2],t2.transition_.activation.tIntOut[2],t2.transition_.activation.disPlaceOut[1],t2.transition_.activation.maxTokensInt[1],t2.transition_.activation.tIntOut[1],t2.transition_.activation.normalArc[2],t2.transition_.activation.testValueInt[2],t2.transition_.activation.arcType[2],t2.transition_.activation.disPlaceIn[2],t2.transition_.activation.minTokensInt[2],t2.transition_.activation.tIntIn[2],t2.transition_.activation.normalArc[1],t2.transition_.activation.testValueInt[1],t2.transition_.activation.arcType[1],t2.transition_.activation.disPlaceIn[1],t2.transition_.activation.minTokensInt[1],t2.transition_.activation.tIntIn[1],t1.transition_.activation.disPlaceOut[2],t1.transition_.activation.maxTokensInt[2],t1.transition_.activation.tIntOut[2],t1.transition_.activation.disPlaceOut[1],t1.transition_.activation.maxTokensInt[1],t1.transition_.activation.tIntOut[1],t2.transition_.fire_,t2.transition_.activation.NoTokens,t2.transition_.activation.weaklyOutputActiveVec[2],t2.transition_.activation.weaklyOutputActiveVec[1],t2.transition_.activation.weaklyInputActiveVec[2],t2.transition_.activation.weaklyInputActiveVec[1],t2.transition_.activation.active,t2.transition_.activation.emptied[2],t2.transition_.activation.emptied[1],t2.transition_.activation.fed[2],t2.transition_.activation.fed[1],t1.transition_.activation.NoTokens,t1.transition_.activation.weaklyOutputActiveVec[2],t1.transition_.activation.weaklyOutputActiveVec[1],t1.transition_.activation.active,t1.transition_.activation.emptied[2],t1.transition_.activation.emptied[1],P2.place2.emptying.numtrue,P2.place2.emptying.anytrue,P2.place2.feeding.numtrue,P2.place2.feeding.anytrue,P2.place2.feeding.vec[1],P2.place2.delayPassedIn.numtrue,P2.place2.delayPassedIn.anytrue,P2.place2.enableIn.TEin[1],$PRE.P2.place2.enableIn.TEin[1],P2.place2.enableIn.TEin_[1],P2.place2.enableIn.active[1],P2.place2.fireIn[1],$PRE.P2.place2.fireIn[1],P2.place1.emptying.numtrue,P2.place1.emptying.anytrue,P2.place1.feeding.numtrue,P2.place1.feeding.anytrue,P2.place1.feeding.vec[1],P2.place1.delayPassedIn.numtrue,P2.place1.delayPassedIn.anytrue,P2.place1.enableIn.TEin[1],$PRE.P2.place1.enableIn.TEin[1],P2.place1.enableIn.TEin_[1],P2.place1.enableIn.active[1],P2.place1.fireIn[1],$PRE.P2.place1.fireIn[1],P1.place2.emptying.numtrue,P1.place2.emptying.anytrue,P1.place2.emptying.vec[1],P1.place2.feeding.numtrue,P1.place2.feeding.anytrue,P1.place2.feeding.vec[1],P1.place2.delayPassedIn.numtrue,P1.place2.delayPassedIn.anytrue,P1.place2.delayPassedOut.numtrue,P1.place2.delayPassedOut.anytrue,P1.place2.enableOut.TEout[1],$PRE.P1.place2.enableOut.TEout[1],P1.place2.enableOut.TEout_[1],P1.place2.enableOut.TAout[1],P1.place2.enableIn.TEin[1],$PRE.P1.place2.enableIn.TEin[1],P1.place2.enableIn.TEin_[1],P1.place2.enableIn.active[1],P1.place2.fireOut[1],$PRE.P1.place2.fireOut[1],P1.place2.fireIn[1],$PRE.P1.place2.fireIn[1],P1.place1.emptying.numtrue,P1.place1.emptying.anytrue,P1.place1.emptying.vec[1],P1.place1.feeding.numtrue,P1.place1.feeding.anytrue,P1.place1.feeding.vec[1],P1.place1.delayPassedIn.numtrue,P1.place1.delayPassedIn.anytrue,P1.place1.delayPassedOut.numtrue,P1.place1.delayPassedOut.anytrue,P1.place1.enableOut.TEout[1],$PRE.P1.place1.enableOut.TEout[1],P1.place1.enableOut.TEout_[1],P1.place1.enableOut.TAout[1],P1.place1.enableIn.TEin[1],$PRE.P1.place1.enableIn.TEin[1],P1.place1.enableIn.TEin_[1],P1.place1.enableIn.active[1],P1.place1.fireOut[1],$PRE.P1.place1.fireOut[1],P1.place1.fireIn[1],$PRE.P1.place1.fireIn[1],$whenCondition8,$whenCondition7,$whenCondition6,$whenCondition5,$whenCondition4,$whenCondition3)
 * Number of discrete states: 0 ()
 * Number of clocked states: 0 ()
 * Top-level inputs: 0
Notification: Strong component statistics for initialization (477):
 * Single equations (assignments): 434
 * Array equations: 0
 * Algorithm blocks: 42
 * Record equations: 0
 * When equations: 0
 * If-equations: 0
 * Equation systems (not torn): 0
 * Torn equation systems: 1
 * Mixed (continuous/discrete) equation systems: 0
Notification: Torn system details for strict tearing set:
 * Linear torn systems (#iteration vars, #inner vars, density): 0 systems
 * Non-linear torn systems (#iteration vars, #inner vars): 1 system
   {(3,16)}
Notification: Performance of prepare postOptimizeDAE: time 0.003122/0.4549, allocations: 3.319 MB / 0.5636 GB, free: 16.4 MB / 378.7 MB
Notification: Performance of postOpt lateInlineFunction (simulation): time 0.0008283/0.4558, allocations: 289.7 kB / 0.5638 GB, free: 16.11 MB / 378.7 MB
Notification: Performance of postOpt wrapFunctionCalls (simulation): time 0.01332/0.4691, allocations: 9.614 MB / 0.5732 GB, free: 6.266 MB / 378.7 MB
Notification: Performance of postOpt inlineArrayEqn (simulation): time 2.258e-05/0.4691, allocations: 12 kB / 0.5732 GB, free: 6.254 MB / 378.7 MB
Notification: Performance of postOpt constantLinearSystem (simulation): time 8.256e-06/0.4692, allocations: 4 kB / 0.5732 GB, free: 6.25 MB / 378.7 MB
Notification: Performance of postOpt simplifysemiLinear (simulation): time 1.554e-05/0.4692, allocations: 11.97 kB / 0.5733 GB, free: 6.238 MB / 378.7 MB
Notification: Performance of postOpt removeSimpleEquations (simulation): time 0.01949/0.4887, allocations: 14.73 MB / 0.5876 GB, free: 7.258 MB / 394.7 MB
Notification: Performance of postOpt simplifyComplexFunction (simulation): time 0.01396/0.5026, allocations: 9.289 MB / 0.5967 GB, free: 13.75 MB / 410.7 MB
Notification: Performance of postOpt solveSimpleEquations (simulation): time 0.0006019/0.5033, allocations: 127.7 kB / 0.5968 GB, free: 13.62 MB / 410.7 MB
Notification: Performance of postOpt tearingSystem (simulation): time 0.001516/0.5048, allocations: 0.5648 MB / 0.5974 GB, free: 13.05 MB / 410.7 MB
Notification: Performance of postOpt inputDerivativesUsed (simulation): time 0.0003667/0.5052, allocations: 175.4 kB / 0.5976 GB, free: 12.89 MB / 410.7 MB
Notification: Performance of postOpt calculateStrongComponentJacobians (simulation): time 0.001209/0.5064, allocations: 1.204 MB / 0.5987 GB, free: 11.66 MB / 410.7 MB
Notification: Performance of postOpt calculateStateSetsJacobians (simulation): time 2.054e-06/0.5064, allocations: 0 / 0.5987 GB, free: 11.66 MB / 410.7 MB
Notification: Performance of postOpt symbolicJacobian (simulation): time 0.0224/0.5288, allocations: 14.24 MB / 0.6126 GB, free: 13.14 MB / 426.7 MB
Notification: Performance of postOpt removeConstants (simulation): time 0.0002391/0.5291, allocations: 282.2 kB / 0.6129 GB, free: 12.85 MB / 426.7 MB
Notification: Performance of postOpt simplifyTimeIndepFuncCalls (simulation): time 0.000875/0.53, allocations: 367.9 kB / 0.6133 GB, free: 12.49 MB / 426.7 MB
Notification: Performance of postOpt simplifyAllExpressions (simulation): time 0.002266/0.5322, allocations: 267.8 kB / 0.6135 GB, free: 12.23 MB / 426.7 MB
Notification: Performance of postOpt findZeroCrossings (simulation): time 0.0009614/0.5332, allocations: 0.6526 MB / 0.6142 GB, free: 11.58 MB / 426.7 MB
Notification: Performance of postOpt collapseArrayExpressions (simulation): time 0.0004166/0.5336, allocations: 206.9 kB / 0.6144 GB, free: 11.38 MB / 426.7 MB
Notification: Performance of sorting global known variables: time 0.0008957/0.5345, allocations: 0.762 MB / 0.6151 GB, free: 10.61 MB / 426.7 MB
Notification: Performance of sort global known variables: time 1.8e-07/0.5345, allocations: 0 / 0.6151 GB, free: 10.61 MB / 426.7 MB
Notification: Performance of remove unused functions: time 0.003191/0.5377, allocations: 1.202 MB / 0.6163 GB, free: 9.414 MB / 426.7 MB
Notification: Model statistics after passing the back-end for simulation:
 * Number of independent subsystems: 3
 * Number of states: 4 (P1.place1.t_,P1.place2.t_,P2.place1.t_,P2.place2.t_)
 * Number of discrete variables: 237 ($whenCondition1,P2.place1.enableOut.state128[1],P2.place1.enableOut.state128[2],P2.place1.enableOut.state128[3],P2.place1.enableOut.state128[4],P2.place1.enableOut.arcWeightSum,P2.place1.enableOut.nremTAout,P2.place1.enableOut.nTAout,P2.place1.enableOut.k,P2.place1.enableOut.posTE,P2.place1.enableOut.randNum,P2.place1.enableOut.sumEnablingProbTAout,P2.place1.enableOut.endWhile,P2.place1.enableOut.Index,P2.place1.delayPassedOut.anytrue,P2.place1.delayPassedOut.numtrue,$whenCondition2,P2.place2.enableOut.state128[1],P2.place2.enableOut.state128[2],P2.place2.enableOut.state128[3],P2.place2.enableOut.state128[4],P2.place2.enableOut.arcWeightSum,P2.place2.enableOut.nremTAout,P2.place2.enableOut.nTAout,P2.place2.enableOut.k,P2.place2.enableOut.posTE,P2.place2.enableOut.randNum,P2.place2.enableOut.sumEnablingProbTAout,P2.place2.enableOut.endWhile,P2.place2.enableOut.Index,P2.place2.delayPassedOut.anytrue,P2.place2.delayPassedOut.numtrue,P2.place1.disMarksInOut,P2.place2.disMarksInOut,$cse6[1],$cse6[2],$whenCondition12,$whenCondition11,$whenCondition10,$whenCondition9,$whenCondition3,$whenCondition4,$whenCondition5,$whenCondition6,$whenCondition7,$whenCondition8,P1.outTransition[1,1].tokenInOut,P1.outTransition[1,2].tokenInOut,P1.place1.disMarksInOut,P1.place1.fireIn[1],P1.place1.fireOut[1],P1.place1.enableIn.active[1],P1.place1.enableIn.TEin_[1],P1.place1.enableIn.state128[1],P1.place1.enableIn.state128[2],P1.place1.enableIn.state128[3],P1.place1.enableIn.state128[4],P1.place1.enableIn.TEin[1],P1.place1.enableIn.disTAin[1],P1.place1.enableIn.remTAin[1],P1.place1.enableIn.cumEnablingProb[1],P1.place1.enableIn.arcWeightSum,P1.place1.enableIn.nremTAin,P1.place1.enableIn.nTAin,P1.place1.enableIn.k,P1.place1.enableIn.posTE,P1.place1.enableIn.randNum,P1.place1.enableIn.sumEnablingProbTAin,P1.place1.enableIn.endWhile,P1.place1.enableIn.Index,P1.place1.enableOut.TAout[1],P1.place1.enableOut.TEout_[1],P1.place1.enableOut.state128[1],P1.place1.enableOut.state128[2],P1.place1.enableOut.state128[3],P1.place1.enableOut.state128[4],P1.place1.enableOut.TEout[1],P1.place1.enableOut.disTAout[1],P1.place1.enableOut.remTAout[1],P1.place1.enableOut.cumEnablingProb[1],P1.place1.enableOut.arcWeightSum,P1.place1.enableOut.nremTAout,P1.place1.enableOut.nTAout,P1.place1.enableOut.k,P1.place1.enableOut.posTE,P1.place1.enableOut.randNum,P1.place1.enableOut.sumEnablingProbTAout,P1.place1.enableOut.endWhile,P1.place1.enableOut.Index,P1.place1.delayPassedOut.anytrue,P1.place1.delayPassedOut.numtrue,P1.place1.delayPassedIn.anytrue,P1.place1.delayPassedIn.numtrue,P1.place1.disMarksOut.anytrue,P1.place1.disMarksOut.numtrue,P1.place1.disMarksIn.anytrue,P1.place1.disMarksIn.numtrue,P1.place1.feeding.vec[1],P1.place1.feeding.anytrue,P1.place1.feeding.numtrue,P1.place1.emptying.vec[1],P1.place1.emptying.anytrue,P1.place1.emptying.numtrue,P1.place2.disMarksInOut,P1.place2.fireIn[1],P1.place2.fireOut[1],P1.place2.enableIn.active[1],P1.place2.enableIn.TEin_[1],P1.place2.enableIn.state128[1],P1.place2.enableIn.state128[2],P1.place2.enableIn.state128[3],P1.place2.enableIn.state128[4],P1.place2.enableIn.TEin[1],P1.place2.enableIn.disTAin[1],P1.place2.enableIn.remTAin[1],P1.place2.enableIn.cumEnablingProb[1],P1.place2.enableIn.arcWeightSum,P1.place2.enableIn.nremTAin,P1.place2.enableIn.nTAin,P1.place2.enableIn.k,P1.place2.enableIn.posTE,P1.place2.enableIn.randNum,P1.place2.enableIn.sumEnablingProbTAin,P1.place2.enableIn.endWhile,P1.place2.enableIn.Index,P1.place2.enableOut.TAout[1],P1.place2.enableOut.TEout_[1],P1.place2.enableOut.state128[1],P1.place2.enableOut.state128[2],P1.place2.enableOut.state128[3],P1.place2.enableOut.state128[4],P1.place2.enableOut.TEout[1],P1.place2.enableOut.disTAout[1],P1.place2.enableOut.remTAout[1],P1.place2.enableOut.cumEnablingProb[1],P1.place2.enableOut.arcWeightSum,P1.place2.enableOut.nremTAout,P1.place2.enableOut.nTAout,P1.place2.enableOut.k,P1.place2.enableOut.posTE,P1.place2.enableOut.randNum,P1.place2.enableOut.sumEnablingProbTAout,P1.place2.enableOut.endWhile,P1.place2.enableOut.Index,P1.place2.delayPassedOut.anytrue,P1.place2.delayPassedOut.numtrue,P1.place2.delayPassedIn.anytrue,P1.place2.delayPassedIn.numtrue,P1.place2.disMarksOut.anytrue,P1.place2.disMarksOut.numtrue,P1.place2.disMarksIn.anytrue,P1.place2.disMarksIn.numtrue,P1.place2.feeding.vec[1],P1.place2.feeding.anytrue,P1.place2.feeding.numtrue,P1.place2.emptying.vec[1],P1.place2.emptying.anytrue,P1.place2.emptying.numtrue,P2.place1.fireIn[1],P2.place1.enableIn.active[1],P2.place1.enableIn.TEin_[1],P2.place1.enableIn.state128[1],P2.place1.enableIn.state128[2],P2.place1.enableIn.state128[3],P2.place1.enableIn.state128[4],P2.place1.enableIn.TEin[1],P2.place1.enableIn.disTAin[1],P2.place1.enableIn.remTAin[1],P2.place1.enableIn.cumEnablingProb[1],P2.place1.enableIn.arcWeightSum,P2.place1.enableIn.nremTAin,P2.place1.enableIn.nTAin,P2.place1.enableIn.k,P2.place1.enableIn.posTE,P2.place1.enableIn.randNum,P2.place1.enableIn.sumEnablingProbTAin,P2.place1.enableIn.endWhile,P2.place1.enableIn.Index,P2.place1.delayPassedIn.anytrue,P2.place1.delayPassedIn.numtrue,P2.place1.disMarksOut.anytrue,P2.place1.disMarksOut.numtrue,P2.place1.disMarksIn.anytrue,P2.place1.disMarksIn.numtrue,P2.place1.feeding.vec[1],P2.place1.feeding.anytrue,P2.place1.feeding.numtrue,P2.place1.emptying.anytrue,P2.place1.emptying.numtrue,P2.place2.fireIn[1],P2.place2.enableIn.active[1],P2.place2.enableIn.TEin_[1],P2.place2.enableIn.state128[1],P2.place2.enableIn.state128[2],P2.place2.enableIn.state128[3],P2.place2.enableIn.state128[4],P2.place2.enableIn.TEin[1],P2.place2.enableIn.disTAin[1],P2.place2.enableIn.remTAin[1],P2.place2.enableIn.cumEnablingProb[1],P2.place2.enableIn.arcWeightSum,P2.place2.enableIn.nremTAin,P2.place2.enableIn.nTAin,P2.place2.enableIn.k,P2.place2.enableIn.posTE,P2.place2.enableIn.randNum,P2.place2.enableIn.sumEnablingProbTAin,P2.place2.enableIn.endWhile,P2.place2.enableIn.Index,P2.place2.delayPassedIn.anytrue,P2.place2.delayPassedIn.numtrue,P2.place2.disMarksOut.anytrue,P2.place2.disMarksOut.numtrue,P2.place2.disMarksIn.anytrue,P2.place2.disMarksIn.numtrue,P2.place2.feeding.vec[1],P2.place2.feeding.anytrue,P2.place2.feeding.numtrue,P2.place2.emptying.anytrue,P2.place2.emptying.numtrue,t1.transition_.activation.emptied[1],t1.transition_.activation.emptied[2],t1.transition_.activation.active,t1.transition_.activation.weaklyOutputActiveVec[1],t1.transition_.activation.weaklyOutputActiveVec[2],t1.transition_.activation.NoTokens,t2.transition_.activation.fed[1],t2.transition_.activation.fed[2],t2.transition_.activation.emptied[1],t2.transition_.activation.emptied[2],t2.transition_.activation.active,t2.transition_.activation.weaklyInputActiveVec[1],t2.transition_.activation.weaklyInputActiveVec[2],t2.transition_.activation.weaklyOutputActiveVec[1],t2.transition_.activation.weaklyOutputActiveVec[2],t2.transition_.activation.NoTokens,t2.transition_.fire_)
 * Number of discrete states: 212 (P1.place2.disMarksInOut,P1.place1.disMarksInOut,P2.place2.fireIn[1],P2.place2.disMarksOut.anytrue,P2.place2.disMarksIn.anytrue,P2.place1.fireIn[1],P2.place1.disMarksOut.anytrue,P2.place1.disMarksIn.anytrue,P1.place2.fireIn[1],P1.place2.fireOut[1],P1.place2.disMarksOut.anytrue,P1.place2.disMarksIn.anytrue,P1.place1.fireIn[1],P1.place1.fireOut[1],P1.place1.disMarksOut.anytrue,P1.place1.disMarksIn.anytrue,P2.place2.emptying.numtrue,P2.place2.emptying.anytrue,P2.place2.feeding.numtrue,P2.place2.feeding.anytrue,P2.place2.disMarksIn.numtrue,P2.place2.disMarksOut.numtrue,P2.place2.delayPassedIn.numtrue,P2.place2.delayPassedIn.anytrue,P2.place1.emptying.numtrue,P2.place1.emptying.anytrue,P2.place1.feeding.numtrue,P2.place1.feeding.anytrue,P2.place1.disMarksIn.numtrue,P2.place1.disMarksOut.numtrue,P2.place1.delayPassedIn.numtrue,P2.place1.delayPassedIn.anytrue,P1.place2.emptying.numtrue,P1.place2.emptying.anytrue,P1.place2.feeding.numtrue,P1.place2.feeding.anytrue,P1.place2.disMarksIn.numtrue,P1.place2.disMarksOut.numtrue,P1.place2.delayPassedIn.numtrue,P1.place2.delayPassedIn.anytrue,P1.place2.delayPassedOut.numtrue,P1.place2.delayPassedOut.anytrue,P1.place1.emptying.numtrue,P1.place1.emptying.anytrue,t1.transition_.activation.weaklyOutputActiveVec[2],t1.transition_.activation.weaklyOutputActiveVec[1],t1.transition_.activation.active,t1.transition_.activation.NoTokens,P1.place2.enableIn.TEin_[1],P1.place2.enableIn.posTE,P1.place2.enableIn.k,P1.place2.enableIn.endWhile,P1.place2.enableIn.state128[4],P1.place2.enableIn.state128[3],P1.place2.enableIn.state128[2],P1.place2.enableIn.state128[1],P1.place2.enableIn.randNum,P1.place2.enableIn.cumEnablingProb[1],P1.place2.enableIn.sumEnablingProbTAin,P1.place2.enableIn.nTAin,P1.place2.enableIn.nremTAin,P1.place2.enableIn.remTAin[1],P1.place2.enableIn.Index,P1.place2.enableIn.arcWeightSum,P1.place2.enableIn.disTAin[1],$whenCondition5,P1.place2.enableIn.TEin[1],P1.place1.feeding.numtrue,P1.place1.feeding.anytrue,t2.transition_.activation.weaklyOutputActiveVec[2],t2.transition_.activation.weaklyOutputActiveVec[1],t2.transition_.activation.weaklyInputActiveVec[2],t2.transition_.activation.weaklyInputActiveVec[1],t2.transition_.activation.active,t2.transition_.activation.NoTokens,P2.place2.enableIn.TEin_[1],P2.place2.enableIn.posTE,P2.place2.enableIn.k,P2.place2.enableIn.endWhile,P2.place2.enableIn.state128[4],P2.place2.enableIn.state128[3],P2.place2.enableIn.state128[2],P2.place2.enableIn.state128[1],P2.place2.enableIn.randNum,P2.place2.enableIn.cumEnablingProb[1],P2.place2.enableIn.sumEnablingProbTAin,P2.place2.enableIn.nTAin,P2.place2.enableIn.nremTAin,P2.place2.enableIn.remTAin[1],P2.place2.enableIn.Index,P2.place2.enableIn.arcWeightSum,P2.place2.enableIn.disTAin[1],$whenCondition8,P2.place2.enableIn.TEin[1],P2.place1.enableIn.TEin_[1],P2.place1.enableIn.posTE,P2.place1.enableIn.k,P2.place1.enableIn.endWhile,P2.place1.enableIn.state128[4],P2.place1.enableIn.state128[3],P2.place1.enableIn.state128[2],P2.place1.enableIn.state128[1],P2.place1.enableIn.randNum,P2.place1.enableIn.cumEnablingProb[1],P2.place1.enableIn.sumEnablingProbTAin,P2.place1.enableIn.nTAin,P2.place1.enableIn.nremTAin,P2.place1.enableIn.remTAin[1],P2.place1.enableIn.Index,P2.place1.enableIn.arcWeightSum,P2.place1.enableIn.disTAin[1],$whenCondition7,P2.place1.enableIn.TEin[1],P1.place2.enableOut.TEout_[1],P1.place2.enableOut.posTE,P1.place2.enableOut.k,P1.place2.enableOut.endWhile,P1.place2.enableOut.state128[4],P1.place2.enableOut.state128[3],P1.place2.enableOut.state128[2],P1.place2.enableOut.state128[1],P1.place2.enableOut.randNum,P1.place2.enableOut.cumEnablingProb[1],P1.place2.enableOut.sumEnablingProbTAout,P1.place2.enableOut.nTAout,P1.place2.enableOut.nremTAout,P1.place2.enableOut.remTAout[1],P1.place2.enableOut.Index,P1.place2.enableOut.arcWeightSum,P1.place2.enableOut.disTAout[1],$whenCondition6,P1.place2.enableOut.TEout[1],P1.place1.disMarksIn.numtrue,P1.place1.disMarksOut.numtrue,P1.place1.delayPassedIn.numtrue,P1.place1.delayPassedIn.anytrue,P1.place1.delayPassedOut.numtrue,P1.place1.delayPassedOut.anytrue,P1.place1.enableOut.TEout_[1],P1.place1.enableOut.posTE,P1.place1.enableOut.k,P1.place1.enableOut.endWhile,P1.place1.enableOut.state128[4],P1.place1.enableOut.state128[3],P1.place1.enableOut.state128[2],P1.place1.enableOut.state128[1],P1.place1.enableOut.randNum,P1.place1.enableOut.cumEnablingProb[1],P1.place1.enableOut.sumEnablingProbTAout,P1.place1.enableOut.nTAout,P1.place1.enableOut.nremTAout,P1.place1.enableOut.remTAout[1],P1.place1.enableOut.Index,P1.place1.enableOut.arcWeightSum,P1.place1.enableOut.disTAout[1],$whenCondition4,P1.place1.enableOut.TEout[1],P1.place1.enableIn.TEin_[1],P1.place1.enableIn.posTE,P1.place1.enableIn.k,P1.place1.enableIn.endWhile,P1.place1.enableIn.state128[4],P1.place1.enableIn.state128[3],P1.place1.enableIn.state128[2],P1.place1.enableIn.state128[1],P1.place1.enableIn.randNum,P1.place1.enableIn.cumEnablingProb[1],P1.place1.enableIn.sumEnablingProbTAin,P1.place1.enableIn.nTAin,P1.place1.enableIn.nremTAin,P1.place1.enableIn.remTAin[1],P1.place1.enableIn.Index,P1.place1.enableIn.arcWeightSum,P1.place1.enableIn.disTAin[1],$whenCondition3,P1.place1.enableIn.TEin[1],P2.place2.disMarkChange,P2.place1.disMarkChange,P1.place2.disMarkChange,P1.place1.disMarkChange,P2.place2.delayPassedOut.numtrue,P2.place2.delayPassedOut.anytrue,P2.place2.enableOut.Index,P2.place2.enableOut.endWhile,P2.place2.enableOut.sumEnablingProbTAout,P2.place2.enableOut.state128[4],P2.place2.enableOut.state128[3],P2.place2.enableOut.state128[2],P2.place2.enableOut.state128[1],P2.place2.enableOut.randNum,P2.place2.enableOut.posTE,P2.place2.enableOut.k,P2.place2.enableOut.nTAout,P2.place2.enableOut.nremTAout,P2.place2.enableOut.arcWeightSum,$whenCondition2,P2.place1.delayPassedOut.numtrue,P2.place1.delayPassedOut.anytrue,P2.place1.enableOut.Index,P2.place1.enableOut.endWhile,P2.place1.enableOut.sumEnablingProbTAout,P2.place1.enableOut.state128[4],P2.place1.enableOut.state128[3],P2.place1.enableOut.state128[2],P2.place1.enableOut.state128[1],P2.place1.enableOut.randNum,P2.place1.enableOut.posTE,P2.place1.enableOut.k,P2.place1.enableOut.nTAout,P2.place1.enableOut.nremTAout,P2.place1.enableOut.arcWeightSum,$whenCondition1)
 * Number of clocked states: 0 ()
 * Top-level inputs: 0
Notification: Strong component statistics for simulation (120):
 * Single equations (assignments): 84
 * Array equations: 1
 * Algorithm blocks: 34
 * Record equations: 0
 * When equations: 0
 * If-equations: 0
 * Equation systems (not torn): 0
 * Torn equation systems: 1
 * Mixed (continuous/discrete) equation systems: 0
Notification: Torn system details for strict tearing set:
 * Linear torn systems (#iteration vars, #inner vars, density): 0 systems
 * Non-linear torn systems (#iteration vars, #inner vars): 1 system
   {(3,21)}
Notification: Performance of Backend phase and start with SimCode phase: time 0.001346/0.5391, allocations: 0.8536 MB / 0.6171 GB, free: 8.566 MB / 426.7 MB
Notification: Performance of simCode: created initialization part: time 0.01165/0.5508, allocations: 9.855 MB / 0.6267 GB, free: 14.18 MB / 442.7 MB
Notification: Performance of simCode: created event and clocks part: time 4.238e-06/0.5508, allocations: 4.938 kB / 0.6267 GB, free: 14.17 MB / 442.7 MB
Notification: Performance of simCode: created simulation system equations: time 0.0101/0.5609, allocations: 12.27 MB / 0.6387 GB, free: 1.469 MB / 442.7 MB
Notification: Performance of simCode: created of all other equations (e.g. parameter, nominal, assert, etc): time 0.001563/0.5625, allocations: 379.1 kB / 0.6391 GB, free: 1.102 MB / 442.7 MB
Notification: Performance of simCode: created linear, non-linear and system jacobian parts: time 0.01401/0.5765, allocations: 8.945 MB / 0.6478 GB, free: 8.145 MB / 458.7 MB
Notification: Performance of simCode: some other stuff during SimCode phase: time 0.001968/0.5785, allocations: 2.342 MB / 0.6501 GB, free: 5.773 MB / 458.7 MB
Notification: Performance of simCode: alias equations: time 0.001257/0.5798, allocations: 0.5276 MB / 0.6506 GB, free: 5.242 MB / 458.7 MB
Notification: Performance of simCode: all other stuff during SimCode phase: time 0.0002915/0.5801, allocations: 139.4 kB / 0.6507 GB, free: 5.105 MB / 458.7 MB
Notification: Performance of SimCode: time 5.21e-07/0.5801, allocations: 0 / 0.6507 GB, free: 5.105 MB / 458.7 MB
Notification: Performance of Templates: time 0.2715/0.8516, allocations: 51.5 MB / 0.701 GB, free: 141.4 MB / 474.7 MB
make -j1 -f PNlib_2.2_PNlib.Examples.Models.BicoloredPlaces.Aquarium.makefile
(rm -f PNlib_2.2_PNlib.Examples.Models.BicoloredPlaces.Aquarium.pipe ; mkfifo PNlib_2.2_PNlib.Examples.Models.BicoloredPlaces.Aquarium.pipe ; head -c 1048576 < PNlib_2.2_PNlib.Examples.Models.BicoloredPlaces.Aquarium.pipe >> ../files/PNlib_2.2_PNlib.Examples.Models.BicoloredPlaces.Aquarium.sim & ./PNlib_2.2_PNlib.Examples.Models.BicoloredPlaces.Aquarium  -abortSlowSimulation -alarm=480  -emit_protected -lv LOG_STATS > PNlib_2.2_PNlib.Examples.Models.BicoloredPlaces.Aquarium.pipe 2>&1)
diffSimulationResults("PNlib_2.2_PNlib.Examples.Models.BicoloredPlaces.Aquarium_res.mat","/home/runner/work/PNlib/PNlib/ReferenceFiles/PNlib.Examples.Models.BicoloredPlaces.Aquarium.mat","../files/PNlib_2.2_PNlib.Examples.Models.BicoloredPlaces.Aquarium.diff",relTol=0.003,relTolDiffMinMax=0.003,rangeDelta=0.001)
Reference file matches
