Running: ./testmodel.py --libraries=/home/runner/.openmodelica/libraries/ --ompython_omhome= PNlib_2.2_PNlib.Examples.ConTest.ZeroArcWeight.conf.json
loadFile("/home/runner/.openmodelica/libraries/ModelicaServices 4.0.0+maint.om/package.mo", uses=false)
loadFile("/home/runner/.openmodelica/libraries/Complex 4.0.0+maint.om/package.mo", uses=false)
loadFile("/home/runner/.openmodelica/libraries/Modelica 4.0.0+maint.om/package.mo", uses=false)
loadFile("/home/runner/work/PNlib/PNlib/PNlib/package.mo", uses=false)
Using package PNlib with version 2.2 (/home/runner/work/PNlib/PNlib/PNlib/package.mo)
Using package Modelica with version 4.0.0 (/home/runner/.openmodelica/libraries/Modelica 4.0.0+maint.om/package.mo)
Using package Complex with version 4.0.0 (/home/runner/.openmodelica/libraries/Complex 4.0.0+maint.om/package.mo)
Using package ModelicaServices with version 4.0.0 (/home/runner/.openmodelica/libraries/ModelicaServices 4.0.0+maint.om/package.mo)
Running command: translateModel(PNlib.Examples.ConTest.ZeroArcWeight,tolerance=1e-06,outputFormat="mat",numberOfIntervals=5000,variableFilter="P1.t|P2.t|P3.t|T1.fire|T1.instantaneousSpeed|T1.maximumSpeed|time",fileNamePrefix="PNlib_2.2_PNlib.Examples.ConTest.ZeroArcWeight")
translateModel(PNlib.Examples.ConTest.ZeroArcWeight,tolerance=1e-06,outputFormat="mat",numberOfIntervals=5000,variableFilter="P1.t|P2.t|P3.t|T1.fire|T1.instantaneousSpeed|T1.maximumSpeed|time",fileNamePrefix="PNlib_2.2_PNlib.Examples.ConTest.ZeroArcWeight")
Notification: Performance of loadFile(/home/runner/.openmodelica/libraries/ModelicaServices 4.0.0+maint.om/package.mo): time 0.001008/0.001008, allocations: 96.17 kB / 15.67 MB, free: 5.305 MB / 13.93 MB
Notification: Performance of loadFile(/home/runner/.openmodelica/libraries/Complex 4.0.0+maint.om/package.mo): time 0.001025/0.001025, allocations: 180 kB / 16.59 MB, free: 4.531 MB / 13.93 MB
Notification: Performance of loadFile(/home/runner/.openmodelica/libraries/Modelica 4.0.0+maint.om/package.mo): time 1.651/1.651, allocations: 222.1 MB / 239.5 MB, free: 11 MB / 202.7 MB
Notification: Performance of loadFile(/home/runner/work/PNlib/PNlib/PNlib/package.mo): time 0.09529/0.09529, allocations: 16.58 MB / 306.3 MB, free: 10.47 MB / 250.7 MB
Notification: Performance of FrontEnd - loaded program: time 0.0004712/0.0004712, allocations: 12.88 kB / 371.4 MB, free: 45.42 MB / 298.7 MB
Notification: Performance of FrontEnd - Absyn->SCode: time 0.07967/0.08016, allocations: 53.47 MB / 424.8 MB, free: 5.25 MB / 298.7 MB
Notification: Performance of NFInst.instantiate(PNlib.Examples.ConTest.ZeroArcWeight): time 0.003903/0.08409, allocations: 3.412 MB / 428.2 MB, free: 1.824 MB / 298.7 MB
Notification: Performance of NFInst.instExpressions: time 0.005057/0.08917, allocations: 2.855 MB / 431.1 MB, free: 14.97 MB / 314.7 MB
Notification: Performance of NFInst.updateImplicitVariability: time 0.0005543/0.08977, allocations: 19.94 kB / 431.1 MB, free: 14.95 MB / 314.7 MB
Notification: Performance of NFTyping.typeComponents: time 0.0006565/0.09043, allocations: 285.7 kB / 431.4 MB, free: 14.67 MB / 314.7 MB
Notification: Performance of NFTyping.typeBindings: time 0.0009151/0.09139, allocations: 281.8 kB / 431.7 MB, free: 14.39 MB / 314.7 MB
Notification: Performance of NFTyping.typeClassSections: time 0.002717/0.09412, allocations: 1.36 MB / 433 MB, free: 13.03 MB / 314.7 MB
Notification: Performance of NFFlatten.flatten: time 0.00294/0.09707, allocations: 3.652 MB / 436.7 MB, free: 9.375 MB / 314.7 MB
Notification: Performance of NFFlatten.resolveConnections: time 0.000473/0.09756, allocations: 420.5 kB / 437.1 MB, free: 8.945 MB / 314.7 MB
Notification: Performance of NFEvalConstants.evaluate: time 0.001095/0.09867, allocations: 1.332 MB / 438.4 MB, free: 7.609 MB / 314.7 MB
Notification: Performance of NFSimplifyModel.simplify: time 0.0008361/0.09952, allocations: 0.9137 MB / 439.3 MB, free: 6.691 MB / 314.7 MB
Notification: Performance of NFPackage.collectConstants: time 0.0002746/0.09981, allocations: 224 kB / 439.6 MB, free: 6.473 MB / 314.7 MB
Notification: Performance of NFFlatten.collectFunctions: time 0.0009985/0.1008, allocations: 0.6205 MB / 440.2 MB, free: 5.852 MB / 314.7 MB
Notification: Performance of NFScalarize.scalarize: time 0.0003277/0.1012, allocations: 438.5 kB / 440.6 MB, free: 5.422 MB / 314.7 MB
Notification: Performance of NFVerifyModel.verify: time 0.0007529/0.1019, allocations: 0.9955 MB / 441.6 MB, free: 4.422 MB / 314.7 MB
Notification: Performance of NFConvertDAE.convert: time 0.002276/0.1042, allocations: 2.551 MB / 444.2 MB, free: 1.863 MB / 314.7 MB
Notification: Performance of FrontEnd - DAE generated: time 4.829e-06/0.1042, allocations: 0 / 444.2 MB, free: 1.863 MB / 314.7 MB
Notification: Performance of FrontEnd: time 1.894e-06/0.1042, allocations: 0 / 444.2 MB, free: 1.863 MB / 314.7 MB
Notification: Performance of Transformations before backend: time 1.702e-05/0.1043, allocations: 4 kB / 444.2 MB, free: 1.859 MB / 314.7 MB
Notification: Model statistics after passing the front-end and creating the data structures used by the back-end:
 * Number of equations: 495
 * Number of variables: 495
Notification: Performance of Generate backend data structure: time 0.003882/0.1081, allocations: 2.905 MB / 447.1 MB, free: 14.71 MB / 330.7 MB
Notification: Performance of prepare preOptimizeDAE: time 4.092e-05/0.1082, allocations: 8.031 kB / 447.1 MB, free: 14.7 MB / 330.7 MB
Notification: Performance of preOpt normalInlineFunction (simulation): time 0.002092/0.1103, allocations: 390.5 kB / 447.5 MB, free: 14.32 MB / 330.7 MB
Notification: Performance of preOpt evaluateParameters (simulation): time 0.001227/0.1115, allocations: 0.8489 MB / 448.3 MB, free: 13.43 MB / 330.7 MB
Notification: Performance of preOpt simplifyIfEquations (simulation): time 0.0004478/0.112, allocations: 410.2 kB / 448.7 MB, free: 12.97 MB / 330.7 MB
Notification: Performance of preOpt expandDerOperator (simulation): time 0.0003095/0.1123, allocations: 208 kB / 448.9 MB, free: 12.77 MB / 330.7 MB
Notification: Performance of preOpt clockPartitioning (simulation): time 0.005108/0.1174, allocations: 3.487 MB / 452.4 MB, free: 9.156 MB / 330.7 MB
Notification: Performance of preOpt findStateOrder (simulation): time 4.273e-05/0.1175, allocations: 11.84 kB / 452.4 MB, free: 9.145 MB / 330.7 MB
Notification: Performance of preOpt replaceEdgeChange (simulation): time 0.0004239/0.1179, allocations: 99.97 kB / 452.5 MB, free: 9.047 MB / 330.7 MB
Notification: Performance of preOpt inlineArrayEqn (simulation): time 0.0002468/0.1182, allocations: 166.7 kB / 452.7 MB, free: 8.883 MB / 330.7 MB
Notification: Performance of preOpt removeEqualRHS (simulation): time 0.004379/0.1226, allocations: 2.517 MB / 455.2 MB, free: 6.359 MB / 330.7 MB
Notification: Performance of preOpt removeSimpleEquations (simulation): time 0.009177/0.1318, allocations: 7.052 MB / 462.2 MB, free: 15.09 MB / 346.7 MB
Notification: Performance of preOpt comSubExp (simulation): time 0.003907/0.1357, allocations: 3.275 MB / 465.5 MB, free: 11.78 MB / 346.7 MB
Notification: Performance of preOpt resolveLoops (simulation): time 0.003117/0.1388, allocations: 3.033 MB / 468.5 MB, free: 8.73 MB / 346.7 MB
Notification: Performance of preOpt evalFunc (simulation): time 0.005626/0.1445, allocations: 8.388 MB / 476.9 MB, free: 14.51 MB / 362.7 MB
Notification: Performance of preOpt encapsulateWhenConditions (simulation): time 0.003114/0.1476, allocations: 2.013 MB / 478.9 MB, free: 12.43 MB / 362.7 MB
Notification: Performance of pre-optimization done (n=194): time 3.587e-06/0.1476, allocations: 4 kB / 478.9 MB, free: 12.43 MB / 362.7 MB
Notification: Performance of matching and sorting (n=194): time 0.0108/0.1585, allocations: 6.128 MB / 485.1 MB, free: 6.129 MB / 362.7 MB
Notification: Performance of inlineWhenForInitialization (initialization): time 0.0006112/0.1591, allocations: 1.451 MB / 486.5 MB, free: 4.398 MB / 362.7 MB
Notification: Performance of selectInitializationVariablesDAE (initialization): time 0.0008771/0.16, allocations: 0.8349 MB / 487.4 MB, free: 3.551 MB / 362.7 MB
Notification: Performance of collectPreVariables (initialization): time 0.0001948/0.1602, allocations: 129.7 kB / 487.5 MB, free: 3.418 MB / 362.7 MB
Notification: Performance of collectInitialEqns (initialization): time 0.0005237/0.1607, allocations: 0.5896 MB / 488.1 MB, free: 2.816 MB / 362.7 MB
Notification: Performance of collectInitialBindings (initialization): time 0.0003557/0.1611, allocations: 0.4979 MB / 488.6 MB, free: 2.312 MB / 362.7 MB
Notification: Performance of simplifyInitialFunctions (initialization): time 0.0007904/0.1619, allocations: 0.5762 MB / 489.1 MB, free: 1.727 MB / 362.7 MB
Notification: Performance of setup shared object (initialization): time 6.14e-05/0.162, allocations: 341.9 kB / 489.5 MB, free: 1.387 MB / 362.7 MB
Notification: Performance of preBalanceInitialSystem (initialization): time 0.002522/0.1645, allocations: 1.157 MB / 490.6 MB, free: 232 kB / 362.7 MB
Notification: Performance of partitionIndependentBlocks (initialization): time 0.004978/0.1695, allocations: 2.143 MB / 492.8 MB, free: 13.63 MB / 378.7 MB
Notification: Performance of analyzeInitialSystem (initialization): time 0.007824/0.1773, allocations: 4.821 MB / 497.6 MB, free: 8.062 MB / 378.7 MB
Notification: Performance of solveInitialSystemEqSystem (initialization): time 3.257e-05/0.1774, allocations: 8 kB / 497.6 MB, free: 8.055 MB / 378.7 MB
Notification: Performance of matching and sorting (n=378) (initialization): time 0.01081/0.1882, allocations: 4.613 MB / 0.4905 GB, free: 3.246 MB / 378.7 MB
Notification: Performance of prepare postOptimizeDAE: time 0.0005443/0.1888, allocations: 0.9888 MB / 0.4914 GB, free: 2.066 MB / 378.7 MB
Notification: Performance of postOpt simplifyComplexFunction (initialization): time 0.004843/0.1937, allocations: 1.984 MB / 0.4934 GB, free: 4 kB / 378.7 MB
Notification: Performance of postOpt tearingSystem (initialization): time 0.226/0.4197, allocations: 205.2 kB / 0.4936 GB, free: 74.33 MB / 378.7 MB
Notification: Performance of postOpt solveSimpleEquations (initialization): time 0.002153/0.4219, allocations: 317 kB / 0.4939 GB, free: 74.33 MB / 378.7 MB
Notification: Performance of postOpt calculateStrongComponentJacobians (initialization): time 0.001105/0.423, allocations: 0.731 MB / 0.4946 GB, free: 73.82 MB / 378.7 MB
Notification: Performance of postOpt simplifyAllExpressions (initialization): time 0.00298/0.426, allocations: 330.8 kB / 0.4949 GB, free: 73.81 MB / 378.7 MB
Notification: Performance of postOpt collapseArrayExpressions (initialization): time 0.0004614/0.4265, allocations: 155.6 kB / 0.495 GB, free: 73.81 MB / 378.7 MB
Warning: Assuming fixed start value for the following 54 variables:
         P3.enableOut.Index:DISCRETE(fixed = true protected = true )  type: Integer
         P3.enableOut.endWhile:DISCRETE(fixed = true protected = true )  type: Boolean
         P3.enableOut.sumEnablingProbTAout:DISCRETE(fixed = true protected = true )  "sum of the enabling probabilities of the active output transitions" type: Real
         P3.enableOut.posTE:DISCRETE(fixed = true protected = true )  "possible enabled transition" type: Integer
         P3.enableOut.k:DISCRETE(fixed = true protected = true )  "iteration index" type: Integer
         P3.enableOut.nTAout:DISCRETE(fixed = true protected = true )  "number of active output transitions" type: Integer
         P3.enableOut.nremTAout:DISCRETE(fixed = true protected = true )  "number of remaining active output transitions" type: Integer
         P3.enableOut.arcWeightSum:DISCRETE(fixed = true protected = true )  "arc weight sum" type: Real
         P3.enableIn.posTE:DISCRETE(fixed = true protected = true )  "possible enabled transition" type: Integer
         P3.enableIn.k:DISCRETE(fixed = true protected = true )  "iteration index" type: Integer
         P3.enableIn.endWhile:DISCRETE(fixed = true protected = true )  type: Boolean
         P3.enableIn.sumEnablingProbTAin:DISCRETE(fixed = true protected = true )  "sum of the enabling probabilities of the active input transitions" type: Real
         P3.enableIn.nTAin:DISCRETE(fixed = true protected = true )  "number ofactive input transitions" type: Integer
         P3.enableIn.nremTAin:DISCRETE(fixed = true protected = true )  "number of remaining active input transitions" type: Integer
         P3.enableIn.Index:DISCRETE(fixed = true protected = true )  "priority Index" type: Integer
         P3.enableIn.arcWeightSum:DISCRETE(fixed = true protected = true )  "arc weight sum" type: Real
         P2.enableOut.posTE:DISCRETE(fixed = true protected = true )  "possible enabled transition" type: Integer
         P2.enableOut.k:DISCRETE(fixed = true protected = true )  "iteration index" type: Integer
         P2.enableOut.endWhile:DISCRETE(fixed = true protected = true )  type: Boolean
         P2.enableOut.sumEnablingProbTAout:DISCRETE(fixed = true protected = true )  "sum of the enabling probabilities of the active output transitions" type: Real
         P2.enableOut.nTAout:DISCRETE(fixed = true protected = true )  "number of active output transitions" type: Integer
         P2.enableOut.nremTAout:DISCRETE(fixed = true protected = true )  "number of remaining active output transitions" type: Integer
         P2.enableOut.Index:DISCRETE(fixed = true protected = true )  type: Integer
         P2.enableOut.arcWeightSum:DISCRETE(fixed = true protected = true )  "arc weight sum" type: Real
         P1.enableOut.posTE:DISCRETE(fixed = true protected = true )  "possible enabled transition" type: Integer
         P1.enableOut.k:DISCRETE(fixed = true protected = true )  "iteration index" type: Integer
         P1.enableOut.endWhile:DISCRETE(fixed = true protected = true )  type: Boolean
         P1.enableOut.sumEnablingProbTAout:DISCRETE(fixed = true protected = true )  "sum of the enabling probabilities of the active output transitions" type: Real
         P1.enableOut.nTAout:DISCRETE(fixed = true protected = true )  "number of active output transitions" type: Integer
         P1.enableOut.nremTAout:DISCRETE(fixed = true protected = true )  "number of remaining active output transitions" type: Integer
         P1.enableOut.Index:DISCRETE(fixed = true protected = true )  type: Integer
         P1.enableOut.arcWeightSum:DISCRETE(fixed = true protected = true )  "arc weight sum" type: Real
         P3.disMarksIn.anytrue:DISCRETE(fixed = true protected = true )  type: Boolean
         P3.disMarksOut.anytrue:DISCRETE(fixed = true protected = true )  type: Boolean
         P2.disMarksIn.anytrue:DISCRETE(fixed = true protected = true )  type: Boolean
         P2.disMarksOut.anytrue:DISCRETE(fixed = true protected = true )  type: Boolean
         P1.disMarksIn.anytrue:DISCRETE(fixed = true protected = true )  type: Boolean
         P1.disMarksOut.anytrue:DISCRETE(fixed = true protected = true )  type: Boolean
         P2.enableIn.Index:DISCRETE(fixed = true protected = true )  "priority Index" type: Integer
         P2.enableIn.endWhile:DISCRETE(fixed = true protected = true )  type: Boolean
         P2.enableIn.sumEnablingProbTAin:DISCRETE(fixed = true protected = true )  "sum of the enabling probabilities of the active input transitions" type: Real
         P2.enableIn.posTE:DISCRETE(fixed = true protected = true )  "possible enabled transition" type: Integer
         P2.enableIn.k:DISCRETE(fixed = true protected = true )  "iteration index" type: Integer
         P2.enableIn.nTAin:DISCRETE(fixed = true protected = true )  "number ofactive input transitions" type: Integer
         P2.enableIn.nremTAin:DISCRETE(fixed = true protected = true )  "number of remaining active input transitions" type: Integer
         P2.enableIn.arcWeightSum:DISCRETE(fixed = true protected = true )  "arc weight sum" type: Real
         P1.enableIn.Index:DISCRETE(fixed = true protected = true )  "priority Index" type: Integer
         P1.enableIn.endWhile:DISCRETE(fixed = true protected = true )  type: Boolean
         P1.enableIn.sumEnablingProbTAin:DISCRETE(fixed = true protected = true )  "sum of the enabling probabilities of the active input transitions" type: Real
         P1.enableIn.posTE:DISCRETE(fixed = true protected = true )  "possible enabled transition" type: Integer
         P1.enableIn.k:DISCRETE(fixed = true protected = true )  "iteration index" type: Integer
         P1.enableIn.nTAin:DISCRETE(fixed = true protected = true )  "number ofactive input transitions" type: Integer
         P1.enableIn.nremTAin:DISCRETE(fixed = true protected = true )  "number of remaining active input transitions" type: Integer
         P1.enableIn.arcWeightSum:DISCRETE(fixed = true protected = true )  "arc weight sum" type: Real
Notification: Model statistics after passing the back-end for initialization:
 * Number of independent subsystems: 134
 * Number of states: 0 ()
 * Number of discrete variables: 309 ($PRE.P3.enableOut.Index,P3.enableOut.Index,$PRE.P3.enableOut.endWhile,P3.enableOut.endWhile,$PRE.P3.enableOut.sumEnablingProbTAout,P3.enableOut.sumEnablingProbTAout,P3.enableOut.randNum,$PRE.P3.enableOut.randNum,P3.enableOut.state128[4],$PRE.P3.enableOut.state128[4],P3.enableOut.state128[3],$PRE.P3.enableOut.state128[3],P3.enableOut.state128[2],$PRE.P3.enableOut.state128[2],P3.enableOut.state128[1],$PRE.P3.enableOut.state128[1],$PRE.P3.enableOut.posTE,P3.enableOut.posTE,$PRE.P3.enableOut.k,P3.enableOut.k,$PRE.P3.enableOut.nTAout,P3.enableOut.nTAout,$PRE.P3.enableOut.nremTAout,P3.enableOut.nremTAout,$PRE.P3.enableOut.arcWeightSum,P3.enableOut.arcWeightSum,P3.delayPassedOut.numtrue,P3.delayPassedOut.anytrue,$whenCondition9,$PRE.P3.enableIn.posTE,P3.enableIn.posTE,$PRE.P3.enableIn.k,P3.enableIn.k,$PRE.P3.enableIn.endWhile,P3.enableIn.endWhile,P3.enableIn.randNum,$PRE.P3.enableIn.randNum,P3.enableIn.state128[4],$PRE.P3.enableIn.state128[4],P3.enableIn.state128[3],$PRE.P3.enableIn.state128[3],P3.enableIn.state128[2],$PRE.P3.enableIn.state128[2],P3.enableIn.state128[1],$PRE.P3.enableIn.state128[1],P3.enableIn.cumEnablingProb[1],$PRE.P3.enableIn.cumEnablingProb[1],$PRE.P3.enableIn.sumEnablingProbTAin,P3.enableIn.sumEnablingProbTAin,$PRE.P3.enableIn.nTAin,P3.enableIn.nTAin,$PRE.P3.enableIn.nremTAin,P3.enableIn.nremTAin,P3.enableIn.remTAin[1],$PRE.P3.enableIn.remTAin[1],$PRE.P3.enableIn.Index,P3.enableIn.Index,$PRE.P3.enableIn.arcWeightSum,P3.enableIn.arcWeightSum,P3.enableIn.disTAin[1],$PRE.P3.enableIn.disTAin[1],$PRE.P2.enableOut.posTE,P2.enableOut.posTE,$PRE.P2.enableOut.k,P2.enableOut.k,$PRE.P2.enableOut.endWhile,P2.enableOut.endWhile,P2.enableOut.randNum,$PRE.P2.enableOut.randNum,P2.enableOut.state128[4],$PRE.P2.enableOut.state128[4],P2.enableOut.state128[3],$PRE.P2.enableOut.state128[3],P2.enableOut.state128[2],$PRE.P2.enableOut.state128[2],P2.enableOut.state128[1],$PRE.P2.enableOut.state128[1],P2.enableOut.cumEnablingProb[1],$PRE.P2.enableOut.cumEnablingProb[1],$PRE.P2.enableOut.sumEnablingProbTAout,P2.enableOut.sumEnablingProbTAout,$PRE.P2.enableOut.nTAout,P2.enableOut.nTAout,$PRE.P2.enableOut.nremTAout,P2.enableOut.nremTAout,P2.enableOut.remTAout[1],$PRE.P2.enableOut.remTAout[1],$PRE.P2.enableOut.Index,P2.enableOut.Index,$PRE.P2.enableOut.arcWeightSum,P2.enableOut.arcWeightSum,P2.enableOut.disTAout[1],$PRE.P2.enableOut.disTAout[1],$PRE.P1.enableOut.posTE,P1.enableOut.posTE,$PRE.P1.enableOut.k,P1.enableOut.k,$PRE.P1.enableOut.endWhile,P1.enableOut.endWhile,P1.enableOut.randNum,$PRE.P1.enableOut.randNum,P1.enableOut.state128[4],$PRE.P1.enableOut.state128[4],P1.enableOut.state128[3],$PRE.P1.enableOut.state128[3],P1.enableOut.state128[2],$PRE.P1.enableOut.state128[2],P1.enableOut.state128[1],$PRE.P1.enableOut.state128[1],P1.enableOut.cumEnablingProb[1],$PRE.P1.enableOut.cumEnablingProb[1],$PRE.P1.enableOut.sumEnablingProbTAout,P1.enableOut.sumEnablingProbTAout,$PRE.P1.enableOut.nTAout,P1.enableOut.nTAout,$PRE.P1.enableOut.nremTAout,P1.enableOut.nremTAout,P1.enableOut.remTAout[1],$PRE.P1.enableOut.remTAout[1],$PRE.P1.enableOut.Index,P1.enableOut.Index,$PRE.P1.enableOut.arcWeightSum,P1.enableOut.arcWeightSum,P1.enableOut.disTAout[1],$PRE.P1.enableOut.disTAout[1],$PRE.P2.disMarksInOut,P2.outTransition[1].tokenInOut,$PRE.P1.disMarksInOut,P1.outTransition[1].tokenInOut,$PRE.P3.disMarksIn.anytrue,$PRE.P3.disMarksOut.anytrue,P3.disMarksInOut,$whenCondition8,$PRE.P2.disMarksIn.anytrue,$PRE.P2.disMarksOut.anytrue,P2.disMarksInOut,$whenCondition7,$PRE.P1.disMarksIn.anytrue,$PRE.P1.disMarksOut.anytrue,P1.disMarksInOut,$whenCondition6,P3.disMarksOut.numtrue,P3.disMarksOut.anytrue,P2.disMarksIn.numtrue,P2.disMarksIn.anytrue,P1.emptying.numtrue,P1.emptying.anytrue,P1.emptying.vec[1],$PRE.P1.fireOut[1],P1.disMarksIn.numtrue,P1.disMarksIn.anytrue,$PRE.P2.enableIn.Index,P2.enableIn.Index,$PRE.P2.enableIn.endWhile,P2.enableIn.endWhile,$PRE.P2.enableIn.sumEnablingProbTAin,P2.enableIn.sumEnablingProbTAin,P2.enableIn.randNum,$PRE.P2.enableIn.randNum,P2.enableIn.state128[4],$PRE.P2.enableIn.state128[4],P2.enableIn.state128[3],$PRE.P2.enableIn.state128[3],P2.enableIn.state128[2],$PRE.P2.enableIn.state128[2],P2.enableIn.state128[1],$PRE.P2.enableIn.state128[1],$PRE.P2.enableIn.posTE,P2.enableIn.posTE,$PRE.P2.enableIn.k,P2.enableIn.k,$PRE.P2.enableIn.nTAin,P2.enableIn.nTAin,$PRE.P2.enableIn.nremTAin,P2.enableIn.nremTAin,$PRE.P2.enableIn.arcWeightSum,P2.enableIn.arcWeightSum,P2.delayPassedIn.numtrue,P2.delayPassedIn.anytrue,$whenCondition2,$PRE.P1.enableIn.Index,P1.enableIn.Index,$PRE.P1.enableIn.endWhile,P1.enableIn.endWhile,$PRE.P1.enableIn.sumEnablingProbTAin,P1.enableIn.sumEnablingProbTAin,P1.enableIn.randNum,$PRE.P1.enableIn.randNum,P1.enableIn.state128[4],$PRE.P1.enableIn.state128[4],P1.enableIn.state128[3],$PRE.P1.enableIn.state128[3],P1.enableIn.state128[2],$PRE.P1.enableIn.state128[2],P1.enableIn.state128[1],$PRE.P1.enableIn.state128[1],$PRE.P1.enableIn.posTE,P1.enableIn.posTE,$PRE.P1.enableIn.k,P1.enableIn.k,$PRE.P1.enableIn.nTAin,P1.enableIn.nTAin,$PRE.P1.enableIn.nremTAin,P1.enableIn.nremTAin,$PRE.P1.enableIn.arcWeightSum,P1.enableIn.arcWeightSum,P1.delayPassedIn.numtrue,P1.delayPassedIn.anytrue,$whenCondition1,P3.inTransition[1].disPlace,P3.inTransition[1].maxTokensint,P3.inTransition[1].tint,T1.outPlaces[1].disTransition,T1.outPlaces[1].enabledByInPlaces,P3.reStart,T1.firingCon,T1.inPlaces[2].disTransition,P2.outTransition[1].normalArc,P2.outTransition[1].testValueint,P2.outTransition[1].arcType,P2.outTransition[1].disPlace,P2.outTransition[1].minTokensint,P2.outTransition[1].tint,T1.inPlaces[1].disTransition,P1.outTransition[1].normalArc,P1.outTransition[1].testValueint,P1.outTransition[1].arcType,P1.outTransition[1].disPlace,P1.outTransition[1].minTokensint,P1.outTransition[1].tint,P2.reStart,P1.reStart,P1.disMarksOut.vec[1],P1.disMarksOut.numtrue,P1.disMarksOut.anytrue,P2.disMarksOut.vec[1],P2.disMarksOut.numtrue,P2.disMarksOut.anytrue,P3.disMarksIn.vec[1],P3.disMarksIn.numtrue,P3.disMarksIn.anytrue,P1.delayPassedOut.vec[1],P2.delayPassedOut.vec[1],T1.activation.arcWeightIntIn[1],T1.activation.arcWeightIntIn[2],T1.activation.arcWeightIntOut[1],P3.delayPassedIn.vec[1],T1.activation.disPlaceOut[1],T1.activation.maxTokensInt[1],T1.activation.tIntOut[1],T1.activation.normalArc[2],T1.activation.testValueInt[2],T1.activation.arcType[2],T1.activation.disPlaceIn[2],T1.activation.minTokensInt[2],T1.activation.tIntIn[2],T1.activation.normalArc[1],T1.activation.testValueInt[1],T1.activation.arcType[1],T1.activation.disPlaceIn[1],T1.activation.minTokensInt[1],T1.activation.tIntIn[1],P3.emptying.numtrue,P3.emptying.anytrue,P3.feeding.numtrue,P3.feeding.anytrue,P3.feeding.vec[1],P3.delayPassedIn.numtrue,P3.delayPassedIn.anytrue,P3.enableIn.TEin[1],$PRE.P3.enableIn.TEin[1],P3.enableIn.TEin_[1],P3.enableIn.active[1],P3.fireIn[1],$PRE.P3.fireIn[1],T1.fire_,T1.activation.NoTokens,T1.activation.weaklyOutputActiveVec[1],T1.activation.weaklyInputActiveVec[2],T1.activation.weaklyInputActiveVec[1],T1.activation.active,T1.activation.emptied[1],T1.activation.fed[2],T1.activation.fed[1],P2.emptying.numtrue,P2.emptying.anytrue,P2.emptying.vec[1],P2.feeding.numtrue,P2.feeding.anytrue,P2.delayPassedOut.numtrue,P2.delayPassedOut.anytrue,P2.enableOut.TEout[1],$PRE.P2.enableOut.TEout[1],P2.enableOut.TEout_[1],P2.enableOut.TAout[1],P2.fireOut[1],$PRE.P2.fireOut[1],P1.feeding.numtrue,P1.feeding.anytrue,P1.delayPassedOut.numtrue,P1.delayPassedOut.anytrue,P1.enableOut.TEout[1],$PRE.P1.enableOut.TEout[1],P1.enableOut.TEout_[1],P1.enableOut.TAout[1],P1.fireOut[1],$whenCondition5,$whenCondition4,$whenCondition3)
 * Number of discrete states: 0 ()
 * Number of clocked states: 0 ()
 * Top-level inputs: 0
Notification: Strong component statistics for initialization (323):
 * Single equations (assignments): 290
 * Array equations: 0
 * Algorithm blocks: 31
 * Record equations: 1
 * When equations: 0
 * If-equations: 0
 * Equation systems (not torn): 0
 * Torn equation systems: 1
 * Mixed (continuous/discrete) equation systems: 0
Notification: Torn system details for strict tearing set:
 * Linear torn systems (#iteration vars, #inner vars, density): 0 systems
 * Non-linear torn systems (#iteration vars, #inner vars): 1 system
   {(1,6)}
Notification: Performance of prepare postOptimizeDAE: time 0.003507/0.43, allocations: 1.9 MB / 0.4969 GB, free: 72.84 MB / 378.7 MB
Notification: Performance of postOpt lateInlineFunction (simulation): time 0.0009761/0.431, allocations: 180.9 kB / 0.4971 GB, free: 72.84 MB / 378.7 MB
Notification: Performance of postOpt wrapFunctionCalls (simulation): time 0.01404/0.4451, allocations: 4.664 MB / 0.5016 GB, free: 72.17 MB / 378.7 MB
Notification: Performance of postOpt inlineArrayEqn (simulation): time 4.566e-05/0.4452, allocations: 10.59 kB / 0.5016 GB, free: 72.17 MB / 378.7 MB
Notification: Performance of postOpt constantLinearSystem (simulation): time 1.364e-05/0.4452, allocations: 1.281 kB / 0.5016 GB, free: 72.17 MB / 378.7 MB
Notification: Performance of postOpt simplifysemiLinear (simulation): time 2.294e-05/0.4453, allocations: 7.625 kB / 0.5016 GB, free: 72.17 MB / 378.7 MB
Notification: Performance of postOpt removeSimpleEquations (simulation): time 0.02005/0.4653, allocations: 6.867 MB / 0.5083 GB, free: 71.2 MB / 378.7 MB
Notification: Performance of postOpt simplifyComplexFunction (simulation): time 0.01343/0.4788, allocations: 4.444 MB / 0.5127 GB, free: 69.75 MB / 378.7 MB
Notification: Performance of postOpt solveSimpleEquations (simulation): time 0.0007546/0.4796, allocations: 72.72 kB / 0.5127 GB, free: 69.74 MB / 378.7 MB
Notification: Performance of postOpt tearingSystem (simulation): time 0.0006525/0.4803, allocations: 129.1 kB / 0.5129 GB, free: 69.72 MB / 378.7 MB
Notification: Performance of postOpt inputDerivativesUsed (simulation): time 0.0004094/0.4807, allocations: 109 kB / 0.513 GB, free: 69.7 MB / 378.7 MB
Notification: Performance of postOpt calculateStrongComponentJacobians (simulation): time 0.0009428/0.4817, allocations: 0.6848 MB / 0.5136 GB, free: 69.1 MB / 378.7 MB
Notification: Performance of postOpt calculateStateSetsJacobians (simulation): time 4.658e-06/0.4817, allocations: 6.25 kB / 0.5136 GB, free: 69.1 MB / 378.7 MB
Notification: Performance of postOpt symbolicJacobian (simulation): time 0.02147/0.5032, allocations: 7.42 MB / 0.5209 GB, free: 62.64 MB / 378.7 MB
Notification: Performance of postOpt removeConstants (simulation): time 0.0003443/0.5036, allocations: 209.2 kB / 0.5211 GB, free: 62.47 MB / 378.7 MB
Notification: Performance of postOpt simplifyTimeIndepFuncCalls (simulation): time 0.001065/0.5047, allocations: 203.9 kB / 0.5213 GB, free: 62.27 MB / 378.7 MB
Notification: Performance of postOpt simplifyAllExpressions (simulation): time 0.002595/0.5073, allocations: 164.5 kB / 0.5214 GB, free: 62.12 MB / 378.7 MB
Notification: Performance of postOpt findZeroCrossings (simulation): time 0.001384/0.5087, allocations: 470.7 kB / 0.5219 GB, free: 61.66 MB / 378.7 MB
Notification: Performance of postOpt collapseArrayExpressions (simulation): time 0.0004839/0.5092, allocations: 121.5 kB / 0.522 GB, free: 61.54 MB / 378.7 MB
Notification: Performance of sorting global known variables: time 0.0009643/0.5102, allocations: 467 kB / 0.5225 GB, free: 61.09 MB / 378.7 MB
Notification: Performance of sort global known variables: time 4.81e-07/0.5102, allocations: 0 / 0.5225 GB, free: 61.09 MB / 378.7 MB
Notification: Performance of remove unused functions: time 0.003758/0.514, allocations: 0.6866 MB / 0.5231 GB, free: 60.44 MB / 378.7 MB
Notification: Model statistics after passing the back-end for simulation:
 * Number of independent subsystems: 4
 * Number of states: 3 (P1.t_,P2.t_,P3.t_)
 * Number of discrete variables: 163 ($whenCondition1,P1.enableIn.state128[1],P1.enableIn.state128[2],P1.enableIn.state128[3],P1.enableIn.state128[4],P1.enableIn.arcWeightSum,P1.enableIn.nremTAin,P1.enableIn.nTAin,P1.enableIn.k,P1.enableIn.posTE,P1.enableIn.randNum,P1.enableIn.sumEnablingProbTAin,P1.enableIn.endWhile,P1.enableIn.Index,P1.delayPassedIn.anytrue,P1.delayPassedIn.numtrue,$whenCondition2,P2.enableIn.state128[1],P2.enableIn.state128[2],P2.enableIn.state128[3],P2.enableIn.state128[4],P2.enableIn.arcWeightSum,P2.enableIn.nremTAin,P2.enableIn.nTAin,P2.enableIn.k,P2.enableIn.posTE,P2.enableIn.randNum,P2.enableIn.sumEnablingProbTAin,P2.enableIn.endWhile,P2.enableIn.Index,P2.delayPassedIn.anytrue,P2.delayPassedIn.numtrue,P3.disMarksInOut,$cse3[1],$cse3[2],$whenCondition8,$whenCondition7,$whenCondition6,$whenCondition3,$whenCondition4,$whenCondition5,P1.outTransition[1].tokenInOut,P1.disMarksInOut,P1.fireOut[1],P1.enableOut.TAout[1],P1.enableOut.TEout_[1],P1.enableOut.state128[1],P1.enableOut.state128[2],P1.enableOut.state128[3],P1.enableOut.state128[4],P1.enableOut.TEout[1],P1.enableOut.disTAout[1],P1.enableOut.remTAout[1],P1.enableOut.cumEnablingProb[1],P1.enableOut.arcWeightSum,P1.enableOut.nremTAout,P1.enableOut.nTAout,P1.enableOut.k,P1.enableOut.posTE,P1.enableOut.randNum,P1.enableOut.sumEnablingProbTAout,P1.enableOut.endWhile,P1.enableOut.Index,P1.delayPassedOut.anytrue,P1.delayPassedOut.numtrue,P1.disMarksOut.anytrue,P1.disMarksOut.numtrue,P1.disMarksIn.anytrue,P1.disMarksIn.numtrue,P1.feeding.anytrue,P1.feeding.numtrue,P1.emptying.vec[1],P1.emptying.anytrue,P1.emptying.numtrue,P2.outTransition[1].tokenInOut,P2.disMarksInOut,P2.fireOut[1],P2.enableOut.TAout[1],P2.enableOut.TEout_[1],P2.enableOut.state128[1],P2.enableOut.state128[2],P2.enableOut.state128[3],P2.enableOut.state128[4],P2.enableOut.TEout[1],P2.enableOut.disTAout[1],P2.enableOut.remTAout[1],P2.enableOut.cumEnablingProb[1],P2.enableOut.arcWeightSum,P2.enableOut.nremTAout,P2.enableOut.nTAout,P2.enableOut.k,P2.enableOut.posTE,P2.enableOut.randNum,P2.enableOut.sumEnablingProbTAout,P2.enableOut.endWhile,P2.enableOut.Index,P2.delayPassedOut.anytrue,P2.delayPassedOut.numtrue,P2.disMarksOut.anytrue,P2.disMarksOut.numtrue,P2.disMarksIn.anytrue,P2.disMarksIn.numtrue,P2.feeding.anytrue,P2.feeding.numtrue,P2.emptying.vec[1],P2.emptying.anytrue,P2.emptying.numtrue,T1.activation.fed[1],T1.activation.fed[2],T1.activation.emptied[1],T1.activation.active,T1.activation.weaklyInputActiveVec[1],T1.activation.weaklyInputActiveVec[2],T1.activation.weaklyOutputActiveVec[1],T1.activation.NoTokens,T1.fire_,P3.fireIn[1],P3.enableIn.active[1],P3.enableIn.TEin_[1],P3.enableIn.state128[1],P3.enableIn.state128[2],P3.enableIn.state128[3],P3.enableIn.state128[4],P3.enableIn.TEin[1],P3.enableIn.disTAin[1],P3.enableIn.remTAin[1],P3.enableIn.cumEnablingProb[1],P3.enableIn.arcWeightSum,P3.enableIn.nremTAin,P3.enableIn.nTAin,P3.enableIn.k,P3.enableIn.posTE,P3.enableIn.randNum,P3.enableIn.sumEnablingProbTAin,P3.enableIn.endWhile,P3.enableIn.Index,P3.delayPassedIn.anytrue,P3.delayPassedIn.numtrue,P3.disMarksOut.anytrue,P3.disMarksOut.numtrue,P3.disMarksIn.anytrue,P3.disMarksIn.numtrue,P3.feeding.vec[1],P3.feeding.anytrue,P3.feeding.numtrue,P3.emptying.anytrue,P3.emptying.numtrue,$whenCondition9,P3.enableOut.state128[1],P3.enableOut.state128[2],P3.enableOut.state128[3],P3.enableOut.state128[4],P3.enableOut.arcWeightSum,P3.enableOut.nremTAout,P3.enableOut.nTAout,P3.enableOut.k,P3.enableOut.posTE,P3.enableOut.randNum,P3.enableOut.sumEnablingProbTAout,P3.enableOut.endWhile,P3.enableOut.Index,P3.delayPassedOut.anytrue,P3.delayPassedOut.numtrue)
 * Number of discrete states: 148 (P3.delayPassedOut.numtrue,P3.delayPassedOut.anytrue,P3.enableOut.Index,P3.enableOut.endWhile,P3.enableOut.sumEnablingProbTAout,P3.enableOut.state128[4],P3.enableOut.state128[3],P3.enableOut.state128[2],P3.enableOut.state128[1],P3.enableOut.randNum,P3.enableOut.posTE,P3.enableOut.k,P3.enableOut.nTAout,P3.enableOut.nremTAout,P3.enableOut.arcWeightSum,$whenCondition9,P2.disMarksInOut,P1.disMarksInOut,P3.fireIn[1],P3.disMarksOut.anytrue,P3.disMarksIn.anytrue,P2.fireOut[1],P2.disMarksOut.anytrue,P2.disMarksIn.anytrue,P1.fireOut[1],P1.disMarksOut.anytrue,P1.disMarksIn.anytrue,P3.emptying.numtrue,P3.emptying.anytrue,P3.feeding.numtrue,P3.feeding.anytrue,P3.disMarksIn.numtrue,P3.disMarksOut.numtrue,P3.delayPassedIn.numtrue,P3.delayPassedIn.anytrue,P2.emptying.numtrue,P2.emptying.anytrue,P2.feeding.numtrue,P2.feeding.anytrue,P2.disMarksIn.numtrue,P2.disMarksOut.numtrue,P2.delayPassedOut.numtrue,P2.delayPassedOut.anytrue,P1.emptying.numtrue,P1.emptying.anytrue,P1.feeding.numtrue,P1.feeding.anytrue,T1.activation.weaklyOutputActiveVec[1],T1.activation.weaklyInputActiveVec[2],T1.activation.weaklyInputActiveVec[1],T1.activation.active,T1.activation.NoTokens,P3.enableIn.TEin_[1],P3.enableIn.posTE,P3.enableIn.k,P3.enableIn.endWhile,P3.enableIn.state128[4],P3.enableIn.state128[3],P3.enableIn.state128[2],P3.enableIn.state128[1],P3.enableIn.randNum,P3.enableIn.cumEnablingProb[1],P3.enableIn.sumEnablingProbTAin,P3.enableIn.nTAin,P3.enableIn.nremTAin,P3.enableIn.remTAin[1],P3.enableIn.Index,P3.enableIn.arcWeightSum,P3.enableIn.disTAin[1],$whenCondition5,P3.enableIn.TEin[1],P2.enableOut.TEout_[1],P2.enableOut.posTE,P2.enableOut.k,P2.enableOut.endWhile,P2.enableOut.state128[4],P2.enableOut.state128[3],P2.enableOut.state128[2],P2.enableOut.state128[1],P2.enableOut.randNum,P2.enableOut.cumEnablingProb[1],P2.enableOut.sumEnablingProbTAout,P2.enableOut.nTAout,P2.enableOut.nremTAout,P2.enableOut.remTAout[1],P2.enableOut.Index,P2.enableOut.arcWeightSum,P2.enableOut.disTAout[1],$whenCondition4,P2.enableOut.TEout[1],P1.disMarksIn.numtrue,P1.disMarksOut.numtrue,P1.delayPassedOut.numtrue,P1.delayPassedOut.anytrue,P1.enableOut.TEout_[1],P1.enableOut.posTE,P1.enableOut.k,P1.enableOut.endWhile,P1.enableOut.state128[4],P1.enableOut.state128[3],P1.enableOut.state128[2],P1.enableOut.state128[1],P1.enableOut.randNum,P1.enableOut.cumEnablingProb[1],P1.enableOut.sumEnablingProbTAout,P1.enableOut.nTAout,P1.enableOut.nremTAout,P1.enableOut.remTAout[1],P1.enableOut.Index,P1.enableOut.arcWeightSum,P1.enableOut.disTAout[1],$whenCondition3,P1.enableOut.TEout[1],P3.disMarkChange,P2.disMarkChange,P1.disMarkChange,P2.delayPassedIn.numtrue,P2.delayPassedIn.anytrue,P2.enableIn.Index,P2.enableIn.endWhile,P2.enableIn.sumEnablingProbTAin,P2.enableIn.state128[4],P2.enableIn.state128[3],P2.enableIn.state128[2],P2.enableIn.state128[1],P2.enableIn.randNum,P2.enableIn.posTE,P2.enableIn.k,P2.enableIn.nTAin,P2.enableIn.nremTAin,P2.enableIn.arcWeightSum,$whenCondition2,P1.delayPassedIn.numtrue,P1.delayPassedIn.anytrue,P1.enableIn.Index,P1.enableIn.endWhile,P1.enableIn.sumEnablingProbTAin,P1.enableIn.state128[4],P1.enableIn.state128[3],P1.enableIn.state128[2],P1.enableIn.state128[1],P1.enableIn.randNum,P1.enableIn.posTE,P1.enableIn.k,P1.enableIn.nTAin,P1.enableIn.nremTAin,P1.enableIn.arcWeightSum,$whenCondition1)
 * Number of clocked states: 0 ()
 * Top-level inputs: 0
Notification: Strong component statistics for simulation (77):
 * Single equations (assignments): 49
 * Array equations: 1
 * Algorithm blocks: 25
 * Record equations: 1
 * When equations: 0
 * If-equations: 0
 * Equation systems (not torn): 0
 * Torn equation systems: 1
 * Mixed (continuous/discrete) equation systems: 0
Notification: Torn system details for strict tearing set:
 * Linear torn systems (#iteration vars, #inner vars, density): 0 systems
 * Non-linear torn systems (#iteration vars, #inner vars): 1 system
   {(1,8)}
Notification: Performance of Backend phase and start with SimCode phase: time 0.001937/0.516, allocations: 0.5746 MB / 0.5237 GB, free: 59.9 MB / 378.7 MB
Notification: Performance of simCode: created initialization part: time 0.0126/0.5286, allocations: 6.073 MB / 0.5296 GB, free: 53.45 MB / 378.7 MB
Notification: Performance of simCode: created event and clocks part: time 8.526e-06/0.5286, allocations: 0 / 0.5296 GB, free: 53.45 MB / 378.7 MB
Notification: Performance of simCode: created simulation system equations: time 0.01094/0.5396, allocations: 7.008 MB / 0.5365 GB, free: 46.12 MB / 378.7 MB
Notification: Performance of simCode: created of all other equations (e.g. parameter, nominal, assert, etc): time 0.002152/0.5418, allocations: 245.6 kB / 0.5367 GB, free: 45.89 MB / 378.7 MB
Notification: Performance of simCode: created linear, non-linear and system jacobian parts: time 0.01267/0.5545, allocations: 4.261 MB / 0.5409 GB, free: 41.61 MB / 378.7 MB
Notification: Performance of simCode: some other stuff during SimCode phase: time 0.001381/0.5559, allocations: 1.376 MB / 0.5422 GB, free: 40.21 MB / 378.7 MB
Notification: Performance of simCode: alias equations: time 0.001483/0.5574, allocations: 322.4 kB / 0.5425 GB, free: 39.91 MB / 378.7 MB
Notification: Performance of simCode: all other stuff during SimCode phase: time 0.0003858/0.5578, allocations: 92.27 kB / 0.5426 GB, free: 39.82 MB / 378.7 MB
Notification: Performance of SimCode: time 3.095e-06/0.5579, allocations: 4 kB / 0.5426 GB, free: 39.82 MB / 378.7 MB
Notification: Performance of Templates: time 0.0671/0.625, allocations: 29.3 MB / 0.5712 GB, free: 10.34 MB / 378.7 MB
make -j1 -f PNlib_2.2_PNlib.Examples.ConTest.ZeroArcWeight.makefile
(rm -f PNlib_2.2_PNlib.Examples.ConTest.ZeroArcWeight.pipe ; mkfifo PNlib_2.2_PNlib.Examples.ConTest.ZeroArcWeight.pipe ; head -c 1048576 < PNlib_2.2_PNlib.Examples.ConTest.ZeroArcWeight.pipe >> ../files/PNlib_2.2_PNlib.Examples.ConTest.ZeroArcWeight.sim & ./PNlib_2.2_PNlib.Examples.ConTest.ZeroArcWeight  -abortSlowSimulation -alarm=480  -emit_protected -lv LOG_STATS > PNlib_2.2_PNlib.Examples.ConTest.ZeroArcWeight.pipe 2>&1)
diffSimulationResults("PNlib_2.2_PNlib.Examples.ConTest.ZeroArcWeight_res.mat","/home/runner/work/PNlib/PNlib/ReferenceFiles/PNlib.Examples.ConTest.ZeroArcWeight.mat","../files/PNlib_2.2_PNlib.Examples.ConTest.ZeroArcWeight.diff",relTol=0.003,relTolDiffMinMax=0.003,rangeDelta=0.001)
Reference file matches
