Running: ./testmodel.py --libraries=/home/runner/.openmodelica/libraries/ --ompython_omhome= PNlib_2.2_PNlib.Examples.ConTest.TCtoPC.conf.json
loadFile("/home/runner/.openmodelica/libraries/ModelicaServices 4.0.0+maint.om/package.mo", uses=false)
loadFile("/home/runner/.openmodelica/libraries/Complex 4.0.0+maint.om/package.mo", uses=false)
loadFile("/home/runner/.openmodelica/libraries/Modelica 4.0.0+maint.om/package.mo", uses=false)
loadFile("/home/runner/work/PNlib/PNlib/PNlib/package.mo", uses=false)
Using package PNlib with version 2.2 (/home/runner/work/PNlib/PNlib/PNlib/package.mo)
Using package Modelica with version 4.0.0 (/home/runner/.openmodelica/libraries/Modelica 4.0.0+maint.om/package.mo)
Using package Complex with version 4.0.0 (/home/runner/.openmodelica/libraries/Complex 4.0.0+maint.om/package.mo)
Using package ModelicaServices with version 4.0.0 (/home/runner/.openmodelica/libraries/ModelicaServices 4.0.0+maint.om/package.mo)
Running command: translateModel(PNlib.Examples.ConTest.TCtoPC,tolerance=1e-06,outputFormat="mat",numberOfIntervals=5000,variableFilter="P1.t|T1.fire|T1.instantaneousSpeed|T1.maximumSpeed|time",fileNamePrefix="PNlib_2.2_PNlib.Examples.ConTest.TCtoPC")
translateModel(PNlib.Examples.ConTest.TCtoPC,tolerance=1e-06,outputFormat="mat",numberOfIntervals=5000,variableFilter="P1.t|T1.fire|T1.instantaneousSpeed|T1.maximumSpeed|time",fileNamePrefix="PNlib_2.2_PNlib.Examples.ConTest.TCtoPC")
Notification: Performance of loadFile(/home/runner/.openmodelica/libraries/ModelicaServices 4.0.0+maint.om/package.mo): time 0.0009771/0.0009772, allocations: 92.91 kB / 15.67 MB, free: 5.262 MB / 13.93 MB
Notification: Performance of loadFile(/home/runner/.openmodelica/libraries/Complex 4.0.0+maint.om/package.mo): time 0.0009921/0.0009921, allocations: 180 kB / 16.59 MB, free: 4.516 MB / 13.93 MB
Notification: Performance of loadFile(/home/runner/.openmodelica/libraries/Modelica 4.0.0+maint.om/package.mo): time 1.65/1.65, allocations: 222.1 MB / 239.5 MB, free: 11.02 MB / 202.7 MB
Notification: Performance of loadFile(/home/runner/work/PNlib/PNlib/PNlib/package.mo): time 0.09548/0.09548, allocations: 16.59 MB / 306.3 MB, free: 10.51 MB / 250.7 MB
Notification: Performance of FrontEnd - loaded program: time 0.0004455/0.0004456, allocations: 11.45 kB / 371.4 MB, free: 44.91 MB / 298.7 MB
Notification: Performance of FrontEnd - Absyn->SCode: time 0.07541/0.07588, allocations: 53.47 MB / 424.8 MB, free: 5.195 MB / 298.7 MB
Notification: Performance of NFInst.instantiate(PNlib.Examples.ConTest.TCtoPC): time 0.002903/0.07883, allocations: 1.991 MB / 426.8 MB, free: 3.199 MB / 298.7 MB
Notification: Performance of NFInst.instExpressions: time 0.002758/0.0816, allocations: 1.685 MB / 428.5 MB, free: 1.516 MB / 298.7 MB
Notification: Performance of NFInst.updateImplicitVariability: time 0.0002142/0.08183, allocations: 8 kB / 428.5 MB, free: 1.508 MB / 298.7 MB
Notification: Performance of NFTyping.typeComponents: time 0.0002954/0.08214, allocations: 139 kB / 428.6 MB, free: 1.371 MB / 298.7 MB
Notification: Performance of NFTyping.typeBindings: time 0.0004149/0.08256, allocations: 115.1 kB / 428.8 MB, free: 1.258 MB / 298.7 MB
Notification: Performance of NFTyping.typeClassSections: time 0.001219/0.08379, allocations: 0.7006 MB / 429.5 MB, free: 0.5586 MB / 298.7 MB
Notification: Performance of NFFlatten.flatten: time 0.001411/0.08522, allocations: 1.408 MB / 430.9 MB, free: 15.15 MB / 314.7 MB
Notification: Performance of NFFlatten.resolveConnections: time 0.0004286/0.08566, allocations: 155.6 kB / 431 MB, free: 14.99 MB / 314.7 MB
Notification: Performance of NFEvalConstants.evaluate: time 0.0003624/0.08603, allocations: 0.5371 MB / 431.6 MB, free: 14.46 MB / 314.7 MB
Notification: Performance of NFSimplifyModel.simplify: time 0.0003855/0.08643, allocations: 338.2 kB / 431.9 MB, free: 14.12 MB / 314.7 MB
Notification: Performance of NFPackage.collectConstants: time 0.0001084/0.08655, allocations: 72 kB / 432 MB, free: 14.05 MB / 314.7 MB
Notification: Performance of NFFlatten.collectFunctions: time 0.0005613/0.08712, allocations: 499.3 kB / 432.4 MB, free: 13.57 MB / 314.7 MB
Notification: Performance of NFScalarize.scalarize: time 0.0001483/0.08728, allocations: 143.5 kB / 432.6 MB, free: 13.43 MB / 314.7 MB
Notification: Performance of NFVerifyModel.verify: time 0.0002718/0.08756, allocations: 358.3 kB / 432.9 MB, free: 13.07 MB / 314.7 MB
Notification: Performance of NFConvertDAE.convert: time 0.001032/0.0886, allocations: 1.064 MB / 434 MB, free: 12.01 MB / 314.7 MB
Notification: Performance of FrontEnd - DAE generated: time 4.128e-06/0.08862, allocations: 0 / 434 MB, free: 12.01 MB / 314.7 MB
Notification: Performance of FrontEnd: time 1.433e-06/0.08863, allocations: 0 / 434 MB, free: 12.01 MB / 314.7 MB
Notification: Performance of Transformations before backend: time 9.739e-06/0.08864, allocations: 0 / 434 MB, free: 12.01 MB / 314.7 MB
Notification: Model statistics after passing the front-end and creating the data structures used by the back-end:
 * Number of equations: 165
 * Number of variables: 165
Notification: Performance of Generate backend data structure: time 0.001577/0.09022, allocations: 1.263 MB / 435.3 MB, free: 10.63 MB / 314.7 MB
Notification: Performance of prepare preOptimizeDAE: time 3.202e-05/0.09026, allocations: 12.03 kB / 435.3 MB, free: 10.62 MB / 314.7 MB
Notification: Performance of preOpt normalInlineFunction (simulation): time 0.0007564/0.09103, allocations: 136 kB / 435.4 MB, free: 10.48 MB / 314.7 MB
Notification: Performance of preOpt evaluateParameters (simulation): time 0.0004813/0.09152, allocations: 407 kB / 435.8 MB, free: 10.05 MB / 314.7 MB
Notification: Performance of preOpt simplifyIfEquations (simulation): time 0.000139/0.09167, allocations: 146.7 kB / 435.9 MB, free: 9.883 MB / 314.7 MB
Notification: Performance of preOpt expandDerOperator (simulation): time 0.0001316/0.09183, allocations: 72 kB / 436 MB, free: 9.812 MB / 314.7 MB
Notification: Performance of preOpt clockPartitioning (simulation): time 0.001794/0.09364, allocations: 1.118 MB / 437.1 MB, free: 8.641 MB / 314.7 MB
Notification: Performance of preOpt findStateOrder (simulation): time 2.324e-05/0.09367, allocations: 7.938 kB / 437.1 MB, free: 8.633 MB / 314.7 MB
Notification: Performance of preOpt replaceEdgeChange (simulation): time 8.926e-05/0.09377, allocations: 31.98 kB / 437.2 MB, free: 8.602 MB / 314.7 MB
Notification: Performance of preOpt inlineArrayEqn (simulation): time 9.545e-05/0.09387, allocations: 56.95 kB / 437.2 MB, free: 8.547 MB / 314.7 MB
Notification: Performance of preOpt removeEqualRHS (simulation): time 0.001361/0.09524, allocations: 0.7692 MB / 438 MB, free: 7.777 MB / 314.7 MB
Notification: Performance of preOpt removeSimpleEquations (simulation): time 0.003332/0.09858, allocations: 2.773 MB / 440.8 MB, free: 4.871 MB / 314.7 MB
Notification: Performance of preOpt comSubExp (simulation): time 0.001223/0.09982, allocations: 1.033 MB / 441.8 MB, free: 3.82 MB / 314.7 MB
Notification: Performance of preOpt resolveLoops (simulation): time 0.001066/0.1009, allocations: 0.9085 MB / 442.7 MB, free: 2.906 MB / 314.7 MB
Notification: Performance of preOpt evalFunc (simulation): time 0.002077/0.103, allocations: 2.884 MB / 445.6 MB, free: 15.39 MB / 330.7 MB
Notification: Performance of preOpt encapsulateWhenConditions (simulation): time 0.001264/0.1043, allocations: 0.6684 MB / 446.3 MB, free: 14.7 MB / 330.7 MB
Notification: Performance of pre-optimization done (n=68): time 2.034e-06/0.1043, allocations: 0 / 446.3 MB, free: 14.7 MB / 330.7 MB
Notification: Performance of matching and sorting (n=68): time 0.003878/0.1082, allocations: 2.084 MB / 448.3 MB, free: 12.53 MB / 330.7 MB
Notification: Performance of inlineWhenForInitialization (initialization): time 0.000331/0.1085, allocations: 0.536 MB / 448.9 MB, free: 11.89 MB / 330.7 MB
Notification: Performance of selectInitializationVariablesDAE (initialization): time 0.0003094/0.1088, allocations: 376 kB / 449.3 MB, free: 11.51 MB / 330.7 MB
Notification: Performance of collectPreVariables (initialization): time 6.791e-05/0.1089, allocations: 57.7 kB / 449.3 MB, free: 11.45 MB / 330.7 MB
Notification: Performance of collectInitialEqns (initialization): time 0.0001341/0.1091, allocations: 252.4 kB / 449.6 MB, free: 11.2 MB / 330.7 MB
Notification: Performance of collectInitialBindings (initialization): time 0.0001358/0.1092, allocations: 181.8 kB / 449.7 MB, free: 11.02 MB / 330.7 MB
Notification: Performance of simplifyInitialFunctions (initialization): time 0.0002416/0.1095, allocations: 202.5 kB / 449.9 MB, free: 10.81 MB / 330.7 MB
Notification: Performance of setup shared object (initialization): time 7.233e-05/0.1095, allocations: 370.7 kB / 450.3 MB, free: 10.44 MB / 330.7 MB
Notification: Performance of preBalanceInitialSystem (initialization): time 0.0005374/0.1101, allocations: 330 kB / 450.6 MB, free: 10.12 MB / 330.7 MB
Notification: Performance of partitionIndependentBlocks (initialization): time 0.0008299/0.1109, allocations: 0.654 MB / 451.3 MB, free: 9.32 MB / 330.7 MB
Notification: Performance of analyzeInitialSystem (initialization): time 0.00164/0.1126, allocations: 1.612 MB / 452.9 MB, free: 7.453 MB / 330.7 MB
Notification: Performance of solveInitialSystemEqSystem (initialization): time 8.055e-06/0.1126, allocations: 8 kB / 452.9 MB, free: 7.445 MB / 330.7 MB
Notification: Performance of matching and sorting (n=127) (initialization): time 0.002191/0.1148, allocations: 1.558 MB / 454.4 MB, free: 5.809 MB / 330.7 MB
Notification: Performance of prepare postOptimizeDAE: time 0.0001849/0.115, allocations: 354.8 kB / 454.8 MB, free: 5.395 MB / 330.7 MB
Notification: Performance of postOpt simplifyComplexFunction (initialization): time 0.001503/0.1165, allocations: 0.7315 MB / 455.5 MB, free: 4.633 MB / 330.7 MB
Notification: Performance of postOpt tearingSystem (initialization): time 0.0004172/0.1169, allocations: 76.8 kB / 455.6 MB, free: 4.555 MB / 330.7 MB
Notification: Performance of postOpt solveSimpleEquations (initialization): time 0.0003699/0.1173, allocations: 107.8 kB / 455.7 MB, free: 4.449 MB / 330.7 MB
Notification: Performance of postOpt calculateStrongComponentJacobians (initialization): time 0.0006467/0.118, allocations: 0.6148 MB / 456.3 MB, free: 3.809 MB / 330.7 MB
Notification: Performance of postOpt simplifyAllExpressions (initialization): time 0.000445/0.1185, allocations: 107 kB / 456.4 MB, free: 3.703 MB / 330.7 MB
Notification: Performance of postOpt collapseArrayExpressions (initialization): time 8.072e-05/0.1185, allocations: 52 kB / 456.5 MB, free: 3.652 MB / 330.7 MB
Warning: Assuming fixed start value for the following 18 variables:
         P1.enableOut.Index:DISCRETE(fixed = true protected = true )  type: Integer
         P1.enableOut.endWhile:DISCRETE(fixed = true protected = true )  type: Boolean
         P1.enableOut.sumEnablingProbTAout:DISCRETE(fixed = true protected = true )  "sum of the enabling probabilities of the active output transitions" type: Real
         P1.enableOut.posTE:DISCRETE(fixed = true protected = true )  "possible enabled transition" type: Integer
         P1.enableOut.k:DISCRETE(fixed = true protected = true )  "iteration index" type: Integer
         P1.enableOut.nTAout:DISCRETE(fixed = true protected = true )  "number of active output transitions" type: Integer
         P1.enableOut.nremTAout:DISCRETE(fixed = true protected = true )  "number of remaining active output transitions" type: Integer
         P1.enableOut.arcWeightSum:DISCRETE(fixed = true protected = true )  "arc weight sum" type: Real
         P1.enableIn.posTE:DISCRETE(fixed = true protected = true )  "possible enabled transition" type: Integer
         P1.enableIn.k:DISCRETE(fixed = true protected = true )  "iteration index" type: Integer
         P1.enableIn.endWhile:DISCRETE(fixed = true protected = true )  type: Boolean
         P1.enableIn.sumEnablingProbTAin:DISCRETE(fixed = true protected = true )  "sum of the enabling probabilities of the active input transitions" type: Real
         P1.enableIn.nTAin:DISCRETE(fixed = true protected = true )  "number ofactive input transitions" type: Integer
         P1.enableIn.nremTAin:DISCRETE(fixed = true protected = true )  "number of remaining active input transitions" type: Integer
         P1.enableIn.Index:DISCRETE(fixed = true protected = true )  "priority Index" type: Integer
         P1.enableIn.arcWeightSum:DISCRETE(fixed = true protected = true )  "arc weight sum" type: Real
         P1.disMarksIn.anytrue:DISCRETE(fixed = true protected = true )  type: Boolean
         P1.disMarksOut.anytrue:DISCRETE(fixed = true protected = true )  type: Boolean
Notification: Model statistics after passing the back-end for initialization:
 * Number of independent subsystems: 44
 * Number of states: 0 ()
 * Number of discrete variables: 101 ($PRE.P1.enableOut.Index,P1.enableOut.Index,$PRE.P1.enableOut.endWhile,P1.enableOut.endWhile,$PRE.P1.enableOut.sumEnablingProbTAout,P1.enableOut.sumEnablingProbTAout,P1.enableOut.randNum,$PRE.P1.enableOut.randNum,P1.enableOut.state128[4],$PRE.P1.enableOut.state128[4],P1.enableOut.state128[3],$PRE.P1.enableOut.state128[3],P1.enableOut.state128[2],$PRE.P1.enableOut.state128[2],P1.enableOut.state128[1],$PRE.P1.enableOut.state128[1],$PRE.P1.enableOut.posTE,P1.enableOut.posTE,$PRE.P1.enableOut.k,P1.enableOut.k,$PRE.P1.enableOut.nTAout,P1.enableOut.nTAout,$PRE.P1.enableOut.nremTAout,P1.enableOut.nremTAout,$PRE.P1.enableOut.arcWeightSum,P1.enableOut.arcWeightSum,P1.delayPassedOut.numtrue,P1.delayPassedOut.anytrue,$whenCondition3,$PRE.P1.enableIn.posTE,P1.enableIn.posTE,$PRE.P1.enableIn.k,P1.enableIn.k,$PRE.P1.enableIn.endWhile,P1.enableIn.endWhile,P1.enableIn.randNum,$PRE.P1.enableIn.randNum,P1.enableIn.state128[4],$PRE.P1.enableIn.state128[4],P1.enableIn.state128[3],$PRE.P1.enableIn.state128[3],P1.enableIn.state128[2],$PRE.P1.enableIn.state128[2],P1.enableIn.state128[1],$PRE.P1.enableIn.state128[1],P1.enableIn.cumEnablingProb[1],$PRE.P1.enableIn.cumEnablingProb[1],$PRE.P1.enableIn.sumEnablingProbTAin,P1.enableIn.sumEnablingProbTAin,$PRE.P1.enableIn.nTAin,P1.enableIn.nTAin,$PRE.P1.enableIn.nremTAin,P1.enableIn.nremTAin,P1.enableIn.remTAin[1],$PRE.P1.enableIn.remTAin[1],$PRE.P1.enableIn.Index,P1.enableIn.Index,$PRE.P1.enableIn.arcWeightSum,P1.enableIn.arcWeightSum,P1.enableIn.disTAin[1],$PRE.P1.enableIn.disTAin[1],$PRE.P1.disMarksIn.anytrue,$PRE.P1.disMarksOut.anytrue,P1.disMarksInOut,$whenCondition2,P1.disMarksOut.numtrue,P1.disMarksOut.anytrue,P1.inTransition[1].disPlace,P1.inTransition[1].maxTokensint,P1.inTransition[1].tint,T1.outPlaces[1].disTransition,T1.outPlaces[1].enabledByInPlaces,P1.reStart,T1.firingCon,P1.disMarksIn.vec[1],P1.disMarksIn.numtrue,P1.disMarksIn.anytrue,T1.fire_,T1.activation.arcWeightIntOut[1],P1.delayPassedIn.vec[1],T1.activation.disPlaceOut[1],T1.activation.maxTokensInt[1],T1.activation.tIntOut[1],P1.emptying.numtrue,P1.emptying.anytrue,P1.feeding.numtrue,P1.feeding.anytrue,P1.feeding.vec[1],P1.delayPassedIn.numtrue,P1.delayPassedIn.anytrue,P1.enableIn.TEin[1],$PRE.P1.enableIn.TEin[1],P1.enableIn.TEin_[1],P1.enableIn.active[1],P1.fireIn[1],$PRE.P1.fireIn[1],T1.activation.NoTokens,T1.activation.weaklyOutputActiveVec[1],T1.activation.active,T1.activation.emptied[1],$whenCondition1)
 * Number of discrete states: 0 ()
 * Number of clocked states: 0 ()
 * Top-level inputs: 0
Notification: Strong component statistics for initialization (107):
 * Single equations (assignments): 95
 * Array equations: 0
 * Algorithm blocks: 11
 * Record equations: 0
 * When equations: 0
 * If-equations: 0
 * Equation systems (not torn): 0
 * Torn equation systems: 1
 * Mixed (continuous/discrete) equation systems: 0
Notification: Torn system details for strict tearing set:
 * Linear torn systems (#iteration vars, #inner vars, density): 0 systems
 * Non-linear torn systems (#iteration vars, #inner vars): 1 system
   {(1,3)}
Notification: Performance of prepare postOptimizeDAE: time 0.0006961/0.1192, allocations: 0.6983 MB / 457.2 MB, free: 2.883 MB / 330.7 MB
Notification: Performance of postOpt lateInlineFunction (simulation): time 0.0003042/0.1196, allocations: 71.38 kB / 457.2 MB, free: 2.812 MB / 330.7 MB
Notification: Performance of postOpt wrapFunctionCalls (simulation): time 0.003158/0.1227, allocations: 1.628 MB / 458.9 MB, free: 1.133 MB / 330.7 MB
Notification: Performance of postOpt inlineArrayEqn (simulation): time 7.354e-06/0.1228, allocations: 4 kB / 458.9 MB, free: 1.129 MB / 330.7 MB
Notification: Performance of postOpt constantLinearSystem (simulation): time 5.671e-06/0.1228, allocations: 0 / 458.9 MB, free: 1.129 MB / 330.7 MB
Notification: Performance of postOpt simplifysemiLinear (simulation): time 9.919e-06/0.1228, allocations: 3.984 kB / 458.9 MB, free: 1.125 MB / 330.7 MB
Notification: Performance of postOpt removeSimpleEquations (simulation): time 0.004333/0.1271, allocations: 2.491 MB / 461.4 MB, free: 14.53 MB / 346.7 MB
Notification: Performance of postOpt simplifyComplexFunction (simulation): time 0.002547/0.1297, allocations: 1.526 MB / 462.9 MB, free: 12.95 MB / 346.7 MB
Notification: Performance of postOpt solveSimpleEquations (simulation): time 0.0001713/0.1299, allocations: 27.92 kB / 462.9 MB, free: 12.92 MB / 346.7 MB
Notification: Performance of postOpt tearingSystem (simulation): time 0.0001977/0.1301, allocations: 60.81 kB / 463 MB, free: 12.86 MB / 346.7 MB
Notification: Performance of postOpt inputDerivativesUsed (simulation): time 8.394e-05/0.1302, allocations: 47.34 kB / 463 MB, free: 12.82 MB / 346.7 MB
Notification: Performance of postOpt calculateStrongComponentJacobians (simulation): time 0.0003132/0.1305, allocations: 0.6029 MB / 463.6 MB, free: 12.19 MB / 346.7 MB
Notification: Performance of postOpt calculateStateSetsJacobians (simulation): time 1.673e-06/0.1305, allocations: 0 / 463.6 MB, free: 12.19 MB / 346.7 MB
Notification: Performance of postOpt symbolicJacobian (simulation): time 0.003891/0.1344, allocations: 2.54 MB / 466.2 MB, free: 9.57 MB / 346.7 MB
Notification: Performance of postOpt removeConstants (simulation): time 5.878e-05/0.1345, allocations: 120.5 kB / 466.3 MB, free: 9.434 MB / 346.7 MB
Notification: Performance of postOpt simplifyTimeIndepFuncCalls (simulation): time 0.000189/0.1347, allocations: 71.98 kB / 466.4 MB, free: 9.363 MB / 346.7 MB
Notification: Performance of postOpt simplifyAllExpressions (simulation): time 0.000462/0.1352, allocations: 51.95 kB / 466.4 MB, free: 9.312 MB / 346.7 MB
Notification: Performance of postOpt findZeroCrossings (simulation): time 0.0001632/0.1353, allocations: 59.94 kB / 466.5 MB, free: 9.254 MB / 346.7 MB
Notification: Performance of postOpt collapseArrayExpressions (simulation): time 9.866e-05/0.1355, allocations: 51.92 kB / 466.5 MB, free: 9.203 MB / 346.7 MB
Notification: Performance of sorting global known variables: time 0.0004014/0.1359, allocations: 223 kB / 466.7 MB, free: 8.988 MB / 346.7 MB
Notification: Performance of sort global known variables: time 2.1e-07/0.1359, allocations: 0 / 466.7 MB, free: 8.988 MB / 346.7 MB
Notification: Performance of remove unused functions: time 0.000984/0.1369, allocations: 299.6 kB / 467 MB, free: 8.695 MB / 346.7 MB
Notification: Model statistics after passing the back-end for simulation:
 * Number of independent subsystems: 2
 * Number of states: 1 (P1.t_)
 * Number of discrete variables: 54 (P1.disMarksInOut,$whenCondition2,$whenCondition1,T1.activation.emptied[1],T1.activation.active,T1.activation.weaklyOutputActiveVec[1],T1.activation.NoTokens,P1.fireIn[1],P1.enableIn.active[1],P1.enableIn.TEin_[1],P1.enableIn.state128[1],P1.enableIn.state128[2],P1.enableIn.state128[3],P1.enableIn.state128[4],P1.enableIn.TEin[1],P1.enableIn.disTAin[1],P1.enableIn.remTAin[1],P1.enableIn.cumEnablingProb[1],P1.enableIn.arcWeightSum,P1.enableIn.nremTAin,P1.enableIn.nTAin,P1.enableIn.k,P1.enableIn.posTE,P1.enableIn.randNum,P1.enableIn.sumEnablingProbTAin,P1.enableIn.endWhile,P1.enableIn.Index,P1.delayPassedIn.anytrue,P1.delayPassedIn.numtrue,P1.disMarksOut.anytrue,P1.disMarksOut.numtrue,P1.disMarksIn.anytrue,P1.disMarksIn.numtrue,P1.feeding.vec[1],P1.feeding.anytrue,P1.feeding.numtrue,P1.emptying.anytrue,P1.emptying.numtrue,$whenCondition3,P1.enableOut.state128[1],P1.enableOut.state128[2],P1.enableOut.state128[3],P1.enableOut.state128[4],P1.enableOut.arcWeightSum,P1.enableOut.nremTAout,P1.enableOut.nTAout,P1.enableOut.k,P1.enableOut.posTE,P1.enableOut.randNum,P1.enableOut.sumEnablingProbTAout,P1.enableOut.endWhile,P1.enableOut.Index,P1.delayPassedOut.anytrue,P1.delayPassedOut.numtrue)
 * Number of discrete states: 50 (P1.delayPassedOut.numtrue,P1.delayPassedOut.anytrue,P1.enableOut.Index,P1.enableOut.endWhile,P1.enableOut.sumEnablingProbTAout,P1.enableOut.state128[4],P1.enableOut.state128[3],P1.enableOut.state128[2],P1.enableOut.state128[1],P1.enableOut.randNum,P1.enableOut.posTE,P1.enableOut.k,P1.enableOut.nTAout,P1.enableOut.nremTAout,P1.enableOut.arcWeightSum,$whenCondition3,P1.fireIn[1],P1.disMarksOut.anytrue,P1.disMarksIn.anytrue,P1.emptying.numtrue,P1.emptying.anytrue,P1.feeding.numtrue,P1.feeding.anytrue,P1.disMarksIn.numtrue,P1.disMarksOut.numtrue,P1.delayPassedIn.numtrue,P1.delayPassedIn.anytrue,T1.activation.weaklyOutputActiveVec[1],T1.activation.active,T1.activation.NoTokens,P1.enableIn.TEin_[1],P1.enableIn.posTE,P1.enableIn.k,P1.enableIn.endWhile,P1.enableIn.state128[4],P1.enableIn.state128[3],P1.enableIn.state128[2],P1.enableIn.state128[1],P1.enableIn.randNum,P1.enableIn.cumEnablingProb[1],P1.enableIn.sumEnablingProbTAin,P1.enableIn.nTAin,P1.enableIn.nremTAin,P1.enableIn.remTAin[1],P1.enableIn.Index,P1.enableIn.arcWeightSum,P1.enableIn.disTAin[1],$whenCondition1,P1.enableIn.TEin[1],P1.disMarkChange)
 * Number of clocked states: 0 ()
 * Top-level inputs: 0
Notification: Strong component statistics for simulation (27):
 * Single equations (assignments): 17
 * Array equations: 0
 * Algorithm blocks: 9
 * Record equations: 0
 * When equations: 0
 * If-equations: 0
 * Equation systems (not torn): 0
 * Torn equation systems: 1
 * Mixed (continuous/discrete) equation systems: 0
Notification: Torn system details for strict tearing set:
 * Linear torn systems (#iteration vars, #inner vars, density): 0 systems
 * Non-linear torn systems (#iteration vars, #inner vars): 1 system
   {(1,4)}
Notification: Performance of Backend phase and start with SimCode phase: time 0.0007082/0.1376, allocations: 349.6 kB / 467.4 MB, free: 8.352 MB / 346.7 MB
Notification: Performance of simCode: created initialization part: time 0.002242/0.1398, allocations: 1.793 MB / 469.2 MB, free: 6.414 MB / 346.7 MB
Notification: Performance of simCode: created event and clocks part: time 4.077e-06/0.1399, allocations: 4 kB / 469.2 MB, free: 6.41 MB / 346.7 MB
Notification: Performance of simCode: created simulation system equations: time 0.001822/0.1417, allocations: 2.231 MB / 471.4 MB, free: 4.059 MB / 346.7 MB
Notification: Performance of simCode: created of all other equations (e.g. parameter, nominal, assert, etc): time 0.0006052/0.1423, allocations: 95.39 kB / 471.5 MB, free: 3.969 MB / 346.7 MB
Notification: Performance of simCode: created linear, non-linear and system jacobian parts: time 0.002482/0.1448, allocations: 1.325 MB / 472.8 MB, free: 2.613 MB / 346.7 MB
Notification: Performance of simCode: some other stuff during SimCode phase: time 0.0002942/0.1451, allocations: 0.9221 MB / 473.7 MB, free: 1.668 MB / 346.7 MB
Notification: Performance of simCode: alias equations: time 0.0002911/0.1454, allocations: 124.3 kB / 473.9 MB, free: 1.547 MB / 346.7 MB
Notification: Performance of simCode: all other stuff during SimCode phase: time 9.195e-05/0.1455, allocations: 47.41 kB / 473.9 MB, free: 1.5 MB / 346.7 MB
Notification: Performance of SimCode: time 4.71e-07/0.1455, allocations: 0 / 473.9 MB, free: 1.5 MB / 346.7 MB
Notification: Performance of Templates: time 0.01889/0.1644, allocations: 10.87 MB / 484.8 MB, free: 6.59 MB / 362.7 MB
make -j1 -f PNlib_2.2_PNlib.Examples.ConTest.TCtoPC.makefile
(rm -f PNlib_2.2_PNlib.Examples.ConTest.TCtoPC.pipe ; mkfifo PNlib_2.2_PNlib.Examples.ConTest.TCtoPC.pipe ; head -c 1048576 < PNlib_2.2_PNlib.Examples.ConTest.TCtoPC.pipe >> ../files/PNlib_2.2_PNlib.Examples.ConTest.TCtoPC.sim & ./PNlib_2.2_PNlib.Examples.ConTest.TCtoPC  -abortSlowSimulation -alarm=480  -emit_protected -lv LOG_STATS > PNlib_2.2_PNlib.Examples.ConTest.TCtoPC.pipe 2>&1)
diffSimulationResults("PNlib_2.2_PNlib.Examples.ConTest.TCtoPC_res.mat","/home/runner/work/PNlib/PNlib/ReferenceFiles/PNlib.Examples.ConTest.TCtoPC.mat","../files/PNlib_2.2_PNlib.Examples.ConTest.TCtoPC.diff",relTol=0.003,relTolDiffMinMax=0.003,rangeDelta=0.001)
Reference file matches
