Running: ./testmodel.py --libraries=/home/runner/.openmodelica/libraries/ --ompython_omhome= PNlib_2.2_PNlib.Examples.ConTest.Speed.conf.json
loadFile("/home/runner/.openmodelica/libraries/ModelicaServices 4.0.0+maint.om/package.mo", uses=false)
loadFile("/home/runner/.openmodelica/libraries/Complex 4.0.0+maint.om/package.mo", uses=false)
loadFile("/home/runner/.openmodelica/libraries/Modelica 4.0.0+maint.om/package.mo", uses=false)
loadFile("/home/runner/work/PNlib/PNlib/PNlib/package.mo", uses=false)
Using package PNlib with version 2.2 (/home/runner/work/PNlib/PNlib/PNlib/package.mo)
Using package Modelica with version 4.0.0 (/home/runner/.openmodelica/libraries/Modelica 4.0.0+maint.om/package.mo)
Using package Complex with version 4.0.0 (/home/runner/.openmodelica/libraries/Complex 4.0.0+maint.om/package.mo)
Using package ModelicaServices with version 4.0.0 (/home/runner/.openmodelica/libraries/ModelicaServices 4.0.0+maint.om/package.mo)
Running command: translateModel(PNlib.Examples.ConTest.Speed,tolerance=1e-06,outputFormat="mat",numberOfIntervals=5000,variableFilter="P1.t|P2.t|T1.fire|T1.instantaneousSpeed|T1.maximumSpeed|T2.fire|T2.instantaneousSpeed|T2.maximumSpeed|T3.fire|T3.instantaneousSpeed|T3.maximumSpeed|time",fileNamePrefix="PNlib_2.2_PNlib.Examples.ConTest.Speed")
translateModel(PNlib.Examples.ConTest.Speed,tolerance=1e-06,outputFormat="mat",numberOfIntervals=5000,variableFilter="P1.t|P2.t|T1.fire|T1.instantaneousSpeed|T1.maximumSpeed|T2.fire|T2.instantaneousSpeed|T2.maximumSpeed|T3.fire|T3.instantaneousSpeed|T3.maximumSpeed|time",fileNamePrefix="PNlib_2.2_PNlib.Examples.ConTest.Speed")
Notification: Performance of loadFile(/home/runner/.openmodelica/libraries/ModelicaServices 4.0.0+maint.om/package.mo): time 0.00103/0.00103, allocations: 90.97 kB / 15.67 MB, free: 5.312 MB / 13.93 MB
Notification: Performance of loadFile(/home/runner/.openmodelica/libraries/Complex 4.0.0+maint.om/package.mo): time 0.001072/0.001072, allocations: 175.1 kB / 16.59 MB, free: 4.539 MB / 13.93 MB
Notification: Performance of loadFile(/home/runner/.openmodelica/libraries/Modelica 4.0.0+maint.om/package.mo): time 1.652/1.652, allocations: 222.1 MB / 239.5 MB, free: 11.05 MB / 202.7 MB
Notification: Performance of loadFile(/home/runner/work/PNlib/PNlib/PNlib/package.mo): time 0.09633/0.09633, allocations: 16.58 MB / 306.3 MB, free: 10.55 MB / 250.7 MB
Notification: Performance of FrontEnd - loaded program: time 0.000461/0.0004609, allocations: 10.19 kB / 371.4 MB, free: 44.97 MB / 298.7 MB
Notification: Performance of FrontEnd - Absyn->SCode: time 0.08034/0.08082, allocations: 53.47 MB / 424.8 MB, free: 5.25 MB / 298.7 MB
Notification: Performance of NFInst.instantiate(PNlib.Examples.ConTest.Speed): time 0.004008/0.08488, allocations: 3.509 MB / 428.3 MB, free: 1.73 MB / 298.7 MB
Notification: Performance of NFInst.instExpressions: time 0.00494/0.08984, allocations: 2.714 MB / 431.1 MB, free: 15.02 MB / 314.7 MB
Notification: Performance of NFInst.updateImplicitVariability: time 0.0005055/0.09039, allocations: 19.94 kB / 431.1 MB, free: 15 MB / 314.7 MB
Notification: Performance of NFTyping.typeComponents: time 0.0007084/0.0911, allocations: 313.6 kB / 431.4 MB, free: 14.69 MB / 314.7 MB
Notification: Performance of NFTyping.typeBindings: time 0.0009508/0.09207, allocations: 293.7 kB / 431.7 MB, free: 14.4 MB / 314.7 MB
Notification: Performance of NFTyping.typeClassSections: time 0.00254/0.09462, allocations: 1.216 MB / 432.9 MB, free: 13.18 MB / 314.7 MB
Notification: Performance of NFFlatten.flatten: time 0.002812/0.09745, allocations: 3.339 MB / 436.2 MB, free: 9.844 MB / 314.7 MB
Notification: Performance of NFFlatten.resolveConnections: time 0.000572/0.09804, allocations: 0.5256 MB / 436.7 MB, free: 9.289 MB / 314.7 MB
Notification: Performance of NFEvalConstants.evaluate: time 0.00107/0.09912, allocations: 1.316 MB / 438.1 MB, free: 7.969 MB / 314.7 MB
Notification: Performance of NFSimplifyModel.simplify: time 0.0008864/0.1, allocations: 0.9409 MB / 439 MB, free: 7.023 MB / 314.7 MB
Notification: Performance of NFPackage.collectConstants: time 0.0003013/0.1003, allocations: 236 kB / 439.2 MB, free: 6.793 MB / 314.7 MB
Notification: Performance of NFFlatten.collectFunctions: time 0.00108/0.1014, allocations: 0.6361 MB / 439.9 MB, free: 6.156 MB / 314.7 MB
Notification: Performance of NFScalarize.scalarize: time 0.0003656/0.1018, allocations: 498.3 kB / 440.4 MB, free: 5.668 MB / 314.7 MB
Notification: Performance of NFVerifyModel.verify: time 0.0007952/0.1026, allocations: 1.05 MB / 441.4 MB, free: 4.613 MB / 314.7 MB
Notification: Performance of NFConvertDAE.convert: time 0.002431/0.1051, allocations: 2.711 MB / 444.1 MB, free: 1.895 MB / 314.7 MB
Notification: Performance of FrontEnd - DAE generated: time 5.441e-06/0.1051, allocations: 4 kB / 444.1 MB, free: 1.891 MB / 314.7 MB
Notification: Performance of FrontEnd: time 1.693e-06/0.1051, allocations: 0 / 444.1 MB, free: 1.891 MB / 314.7 MB
Notification: Performance of Transformations before backend: time 1.707e-05/0.1051, allocations: 0 / 444.1 MB, free: 1.891 MB / 314.7 MB
Notification: Model statistics after passing the front-end and creating the data structures used by the back-end:
 * Number of equations: 530
 * Number of variables: 530
Notification: Performance of Generate backend data structure: time 0.004036/0.1092, allocations: 2.74 MB / 446.9 MB, free: 14.95 MB / 330.7 MB
Notification: Performance of prepare preOptimizeDAE: time 4.217e-05/0.1092, allocations: 8.031 kB / 446.9 MB, free: 14.95 MB / 330.7 MB
Notification: Performance of preOpt normalInlineFunction (simulation): time 0.002025/0.1112, allocations: 402.4 kB / 447.3 MB, free: 14.55 MB / 330.7 MB
Notification: Performance of preOpt evaluateParameters (simulation): time 0.001283/0.1125, allocations: 0.8799 MB / 448.1 MB, free: 13.63 MB / 330.7 MB
Notification: Performance of preOpt simplifyIfEquations (simulation): time 0.0003073/0.1129, allocations: 0.4958 MB / 448.6 MB, free: 13.06 MB / 330.7 MB
Notification: Performance of preOpt expandDerOperator (simulation): time 0.0005164/0.1134, allocations: 235.3 kB / 448.9 MB, free: 12.83 MB / 330.7 MB
Notification: Performance of preOpt clockPartitioning (simulation): time 0.00579/0.1192, allocations: 3.787 MB / 452.7 MB, free: 8.902 MB / 330.7 MB
Notification: Performance of preOpt findStateOrder (simulation): time 4.64e-05/0.1193, allocations: 11.94 kB / 452.7 MB, free: 8.891 MB / 330.7 MB
Notification: Performance of preOpt replaceEdgeChange (simulation): time 0.0002602/0.1195, allocations: 108 kB / 452.8 MB, free: 8.785 MB / 330.7 MB
Notification: Performance of preOpt inlineArrayEqn (simulation): time 0.0003256/0.1199, allocations: 207.1 kB / 453 MB, free: 8.582 MB / 330.7 MB
Notification: Performance of preOpt removeEqualRHS (simulation): time 0.004631/0.1245, allocations: 2.757 MB / 455.7 MB, free: 5.82 MB / 330.7 MB
Notification: Performance of preOpt removeSimpleEquations (simulation): time 0.01034/0.1349, allocations: 7.505 MB / 463.2 MB, free: 14.08 MB / 346.7 MB
Notification: Performance of preOpt comSubExp (simulation): time 0.004251/0.1392, allocations: 3.642 MB / 466.9 MB, free: 10.38 MB / 346.7 MB
Notification: Performance of preOpt resolveLoops (simulation): time 0.003459/0.1427, allocations: 3.199 MB / 470.1 MB, free: 7.176 MB / 346.7 MB
Notification: Performance of preOpt evalFunc (simulation): time 0.001999/0.1447, allocations: 3.074 MB / 473.1 MB, free: 3.438 MB / 346.7 MB
Notification: Performance of preOpt encapsulateWhenConditions (simulation): time 0.00313/0.1478, allocations: 1.985 MB / 475.1 MB, free: 1.406 MB / 346.7 MB
Notification: Performance of pre-optimization done (n=177): time 4.007e-06/0.1479, allocations: 0 / 475.1 MB, free: 1.406 MB / 346.7 MB
Notification: Performance of matching and sorting (n=177): time 0.0126/0.1605, allocations: 6.383 MB / 481.5 MB, free: 10.89 MB / 362.7 MB
Notification: Performance of inlineWhenForInitialization (initialization): time 0.0006715/0.1612, allocations: 1.155 MB / 482.7 MB, free: 9.52 MB / 362.7 MB
Notification: Performance of selectInitializationVariablesDAE (initialization): time 0.001138/0.1623, allocations: 0.8583 MB / 483.5 MB, free: 8.648 MB / 362.7 MB
Notification: Performance of collectPreVariables (initialization): time 0.0001841/0.1625, allocations: 113.7 kB / 483.6 MB, free: 8.531 MB / 362.7 MB
Notification: Performance of collectInitialEqns (initialization): time 0.0003885/0.1629, allocations: 0.6475 MB / 484.3 MB, free: 7.871 MB / 362.7 MB
Notification: Performance of collectInitialBindings (initialization): time 0.0003499/0.1633, allocations: 482.2 kB / 484.8 MB, free: 7.395 MB / 362.7 MB
Notification: Performance of simplifyInitialFunctions (initialization): time 0.0007264/0.164, allocations: 0.5677 MB / 485.3 MB, free: 6.82 MB / 362.7 MB
Notification: Performance of setup shared object (initialization): time 0.0002383/0.1643, allocations: 341.9 kB / 485.7 MB, free: 6.48 MB / 362.7 MB
Notification: Performance of preBalanceInitialSystem (initialization): time 0.001685/0.166, allocations: 1.09 MB / 486.8 MB, free: 5.387 MB / 362.7 MB
Notification: Performance of partitionIndependentBlocks (initialization): time 0.00227/0.1683, allocations: 1.961 MB / 488.7 MB, free: 3.035 MB / 362.7 MB
Notification: Performance of analyzeInitialSystem (initialization): time 0.004862/0.1731, allocations: 4.23 MB / 492.9 MB, free: 14.18 MB / 378.7 MB
Notification: Performance of solveInitialSystemEqSystem (initialization): time 1.794e-05/0.1732, allocations: 8 kB / 492.9 MB, free: 14.17 MB / 378.7 MB
Notification: Performance of matching and sorting (n=343) (initialization): time 0.006713/0.1799, allocations: 4.504 MB / 497.5 MB, free: 9.527 MB / 378.7 MB
Notification: Performance of prepare postOptimizeDAE: time 0.0002921/0.1802, allocations: 0.7763 MB / 498.2 MB, free: 8.609 MB / 378.7 MB
Notification: Performance of postOpt simplifyComplexFunction (initialization): time 0.003944/0.1842, allocations: 2.643 MB / 0.4891 GB, free: 5.875 MB / 378.7 MB
Notification: Performance of postOpt tearingSystem (initialization): time 0.002012/0.1862, allocations: 408.5 kB / 0.4895 GB, free: 5.473 MB / 378.7 MB
Notification: Performance of postOpt solveSimpleEquations (initialization): time 0.0009808/0.1872, allocations: 287.3 kB / 0.4898 GB, free: 5.191 MB / 378.7 MB
Notification: Performance of postOpt calculateStrongComponentJacobians (initialization): time 0.001021/0.1882, allocations: 0.9846 MB / 0.4908 GB, free: 4.184 MB / 378.7 MB
Notification: Performance of postOpt simplifyAllExpressions (initialization): time 0.001595/0.1898, allocations: 321.2 kB / 0.4911 GB, free: 3.867 MB / 378.7 MB
Notification: Performance of postOpt collapseArrayExpressions (initialization): time 0.0002452/0.1901, allocations: 140 kB / 0.4912 GB, free: 3.73 MB / 378.7 MB
Warning: Assuming fixed start value for the following 36 variables:
         P2.enableOut.Index:DISCRETE(fixed = true protected = true )  type: Integer
         P2.enableOut.endWhile:DISCRETE(fixed = true protected = true )  type: Boolean
         P2.enableOut.sumEnablingProbTAout:DISCRETE(fixed = true protected = true )  "sum of the enabling probabilities of the active output transitions" type: Real
         P2.enableOut.posTE:DISCRETE(fixed = true protected = true )  "possible enabled transition" type: Integer
         P2.enableOut.k:DISCRETE(fixed = true protected = true )  "iteration index" type: Integer
         P2.enableOut.nTAout:DISCRETE(fixed = true protected = true )  "number of active output transitions" type: Integer
         P2.enableOut.nremTAout:DISCRETE(fixed = true protected = true )  "number of remaining active output transitions" type: Integer
         P2.enableOut.arcWeightSum:DISCRETE(fixed = true protected = true )  "arc weight sum" type: Real
         P2.enableIn.posTE:DISCRETE(fixed = true protected = true )  "possible enabled transition" type: Integer
         P2.enableIn.k:DISCRETE(fixed = true protected = true )  "iteration index" type: Integer
         P2.enableIn.endWhile:DISCRETE(fixed = true protected = true )  type: Boolean
         P2.enableIn.sumEnablingProbTAin:DISCRETE(fixed = true protected = true )  "sum of the enabling probabilities of the active input transitions" type: Real
         P2.enableIn.nTAin:DISCRETE(fixed = true protected = true )  "number ofactive input transitions" type: Integer
         P2.enableIn.nremTAin:DISCRETE(fixed = true protected = true )  "number of remaining active input transitions" type: Integer
         P2.enableIn.Index:DISCRETE(fixed = true protected = true )  "priority Index" type: Integer
         P2.enableIn.arcWeightSum:DISCRETE(fixed = true protected = true )  "arc weight sum" type: Real
         P1.enableOut.posTE:DISCRETE(fixed = true protected = true )  "possible enabled transition" type: Integer
         P1.enableOut.k:DISCRETE(fixed = true protected = true )  "iteration index" type: Integer
         P1.enableOut.endWhile:DISCRETE(fixed = true protected = true )  type: Boolean
         P1.enableOut.sumEnablingProbTAout:DISCRETE(fixed = true protected = true )  "sum of the enabling probabilities of the active output transitions" type: Real
         P1.enableOut.nTAout:DISCRETE(fixed = true protected = true )  "number of active output transitions" type: Integer
         P1.enableOut.nremTAout:DISCRETE(fixed = true protected = true )  "number of remaining active output transitions" type: Integer
         P1.enableOut.Index:DISCRETE(fixed = true protected = true )  type: Integer
         P1.enableOut.arcWeightSum:DISCRETE(fixed = true protected = true )  "arc weight sum" type: Real
         P1.enableIn.posTE:DISCRETE(fixed = true protected = true )  "possible enabled transition" type: Integer
         P1.enableIn.k:DISCRETE(fixed = true protected = true )  "iteration index" type: Integer
         P1.enableIn.endWhile:DISCRETE(fixed = true protected = true )  type: Boolean
         P1.enableIn.sumEnablingProbTAin:DISCRETE(fixed = true protected = true )  "sum of the enabling probabilities of the active input transitions" type: Real
         P1.enableIn.nTAin:DISCRETE(fixed = true protected = true )  "number ofactive input transitions" type: Integer
         P1.enableIn.nremTAin:DISCRETE(fixed = true protected = true )  "number of remaining active input transitions" type: Integer
         P1.enableIn.Index:DISCRETE(fixed = true protected = true )  "priority Index" type: Integer
         P1.enableIn.arcWeightSum:DISCRETE(fixed = true protected = true )  "arc weight sum" type: Real
         P2.disMarksIn.anytrue:DISCRETE(fixed = true protected = true )  type: Boolean
         P2.disMarksOut.anytrue:DISCRETE(fixed = true protected = true )  type: Boolean
         P1.disMarksIn.anytrue:DISCRETE(fixed = true protected = true )  type: Boolean
         P1.disMarksOut.anytrue:DISCRETE(fixed = true protected = true )  type: Boolean
Notification: Model statistics after passing the back-end for initialization:
 * Number of independent subsystems: 117
 * Number of states: 0 ()
 * Number of discrete variables: 265 ($PRE.P2.enableOut.Index,P2.enableOut.Index,$PRE.P2.enableOut.endWhile,P2.enableOut.endWhile,$PRE.P2.enableOut.sumEnablingProbTAout,P2.enableOut.sumEnablingProbTAout,P2.enableOut.randNum,$PRE.P2.enableOut.randNum,P2.enableOut.state128[4],$PRE.P2.enableOut.state128[4],P2.enableOut.state128[3],$PRE.P2.enableOut.state128[3],P2.enableOut.state128[2],$PRE.P2.enableOut.state128[2],P2.enableOut.state128[1],$PRE.P2.enableOut.state128[1],$PRE.P2.enableOut.posTE,P2.enableOut.posTE,$PRE.P2.enableOut.k,P2.enableOut.k,$PRE.P2.enableOut.nTAout,P2.enableOut.nTAout,$PRE.P2.enableOut.nremTAout,P2.enableOut.nremTAout,$PRE.P2.enableOut.arcWeightSum,P2.enableOut.arcWeightSum,P2.delayPassedOut.numtrue,P2.delayPassedOut.anytrue,$whenCondition6,$PRE.P2.enableIn.posTE,P2.enableIn.posTE,$PRE.P2.enableIn.k,P2.enableIn.k,$PRE.P2.enableIn.endWhile,P2.enableIn.endWhile,P2.enableIn.randNum,$PRE.P2.enableIn.randNum,P2.enableIn.state128[4],$PRE.P2.enableIn.state128[4],P2.enableIn.state128[3],$PRE.P2.enableIn.state128[3],P2.enableIn.state128[2],$PRE.P2.enableIn.state128[2],P2.enableIn.state128[1],$PRE.P2.enableIn.state128[1],P2.enableIn.cumEnablingProb[1],$PRE.P2.enableIn.cumEnablingProb[1],$PRE.P2.enableIn.sumEnablingProbTAin,P2.enableIn.sumEnablingProbTAin,$PRE.P2.enableIn.nTAin,P2.enableIn.nTAin,$PRE.P2.enableIn.nremTAin,P2.enableIn.nremTAin,P2.enableIn.remTAin[1],$PRE.P2.enableIn.remTAin[1],$PRE.P2.enableIn.Index,P2.enableIn.Index,$PRE.P2.enableIn.arcWeightSum,P2.enableIn.arcWeightSum,P2.enableIn.disTAin[1],$PRE.P2.enableIn.disTAin[1],$PRE.P1.enableOut.posTE,P1.enableOut.posTE,$PRE.P1.enableOut.k,P1.enableOut.k,$PRE.P1.enableOut.endWhile,P1.enableOut.endWhile,P1.enableOut.randNum,$PRE.P1.enableOut.randNum,P1.enableOut.state128[4],$PRE.P1.enableOut.state128[4],P1.enableOut.state128[3],$PRE.P1.enableOut.state128[3],P1.enableOut.state128[2],$PRE.P1.enableOut.state128[2],P1.enableOut.state128[1],$PRE.P1.enableOut.state128[1],P1.enableOut.cumEnablingProb[1],$PRE.P1.enableOut.cumEnablingProb[1],$PRE.P1.enableOut.sumEnablingProbTAout,P1.enableOut.sumEnablingProbTAout,$PRE.P1.enableOut.nTAout,P1.enableOut.nTAout,$PRE.P1.enableOut.nremTAout,P1.enableOut.nremTAout,P1.enableOut.remTAout[1],$PRE.P1.enableOut.remTAout[1],$PRE.P1.enableOut.Index,P1.enableOut.Index,$PRE.P1.enableOut.arcWeightSum,P1.enableOut.arcWeightSum,P1.enableOut.disTAout[1],$PRE.P1.enableOut.disTAout[1],$PRE.P1.enableIn.posTE,P1.enableIn.posTE,$PRE.P1.enableIn.k,P1.enableIn.k,$PRE.P1.enableIn.endWhile,P1.enableIn.endWhile,P1.enableIn.randNum,$PRE.P1.enableIn.randNum,P1.enableIn.state128[4],$PRE.P1.enableIn.state128[4],P1.enableIn.state128[3],$PRE.P1.enableIn.state128[3],P1.enableIn.state128[2],$PRE.P1.enableIn.state128[2],P1.enableIn.state128[1],$PRE.P1.enableIn.state128[1],P1.enableIn.cumEnablingProb[2],$PRE.P1.enableIn.cumEnablingProb[2],P1.enableIn.cumEnablingProb[1],$PRE.P1.enableIn.cumEnablingProb[1],$PRE.P1.enableIn.sumEnablingProbTAin,P1.enableIn.sumEnablingProbTAin,$PRE.P1.enableIn.nTAin,P1.enableIn.nTAin,$PRE.P1.enableIn.nremTAin,P1.enableIn.nremTAin,P1.enableIn.remTAin[2],$PRE.P1.enableIn.remTAin[2],P1.enableIn.remTAin[1],$PRE.P1.enableIn.remTAin[1],$PRE.P1.enableIn.Index,P1.enableIn.Index,$PRE.P1.enableIn.arcWeightSum,P1.enableIn.arcWeightSum,P1.enableIn.disTAin[2],$PRE.P1.enableIn.disTAin[2],P1.enableIn.disTAin[1],$PRE.P1.enableIn.disTAin[1],T3.inPlaces[1].tokenInOut,$PRE.P1.disMarksInOut,$PRE.P2.disMarksIn.anytrue,$PRE.P2.disMarksOut.anytrue,P2.disMarksInOut,$whenCondition5,$PRE.P1.disMarksIn.anytrue,$PRE.P1.disMarksOut.anytrue,P1.disMarksInOut,$whenCondition4,P2.disMarksOut.numtrue,P2.disMarksOut.anytrue,P2.inTransition[1].disPlace,P2.inTransition[1].maxTokensint,P2.inTransition[1].tint,T3.outPlaces[1].disTransition,T3.outPlaces[1].enabledByInPlaces,P2.reStart,T3.firingCon,T3.inPlaces[1].disTransition,P1.outTransition[1].normalArc,P1.outTransition[1].testValueint,P1.outTransition[1].arcType,P1.outTransition[1].disPlace,P1.outTransition[1].minTokensint,P1.outTransition[1].tint,T2.firingCon,T2.outPlaces[1].disTransition,T2.outPlaces[1].enabledByInPlaces,P1.inTransition[2].disPlace,P1.inTransition[2].maxTokensint,P1.inTransition[2].tint,P1.inTransition[1].disPlace,P1.inTransition[1].maxTokensint,P1.inTransition[1].tint,T1.outPlaces[1].disTransition,T1.outPlaces[1].enabledByInPlaces,P1.reStart,T1.firingCon,P1.disMarksOut.vec[1],P1.disMarksOut.numtrue,P1.disMarksOut.anytrue,P1.disMarksIn.vec[1],P1.disMarksIn.vec[2],P1.disMarksIn.numtrue,P1.disMarksIn.anytrue,P2.disMarksIn.vec[1],P2.disMarksIn.numtrue,P2.disMarksIn.anytrue,T2.fire_,T1.fire_,T1.activation.arcWeightIntOut[1],P1.delayPassedOut.vec[1],P1.delayPassedIn.vec[1],P1.delayPassedIn.vec[2],T2.activation.arcWeightIntOut[1],T3.activation.arcWeightIntIn[1],T3.activation.arcWeightIntOut[1],P2.delayPassedIn.vec[1],T3.activation.disPlaceOut[1],T3.activation.maxTokensInt[1],T3.activation.tIntOut[1],T3.activation.normalArc[1],T3.activation.testValueInt[1],T3.activation.arcType[1],T3.activation.disPlaceIn[1],T3.activation.minTokensInt[1],T3.activation.tIntIn[1],T2.activation.disPlaceOut[1],T2.activation.maxTokensInt[1],T2.activation.tIntOut[1],T1.activation.disPlaceOut[1],T1.activation.maxTokensInt[1],T1.activation.tIntOut[1],P2.emptying.numtrue,P2.emptying.anytrue,P2.feeding.numtrue,P2.feeding.anytrue,P2.feeding.vec[1],P2.delayPassedIn.numtrue,P2.delayPassedIn.anytrue,P2.enableIn.TEin[1],$PRE.P2.enableIn.TEin[1],P2.enableIn.TEin_[1],P2.enableIn.active[1],P2.fireIn[1],$PRE.P2.fireIn[1],T3.fire_,T3.activation.NoTokens,T3.activation.weaklyOutputActiveVec[1],T3.activation.weaklyInputActiveVec[1],T3.activation.active,T3.activation.emptied[1],T3.activation.fed[1],T2.activation.NoTokens,T2.activation.weaklyOutputActiveVec[1],T2.activation.active,T2.activation.emptied[1],P1.emptying.numtrue,P1.emptying.anytrue,P1.emptying.vec[1],P1.feeding.numtrue,P1.feeding.anytrue,P1.feeding.vec[2],P1.feeding.vec[1],P1.delayPassedIn.numtrue,P1.delayPassedIn.anytrue,P1.delayPassedOut.numtrue,P1.delayPassedOut.anytrue,P1.enableOut.TEout[1],$PRE.P1.enableOut.TEout[1],P1.enableOut.TEout_[1],P1.enableOut.TAout[1],P1.enableIn.TEin[2],$PRE.P1.enableIn.TEin[2],P1.enableIn.TEin[1],$PRE.P1.enableIn.TEin[1],P1.enableIn.TEin_[2],P1.enableIn.TEin_[1],P1.enableIn.active[2],P1.enableIn.active[1],P1.fireOut[1],$PRE.P1.fireOut[1],P1.fireIn[2],$PRE.P1.fireIn[2],P1.fireIn[1],$PRE.P1.fireIn[1],T1.activation.NoTokens,T1.activation.weaklyOutputActiveVec[1],T1.activation.active,T1.activation.emptied[1],$whenCondition3,$whenCondition2,$whenCondition1)
 * Number of discrete states: 0 ()
 * Number of clocked states: 0 ()
 * Top-level inputs: 0
Notification: Strong component statistics for initialization (286):
 * Single equations (assignments): 262
 * Array equations: 0
 * Algorithm blocks: 23
 * Record equations: 0
 * When equations: 0
 * If-equations: 0
 * Equation systems (not torn): 0
 * Torn equation systems: 1
 * Mixed (continuous/discrete) equation systems: 0
Notification: Torn system details for strict tearing set:
 * Linear torn systems (#iteration vars, #inner vars, density): 0 systems
 * Non-linear torn systems (#iteration vars, #inner vars): 1 system
   {(3,14)}
Notification: Performance of prepare postOptimizeDAE: time 0.002396/0.1925, allocations: 1.679 MB / 0.4928 GB, free: 1.926 MB / 378.7 MB
Notification: Performance of postOpt lateInlineFunction (simulation): time 0.0005739/0.1931, allocations: 174.5 kB / 0.493 GB, free: 1.754 MB / 378.7 MB
Notification: Performance of postOpt wrapFunctionCalls (simulation): time 0.2244/0.4175, allocations: 5.038 MB / 0.4979 GB, free: 74.86 MB / 378.7 MB
Notification: Performance of postOpt inlineArrayEqn (simulation): time 2.412e-05/0.4176, allocations: 8.344 kB / 0.4979 GB, free: 74.86 MB / 378.7 MB
Notification: Performance of postOpt constantLinearSystem (simulation): time 8.286e-06/0.4176, allocations: 0.875 kB / 0.4979 GB, free: 74.86 MB / 378.7 MB
Notification: Performance of postOpt simplifysemiLinear (simulation): time 1.301e-05/0.4176, allocations: 3.812 kB / 0.4979 GB, free: 74.86 MB / 378.7 MB
Notification: Performance of postOpt removeSimpleEquations (simulation): time 0.01174/0.4293, allocations: 7.361 MB / 0.5051 GB, free: 73.97 MB / 378.7 MB
Notification: Performance of postOpt simplifyComplexFunction (simulation): time 0.007989/0.4374, allocations: 4.854 MB / 0.5099 GB, free: 72.86 MB / 378.7 MB
Notification: Performance of postOpt solveSimpleEquations (simulation): time 0.0003794/0.4378, allocations: 69.48 kB / 0.5099 GB, free: 72.86 MB / 378.7 MB
Notification: Performance of postOpt tearingSystem (simulation): time 0.001074/0.4389, allocations: 321.4 kB / 0.5102 GB, free: 72.81 MB / 378.7 MB
Notification: Performance of postOpt inputDerivativesUsed (simulation): time 0.0002355/0.4391, allocations: 103.3 kB / 0.5103 GB, free: 72.79 MB / 378.7 MB
Notification: Performance of postOpt calculateStrongComponentJacobians (simulation): time 0.0009642/0.4401, allocations: 0.9641 MB / 0.5113 GB, free: 72.15 MB / 378.7 MB
Notification: Performance of postOpt calculateStateSetsJacobians (simulation): time 2.174e-06/0.4401, allocations: 0 / 0.5113 GB, free: 72.15 MB / 378.7 MB
Notification: Performance of postOpt symbolicJacobian (simulation): time 0.01055/0.4507, allocations: 7.451 MB / 0.5186 GB, free: 66.92 MB / 378.7 MB
Notification: Performance of postOpt removeConstants (simulation): time 0.0001798/0.4509, allocations: 203.8 kB / 0.5187 GB, free: 66.76 MB / 378.7 MB
Notification: Performance of postOpt simplifyTimeIndepFuncCalls (simulation): time 0.0004961/0.4514, allocations: 172 kB / 0.5189 GB, free: 66.59 MB / 378.7 MB
Notification: Performance of postOpt simplifyAllExpressions (simulation): time 0.001301/0.4527, allocations: 166.5 kB / 0.5191 GB, free: 66.43 MB / 378.7 MB
Notification: Performance of postOpt findZeroCrossings (simulation): time 0.0006566/0.4534, allocations: 386.5 kB / 0.5194 GB, free: 66.06 MB / 378.7 MB
Notification: Performance of postOpt collapseArrayExpressions (simulation): time 0.000249/0.4536, allocations: 118.3 kB / 0.5196 GB, free: 65.95 MB / 378.7 MB
Notification: Performance of sorting global known variables: time 0.0005104/0.4541, allocations: 471 kB / 0.52 GB, free: 65.48 MB / 378.7 MB
Notification: Performance of sort global known variables: time 3.2e-07/0.4542, allocations: 3.656 kB / 0.52 GB, free: 65.48 MB / 378.7 MB
Notification: Performance of remove unused functions: time 0.001945/0.4561, allocations: 0.6883 MB / 0.5207 GB, free: 64.8 MB / 378.7 MB
Notification: Model statistics after passing the back-end for simulation:
 * Number of independent subsystems: 3
 * Number of states: 2 (P1.t_,P2.t_)
 * Number of discrete variables: 133 (P2.disMarksInOut,$cse4[1],$whenCondition5,$whenCondition4,$whenCondition1,$whenCondition2,$whenCondition3,T1.activation.emptied[1],T1.activation.active,T1.activation.weaklyOutputActiveVec[1],T1.activation.NoTokens,P1.disMarksInOut,P1.fireIn[1],P1.fireIn[2],P1.fireOut[1],P1.enableIn.active[1],P1.enableIn.active[2],P1.enableIn.TEin_[1],P1.enableIn.TEin_[2],P1.enableIn.state128[1],P1.enableIn.state128[2],P1.enableIn.state128[3],P1.enableIn.state128[4],P1.enableIn.TEin[1],P1.enableIn.TEin[2],P1.enableIn.disTAin[1],P1.enableIn.disTAin[2],P1.enableIn.remTAin[1],P1.enableIn.remTAin[2],P1.enableIn.cumEnablingProb[1],P1.enableIn.cumEnablingProb[2],P1.enableIn.arcWeightSum,P1.enableIn.nremTAin,P1.enableIn.nTAin,P1.enableIn.k,P1.enableIn.posTE,P1.enableIn.randNum,P1.enableIn.sumEnablingProbTAin,P1.enableIn.endWhile,P1.enableIn.Index,P1.enableOut.TAout[1],P1.enableOut.TEout_[1],P1.enableOut.state128[1],P1.enableOut.state128[2],P1.enableOut.state128[3],P1.enableOut.state128[4],P1.enableOut.TEout[1],P1.enableOut.disTAout[1],P1.enableOut.remTAout[1],P1.enableOut.cumEnablingProb[1],P1.enableOut.arcWeightSum,P1.enableOut.nremTAout,P1.enableOut.nTAout,P1.enableOut.k,P1.enableOut.posTE,P1.enableOut.randNum,P1.enableOut.sumEnablingProbTAout,P1.enableOut.endWhile,P1.enableOut.Index,P1.delayPassedOut.anytrue,P1.delayPassedOut.numtrue,P1.delayPassedIn.anytrue,P1.delayPassedIn.numtrue,P1.disMarksOut.anytrue,P1.disMarksOut.numtrue,P1.disMarksIn.anytrue,P1.disMarksIn.numtrue,P1.feeding.vec[1],P1.feeding.vec[2],P1.feeding.anytrue,P1.feeding.numtrue,P1.emptying.vec[1],P1.emptying.anytrue,P1.emptying.numtrue,T2.activation.emptied[1],T2.activation.active,T2.activation.weaklyOutputActiveVec[1],T2.activation.NoTokens,T3.inPlaces[1].tokenInOut,T3.activation.fed[1],T3.activation.emptied[1],T3.activation.active,T3.activation.weaklyInputActiveVec[1],T3.activation.weaklyOutputActiveVec[1],T3.activation.NoTokens,T3.fire_,P2.fireIn[1],P2.enableIn.active[1],P2.enableIn.TEin_[1],P2.enableIn.state128[1],P2.enableIn.state128[2],P2.enableIn.state128[3],P2.enableIn.state128[4],P2.enableIn.TEin[1],P2.enableIn.disTAin[1],P2.enableIn.remTAin[1],P2.enableIn.cumEnablingProb[1],P2.enableIn.arcWeightSum,P2.enableIn.nremTAin,P2.enableIn.nTAin,P2.enableIn.k,P2.enableIn.posTE,P2.enableIn.randNum,P2.enableIn.sumEnablingProbTAin,P2.enableIn.endWhile,P2.enableIn.Index,P2.delayPassedIn.anytrue,P2.delayPassedIn.numtrue,P2.disMarksOut.anytrue,P2.disMarksOut.numtrue,P2.disMarksIn.anytrue,P2.disMarksIn.numtrue,P2.feeding.vec[1],P2.feeding.anytrue,P2.feeding.numtrue,P2.emptying.anytrue,P2.emptying.numtrue,$whenCondition6,P2.enableOut.state128[1],P2.enableOut.state128[2],P2.enableOut.state128[3],P2.enableOut.state128[4],P2.enableOut.arcWeightSum,P2.enableOut.nremTAout,P2.enableOut.nTAout,P2.enableOut.k,P2.enableOut.posTE,P2.enableOut.randNum,P2.enableOut.sumEnablingProbTAout,P2.enableOut.endWhile,P2.enableOut.Index,P2.delayPassedOut.anytrue,P2.delayPassedOut.numtrue)
 * Number of discrete states: 117 (P2.delayPassedOut.numtrue,P2.delayPassedOut.anytrue,P2.enableOut.Index,P2.enableOut.endWhile,P2.enableOut.sumEnablingProbTAout,P2.enableOut.state128[4],P2.enableOut.state128[3],P2.enableOut.state128[2],P2.enableOut.state128[1],P2.enableOut.randNum,P2.enableOut.posTE,P2.enableOut.k,P2.enableOut.nTAout,P2.enableOut.nremTAout,P2.enableOut.arcWeightSum,$whenCondition6,P1.disMarksInOut,P2.fireIn[1],P2.disMarksOut.anytrue,P2.disMarksIn.anytrue,P1.fireIn[2],P1.fireIn[1],P1.fireOut[1],P1.disMarksOut.anytrue,P1.disMarksIn.anytrue,P2.emptying.numtrue,P2.emptying.anytrue,P2.feeding.numtrue,P2.feeding.anytrue,P2.disMarksIn.numtrue,P2.disMarksOut.numtrue,P2.delayPassedIn.numtrue,P2.delayPassedIn.anytrue,P1.emptying.numtrue,P1.emptying.anytrue,T2.activation.weaklyOutputActiveVec[1],T2.activation.active,T2.activation.NoTokens,P1.feeding.numtrue,P1.feeding.anytrue,T3.activation.weaklyOutputActiveVec[1],T3.activation.weaklyInputActiveVec[1],T3.activation.active,T3.activation.NoTokens,P2.enableIn.TEin_[1],P2.enableIn.posTE,P2.enableIn.k,P2.enableIn.endWhile,P2.enableIn.state128[4],P2.enableIn.state128[3],P2.enableIn.state128[2],P2.enableIn.state128[1],P2.enableIn.randNum,P2.enableIn.cumEnablingProb[1],P2.enableIn.sumEnablingProbTAin,P2.enableIn.nTAin,P2.enableIn.nremTAin,P2.enableIn.remTAin[1],P2.enableIn.Index,P2.enableIn.arcWeightSum,P2.enableIn.disTAin[1],$whenCondition3,P2.enableIn.TEin[1],P1.disMarksIn.numtrue,P1.disMarksOut.numtrue,P1.delayPassedIn.numtrue,P1.delayPassedIn.anytrue,P1.delayPassedOut.numtrue,P1.delayPassedOut.anytrue,P1.enableOut.TEout_[1],P1.enableOut.posTE,P1.enableOut.k,P1.enableOut.endWhile,P1.enableOut.state128[4],P1.enableOut.state128[3],P1.enableOut.state128[2],P1.enableOut.state128[1],P1.enableOut.randNum,P1.enableOut.cumEnablingProb[1],P1.enableOut.sumEnablingProbTAout,P1.enableOut.nTAout,P1.enableOut.nremTAout,P1.enableOut.remTAout[1],P1.enableOut.Index,P1.enableOut.arcWeightSum,P1.enableOut.disTAout[1],$whenCondition2,P1.enableOut.TEout[1],T1.activation.weaklyOutputActiveVec[1],T1.activation.active,T1.activation.NoTokens,P1.enableIn.TEin_[2],P1.enableIn.TEin_[1],P1.enableIn.posTE,P1.enableIn.k,P1.enableIn.endWhile,P1.enableIn.state128[4],P1.enableIn.state128[3],P1.enableIn.state128[2],P1.enableIn.state128[1],P1.enableIn.randNum,P1.enableIn.cumEnablingProb[2],P1.enableIn.cumEnablingProb[1],P1.enableIn.sumEnablingProbTAin,P1.enableIn.nTAin,P1.enableIn.nremTAin,P1.enableIn.remTAin[2],P1.enableIn.remTAin[1],P1.enableIn.Index,P1.enableIn.arcWeightSum,P1.enableIn.disTAin[2],P1.enableIn.disTAin[1],$whenCondition1,P1.enableIn.TEin[2],P1.enableIn.TEin[1],P2.disMarkChange,P1.disMarkChange)
 * Number of clocked states: 0 ()
 * Top-level inputs: 0
Notification: Strong component statistics for simulation (73):
 * Single equations (assignments): 52
 * Array equations: 1
 * Algorithm blocks: 19
 * Record equations: 0
 * When equations: 0
 * If-equations: 0
 * Equation systems (not torn): 0
 * Torn equation systems: 1
 * Mixed (continuous/discrete) equation systems: 0
Notification: Torn system details for strict tearing set:
 * Linear torn systems (#iteration vars, #inner vars, density): 0 systems
 * Non-linear torn systems (#iteration vars, #inner vars): 1 system
   {(3,17)}
Notification: Performance of Backend phase and start with SimCode phase: time 0.001021/0.4571, allocations: 0.5263 MB / 0.5212 GB, free: 64.34 MB / 378.7 MB
Notification: Performance of simCode: created initialization part: time 0.005868/0.463, allocations: 5.277 MB / 0.5263 GB, free: 58.86 MB / 378.7 MB
Notification: Performance of simCode: created event and clocks part: time 3.947e-06/0.463, allocations: 0 / 0.5263 GB, free: 58.86 MB / 378.7 MB
Notification: Performance of simCode: created simulation system equations: time 0.004928/0.468, allocations: 6.639 MB / 0.5328 GB, free: 51.99 MB / 378.7 MB
Notification: Performance of simCode: created of all other equations (e.g. parameter, nominal, assert, etc): time 0.001059/0.4691, allocations: 223.3 kB / 0.533 GB, free: 51.78 MB / 378.7 MB
Notification: Performance of simCode: created linear, non-linear and system jacobian parts: time 0.006627/0.4757, allocations: 4.278 MB / 0.5372 GB, free: 47.48 MB / 378.7 MB
Notification: Performance of simCode: some other stuff during SimCode phase: time 0.0008068/0.4765, allocations: 1.449 MB / 0.5386 GB, free: 46.02 MB / 378.7 MB
Notification: Performance of simCode: alias equations: time 0.0007663/0.4773, allocations: 331.8 kB / 0.539 GB, free: 45.71 MB / 378.7 MB
Notification: Performance of simCode: all other stuff during SimCode phase: time 0.0001719/0.4775, allocations: 87.42 kB / 0.539 GB, free: 45.62 MB / 378.7 MB
Notification: Performance of SimCode: time 6.32e-07/0.4775, allocations: 0 / 0.539 GB, free: 45.62 MB / 378.7 MB
Notification: Performance of Templates: time 0.04174/0.5192, allocations: 29.14 MB / 0.5675 GB, free: 16.38 MB / 378.7 MB
make -j1 -f PNlib_2.2_PNlib.Examples.ConTest.Speed.makefile
(rm -f PNlib_2.2_PNlib.Examples.ConTest.Speed.pipe ; mkfifo PNlib_2.2_PNlib.Examples.ConTest.Speed.pipe ; head -c 1048576 < PNlib_2.2_PNlib.Examples.ConTest.Speed.pipe >> ../files/PNlib_2.2_PNlib.Examples.ConTest.Speed.sim & ./PNlib_2.2_PNlib.Examples.ConTest.Speed  -abortSlowSimulation -alarm=480  -emit_protected -lv LOG_STATS > PNlib_2.2_PNlib.Examples.ConTest.Speed.pipe 2>&1)
diffSimulationResults("PNlib_2.2_PNlib.Examples.ConTest.Speed_res.mat","/home/runner/work/PNlib/PNlib/ReferenceFiles/PNlib.Examples.ConTest.Speed.mat","../files/PNlib_2.2_PNlib.Examples.ConTest.Speed.diff",relTol=0.003,relTolDiffMinMax=0.003,rangeDelta=0.001)
Reference file matches
