Running: ./testmodel.py --libraries=/home/runner/.openmodelica/libraries/ --ompython_omhome= PNlib_2.2_PNlib.Examples.ConTest.LoopAndArcweight.conf.json
loadFile("/home/runner/.openmodelica/libraries/ModelicaServices 4.0.0+maint.om/package.mo", uses=false)
loadFile("/home/runner/.openmodelica/libraries/Complex 4.0.0+maint.om/package.mo", uses=false)
loadFile("/home/runner/.openmodelica/libraries/Modelica 4.0.0+maint.om/package.mo", uses=false)
loadFile("/home/runner/work/PNlib/PNlib/PNlib/package.mo", uses=false)
Using package PNlib with version 2.2 (/home/runner/work/PNlib/PNlib/PNlib/package.mo)
Using package Modelica with version 4.0.0 (/home/runner/.openmodelica/libraries/Modelica 4.0.0+maint.om/package.mo)
Using package Complex with version 4.0.0 (/home/runner/.openmodelica/libraries/Complex 4.0.0+maint.om/package.mo)
Using package ModelicaServices with version 4.0.0 (/home/runner/.openmodelica/libraries/ModelicaServices 4.0.0+maint.om/package.mo)
Running command: translateModel(PNlib.Examples.ConTest.LoopAndArcweight,tolerance=1e-06,outputFormat="mat",numberOfIntervals=5000,variableFilter="P1.t|P2.t|T1.fire|T1.instantaneousSpeed|T1.maximumSpeed|time",fileNamePrefix="PNlib_2.2_PNlib.Examples.ConTest.LoopAndArcweight")
translateModel(PNlib.Examples.ConTest.LoopAndArcweight,tolerance=1e-06,outputFormat="mat",numberOfIntervals=5000,variableFilter="P1.t|P2.t|T1.fire|T1.instantaneousSpeed|T1.maximumSpeed|time",fileNamePrefix="PNlib_2.2_PNlib.Examples.ConTest.LoopAndArcweight")
Notification: Performance of loadFile(/home/runner/.openmodelica/libraries/ModelicaServices 4.0.0+maint.om/package.mo): time 0.001004/0.001004, allocations: 93.8 kB / 15.67 MB, free: 5.309 MB / 13.93 MB
Notification: Performance of loadFile(/home/runner/.openmodelica/libraries/Complex 4.0.0+maint.om/package.mo): time 0.001055/0.001055, allocations: 176 kB / 16.59 MB, free: 4.539 MB / 13.93 MB
Notification: Performance of loadFile(/home/runner/.openmodelica/libraries/Modelica 4.0.0+maint.om/package.mo): time 1.691/1.691, allocations: 222.1 MB / 239.5 MB, free: 11.03 MB / 202.7 MB
Notification: Performance of loadFile(/home/runner/work/PNlib/PNlib/PNlib/package.mo): time 0.09515/0.09515, allocations: 16.58 MB / 306.3 MB, free: 10.51 MB / 250.7 MB
Notification: Performance of FrontEnd - loaded program: time 0.0006326/0.0006327, allocations: 15.98 kB / 371.4 MB, free: 44.84 MB / 298.7 MB
Notification: Performance of FrontEnd - Absyn->SCode: time 0.08113/0.08179, allocations: 53.47 MB / 424.8 MB, free: 5.184 MB / 298.7 MB
Notification: Performance of NFInst.instantiate(PNlib.Examples.ConTest.LoopAndArcweight): time 0.003553/0.08539, allocations: 2.711 MB / 427.5 MB, free: 2.465 MB / 298.7 MB
Notification: Performance of NFInst.instExpressions: time 0.003697/0.08911, allocations: 2.271 MB / 429.8 MB, free: 200 kB / 298.7 MB
Notification: Performance of NFInst.updateImplicitVariability: time 0.0003729/0.08953, allocations: 15.94 kB / 429.8 MB, free: 184 kB / 298.7 MB
Notification: Performance of NFTyping.typeComponents: time 0.0004918/0.09003, allocations: 214.2 kB / 430 MB, free: 15.97 MB / 314.7 MB
Notification: Performance of NFTyping.typeBindings: time 0.0007784/0.09082, allocations: 222.2 kB / 430.2 MB, free: 15.75 MB / 314.7 MB
Notification: Performance of NFTyping.typeClassSections: time 0.002584/0.09342, allocations: 1.032 MB / 431.3 MB, free: 14.72 MB / 314.7 MB
Notification: Performance of NFFlatten.flatten: time 0.003339/0.09677, allocations: 2.634 MB / 433.9 MB, free: 12.08 MB / 314.7 MB
Notification: Performance of NFFlatten.resolveConnections: time 0.0004562/0.09725, allocations: 375.3 kB / 434.3 MB, free: 11.71 MB / 314.7 MB
Notification: Performance of NFEvalConstants.evaluate: time 0.0008041/0.09807, allocations: 0.9815 MB / 435.3 MB, free: 10.72 MB / 314.7 MB
Notification: Performance of NFSimplifyModel.simplify: time 0.001432/0.09952, allocations: 0.7779 MB / 436 MB, free: 9.941 MB / 314.7 MB
Notification: Performance of NFPackage.collectConstants: time 0.0002603/0.0998, allocations: 204 kB / 436.2 MB, free: 9.742 MB / 314.7 MB
Notification: Performance of NFFlatten.collectFunctions: time 0.001069/0.1009, allocations: 0.601 MB / 436.8 MB, free: 9.141 MB / 314.7 MB
Notification: Performance of NFScalarize.scalarize: time 0.0003065/0.1012, allocations: 378.7 kB / 437.2 MB, free: 8.77 MB / 314.7 MB
Notification: Performance of NFVerifyModel.verify: time 0.0008728/0.1021, allocations: 0.879 MB / 438.1 MB, free: 7.887 MB / 314.7 MB
Notification: Performance of NFConvertDAE.convert: time 0.002229/0.1043, allocations: 2.306 MB / 440.4 MB, free: 5.574 MB / 314.7 MB
Notification: Performance of FrontEnd - DAE generated: time 4.037e-06/0.1043, allocations: 0 / 440.4 MB, free: 5.574 MB / 314.7 MB
Notification: Performance of FrontEnd: time 1.323e-06/0.1044, allocations: 0 / 440.4 MB, free: 5.574 MB / 314.7 MB
Notification: Performance of Transformations before backend: time 1.519e-05/0.1044, allocations: 0 / 440.4 MB, free: 5.574 MB / 314.7 MB
Notification: Model statistics after passing the front-end and creating the data structures used by the back-end:
 * Number of equations: 415
 * Number of variables: 415
Notification: Performance of Generate backend data structure: time 0.002952/0.1073, allocations: 2.371 MB / 442.8 MB, free: 3.02 MB / 314.7 MB
Notification: Performance of prepare preOptimizeDAE: time 3.839e-05/0.1074, allocations: 8.031 kB / 442.8 MB, free: 3.012 MB / 314.7 MB
Notification: Performance of preOpt normalInlineFunction (simulation): time 0.001963/0.1094, allocations: 350.9 kB / 443.1 MB, free: 2.668 MB / 314.7 MB
Notification: Performance of preOpt evaluateParameters (simulation): time 0.001276/0.1106, allocations: 0.7479 MB / 443.9 MB, free: 1.879 MB / 314.7 MB
Notification: Performance of preOpt simplifyIfEquations (simulation): time 0.0002735/0.1109, allocations: 397.8 kB / 444.2 MB, free: 1.434 MB / 314.7 MB
Notification: Performance of preOpt expandDerOperator (simulation): time 0.0002832/0.1112, allocations: 184 kB / 444.4 MB, free: 1.254 MB / 314.7 MB
Notification: Performance of preOpt clockPartitioning (simulation): time 0.005243/0.1165, allocations: 3.056 MB / 447.5 MB, free: 14.1 MB / 330.7 MB
Notification: Performance of preOpt findStateOrder (simulation): time 3.837e-05/0.1165, allocations: 0 / 447.5 MB, free: 14.1 MB / 330.7 MB
Notification: Performance of preOpt replaceEdgeChange (simulation): time 0.0002174/0.1168, allocations: 91.91 kB / 447.6 MB, free: 14.01 MB / 330.7 MB
Notification: Performance of preOpt inlineArrayEqn (simulation): time 0.0002417/0.117, allocations: 158.4 kB / 447.7 MB, free: 13.85 MB / 330.7 MB
Notification: Performance of preOpt removeEqualRHS (simulation): time 0.003849/0.1209, allocations: 2.224 MB / 450 MB, free: 11.62 MB / 330.7 MB
Notification: Performance of preOpt removeSimpleEquations (simulation): time 0.007961/0.1289, allocations: 5.73 MB / 455.7 MB, free: 5.719 MB / 330.7 MB
Notification: Performance of preOpt comSubExp (simulation): time 0.003611/0.1325, allocations: 2.937 MB / 458.6 MB, free: 2.766 MB / 330.7 MB
Notification: Performance of preOpt resolveLoops (simulation): time 0.003034/0.1356, allocations: 2.749 MB / 461.4 MB, free: 12 kB / 330.7 MB
Notification: Performance of preOpt evalFunc (simulation): time 0.003651/0.1392, allocations: 5.828 MB / 467.2 MB, free: 8.906 MB / 346.7 MB
Notification: Performance of preOpt encapsulateWhenConditions (simulation): time 0.002934/0.1422, allocations: 1.712 MB / 468.9 MB, free: 7.152 MB / 346.7 MB
Notification: Performance of pre-optimization done (n=148): time 3.427e-06/0.1422, allocations: 0 / 468.9 MB, free: 7.152 MB / 346.7 MB
Notification: Performance of matching and sorting (n=148): time 0.009334/0.1516, allocations: 5.441 MB / 474.4 MB, free: 1.582 MB / 346.7 MB
Notification: Performance of inlineWhenForInitialization (initialization): time 0.0008869/0.1525, allocations: 1.077 MB / 475.4 MB, free: 316 kB / 346.7 MB
Notification: Performance of selectInitializationVariablesDAE (initialization): time 0.00111/0.1536, allocations: 0.6854 MB / 476.1 MB, free: 15.61 MB / 362.7 MB
Notification: Performance of collectPreVariables (initialization): time 0.0002236/0.1539, allocations: 101.7 kB / 476.2 MB, free: 15.5 MB / 362.7 MB
Notification: Performance of collectInitialEqns (initialization): time 0.000539/0.1544, allocations: 0.5076 MB / 476.7 MB, free: 14.98 MB / 362.7 MB
Notification: Performance of collectInitialBindings (initialization): time 0.000545/0.155, allocations: 391.2 kB / 477.1 MB, free: 14.59 MB / 362.7 MB
Notification: Performance of simplifyInitialFunctions (initialization): time 0.0006055/0.1556, allocations: 475.7 kB / 477.6 MB, free: 14.12 MB / 362.7 MB
Notification: Performance of setup shared object (initialization): time 5.219e-05/0.1556, allocations: 338 kB / 477.9 MB, free: 13.79 MB / 362.7 MB
Notification: Performance of preBalanceInitialSystem (initialization): time 0.001499/0.1572, allocations: 0.9059 MB / 478.8 MB, free: 12.88 MB / 362.7 MB
Notification: Performance of partitionIndependentBlocks (initialization): time 0.001881/0.159, allocations: 1.632 MB / 480.4 MB, free: 10.92 MB / 362.7 MB
Notification: Performance of analyzeInitialSystem (initialization): time 0.003935/0.163, allocations: 3.618 MB / 484.1 MB, free: 6.777 MB / 362.7 MB
Notification: Performance of solveInitialSystemEqSystem (initialization): time 2.595e-05/0.163, allocations: 11.94 kB / 484.1 MB, free: 6.766 MB / 362.7 MB
Notification: Performance of matching and sorting (n=285) (initialization): time 0.005092/0.1681, allocations: 3.564 MB / 487.6 MB, free: 3.062 MB / 362.7 MB
Notification: Performance of prepare postOptimizeDAE: time 0.0004451/0.1686, allocations: 0.6942 MB / 488.3 MB, free: 2.242 MB / 362.7 MB
Notification: Performance of postOpt simplifyComplexFunction (initialization): time 0.003546/0.1722, allocations: 1.956 MB / 490.3 MB, free: 216 kB / 362.7 MB
Notification: Performance of postOpt tearingSystem (initialization): time 0.001536/0.1737, allocations: 288.6 kB / 490.6 MB, free: 15.93 MB / 378.7 MB
Notification: Performance of postOpt solveSimpleEquations (initialization): time 0.0009356/0.1747, allocations: 243.4 kB / 490.8 MB, free: 15.69 MB / 378.7 MB
Notification: Performance of postOpt calculateStrongComponentJacobians (initialization): time 0.0009421/0.1756, allocations: 0.8136 MB / 491.6 MB, free: 14.85 MB / 378.7 MB
Notification: Performance of postOpt simplifyAllExpressions (initialization): time 0.001225/0.1769, allocations: 261.7 kB / 491.9 MB, free: 14.59 MB / 378.7 MB
Notification: Performance of postOpt collapseArrayExpressions (initialization): time 0.0001787/0.1771, allocations: 116 kB / 492 MB, free: 14.48 MB / 378.7 MB
Warning: Assuming fixed start value for the following 36 variables:
         P2.enableOut.Index:DISCRETE(fixed = true protected = true )  type: Integer
         P2.enableOut.endWhile:DISCRETE(fixed = true protected = true )  type: Boolean
         P2.enableOut.sumEnablingProbTAout:DISCRETE(fixed = true protected = true )  "sum of the enabling probabilities of the active output transitions" type: Real
         P2.enableOut.posTE:DISCRETE(fixed = true protected = true )  "possible enabled transition" type: Integer
         P2.enableOut.k:DISCRETE(fixed = true protected = true )  "iteration index" type: Integer
         P2.enableOut.nTAout:DISCRETE(fixed = true protected = true )  "number of active output transitions" type: Integer
         P2.enableOut.nremTAout:DISCRETE(fixed = true protected = true )  "number of remaining active output transitions" type: Integer
         P2.enableOut.arcWeightSum:DISCRETE(fixed = true protected = true )  "arc weight sum" type: Real
         P2.enableIn.posTE:DISCRETE(fixed = true protected = true )  "possible enabled transition" type: Integer
         P2.enableIn.k:DISCRETE(fixed = true protected = true )  "iteration index" type: Integer
         P2.enableIn.endWhile:DISCRETE(fixed = true protected = true )  type: Boolean
         P2.enableIn.sumEnablingProbTAin:DISCRETE(fixed = true protected = true )  "sum of the enabling probabilities of the active input transitions" type: Real
         P2.enableIn.nTAin:DISCRETE(fixed = true protected = true )  "number ofactive input transitions" type: Integer
         P2.enableIn.nremTAin:DISCRETE(fixed = true protected = true )  "number of remaining active input transitions" type: Integer
         P2.enableIn.Index:DISCRETE(fixed = true protected = true )  "priority Index" type: Integer
         P2.enableIn.arcWeightSum:DISCRETE(fixed = true protected = true )  "arc weight sum" type: Real
         P1.enableOut.posTE:DISCRETE(fixed = true protected = true )  "possible enabled transition" type: Integer
         P1.enableOut.k:DISCRETE(fixed = true protected = true )  "iteration index" type: Integer
         P1.enableOut.endWhile:DISCRETE(fixed = true protected = true )  type: Boolean
         P1.enableOut.sumEnablingProbTAout:DISCRETE(fixed = true protected = true )  "sum of the enabling probabilities of the active output transitions" type: Real
         P1.enableOut.nTAout:DISCRETE(fixed = true protected = true )  "number of active output transitions" type: Integer
         P1.enableOut.nremTAout:DISCRETE(fixed = true protected = true )  "number of remaining active output transitions" type: Integer
         P1.enableOut.Index:DISCRETE(fixed = true protected = true )  type: Integer
         P1.enableOut.arcWeightSum:DISCRETE(fixed = true protected = true )  "arc weight sum" type: Real
         P1.enableIn.posTE:DISCRETE(fixed = true protected = true )  "possible enabled transition" type: Integer
         P1.enableIn.k:DISCRETE(fixed = true protected = true )  "iteration index" type: Integer
         P1.enableIn.endWhile:DISCRETE(fixed = true protected = true )  type: Boolean
         P1.enableIn.sumEnablingProbTAin:DISCRETE(fixed = true protected = true )  "sum of the enabling probabilities of the active input transitions" type: Real
         P1.enableIn.nTAin:DISCRETE(fixed = true protected = true )  "number ofactive input transitions" type: Integer
         P1.enableIn.nremTAin:DISCRETE(fixed = true protected = true )  "number of remaining active input transitions" type: Integer
         P1.enableIn.Index:DISCRETE(fixed = true protected = true )  "priority Index" type: Integer
         P1.enableIn.arcWeightSum:DISCRETE(fixed = true protected = true )  "arc weight sum" type: Real
         P2.disMarksIn.anytrue:DISCRETE(fixed = true protected = true )  type: Boolean
         P2.disMarksOut.anytrue:DISCRETE(fixed = true protected = true )  type: Boolean
         P1.disMarksIn.anytrue:DISCRETE(fixed = true protected = true )  type: Boolean
         P1.disMarksOut.anytrue:DISCRETE(fixed = true protected = true )  type: Boolean
Notification: Model statistics after passing the back-end for initialization:
 * Number of independent subsystems: 96
 * Number of states: 0 ()
 * Number of discrete variables: 231 ($PRE.P2.enableOut.Index,P2.enableOut.Index,$PRE.P2.enableOut.endWhile,P2.enableOut.endWhile,$PRE.P2.enableOut.sumEnablingProbTAout,P2.enableOut.sumEnablingProbTAout,P2.enableOut.randNum,$PRE.P2.enableOut.randNum,P2.enableOut.state128[4],$PRE.P2.enableOut.state128[4],P2.enableOut.state128[3],$PRE.P2.enableOut.state128[3],P2.enableOut.state128[2],$PRE.P2.enableOut.state128[2],P2.enableOut.state128[1],$PRE.P2.enableOut.state128[1],$PRE.P2.enableOut.posTE,P2.enableOut.posTE,$PRE.P2.enableOut.k,P2.enableOut.k,$PRE.P2.enableOut.nTAout,P2.enableOut.nTAout,$PRE.P2.enableOut.nremTAout,P2.enableOut.nremTAout,$PRE.P2.enableOut.arcWeightSum,P2.enableOut.arcWeightSum,P2.delayPassedOut.numtrue,P2.delayPassedOut.anytrue,$whenCondition6,$PRE.P2.enableIn.posTE,P2.enableIn.posTE,$PRE.P2.enableIn.k,P2.enableIn.k,$PRE.P2.enableIn.endWhile,P2.enableIn.endWhile,P2.enableIn.randNum,$PRE.P2.enableIn.randNum,P2.enableIn.state128[4],$PRE.P2.enableIn.state128[4],P2.enableIn.state128[3],$PRE.P2.enableIn.state128[3],P2.enableIn.state128[2],$PRE.P2.enableIn.state128[2],P2.enableIn.state128[1],$PRE.P2.enableIn.state128[1],P2.enableIn.cumEnablingProb[1],$PRE.P2.enableIn.cumEnablingProb[1],$PRE.P2.enableIn.sumEnablingProbTAin,P2.enableIn.sumEnablingProbTAin,$PRE.P2.enableIn.nTAin,P2.enableIn.nTAin,$PRE.P2.enableIn.nremTAin,P2.enableIn.nremTAin,P2.enableIn.remTAin[1],$PRE.P2.enableIn.remTAin[1],$PRE.P2.enableIn.Index,P2.enableIn.Index,$PRE.P2.enableIn.arcWeightSum,P2.enableIn.arcWeightSum,P2.enableIn.disTAin[1],$PRE.P2.enableIn.disTAin[1],$PRE.P1.enableOut.posTE,P1.enableOut.posTE,$PRE.P1.enableOut.k,P1.enableOut.k,$PRE.P1.enableOut.endWhile,P1.enableOut.endWhile,P1.enableOut.randNum,$PRE.P1.enableOut.randNum,P1.enableOut.state128[4],$PRE.P1.enableOut.state128[4],P1.enableOut.state128[3],$PRE.P1.enableOut.state128[3],P1.enableOut.state128[2],$PRE.P1.enableOut.state128[2],P1.enableOut.state128[1],$PRE.P1.enableOut.state128[1],P1.enableOut.cumEnablingProb[1],$PRE.P1.enableOut.cumEnablingProb[1],$PRE.P1.enableOut.sumEnablingProbTAout,P1.enableOut.sumEnablingProbTAout,$PRE.P1.enableOut.nTAout,P1.enableOut.nTAout,$PRE.P1.enableOut.nremTAout,P1.enableOut.nremTAout,P1.enableOut.remTAout[1],$PRE.P1.enableOut.remTAout[1],$PRE.P1.enableOut.Index,P1.enableOut.Index,$PRE.P1.enableOut.arcWeightSum,P1.enableOut.arcWeightSum,P1.enableOut.disTAout[1],$PRE.P1.enableOut.disTAout[1],$PRE.P1.enableIn.posTE,P1.enableIn.posTE,$PRE.P1.enableIn.k,P1.enableIn.k,$PRE.P1.enableIn.endWhile,P1.enableIn.endWhile,P1.enableIn.randNum,$PRE.P1.enableIn.randNum,P1.enableIn.state128[4],$PRE.P1.enableIn.state128[4],P1.enableIn.state128[3],$PRE.P1.enableIn.state128[3],P1.enableIn.state128[2],$PRE.P1.enableIn.state128[2],P1.enableIn.state128[1],$PRE.P1.enableIn.state128[1],P1.enableIn.cumEnablingProb[1],$PRE.P1.enableIn.cumEnablingProb[1],$PRE.P1.enableIn.sumEnablingProbTAin,P1.enableIn.sumEnablingProbTAin,$PRE.P1.enableIn.nTAin,P1.enableIn.nTAin,$PRE.P1.enableIn.nremTAin,P1.enableIn.nremTAin,P1.enableIn.remTAin[1],$PRE.P1.enableIn.remTAin[1],$PRE.P1.enableIn.Index,P1.enableIn.Index,$PRE.P1.enableIn.arcWeightSum,P1.enableIn.arcWeightSum,P1.enableIn.disTAin[1],$PRE.P1.enableIn.disTAin[1],$PRE.P1.disMarksInOut,P1.outTransition[1].tokenInOut,$PRE.P2.disMarksIn.anytrue,$PRE.P2.disMarksOut.anytrue,P2.disMarksInOut,$whenCondition5,$PRE.P1.disMarksIn.anytrue,$PRE.P1.disMarksOut.anytrue,P1.disMarksInOut,$whenCondition4,P2.disMarksOut.numtrue,P2.disMarksOut.anytrue,P2.inTransition[1].disPlace,P2.inTransition[1].maxTokensint,P2.inTransition[1].tint,T1.outPlaces[2].disTransition,T1.outPlaces[2].enabledByInPlaces,P2.reStart,T1.firingCon,T1.outPlaces[1].disTransition,T1.outPlaces[1].enabledByInPlaces,P1.inTransition[1].disPlace,P1.inTransition[1].maxTokensint,P1.inTransition[1].tint,T1.inPlaces[1].disTransition,P1.outTransition[1].normalArc,P1.outTransition[1].testValueint,P1.outTransition[1].arcType,P1.outTransition[1].disPlace,P1.outTransition[1].minTokensint,P1.outTransition[1].tint,P1.reStart,P1.disMarksOut.vec[1],P1.disMarksOut.numtrue,P1.disMarksOut.anytrue,P1.disMarksIn.vec[1],P1.disMarksIn.numtrue,P1.disMarksIn.anytrue,P2.disMarksIn.vec[1],P2.disMarksIn.numtrue,P2.disMarksIn.anytrue,P1.delayPassedOut.vec[1],P1.delayPassedIn.vec[1],T1.activation.arcWeightIntIn[1],T1.activation.arcWeightIntOut[1],T1.activation.arcWeightIntOut[2],P2.delayPassedIn.vec[1],T1.activation.disPlaceOut[2],T1.activation.maxTokensInt[2],T1.activation.tIntOut[2],T1.activation.disPlaceOut[1],T1.activation.maxTokensInt[1],T1.activation.tIntOut[1],T1.activation.normalArc[1],T1.activation.testValueInt[1],T1.activation.arcType[1],T1.activation.disPlaceIn[1],T1.activation.minTokensInt[1],T1.activation.tIntIn[1],P2.emptying.numtrue,P2.emptying.anytrue,P2.feeding.numtrue,P2.feeding.anytrue,P2.feeding.vec[1],P2.delayPassedIn.numtrue,P2.delayPassedIn.anytrue,P2.enableIn.TEin[1],$PRE.P2.enableIn.TEin[1],P2.enableIn.TEin_[1],P2.enableIn.active[1],P2.fireIn[1],$PRE.P2.fireIn[1],T1.fire_,T1.activation.NoTokens,T1.activation.weaklyOutputActiveVec[2],T1.activation.weaklyOutputActiveVec[1],T1.activation.weaklyInputActiveVec[1],T1.activation.active,T1.activation.emptied[2],T1.activation.emptied[1],T1.activation.fed[1],P1.emptying.numtrue,P1.emptying.anytrue,P1.emptying.vec[1],P1.feeding.numtrue,P1.feeding.anytrue,P1.feeding.vec[1],P1.delayPassedIn.numtrue,P1.delayPassedIn.anytrue,P1.delayPassedOut.numtrue,P1.delayPassedOut.anytrue,P1.enableOut.TEout[1],$PRE.P1.enableOut.TEout[1],P1.enableOut.TEout_[1],P1.enableOut.TAout[1],P1.enableIn.TEin[1],$PRE.P1.enableIn.TEin[1],P1.enableIn.TEin_[1],P1.enableIn.active[1],P1.fireOut[1],$PRE.P1.fireOut[1],P1.fireIn[1],$PRE.P1.fireIn[1],$whenCondition3,$whenCondition2,$whenCondition1)
 * Number of discrete states: 0 ()
 * Number of clocked states: 0 ()
 * Top-level inputs: 0
Notification: Strong component statistics for initialization (240):
 * Single equations (assignments): 218
 * Array equations: 0
 * Algorithm blocks: 21
 * Record equations: 0
 * When equations: 0
 * If-equations: 0
 * Equation systems (not torn): 0
 * Torn equation systems: 1
 * Mixed (continuous/discrete) equation systems: 0
Notification: Torn system details for strict tearing set:
 * Linear torn systems (#iteration vars, #inner vars, density): 0 systems
 * Non-linear torn systems (#iteration vars, #inner vars): 1 system
   {(1,9)}
Notification: Performance of prepare postOptimizeDAE: time 0.00183/0.1789, allocations: 1.466 MB / 493.4 MB, free: 12.9 MB / 378.7 MB
Notification: Performance of postOpt lateInlineFunction (simulation): time 0.0004559/0.1794, allocations: 146.8 kB / 493.6 MB, free: 12.75 MB / 378.7 MB
Notification: Performance of postOpt wrapFunctionCalls (simulation): time 0.006834/0.1862, allocations: 4.371 MB / 498 MB, free: 8.285 MB / 378.7 MB
Notification: Performance of postOpt inlineArrayEqn (simulation): time 2.006e-05/0.1863, allocations: 4 kB / 498 MB, free: 8.281 MB / 378.7 MB
Notification: Performance of postOpt constantLinearSystem (simulation): time 7.303e-06/0.1863, allocations: 4 kB / 498 MB, free: 8.277 MB / 378.7 MB
Notification: Performance of postOpt simplifysemiLinear (simulation): time 1.003e-05/0.1863, allocations: 3.984 kB / 498 MB, free: 8.273 MB / 378.7 MB
Notification: Performance of postOpt removeSimpleEquations (simulation): time 0.009705/0.196, allocations: 6.402 MB / 0.4926 GB, free: 1.711 MB / 378.7 MB
Notification: Performance of postOpt simplifyComplexFunction (simulation): time 0.2218/0.4178, allocations: 4.213 MB / 0.4967 GB, free: 75.16 MB / 378.7 MB
Notification: Performance of postOpt solveSimpleEquations (simulation): time 0.0003027/0.4181, allocations: 55.81 kB / 0.4967 GB, free: 75.16 MB / 378.7 MB
Notification: Performance of postOpt tearingSystem (simulation): time 0.0005952/0.4187, allocations: 195.9 kB / 0.4969 GB, free: 75.15 MB / 378.7 MB
Notification: Performance of postOpt inputDerivativesUsed (simulation): time 0.0002099/0.419, allocations: 91.08 kB / 0.497 GB, free: 75.15 MB / 378.7 MB
Notification: Performance of postOpt calculateStrongComponentJacobians (simulation): time 0.0006835/0.4197, allocations: 0.7792 MB / 0.4978 GB, free: 74.63 MB / 378.7 MB
Notification: Performance of postOpt calculateStateSetsJacobians (simulation): time 2.946e-06/0.4197, allocations: 0.9688 kB / 0.4978 GB, free: 74.63 MB / 378.7 MB
Notification: Performance of postOpt symbolicJacobian (simulation): time 0.01059/0.4303, allocations: 6.51 MB / 0.5041 GB, free: 73.91 MB / 378.7 MB
Notification: Performance of postOpt removeConstants (simulation): time 0.0001601/0.4305, allocations: 173.9 kB / 0.5043 GB, free: 73.81 MB / 378.7 MB
Notification: Performance of postOpt simplifyTimeIndepFuncCalls (simulation): time 0.0004868/0.431, allocations: 158.6 kB / 0.5044 GB, free: 73.81 MB / 378.7 MB
Notification: Performance of postOpt simplifyAllExpressions (simulation): time 0.00122/0.4322, allocations: 146.4 kB / 0.5046 GB, free: 73.81 MB / 378.7 MB
Notification: Performance of postOpt findZeroCrossings (simulation): time 0.0006967/0.4329, allocations: 343 kB / 0.5049 GB, free: 73.81 MB / 378.7 MB
Notification: Performance of postOpt collapseArrayExpressions (simulation): time 0.0002548/0.4332, allocations: 100.4 kB / 0.505 GB, free: 73.81 MB / 378.7 MB
Notification: Performance of sorting global known variables: time 0.0004916/0.4337, allocations: 386.2 kB / 0.5054 GB, free: 73.72 MB / 378.7 MB
Notification: Performance of sort global known variables: time 2.7e-07/0.4337, allocations: 3.031 kB / 0.5054 GB, free: 73.72 MB / 378.7 MB
Notification: Performance of remove unused functions: time 0.001999/0.4357, allocations: 0.5969 MB / 0.5059 GB, free: 73.72 MB / 378.7 MB
Notification: Model statistics after passing the back-end for simulation:
 * Number of independent subsystems: 2
 * Number of states: 2 (P1.t_,P2.t_)
 * Number of discrete variables: 119 (P2.disMarksInOut,$cse3[1],$whenCondition5,$whenCondition4,$whenCondition1,$whenCondition2,$whenCondition3,P1.outTransition[1].tokenInOut,P1.disMarksInOut,P1.fireIn[1],P1.fireOut[1],P1.enableIn.active[1],P1.enableIn.TEin_[1],P1.enableIn.state128[1],P1.enableIn.state128[2],P1.enableIn.state128[3],P1.enableIn.state128[4],P1.enableIn.TEin[1],P1.enableIn.disTAin[1],P1.enableIn.remTAin[1],P1.enableIn.cumEnablingProb[1],P1.enableIn.arcWeightSum,P1.enableIn.nremTAin,P1.enableIn.nTAin,P1.enableIn.k,P1.enableIn.posTE,P1.enableIn.randNum,P1.enableIn.sumEnablingProbTAin,P1.enableIn.endWhile,P1.enableIn.Index,P1.enableOut.TAout[1],P1.enableOut.TEout_[1],P1.enableOut.state128[1],P1.enableOut.state128[2],P1.enableOut.state128[3],P1.enableOut.state128[4],P1.enableOut.TEout[1],P1.enableOut.disTAout[1],P1.enableOut.remTAout[1],P1.enableOut.cumEnablingProb[1],P1.enableOut.arcWeightSum,P1.enableOut.nremTAout,P1.enableOut.nTAout,P1.enableOut.k,P1.enableOut.posTE,P1.enableOut.randNum,P1.enableOut.sumEnablingProbTAout,P1.enableOut.endWhile,P1.enableOut.Index,P1.delayPassedOut.anytrue,P1.delayPassedOut.numtrue,P1.delayPassedIn.anytrue,P1.delayPassedIn.numtrue,P1.disMarksOut.anytrue,P1.disMarksOut.numtrue,P1.disMarksIn.anytrue,P1.disMarksIn.numtrue,P1.feeding.vec[1],P1.feeding.anytrue,P1.feeding.numtrue,P1.emptying.vec[1],P1.emptying.anytrue,P1.emptying.numtrue,T1.activation.fed[1],T1.activation.emptied[1],T1.activation.emptied[2],T1.activation.active,T1.activation.weaklyInputActiveVec[1],T1.activation.weaklyOutputActiveVec[1],T1.activation.weaklyOutputActiveVec[2],T1.activation.NoTokens,T1.fire_,P2.fireIn[1],P2.enableIn.active[1],P2.enableIn.TEin_[1],P2.enableIn.state128[1],P2.enableIn.state128[2],P2.enableIn.state128[3],P2.enableIn.state128[4],P2.enableIn.TEin[1],P2.enableIn.disTAin[1],P2.enableIn.remTAin[1],P2.enableIn.cumEnablingProb[1],P2.enableIn.arcWeightSum,P2.enableIn.nremTAin,P2.enableIn.nTAin,P2.enableIn.k,P2.enableIn.posTE,P2.enableIn.randNum,P2.enableIn.sumEnablingProbTAin,P2.enableIn.endWhile,P2.enableIn.Index,P2.delayPassedIn.anytrue,P2.delayPassedIn.numtrue,P2.disMarksOut.anytrue,P2.disMarksOut.numtrue,P2.disMarksIn.anytrue,P2.disMarksIn.numtrue,P2.feeding.vec[1],P2.feeding.anytrue,P2.feeding.numtrue,P2.emptying.anytrue,P2.emptying.numtrue,$whenCondition6,P2.enableOut.state128[1],P2.enableOut.state128[2],P2.enableOut.state128[3],P2.enableOut.state128[4],P2.enableOut.arcWeightSum,P2.enableOut.nremTAout,P2.enableOut.nTAout,P2.enableOut.k,P2.enableOut.posTE,P2.enableOut.randNum,P2.enableOut.sumEnablingProbTAout,P2.enableOut.endWhile,P2.enableOut.Index,P2.delayPassedOut.anytrue,P2.delayPassedOut.numtrue)
 * Number of discrete states: 106 (P2.delayPassedOut.numtrue,P2.delayPassedOut.anytrue,P2.enableOut.Index,P2.enableOut.endWhile,P2.enableOut.sumEnablingProbTAout,P2.enableOut.state128[4],P2.enableOut.state128[3],P2.enableOut.state128[2],P2.enableOut.state128[1],P2.enableOut.randNum,P2.enableOut.posTE,P2.enableOut.k,P2.enableOut.nTAout,P2.enableOut.nremTAout,P2.enableOut.arcWeightSum,$whenCondition6,P1.disMarksInOut,P2.fireIn[1],P2.disMarksOut.anytrue,P2.disMarksIn.anytrue,P1.fireIn[1],P1.fireOut[1],P1.disMarksOut.anytrue,P1.disMarksIn.anytrue,P2.emptying.numtrue,P2.emptying.anytrue,P2.feeding.numtrue,P2.feeding.anytrue,P2.disMarksIn.numtrue,P2.disMarksOut.numtrue,P2.delayPassedIn.numtrue,P2.delayPassedIn.anytrue,P1.emptying.numtrue,P1.emptying.anytrue,P1.feeding.numtrue,P1.feeding.anytrue,T1.activation.weaklyOutputActiveVec[2],T1.activation.weaklyOutputActiveVec[1],T1.activation.weaklyInputActiveVec[1],T1.activation.active,T1.activation.NoTokens,P2.enableIn.TEin_[1],P2.enableIn.posTE,P2.enableIn.k,P2.enableIn.endWhile,P2.enableIn.state128[4],P2.enableIn.state128[3],P2.enableIn.state128[2],P2.enableIn.state128[1],P2.enableIn.randNum,P2.enableIn.cumEnablingProb[1],P2.enableIn.sumEnablingProbTAin,P2.enableIn.nTAin,P2.enableIn.nremTAin,P2.enableIn.remTAin[1],P2.enableIn.Index,P2.enableIn.arcWeightSum,P2.enableIn.disTAin[1],$whenCondition3,P2.enableIn.TEin[1],P1.disMarksIn.numtrue,P1.disMarksOut.numtrue,P1.delayPassedIn.numtrue,P1.delayPassedIn.anytrue,P1.delayPassedOut.numtrue,P1.delayPassedOut.anytrue,P1.enableOut.TEout_[1],P1.enableOut.posTE,P1.enableOut.k,P1.enableOut.endWhile,P1.enableOut.state128[4],P1.enableOut.state128[3],P1.enableOut.state128[2],P1.enableOut.state128[1],P1.enableOut.randNum,P1.enableOut.cumEnablingProb[1],P1.enableOut.sumEnablingProbTAout,P1.enableOut.nTAout,P1.enableOut.nremTAout,P1.enableOut.remTAout[1],P1.enableOut.Index,P1.enableOut.arcWeightSum,P1.enableOut.disTAout[1],$whenCondition2,P1.enableOut.TEout[1],P1.enableIn.TEin_[1],P1.enableIn.posTE,P1.enableIn.k,P1.enableIn.endWhile,P1.enableIn.state128[4],P1.enableIn.state128[3],P1.enableIn.state128[2],P1.enableIn.state128[1],P1.enableIn.randNum,P1.enableIn.cumEnablingProb[1],P1.enableIn.sumEnablingProbTAin,P1.enableIn.nTAin,P1.enableIn.nremTAin,P1.enableIn.remTAin[1],P1.enableIn.Index,P1.enableIn.arcWeightSum,P1.enableIn.disTAin[1],$whenCondition1,P1.enableIn.TEin[1],P2.disMarkChange,P1.disMarkChange)
 * Number of clocked states: 0 ()
 * Top-level inputs: 0
Notification: Strong component statistics for simulation (59):
 * Single equations (assignments): 40
 * Array equations: 1
 * Algorithm blocks: 17
 * Record equations: 0
 * When equations: 0
 * If-equations: 0
 * Equation systems (not torn): 0
 * Torn equation systems: 1
 * Mixed (continuous/discrete) equation systems: 0
Notification: Torn system details for strict tearing set:
 * Linear torn systems (#iteration vars, #inner vars, density): 0 systems
 * Non-linear torn systems (#iteration vars, #inner vars): 1 system
   {(1,11)}
Notification: Performance of Backend phase and start with SimCode phase: time 0.001113/0.4368, allocations: 0.4901 MB / 0.5064 GB, free: 73.61 MB / 378.7 MB
Notification: Performance of simCode: created initialization part: time 0.006063/0.4429, allocations: 4.601 MB / 0.5109 GB, free: 71.94 MB / 378.7 MB
Notification: Performance of simCode: created event and clocks part: time 4.628e-06/0.4429, allocations: 3.406 kB / 0.5109 GB, free: 71.94 MB / 378.7 MB
Notification: Performance of simCode: created simulation system equations: time 0.00448/0.4474, allocations: 5.79 MB / 0.5166 GB, free: 67.75 MB / 378.7 MB
Notification: Performance of simCode: created of all other equations (e.g. parameter, nominal, assert, etc): time 0.001003/0.4484, allocations: 187.7 kB / 0.5168 GB, free: 67.7 MB / 378.7 MB
Notification: Performance of simCode: created linear, non-linear and system jacobian parts: time 0.005273/0.4537, allocations: 3.438 MB / 0.5201 GB, free: 64.74 MB / 378.7 MB
Notification: Performance of simCode: some other stuff during SimCode phase: time 0.0006909/0.4544, allocations: 1.282 MB / 0.5214 GB, free: 63.46 MB / 378.7 MB
Notification: Performance of simCode: alias equations: time 0.0006068/0.455, allocations: 261.7 kB / 0.5216 GB, free: 63.22 MB / 378.7 MB
Notification: Performance of simCode: all other stuff during SimCode phase: time 0.0001455/0.4552, allocations: 71.42 kB / 0.5217 GB, free: 63.16 MB / 378.7 MB
Notification: Performance of SimCode: time 8.62e-07/0.4552, allocations: 0 / 0.5217 GB, free: 63.16 MB / 378.7 MB
Notification: Performance of Templates: time 0.03633/0.4915, allocations: 25.32 MB / 0.5464 GB, free: 37.74 MB / 378.7 MB
make -j1 -f PNlib_2.2_PNlib.Examples.ConTest.LoopAndArcweight.makefile
(rm -f PNlib_2.2_PNlib.Examples.ConTest.LoopAndArcweight.pipe ; mkfifo PNlib_2.2_PNlib.Examples.ConTest.LoopAndArcweight.pipe ; head -c 1048576 < PNlib_2.2_PNlib.Examples.ConTest.LoopAndArcweight.pipe >> ../files/PNlib_2.2_PNlib.Examples.ConTest.LoopAndArcweight.sim & ./PNlib_2.2_PNlib.Examples.ConTest.LoopAndArcweight  -abortSlowSimulation -alarm=480  -emit_protected -lv LOG_STATS > PNlib_2.2_PNlib.Examples.ConTest.LoopAndArcweight.pipe 2>&1)
diffSimulationResults("PNlib_2.2_PNlib.Examples.ConTest.LoopAndArcweight_res.mat","/home/runner/work/PNlib/PNlib/ReferenceFiles/PNlib.Examples.ConTest.LoopAndArcweight.mat","../files/PNlib_2.2_PNlib.Examples.ConTest.LoopAndArcweight.diff",relTol=0.003,relTolDiffMinMax=0.003,rangeDelta=0.001)
Reference file matches
