Running: ./testmodel.py --libraries=/home/runner/.openmodelica/libraries/ --ompython_omhome= PNlib_master_PNlib.Examples.ConTest.ConflictLoop.conf.json
loadFile("/home/runner/.openmodelica/libraries/ModelicaServices 4.0.0+maint.om/package.mo", uses=false)
loadFile("/home/runner/.openmodelica/libraries/Complex 4.0.0+maint.om/package.mo", uses=false)
loadFile("/home/runner/.openmodelica/libraries/Modelica 4.0.0+maint.om/package.mo", uses=false)
loadFile("/home/runner/work/PNlib/PNlib/PNlib/package.mo", uses=false)
Using package PNlib with version 2.2 (/home/runner/work/PNlib/PNlib/PNlib/package.mo)
Using package Modelica with version 4.0.0 (/home/runner/.openmodelica/libraries/Modelica 4.0.0+maint.om/package.mo)
Using package Complex with version 4.0.0 (/home/runner/.openmodelica/libraries/Complex 4.0.0+maint.om/package.mo)
Using package ModelicaServices with version 4.0.0 (/home/runner/.openmodelica/libraries/ModelicaServices 4.0.0+maint.om/package.mo)
Running command: translateModel(PNlib.Examples.ConTest.ConflictLoop,tolerance=1e-06,outputFormat="mat",numberOfIntervals=5000,variableFilter="P1.t|P2.t|P3.t|T1.fire|T1.instantaneousSpeed|T1.maximumSpeed|T2.fire|T2.instantaneousSpeed|T2.maximumSpeed|T3.fire|T3.instantaneousSpeed|T3.maximumSpeed|time",fileNamePrefix="PNlib_master_PNlib.Examples.ConTest.ConflictLoop")
translateModel(PNlib.Examples.ConTest.ConflictLoop,tolerance=1e-06,outputFormat="mat",numberOfIntervals=5000,variableFilter="P1.t|P2.t|P3.t|T1.fire|T1.instantaneousSpeed|T1.maximumSpeed|T2.fire|T2.instantaneousSpeed|T2.maximumSpeed|T3.fire|T3.instantaneousSpeed|T3.maximumSpeed|time",fileNamePrefix="PNlib_master_PNlib.Examples.ConTest.ConflictLoop")
Notification: Performance of loadFile(/home/runner/.openmodelica/libraries/ModelicaServices 4.0.0+maint.om/package.mo): time 0.001022/0.001022, allocations: 103.1 kB / 15.6 MB, free: 5.273 MB / 13.93 MB
Notification: Performance of loadFile(/home/runner/.openmodelica/libraries/Complex 4.0.0+maint.om/package.mo): time 0.001015/0.001015, allocations: 175.8 kB / 16.51 MB, free: 4.668 MB / 13.93 MB
Notification: Performance of loadFile(/home/runner/.openmodelica/libraries/Modelica 4.0.0+maint.om/package.mo): time 1.659/1.659, allocations: 222.2 MB / 239.4 MB, free: 11.11 MB / 202.7 MB
Notification: Performance of loadFile(/home/runner/work/PNlib/PNlib/PNlib/package.mo): time 0.09465/0.09465, allocations: 16.58 MB / 306.2 MB, free: 10.57 MB / 250.7 MB
Notification: Performance of FrontEnd - loaded program: time 0.0004571/0.0004571, allocations: 10.8 kB / 370.6 MB, free: 44.81 MB / 298.7 MB
Notification: Performance of FrontEnd - Absyn->SCode: time 0.07635/0.07683, allocations: 53.48 MB / 424.1 MB, free: 5.922 MB / 298.7 MB
Notification: Performance of NFInst.instantiate(PNlib.Examples.ConTest.ConflictLoop): time 0.004399/0.08127, allocations: 4.227 MB / 428.3 MB, free: 1.684 MB / 298.7 MB
Notification: Performance of NFInst.instExpressions: time 0.005716/0.08701, allocations: 3.292 MB / 431.6 MB, free: 14.39 MB / 314.7 MB
Notification: Performance of NFInst.updateImplicitVariability: time 0.0006893/0.08772, allocations: 27.88 kB / 431.6 MB, free: 14.36 MB / 314.7 MB
Notification: Performance of NFTyping.typeComponents: time 0.0006999/0.08846, allocations: 408.8 kB / 432 MB, free: 13.96 MB / 314.7 MB
Notification: Performance of NFTyping.typeBindings: time 0.001177/0.08965, allocations: 420.6 kB / 432.4 MB, free: 13.54 MB / 314.7 MB
Notification: Performance of NFTyping.typeClassSections: time 0.002589/0.09226, allocations: 1.548 MB / 434 MB, free: 12 MB / 314.7 MB
Notification: Performance of NFFlatten.flatten: time 0.003778/0.09605, allocations: 4.705 MB / 438.7 MB, free: 7.285 MB / 314.7 MB
Notification: Performance of NFFlatten.resolveConnections: time 0.0008821/0.09695, allocations: 0.912 MB / 439.6 MB, free: 6.324 MB / 314.7 MB
Notification: Performance of NFEvalConstants.evaluate: time 0.001427/0.09839, allocations: 1.819 MB / 441.4 MB, free: 4.5 MB / 314.7 MB
Notification: Performance of NFSimplifyModel.simplify: time 0.001477/0.09988, allocations: 1.579 MB / 443 MB, free: 2.914 MB / 314.7 MB
Notification: Performance of NFPackage.collectConstants: time 0.0005463/0.1004, allocations: 439.4 kB / 443.4 MB, free: 2.488 MB / 314.7 MB
Notification: Performance of NFFlatten.collectFunctions: time 0.001111/0.1016, allocations: 0.7924 MB / 444.2 MB, free: 1.695 MB / 314.7 MB
Notification: Performance of NFScalarize.scalarize: time 0.0008666/0.1024, allocations: 0.7943 MB / 445 MB, free: 0.8984 MB / 314.7 MB
Notification: Performance of NFVerifyModel.verify: time 0.00236/0.1048, allocations: 1.84 MB / 446.8 MB, free: 15.05 MB / 330.7 MB
Notification: Performance of NFConvertDAE.convert: time 0.003971/0.1088, allocations: 4.442 MB / 451.3 MB, free: 10.59 MB / 330.7 MB
Notification: Performance of FrontEnd - DAE generated: time 4.749e-06/0.1088, allocations: 0 / 451.3 MB, free: 10.59 MB / 330.7 MB
Notification: Performance of FrontEnd: time 1.814e-06/0.1088, allocations: 0 / 451.3 MB, free: 10.59 MB / 330.7 MB
Notification: Performance of Transformations before backend: time 2.238e-05/0.1089, allocations: 0 / 451.3 MB, free: 10.59 MB / 330.7 MB
Notification: Model statistics after passing the front-end and creating the data structures used by the back-end:
 * Number of equations: 895
 * Number of variables: 895
Notification: Performance of Generate backend data structure: time 0.005506/0.1144, allocations: 4.239 MB / 455.5 MB, free: 6.094 MB / 330.7 MB
Notification: Performance of prepare preOptimizeDAE: time 3.69e-05/0.1144, allocations: 8.031 kB / 455.5 MB, free: 6.086 MB / 330.7 MB
Notification: Performance of preOpt normalInlineFunction (simulation): time 0.003785/0.1182, allocations: 0.7078 MB / 456.2 MB, free: 5.375 MB / 330.7 MB
Notification: Performance of preOpt evaluateParameters (simulation): time 0.00238/0.1206, allocations: 1.403 MB / 457.6 MB, free: 3.926 MB / 330.7 MB
Notification: Performance of preOpt simplifyIfEquations (simulation): time 0.0005047/0.1211, allocations: 0.8607 MB / 458.5 MB, free: 2.934 MB / 330.7 MB
Notification: Performance of preOpt expandDerOperator (simulation): time 0.0005706/0.1217, allocations: 403.9 kB / 458.9 MB, free: 2.539 MB / 330.7 MB
Notification: Performance of preOpt clockPartitioning (simulation): time 0.01151/0.1332, allocations: 6.815 MB / 465.7 MB, free: 11.57 MB / 346.7 MB
Notification: Performance of preOpt findStateOrder (simulation): time 6.986e-05/0.1333, allocations: 0 / 465.7 MB, free: 11.57 MB / 346.7 MB
Notification: Performance of preOpt replaceEdgeChange (simulation): time 0.0004757/0.1338, allocations: 199.9 kB / 465.9 MB, free: 11.37 MB / 346.7 MB
Notification: Performance of preOpt inlineArrayEqn (simulation): time 0.0007031/0.1345, allocations: 373.3 kB / 466.3 MB, free: 11 MB / 346.7 MB
Notification: Performance of preOpt removeEqualRHS (simulation): time 0.008239/0.1428, allocations: 5.075 MB / 471.3 MB, free: 5.918 MB / 346.7 MB
Notification: Performance of preOpt removeSimpleEquations (simulation): time 0.01726/0.1601, allocations: 11.58 MB / 482.9 MB, free: 10.09 MB / 362.7 MB
Notification: Performance of preOpt comSubExp (simulation): time 0.007292/0.1674, allocations: 6.685 MB / 489.6 MB, free: 3.344 MB / 362.7 MB
Notification: Performance of preOpt resolveLoops (simulation): time 0.007268/0.1747, allocations: 6.127 MB / 495.7 MB, free: 13.2 MB / 378.7 MB
Notification: Performance of preOpt evalFunc (simulation): time 0.0001629/0.1749, allocations: 49.14 kB / 495.8 MB, free: 13.15 MB / 378.7 MB
Notification: Performance of preOpt encapsulateWhenConditions (simulation): time 0.005171/0.1801, allocations: 3.462 MB / 499.2 MB, free: 9.625 MB / 378.7 MB
Notification: Performance of pre-optimization done (n=276): time 5.239e-06/0.1801, allocations: 0 / 499.2 MB, free: 9.625 MB / 378.7 MB
Notification: Performance of matching and sorting (n=276): time 0.2284/0.4085, allocations: 11.4 MB / 0.4987 GB, free: 75.35 MB / 378.7 MB
Notification: Performance of inlineWhenForInitialization (initialization): time 0.0009149/0.4094, allocations: 1.792 MB / 0.5004 GB, free: 73.79 MB / 378.7 MB
Notification: Performance of selectInitializationVariablesDAE (initialization): time 0.001894/0.4114, allocations: 1.333 MB / 0.5017 GB, free: 73.64 MB / 378.7 MB
Notification: Performance of collectPreVariables (initialization): time 0.000417/0.4118, allocations: 172.7 kB / 0.5019 GB, free: 73.61 MB / 378.7 MB
Notification: Performance of collectInitialEqns (initialization): time 0.0006713/0.4125, allocations: 1.042 MB / 0.5029 GB, free: 73.12 MB / 378.7 MB
Notification: Performance of collectInitialBindings (initialization): time 0.0006136/0.4131, allocations: 0.7428 MB / 0.5036 GB, free: 72.73 MB / 378.7 MB
Notification: Performance of simplifyInitialFunctions (initialization): time 0.00137/0.4145, allocations: 0.951 MB / 0.5046 GB, free: 72.68 MB / 378.7 MB
Notification: Performance of setup shared object (initialization): time 8.137e-05/0.4146, allocations: 349.9 kB / 0.5049 GB, free: 72.38 MB / 378.7 MB
Notification: Performance of preBalanceInitialSystem (initialization): time 0.00343/0.418, allocations: 2.07 MB / 0.5069 GB, free: 72.36 MB / 378.7 MB
Notification: Performance of partitionIndependentBlocks (initialization): time 0.004171/0.4222, allocations: 3.465 MB / 0.5103 GB, free: 70.73 MB / 378.7 MB
Notification: Performance of analyzeInitialSystem (initialization): time 0.007291/0.4295, allocations: 6.808 MB / 0.517 GB, free: 65.99 MB / 378.7 MB
Notification: Performance of solveInitialSystemEqSystem (initialization): time 5.237e-05/0.4296, allocations: 11.38 kB / 0.517 GB, free: 65.99 MB / 378.7 MB
Notification: Performance of matching and sorting (n=551) (initialization): time 0.01015/0.4397, allocations: 7.53 MB / 0.5243 GB, free: 61.73 MB / 378.7 MB
Notification: Performance of prepare postOptimizeDAE: time 0.0004537/0.4402, allocations: 1.16 MB / 0.5255 GB, free: 60.36 MB / 378.7 MB
Notification: Performance of postOpt simplifyComplexFunction (initialization): time 0.006788/0.447, allocations: 4.809 MB / 0.5302 GB, free: 55.43 MB / 378.7 MB
Notification: Performance of postOpt tearingSystem (initialization): time 0.003427/0.4505, allocations: 0.7514 MB / 0.5309 GB, free: 54.68 MB / 378.7 MB
Notification: Performance of postOpt solveSimpleEquations (initialization): time 0.001654/0.4521, allocations: 458.8 kB / 0.5313 GB, free: 54.23 MB / 378.7 MB
Notification: Performance of postOpt calculateStrongComponentJacobians (initialization): time 0.00133/0.4535, allocations: 1.276 MB / 0.5326 GB, free: 52.93 MB / 378.7 MB
Notification: Performance of postOpt simplifyAllExpressions (initialization): time 0.002586/0.4561, allocations: 0.5299 MB / 0.5331 GB, free: 52.4 MB / 378.7 MB
Notification: Performance of postOpt collapseArrayExpressions (initialization): time 0.0003534/0.4564, allocations: 224 kB / 0.5333 GB, free: 52.18 MB / 378.7 MB
Warning: Assuming fixed start value for the following 54 variables:
         P3.enableOut.posTE:DISCRETE(fixed = true protected = true )  "possible enabled transition" type: Integer
         P3.enableOut.k:DISCRETE(fixed = true protected = true )  "iteration index" type: Integer
         P3.enableOut.endWhile:DISCRETE(fixed = true protected = true )  type: Boolean
         P3.enableOut.sumEnablingProbTAout:DISCRETE(fixed = true protected = true )  "sum of the enabling probabilities of the active output transitions" type: Real
         P3.enableOut.nTAout:DISCRETE(fixed = true protected = true )  "number of active output transitions" type: Integer
         P3.enableOut.nremTAout:DISCRETE(fixed = true protected = true )  "number of remaining active output transitions" type: Integer
         P3.enableOut.Index:DISCRETE(fixed = true protected = true )  type: Integer
         P3.enableOut.arcWeightSum:DISCRETE(fixed = true protected = true )  "arc weight sum" type: Real
         P3.enableIn.posTE:DISCRETE(fixed = true protected = true )  "possible enabled transition" type: Integer
         P3.enableIn.k:DISCRETE(fixed = true protected = true )  "iteration index" type: Integer
         P3.enableIn.endWhile:DISCRETE(fixed = true protected = true )  type: Boolean
         P3.enableIn.sumEnablingProbTAin:DISCRETE(fixed = true protected = true )  "sum of the enabling probabilities of the active input transitions" type: Real
         P3.enableIn.nTAin:DISCRETE(fixed = true protected = true )  "number ofactive input transitions" type: Integer
         P3.enableIn.nremTAin:DISCRETE(fixed = true protected = true )  "number of remaining active input transitions" type: Integer
         P3.enableIn.Index:DISCRETE(fixed = true protected = true )  "priority Index" type: Integer
         P3.enableIn.arcWeightSum:DISCRETE(fixed = true protected = true )  "arc weight sum" type: Real
         P2.enableOut.posTE:DISCRETE(fixed = true protected = true )  "possible enabled transition" type: Integer
         P2.enableOut.k:DISCRETE(fixed = true protected = true )  "iteration index" type: Integer
         P2.enableOut.endWhile:DISCRETE(fixed = true protected = true )  type: Boolean
         P2.enableOut.sumEnablingProbTAout:DISCRETE(fixed = true protected = true )  "sum of the enabling probabilities of the active output transitions" type: Real
         P2.enableOut.nTAout:DISCRETE(fixed = true protected = true )  "number of active output transitions" type: Integer
         P2.enableOut.nremTAout:DISCRETE(fixed = true protected = true )  "number of remaining active output transitions" type: Integer
         P2.enableOut.Index:DISCRETE(fixed = true protected = true )  type: Integer
         P2.enableOut.arcWeightSum:DISCRETE(fixed = true protected = true )  "arc weight sum" type: Real
         P2.enableIn.posTE:DISCRETE(fixed = true protected = true )  "possible enabled transition" type: Integer
         P2.enableIn.k:DISCRETE(fixed = true protected = true )  "iteration index" type: Integer
         P2.enableIn.endWhile:DISCRETE(fixed = true protected = true )  type: Boolean
         P2.enableIn.sumEnablingProbTAin:DISCRETE(fixed = true protected = true )  "sum of the enabling probabilities of the active input transitions" type: Real
         P2.enableIn.nTAin:DISCRETE(fixed = true protected = true )  "number ofactive input transitions" type: Integer
         P2.enableIn.nremTAin:DISCRETE(fixed = true protected = true )  "number of remaining active input transitions" type: Integer
         P2.enableIn.Index:DISCRETE(fixed = true protected = true )  "priority Index" type: Integer
         P2.enableIn.arcWeightSum:DISCRETE(fixed = true protected = true )  "arc weight sum" type: Real
         P1.enableOut.posTE:DISCRETE(fixed = true protected = true )  "possible enabled transition" type: Integer
         P1.enableOut.k:DISCRETE(fixed = true protected = true )  "iteration index" type: Integer
         P1.enableOut.endWhile:DISCRETE(fixed = true protected = true )  type: Boolean
         P1.enableOut.sumEnablingProbTAout:DISCRETE(fixed = true protected = true )  "sum of the enabling probabilities of the active output transitions" type: Real
         P1.enableOut.nTAout:DISCRETE(fixed = true protected = true )  "number of active output transitions" type: Integer
         P1.enableOut.nremTAout:DISCRETE(fixed = true protected = true )  "number of remaining active output transitions" type: Integer
         P1.enableOut.Index:DISCRETE(fixed = true protected = true )  type: Integer
         P1.enableOut.arcWeightSum:DISCRETE(fixed = true protected = true )  "arc weight sum" type: Real
         P1.enableIn.posTE:DISCRETE(fixed = true protected = true )  "possible enabled transition" type: Integer
         P1.enableIn.k:DISCRETE(fixed = true protected = true )  "iteration index" type: Integer
         P1.enableIn.endWhile:DISCRETE(fixed = true protected = true )  type: Boolean
         P1.enableIn.sumEnablingProbTAin:DISCRETE(fixed = true protected = true )  "sum of the enabling probabilities of the active input transitions" type: Real
         P1.enableIn.nTAin:DISCRETE(fixed = true protected = true )  "number ofactive input transitions" type: Integer
         P1.enableIn.nremTAin:DISCRETE(fixed = true protected = true )  "number of remaining active input transitions" type: Integer
         P1.enableIn.Index:DISCRETE(fixed = true protected = true )  "priority Index" type: Integer
         P1.enableIn.arcWeightSum:DISCRETE(fixed = true protected = true )  "arc weight sum" type: Real
         P3.disMarksIn.anytrue:DISCRETE(fixed = true protected = true )  type: Boolean
         P3.disMarksOut.anytrue:DISCRETE(fixed = true protected = true )  type: Boolean
         P2.disMarksIn.anytrue:DISCRETE(fixed = true protected = true )  type: Boolean
         P2.disMarksOut.anytrue:DISCRETE(fixed = true protected = true )  type: Boolean
         P1.disMarksIn.anytrue:DISCRETE(fixed = true protected = true )  type: Boolean
         P1.disMarksOut.anytrue:DISCRETE(fixed = true protected = true )  type: Boolean
Notification: Model statistics after passing the back-end for initialization:
 * Number of independent subsystems: 185
 * Number of states: 0 ()
 * Number of discrete variables: 434 ($PRE.P3.enableOut.posTE,P3.enableOut.posTE,$PRE.P3.enableOut.k,P3.enableOut.k,$PRE.P3.enableOut.endWhile,P3.enableOut.endWhile,P3.enableOut.randNum,$PRE.P3.enableOut.randNum,P3.enableOut.state128[4],$PRE.P3.enableOut.state128[4],P3.enableOut.state128[3],$PRE.P3.enableOut.state128[3],P3.enableOut.state128[2],$PRE.P3.enableOut.state128[2],P3.enableOut.state128[1],$PRE.P3.enableOut.state128[1],P3.enableOut.cumEnablingProb[1],$PRE.P3.enableOut.cumEnablingProb[1],$PRE.P3.enableOut.sumEnablingProbTAout,P3.enableOut.sumEnablingProbTAout,$PRE.P3.enableOut.nTAout,P3.enableOut.nTAout,$PRE.P3.enableOut.nremTAout,P3.enableOut.nremTAout,P3.enableOut.remTAout[1],$PRE.P3.enableOut.remTAout[1],$PRE.P3.enableOut.Index,P3.enableOut.Index,$PRE.P3.enableOut.arcWeightSum,P3.enableOut.arcWeightSum,P3.enableOut.disTAout[1],$PRE.P3.enableOut.disTAout[1],$PRE.P3.enableIn.posTE,P3.enableIn.posTE,$PRE.P3.enableIn.k,P3.enableIn.k,$PRE.P3.enableIn.endWhile,P3.enableIn.endWhile,P3.enableIn.randNum,$PRE.P3.enableIn.randNum,P3.enableIn.state128[4],$PRE.P3.enableIn.state128[4],P3.enableIn.state128[3],$PRE.P3.enableIn.state128[3],P3.enableIn.state128[2],$PRE.P3.enableIn.state128[2],P3.enableIn.state128[1],$PRE.P3.enableIn.state128[1],P3.enableIn.cumEnablingProb[1],$PRE.P3.enableIn.cumEnablingProb[1],$PRE.P3.enableIn.sumEnablingProbTAin,P3.enableIn.sumEnablingProbTAin,$PRE.P3.enableIn.nTAin,P3.enableIn.nTAin,$PRE.P3.enableIn.nremTAin,P3.enableIn.nremTAin,P3.enableIn.remTAin[1],$PRE.P3.enableIn.remTAin[1],$PRE.P3.enableIn.Index,P3.enableIn.Index,$PRE.P3.enableIn.arcWeightSum,P3.enableIn.arcWeightSum,P3.enableIn.disTAin[1],$PRE.P3.enableIn.disTAin[1],$PRE.P2.enableOut.posTE,P2.enableOut.posTE,$PRE.P2.enableOut.k,P2.enableOut.k,$PRE.P2.enableOut.endWhile,P2.enableOut.endWhile,P2.enableOut.randNum,$PRE.P2.enableOut.randNum,P2.enableOut.state128[4],$PRE.P2.enableOut.state128[4],P2.enableOut.state128[3],$PRE.P2.enableOut.state128[3],P2.enableOut.state128[2],$PRE.P2.enableOut.state128[2],P2.enableOut.state128[1],$PRE.P2.enableOut.state128[1],P2.enableOut.cumEnablingProb[1],$PRE.P2.enableOut.cumEnablingProb[1],$PRE.P2.enableOut.sumEnablingProbTAout,P2.enableOut.sumEnablingProbTAout,$PRE.P2.enableOut.nTAout,P2.enableOut.nTAout,$PRE.P2.enableOut.nremTAout,P2.enableOut.nremTAout,P2.enableOut.remTAout[1],$PRE.P2.enableOut.remTAout[1],$PRE.P2.enableOut.Index,P2.enableOut.Index,$PRE.P2.enableOut.arcWeightSum,P2.enableOut.arcWeightSum,P2.enableOut.disTAout[1],$PRE.P2.enableOut.disTAout[1],$PRE.P2.enableIn.posTE,P2.enableIn.posTE,$PRE.P2.enableIn.k,P2.enableIn.k,$PRE.P2.enableIn.endWhile,P2.enableIn.endWhile,P2.enableIn.randNum,$PRE.P2.enableIn.randNum,P2.enableIn.state128[4],$PRE.P2.enableIn.state128[4],P2.enableIn.state128[3],$PRE.P2.enableIn.state128[3],P2.enableIn.state128[2],$PRE.P2.enableIn.state128[2],P2.enableIn.state128[1],$PRE.P2.enableIn.state128[1],P2.enableIn.cumEnablingProb[1],$PRE.P2.enableIn.cumEnablingProb[1],$PRE.P2.enableIn.sumEnablingProbTAin,P2.enableIn.sumEnablingProbTAin,$PRE.P2.enableIn.nTAin,P2.enableIn.nTAin,$PRE.P2.enableIn.nremTAin,P2.enableIn.nremTAin,P2.enableIn.remTAin[1],$PRE.P2.enableIn.remTAin[1],$PRE.P2.enableIn.Index,P2.enableIn.Index,$PRE.P2.enableIn.arcWeightSum,P2.enableIn.arcWeightSum,P2.enableIn.disTAin[1],$PRE.P2.enableIn.disTAin[1],$PRE.P1.enableOut.posTE,P1.enableOut.posTE,$PRE.P1.enableOut.k,P1.enableOut.k,$PRE.P1.enableOut.endWhile,P1.enableOut.endWhile,P1.enableOut.randNum,$PRE.P1.enableOut.randNum,P1.enableOut.state128[4],$PRE.P1.enableOut.state128[4],P1.enableOut.state128[3],$PRE.P1.enableOut.state128[3],P1.enableOut.state128[2],$PRE.P1.enableOut.state128[2],P1.enableOut.state128[1],$PRE.P1.enableOut.state128[1],P1.enableOut.cumEnablingProb[2],$PRE.P1.enableOut.cumEnablingProb[2],P1.enableOut.cumEnablingProb[1],$PRE.P1.enableOut.cumEnablingProb[1],$PRE.P1.enableOut.sumEnablingProbTAout,P1.enableOut.sumEnablingProbTAout,$PRE.P1.enableOut.nTAout,P1.enableOut.nTAout,$PRE.P1.enableOut.nremTAout,P1.enableOut.nremTAout,P1.enableOut.remTAout[2],$PRE.P1.enableOut.remTAout[2],P1.enableOut.remTAout[1],$PRE.P1.enableOut.remTAout[1],$PRE.P1.enableOut.Index,P1.enableOut.Index,$PRE.P1.enableOut.arcWeightSum,P1.enableOut.arcWeightSum,P1.enableOut.disTAout[2],$PRE.P1.enableOut.disTAout[2],P1.enableOut.disTAout[1],$PRE.P1.enableOut.disTAout[1],$PRE.P1.enableIn.posTE,P1.enableIn.posTE,$PRE.P1.enableIn.k,P1.enableIn.k,$PRE.P1.enableIn.endWhile,P1.enableIn.endWhile,P1.enableIn.randNum,$PRE.P1.enableIn.randNum,P1.enableIn.state128[4],$PRE.P1.enableIn.state128[4],P1.enableIn.state128[3],$PRE.P1.enableIn.state128[3],P1.enableIn.state128[2],$PRE.P1.enableIn.state128[2],P1.enableIn.state128[1],$PRE.P1.enableIn.state128[1],P1.enableIn.cumEnablingProb[1],$PRE.P1.enableIn.cumEnablingProb[1],$PRE.P1.enableIn.sumEnablingProbTAin,P1.enableIn.sumEnablingProbTAin,$PRE.P1.enableIn.nTAin,P1.enableIn.nTAin,$PRE.P1.enableIn.nremTAin,P1.enableIn.nremTAin,P1.enableIn.remTAin[1],$PRE.P1.enableIn.remTAin[1],$PRE.P1.enableIn.Index,P1.enableIn.Index,$PRE.P1.enableIn.arcWeightSum,P1.enableIn.arcWeightSum,P1.enableIn.disTAin[1],$PRE.P1.enableIn.disTAin[1],$PRE.P3.disMarksInOut,P3.outTransition[1].tokenInOut,$PRE.P2.disMarksInOut,P2.outTransition[1].tokenInOut,$PRE.P1.disMarksInOut,P1.outTransition[1].tokenInOut,T3.inPlaces[1].tokenInOut,$PRE.P3.disMarksIn.anytrue,$PRE.P3.disMarksOut.anytrue,P3.disMarksInOut,$whenCondition9,$PRE.P2.disMarksIn.anytrue,$PRE.P2.disMarksOut.anytrue,P2.disMarksInOut,$whenCondition8,$PRE.P1.disMarksIn.anytrue,$PRE.P1.disMarksOut.anytrue,P1.disMarksInOut,$whenCondition7,P3.outTransition[1].normalArc,P3.outTransition[1].testValueint,P3.outTransition[1].arcType,P3.outTransition[1].disPlace,P3.outTransition[1].minTokensint,P3.outTransition[1].tint,T1.inPlaces[2].disTransition,P3.inTransition[1].disPlace,P3.inTransition[1].maxTokensint,P3.inTransition[1].tint,T3.outPlaces[1].disTransition,T3.outPlaces[1].enabledByInPlaces,P3.reStart,P2.outTransition[1].normalArc,P2.outTransition[1].testValueint,P2.outTransition[1].arcType,P2.outTransition[1].disPlace,P2.outTransition[1].minTokensint,P2.outTransition[1].tint,T1.inPlaces[1].disTransition,P2.inTransition[1].disPlace,P2.inTransition[1].maxTokensint,P2.inTransition[1].tint,T2.outPlaces[1].disTransition,T2.outPlaces[1].enabledByInPlaces,P2.reStart,P1.outTransition[2].normalArc,P1.outTransition[2].testValueint,P1.outTransition[2].arcType,P1.outTransition[2].disPlace,P1.outTransition[2].minTokensint,P1.outTransition[2].tint,T3.inPlaces[1].disTransition,P1.outTransition[1].normalArc,P1.outTransition[1].testValueint,P1.outTransition[1].arcType,P1.outTransition[1].disPlace,P1.outTransition[1].minTokensint,P1.outTransition[1].tint,T2.inPlaces[1].disTransition,P1.inTransition[1].disPlace,P1.inTransition[1].maxTokensint,P1.inTransition[1].tint,T1.outPlaces[1].disTransition,T1.outPlaces[1].enabledByInPlaces,P1.reStart,T3.firingCon,T2.firingCon,T1.firingCon,P1.disMarksOut.vec[1],P1.disMarksOut.vec[2],P1.disMarksOut.numtrue,P1.disMarksOut.anytrue,P1.disMarksIn.vec[1],P1.disMarksIn.numtrue,P1.disMarksIn.anytrue,P2.disMarksOut.vec[1],P2.disMarksOut.numtrue,P2.disMarksOut.anytrue,P2.disMarksIn.vec[1],P2.disMarksIn.numtrue,P2.disMarksIn.anytrue,P3.disMarksOut.vec[1],P3.disMarksOut.numtrue,P3.disMarksOut.anytrue,P3.disMarksIn.vec[1],P3.disMarksIn.numtrue,P3.disMarksIn.anytrue,T1.activation.arcWeightIntIn[1],T1.activation.arcWeightIntIn[2],T1.activation.arcWeightIntOut[1],T2.activation.arcWeightIntIn[1],T2.activation.arcWeightIntOut[1],T3.activation.arcWeightIntIn[1],T3.activation.arcWeightIntOut[1],P1.delayPassedOut.vec[1],P1.delayPassedOut.vec[2],P1.delayPassedIn.vec[1],P2.delayPassedOut.vec[1],P2.delayPassedIn.vec[1],P3.delayPassedOut.vec[1],P3.delayPassedIn.vec[1],T1.activation.normalArc[2],T1.activation.testValueInt[2],T1.activation.arcType[2],T1.activation.disPlaceIn[2],T1.activation.minTokensInt[2],T1.activation.tIntIn[2],T3.activation.disPlaceOut[1],T3.activation.maxTokensInt[1],T3.activation.tIntOut[1],T1.activation.normalArc[1],T1.activation.testValueInt[1],T1.activation.arcType[1],T1.activation.disPlaceIn[1],T1.activation.minTokensInt[1],T1.activation.tIntIn[1],T2.activation.disPlaceOut[1],T2.activation.maxTokensInt[1],T2.activation.tIntOut[1],T3.activation.normalArc[1],T3.activation.testValueInt[1],T3.activation.arcType[1],T3.activation.disPlaceIn[1],T3.activation.minTokensInt[1],T3.activation.tIntIn[1],T2.activation.normalArc[1],T2.activation.testValueInt[1],T2.activation.arcType[1],T2.activation.disPlaceIn[1],T2.activation.minTokensInt[1],T2.activation.tIntIn[1],T1.activation.disPlaceOut[1],T1.activation.maxTokensInt[1],T1.activation.tIntOut[1],P3.emptying.numtrue,P3.emptying.anytrue,P3.emptying.vec[1],P3.feeding.numtrue,P3.feeding.anytrue,P3.feeding.vec[1],P3.delayPassedIn.numtrue,P3.delayPassedIn.anytrue,P3.delayPassedOut.numtrue,P3.delayPassedOut.anytrue,P3.enableOut.TEout[1],$PRE.P3.enableOut.TEout[1],P3.enableOut.TEout_[1],P3.enableOut.TAout[1],P3.enableIn.TEin[1],$PRE.P3.enableIn.TEin[1],P3.enableIn.TEin_[1],P3.enableIn.active[1],P3.fireOut[1],$PRE.P3.fireOut[1],P3.fireIn[1],$PRE.P3.fireIn[1],P2.emptying.numtrue,P2.emptying.anytrue,P2.emptying.vec[1],P2.feeding.numtrue,P2.feeding.anytrue,P2.feeding.vec[1],P2.delayPassedIn.numtrue,P2.delayPassedIn.anytrue,P2.delayPassedOut.numtrue,P2.delayPassedOut.anytrue,P2.enableOut.TEout[1],$PRE.P2.enableOut.TEout[1],P2.enableOut.TEout_[1],P2.enableOut.TAout[1],P2.enableIn.TEin[1],$PRE.P2.enableIn.TEin[1],P2.enableIn.TEin_[1],P2.enableIn.active[1],P2.fireOut[1],$PRE.P2.fireOut[1],P2.fireIn[1],$PRE.P2.fireIn[1],P1.emptying.numtrue,P1.emptying.anytrue,P1.emptying.vec[2],P1.emptying.vec[1],P1.feeding.numtrue,P1.feeding.anytrue,P1.feeding.vec[1],P1.delayPassedIn.numtrue,P1.delayPassedIn.anytrue,P1.delayPassedOut.numtrue,P1.delayPassedOut.anytrue,P1.enableOut.TEout[2],$PRE.P1.enableOut.TEout[2],P1.enableOut.TEout[1],$PRE.P1.enableOut.TEout[1],P1.enableOut.TEout_[2],P1.enableOut.TEout_[1],P1.enableOut.TAout[2],P1.enableOut.TAout[1],P1.enableIn.TEin[1],$PRE.P1.enableIn.TEin[1],P1.enableIn.TEin_[1],P1.enableIn.active[1],P1.fireOut[2],$PRE.P1.fireOut[2],P1.fireOut[1],$PRE.P1.fireOut[1],P1.fireIn[1],$PRE.P1.fireIn[1],T3.fire_,T3.activation.NoTokens,T3.activation.weaklyOutputActiveVec[1],T3.activation.weaklyInputActiveVec[1],T3.activation.active,T3.activation.emptied[1],T3.activation.fed[1],T2.fire_,T2.activation.NoTokens,T2.activation.weaklyOutputActiveVec[1],T2.activation.weaklyInputActiveVec[1],T2.activation.active,T2.activation.emptied[1],T2.activation.fed[1],T1.fire_,T1.activation.NoTokens,T1.activation.weaklyOutputActiveVec[1],T1.activation.weaklyInputActiveVec[2],T1.activation.weaklyInputActiveVec[1],T1.activation.active,T1.activation.emptied[1],T1.activation.fed[2],T1.activation.fed[1],$whenCondition6,$whenCondition5,$whenCondition4,$whenCondition3,$whenCondition2,$whenCondition1)
 * Number of discrete states: 0 ()
 * Number of clocked states: 0 ()
 * Top-level inputs: 0
Notification: Strong component statistics for initialization (465):
 * Single equations (assignments): 431
 * Array equations: 0
 * Algorithm blocks: 33
 * Record equations: 0
 * When equations: 0
 * If-equations: 0
 * Equation systems (not torn): 0
 * Torn equation systems: 1
 * Mixed (continuous/discrete) equation systems: 0
Notification: Torn system details for strict tearing set:
 * Linear torn systems (#iteration vars, #inner vars, density): 0 systems
 * Non-linear torn systems (#iteration vars, #inner vars): 1 system
   {(5,19)}
Notification: Performance of prepare postOptimizeDAE: time 0.003043/0.4595, allocations: 2.66 MB / 0.5359 GB, free: 49.39 MB / 378.7 MB
Notification: Performance of postOpt lateInlineFunction (simulation): time 0.0008272/0.4603, allocations: 278.4 kB / 0.5362 GB, free: 49.11 MB / 378.7 MB
Notification: Performance of postOpt wrapFunctionCalls (simulation): time 0.01317/0.4735, allocations: 9.3 MB / 0.5452 GB, free: 39.62 MB / 378.7 MB
Notification: Performance of postOpt inlineArrayEqn (simulation): time 3.447e-05/0.4736, allocations: 15.98 kB / 0.5453 GB, free: 39.6 MB / 378.7 MB
Notification: Performance of postOpt constantLinearSystem (simulation): time 8.857e-06/0.4736, allocations: 4 kB / 0.5453 GB, free: 39.6 MB / 378.7 MB
Notification: Performance of postOpt simplifysemiLinear (simulation): time 1.474e-05/0.4736, allocations: 3.984 kB / 0.5453 GB, free: 39.59 MB / 378.7 MB
Notification: Performance of postOpt removeSimpleEquations (simulation): time 0.01589/0.4895, allocations: 12.26 MB / 0.5572 GB, free: 27.11 MB / 378.7 MB
Notification: Performance of postOpt simplifyComplexFunction (simulation): time 0.01238/0.5019, allocations: 9.111 MB / 0.5661 GB, free: 17.8 MB / 378.7 MB
Notification: Performance of postOpt solveSimpleEquations (simulation): time 0.0004982/0.5025, allocations: 107.8 kB / 0.5662 GB, free: 17.69 MB / 378.7 MB
Notification: Performance of postOpt tearingSystem (simulation): time 0.00158/0.5041, allocations: 0.5282 MB / 0.5668 GB, free: 17.16 MB / 378.7 MB
Notification: Performance of postOpt inputDerivativesUsed (simulation): time 0.0003775/0.5045, allocations: 171.5 kB / 0.5669 GB, free: 17 MB / 378.7 MB
Notification: Performance of postOpt calculateStrongComponentJacobians (simulation): time 0.001262/0.5057, allocations: 1.228 MB / 0.5681 GB, free: 15.75 MB / 378.7 MB
Notification: Performance of postOpt calculateStateSetsJacobians (simulation): time 1.974e-06/0.5057, allocations: 0 / 0.5681 GB, free: 15.75 MB / 378.7 MB
Notification: Performance of postOpt symbolicJacobian (simulation): time 0.01946/0.5252, allocations: 13.48 MB / 0.5813 GB, free: 2.035 MB / 378.7 MB
Notification: Performance of postOpt removeConstants (simulation): time 0.0002724/0.5255, allocations: 262.4 kB / 0.5815 GB, free: 1.758 MB / 378.7 MB
Notification: Performance of postOpt simplifyTimeIndepFuncCalls (simulation): time 0.0007626/0.5263, allocations: 287.9 kB / 0.5818 GB, free: 1.477 MB / 378.7 MB
Notification: Performance of postOpt simplifyAllExpressions (simulation): time 0.002405/0.5287, allocations: 307.7 kB / 0.5821 GB, free: 1.176 MB / 378.7 MB
Notification: Performance of postOpt findZeroCrossings (simulation): time 0.001478/0.5302, allocations: 0.9847 MB / 0.5831 GB, free: 200 kB / 378.7 MB
Notification: Performance of postOpt collapseArrayExpressions (simulation): time 0.0004756/0.5307, allocations: 191.3 kB / 0.5833 GB, free: 12 kB / 378.7 MB
Notification: Performance of sorting global known variables: time 0.001305/0.532, allocations: 0.6904 MB / 0.5839 GB, free: 15.31 MB / 394.7 MB
Notification: Performance of sort global known variables: time 2.01e-07/0.532, allocations: 0 / 0.5839 GB, free: 15.31 MB / 394.7 MB
Notification: Performance of remove unused functions: time 0.003281/0.5353, allocations: 1.121 MB / 0.585 GB, free: 14.2 MB / 394.7 MB
Notification: Model statistics after passing the back-end for simulation:
 * Number of independent subsystems: 2
 * Number of states: 3 (P1.t_,P2.t_,P3.t_)
 * Number of discrete variables: 213 ($cse5[1],$cse5[2],$cse6[1],$cse7[1],$whenCondition9,$whenCondition8,$whenCondition7,$whenCondition1,$whenCondition2,$whenCondition3,$whenCondition4,$whenCondition5,$whenCondition6,T1.activation.fed[1],T1.activation.fed[2],T1.activation.emptied[1],T1.activation.active,T1.activation.weaklyInputActiveVec[1],T1.activation.weaklyInputActiveVec[2],T1.activation.weaklyOutputActiveVec[1],T1.activation.NoTokens,T1.fire_,T2.activation.fed[1],T2.activation.emptied[1],T2.activation.active,T2.activation.weaklyInputActiveVec[1],T2.activation.weaklyOutputActiveVec[1],T2.activation.NoTokens,T2.fire_,T3.inPlaces[1].tokenInOut,T3.activation.fed[1],T3.activation.emptied[1],T3.activation.active,T3.activation.weaklyInputActiveVec[1],T3.activation.weaklyOutputActiveVec[1],T3.activation.NoTokens,T3.fire_,P1.outTransition[1].tokenInOut,P1.disMarksInOut,P1.fireIn[1],P1.fireOut[1],P1.fireOut[2],P1.enableIn.active[1],P1.enableIn.TEin_[1],P1.enableIn.state128[1],P1.enableIn.state128[2],P1.enableIn.state128[3],P1.enableIn.state128[4],P1.enableIn.TEin[1],P1.enableIn.disTAin[1],P1.enableIn.remTAin[1],P1.enableIn.cumEnablingProb[1],P1.enableIn.arcWeightSum,P1.enableIn.nremTAin,P1.enableIn.nTAin,P1.enableIn.k,P1.enableIn.posTE,P1.enableIn.randNum,P1.enableIn.sumEnablingProbTAin,P1.enableIn.endWhile,P1.enableIn.Index,P1.enableOut.TAout[1],P1.enableOut.TAout[2],P1.enableOut.TEout_[1],P1.enableOut.TEout_[2],P1.enableOut.state128[1],P1.enableOut.state128[2],P1.enableOut.state128[3],P1.enableOut.state128[4],P1.enableOut.TEout[1],P1.enableOut.TEout[2],P1.enableOut.disTAout[1],P1.enableOut.disTAout[2],P1.enableOut.remTAout[1],P1.enableOut.remTAout[2],P1.enableOut.cumEnablingProb[1],P1.enableOut.cumEnablingProb[2],P1.enableOut.arcWeightSum,P1.enableOut.nremTAout,P1.enableOut.nTAout,P1.enableOut.k,P1.enableOut.posTE,P1.enableOut.randNum,P1.enableOut.sumEnablingProbTAout,P1.enableOut.endWhile,P1.enableOut.Index,P1.delayPassedOut.anytrue,P1.delayPassedOut.numtrue,P1.delayPassedIn.anytrue,P1.delayPassedIn.numtrue,P1.disMarksOut.anytrue,P1.disMarksOut.numtrue,P1.disMarksIn.anytrue,P1.disMarksIn.numtrue,P1.feeding.vec[1],P1.feeding.anytrue,P1.feeding.numtrue,P1.emptying.vec[1],P1.emptying.vec[2],P1.emptying.anytrue,P1.emptying.numtrue,P2.outTransition[1].tokenInOut,P2.disMarksInOut,P2.fireIn[1],P2.fireOut[1],P2.enableIn.active[1],P2.enableIn.TEin_[1],P2.enableIn.state128[1],P2.enableIn.state128[2],P2.enableIn.state128[3],P2.enableIn.state128[4],P2.enableIn.TEin[1],P2.enableIn.disTAin[1],P2.enableIn.remTAin[1],P2.enableIn.cumEnablingProb[1],P2.enableIn.arcWeightSum,P2.enableIn.nremTAin,P2.enableIn.nTAin,P2.enableIn.k,P2.enableIn.posTE,P2.enableIn.randNum,P2.enableIn.sumEnablingProbTAin,P2.enableIn.endWhile,P2.enableIn.Index,P2.enableOut.TAout[1],P2.enableOut.TEout_[1],P2.enableOut.state128[1],P2.enableOut.state128[2],P2.enableOut.state128[3],P2.enableOut.state128[4],P2.enableOut.TEout[1],P2.enableOut.disTAout[1],P2.enableOut.remTAout[1],P2.enableOut.cumEnablingProb[1],P2.enableOut.arcWeightSum,P2.enableOut.nremTAout,P2.enableOut.nTAout,P2.enableOut.k,P2.enableOut.posTE,P2.enableOut.randNum,P2.enableOut.sumEnablingProbTAout,P2.enableOut.endWhile,P2.enableOut.Index,P2.delayPassedOut.anytrue,P2.delayPassedOut.numtrue,P2.delayPassedIn.anytrue,P2.delayPassedIn.numtrue,P2.disMarksOut.anytrue,P2.disMarksOut.numtrue,P2.disMarksIn.anytrue,P2.disMarksIn.numtrue,P2.feeding.vec[1],P2.feeding.anytrue,P2.feeding.numtrue,P2.emptying.vec[1],P2.emptying.anytrue,P2.emptying.numtrue,P3.outTransition[1].tokenInOut,P3.disMarksInOut,P3.fireIn[1],P3.fireOut[1],P3.enableIn.active[1],P3.enableIn.TEin_[1],P3.enableIn.state128[1],P3.enableIn.state128[2],P3.enableIn.state128[3],P3.enableIn.state128[4],P3.enableIn.TEin[1],P3.enableIn.disTAin[1],P3.enableIn.remTAin[1],P3.enableIn.cumEnablingProb[1],P3.enableIn.arcWeightSum,P3.enableIn.nremTAin,P3.enableIn.nTAin,P3.enableIn.k,P3.enableIn.posTE,P3.enableIn.randNum,P3.enableIn.sumEnablingProbTAin,P3.enableIn.endWhile,P3.enableIn.Index,P3.enableOut.TAout[1],P3.enableOut.TEout_[1],P3.enableOut.state128[1],P3.enableOut.state128[2],P3.enableOut.state128[3],P3.enableOut.state128[4],P3.enableOut.TEout[1],P3.enableOut.disTAout[1],P3.enableOut.remTAout[1],P3.enableOut.cumEnablingProb[1],P3.enableOut.arcWeightSum,P3.enableOut.nremTAout,P3.enableOut.nTAout,P3.enableOut.k,P3.enableOut.posTE,P3.enableOut.randNum,P3.enableOut.sumEnablingProbTAout,P3.enableOut.endWhile,P3.enableOut.Index,P3.delayPassedOut.anytrue,P3.delayPassedOut.numtrue,P3.delayPassedIn.anytrue,P3.delayPassedIn.numtrue,P3.disMarksOut.anytrue,P3.disMarksOut.numtrue,P3.disMarksIn.anytrue,P3.disMarksIn.numtrue,P3.feeding.vec[1],P3.feeding.anytrue,P3.feeding.numtrue,P3.emptying.vec[1],P3.emptying.anytrue,P3.emptying.numtrue)
 * Number of discrete states: 181 (P3.disMarksInOut,P2.disMarksInOut,P1.disMarksInOut,P3.fireIn[1],P3.fireOut[1],P3.disMarksOut.anytrue,P3.disMarksIn.anytrue,P2.fireIn[1],P2.fireOut[1],P2.disMarksOut.anytrue,P2.disMarksIn.anytrue,P1.fireIn[1],P1.fireOut[2],P1.fireOut[1],P1.disMarksOut.anytrue,P1.disMarksIn.anytrue,P3.emptying.numtrue,P3.emptying.anytrue,P3.feeding.numtrue,P3.feeding.anytrue,P3.disMarksIn.numtrue,P3.disMarksOut.numtrue,P3.delayPassedIn.numtrue,P3.delayPassedIn.anytrue,P3.delayPassedOut.numtrue,P3.delayPassedOut.anytrue,P2.emptying.numtrue,P2.emptying.anytrue,P2.feeding.numtrue,P2.feeding.anytrue,P2.disMarksIn.numtrue,P2.disMarksOut.numtrue,P2.delayPassedIn.numtrue,P2.delayPassedIn.anytrue,P2.delayPassedOut.numtrue,P2.delayPassedOut.anytrue,P1.emptying.numtrue,P1.emptying.anytrue,P1.feeding.numtrue,P1.feeding.anytrue,P1.disMarksIn.numtrue,P1.disMarksOut.numtrue,P1.delayPassedIn.numtrue,P1.delayPassedIn.anytrue,P1.delayPassedOut.numtrue,P1.delayPassedOut.anytrue,T3.activation.weaklyOutputActiveVec[1],T3.activation.weaklyInputActiveVec[1],T3.activation.active,T3.activation.NoTokens,P3.enableIn.TEin_[1],P3.enableIn.posTE,P3.enableIn.k,P3.enableIn.endWhile,P3.enableIn.state128[4],P3.enableIn.state128[3],P3.enableIn.state128[2],P3.enableIn.state128[1],P3.enableIn.randNum,P3.enableIn.cumEnablingProb[1],P3.enableIn.sumEnablingProbTAin,P3.enableIn.nTAin,P3.enableIn.nremTAin,P3.enableIn.remTAin[1],P3.enableIn.Index,P3.enableIn.arcWeightSum,P3.enableIn.disTAin[1],$whenCondition5,P3.enableIn.TEin[1],T2.activation.weaklyOutputActiveVec[1],T2.activation.weaklyInputActiveVec[1],T2.activation.active,T2.activation.NoTokens,P2.enableIn.TEin_[1],P2.enableIn.posTE,P2.enableIn.k,P2.enableIn.endWhile,P2.enableIn.state128[4],P2.enableIn.state128[3],P2.enableIn.state128[2],P2.enableIn.state128[1],P2.enableIn.randNum,P2.enableIn.cumEnablingProb[1],P2.enableIn.sumEnablingProbTAin,P2.enableIn.nTAin,P2.enableIn.nremTAin,P2.enableIn.remTAin[1],P2.enableIn.Index,P2.enableIn.arcWeightSum,P2.enableIn.disTAin[1],$whenCondition3,P2.enableIn.TEin[1],P1.enableOut.TEout_[2],P1.enableOut.TEout_[1],P1.enableOut.posTE,P1.enableOut.k,P1.enableOut.endWhile,P1.enableOut.state128[4],P1.enableOut.state128[3],P1.enableOut.state128[2],P1.enableOut.state128[1],P1.enableOut.randNum,P1.enableOut.cumEnablingProb[2],P1.enableOut.cumEnablingProb[1],P1.enableOut.sumEnablingProbTAout,P1.enableOut.nTAout,P1.enableOut.nremTAout,P1.enableOut.remTAout[2],P1.enableOut.remTAout[1],P1.enableOut.Index,P1.enableOut.arcWeightSum,P1.enableOut.disTAout[2],P1.enableOut.disTAout[1],$whenCondition2,P1.enableOut.TEout[2],P1.enableOut.TEout[1],T1.activation.weaklyOutputActiveVec[1],T1.activation.weaklyInputActiveVec[2],T1.activation.weaklyInputActiveVec[1],T1.activation.active,T1.activation.NoTokens,P1.enableIn.TEin_[1],P1.enableIn.posTE,P1.enableIn.k,P1.enableIn.endWhile,P1.enableIn.state128[4],P1.enableIn.state128[3],P1.enableIn.state128[2],P1.enableIn.state128[1],P1.enableIn.randNum,P1.enableIn.cumEnablingProb[1],P1.enableIn.sumEnablingProbTAin,P1.enableIn.nTAin,P1.enableIn.nremTAin,P1.enableIn.remTAin[1],P1.enableIn.Index,P1.enableIn.arcWeightSum,P1.enableIn.disTAin[1],$whenCondition1,P1.enableIn.TEin[1],P3.enableOut.TEout_[1],P3.enableOut.posTE,P3.enableOut.k,P3.enableOut.endWhile,P3.enableOut.state128[4],P3.enableOut.state128[3],P3.enableOut.state128[2],P3.enableOut.state128[1],P3.enableOut.randNum,P3.enableOut.cumEnablingProb[1],P3.enableOut.sumEnablingProbTAout,P3.enableOut.nTAout,P3.enableOut.nremTAout,P3.enableOut.remTAout[1],P3.enableOut.Index,P3.enableOut.arcWeightSum,P3.enableOut.disTAout[1],$whenCondition6,P3.enableOut.TEout[1],P2.enableOut.TEout_[1],P2.enableOut.posTE,P2.enableOut.k,P2.enableOut.endWhile,P2.enableOut.state128[4],P2.enableOut.state128[3],P2.enableOut.state128[2],P2.enableOut.state128[1],P2.enableOut.randNum,P2.enableOut.cumEnablingProb[1],P2.enableOut.sumEnablingProbTAout,P2.enableOut.nTAout,P2.enableOut.nremTAout,P2.enableOut.remTAout[1],P2.enableOut.Index,P2.enableOut.arcWeightSum,P2.enableOut.disTAout[1],$whenCondition4,P2.enableOut.TEout[1],P3.disMarkChange,P2.disMarkChange,P1.disMarkChange)
 * Number of clocked states: 0 ()
 * Top-level inputs: 0
Notification: Strong component statistics for simulation (118):
 * Single equations (assignments): 87
 * Array equations: 3
 * Algorithm blocks: 27
 * Record equations: 0
 * When equations: 0
 * If-equations: 0
 * Equation systems (not torn): 0
 * Torn equation systems: 1
 * Mixed (continuous/discrete) equation systems: 0
Notification: Torn system details for strict tearing set:
 * Linear torn systems (#iteration vars, #inner vars, density): 0 systems
 * Non-linear torn systems (#iteration vars, #inner vars): 1 system
   {(5,23)}
Notification: Performance of Backend phase and start with SimCode phase: time 0.001285/0.5366, allocations: 0.7144 MB / 0.5857 GB, free: 13.47 MB / 394.7 MB
Notification: Performance of simCode: created initialization part: time 0.01612/0.5527, allocations: 10.73 MB / 0.5962 GB, free: 2.324 MB / 394.7 MB
Notification: Performance of simCode: created event and clocks part: time 6.232e-06/0.5528, allocations: 4 kB / 0.5962 GB, free: 2.32 MB / 394.7 MB
Notification: Performance of simCode: created simulation system equations: time 0.01223/0.565, allocations: 11.74 MB / 0.6077 GB, free: 6.25 MB / 410.7 MB
Notification: Performance of simCode: created of all other equations (e.g. parameter, nominal, assert, etc): time 0.001714/0.5667, allocations: 358.6 kB / 0.608 GB, free: 5.906 MB / 410.7 MB
Notification: Performance of simCode: created linear, non-linear and system jacobian parts: time 0.01275/0.5795, allocations: 7.784 MB / 0.6156 GB, free: 14.1 MB / 426.7 MB
Notification: Performance of simCode: some other stuff during SimCode phase: time 0.001528/0.5811, allocations: 1.979 MB / 0.6175 GB, free: 12.08 MB / 426.7 MB
Notification: Performance of simCode: alias equations: time 0.001369/0.5824, allocations: 0.5499 MB / 0.6181 GB, free: 11.53 MB / 426.7 MB
Notification: Performance of simCode: all other stuff during SimCode phase: time 0.0002935/0.5827, allocations: 143.4 kB / 0.6182 GB, free: 11.39 MB / 426.7 MB
Notification: Performance of SimCode: time 1.242e-06/0.5828, allocations: 0 / 0.6182 GB, free: 11.39 MB / 426.7 MB
Notification: Performance of Templates: time 0.07827/0.661, allocations: 50.47 MB / 0.6675 GB, free: 8.43 MB / 474.7 MB
make -j1 -f PNlib_master_PNlib.Examples.ConTest.ConflictLoop.makefile
(rm -f PNlib_master_PNlib.Examples.ConTest.ConflictLoop.pipe ; mkfifo PNlib_master_PNlib.Examples.ConTest.ConflictLoop.pipe ; head -c 1048576 < PNlib_master_PNlib.Examples.ConTest.ConflictLoop.pipe >> ../files/PNlib_master_PNlib.Examples.ConTest.ConflictLoop.sim & ./PNlib_master_PNlib.Examples.ConTest.ConflictLoop  -abortSlowSimulation -alarm=480  -emit_protected -lv LOG_STATS > PNlib_master_PNlib.Examples.ConTest.ConflictLoop.pipe 2>&1)
diffSimulationResults("PNlib_master_PNlib.Examples.ConTest.ConflictLoop_res.mat","/home/runner/work/PNlib/PNlib/ReferenceFiles/PNlib.Examples.ConTest.ConflictLoop.mat","../files/PNlib_master_PNlib.Examples.ConTest.ConflictLoop.diff",relTol=0.003,relTolDiffMinMax=0.003,rangeDelta=0.001)
Reference file matches
