Running: ./testmodel.py --libraries=/home/runner/.openmodelica/libraries/ --ompython_omhome= PNlib_master_PNlib.Examples.ConTest.TCtoPC.conf.json
loadFile("/home/runner/.openmodelica/libraries/ModelicaServices 4.0.0+maint.om/package.mo", uses=false)
loadFile("/home/runner/.openmodelica/libraries/Complex 4.0.0+maint.om/package.mo", uses=false)
loadFile("/home/runner/.openmodelica/libraries/Modelica 4.0.0+maint.om/package.mo", uses=false)
loadFile("/home/runner/work/PNlib/PNlib/PNlib/package.mo", uses=false)
Using package PNlib with version 2.2 (/home/runner/work/PNlib/PNlib/PNlib/package.mo)
Using package Modelica with version 4.0.0 (/home/runner/.openmodelica/libraries/Modelica 4.0.0+maint.om/package.mo)
Using package Complex with version 4.0.0 (/home/runner/.openmodelica/libraries/Complex 4.0.0+maint.om/package.mo)
Using package ModelicaServices with version 4.0.0 (/home/runner/.openmodelica/libraries/ModelicaServices 4.0.0+maint.om/package.mo)
Running command: translateModel(PNlib.Examples.ConTest.TCtoPC,tolerance=1e-06,outputFormat="mat",numberOfIntervals=5000,variableFilter="P1.t|T1.fire|T1.instantaneousSpeed|T1.maximumSpeed|time",fileNamePrefix="PNlib_master_PNlib.Examples.ConTest.TCtoPC")
translateModel(PNlib.Examples.ConTest.TCtoPC,tolerance=1e-06,outputFormat="mat",numberOfIntervals=5000,variableFilter="P1.t|T1.fire|T1.instantaneousSpeed|T1.maximumSpeed|time",fileNamePrefix="PNlib_master_PNlib.Examples.ConTest.TCtoPC")
Notification: Performance of loadFile(/home/runner/.openmodelica/libraries/ModelicaServices 4.0.0+maint.om/package.mo): time 0.001011/0.001011, allocations: 96.88 kB / 15.59 MB, free: 5.227 MB / 13.93 MB
Notification: Performance of loadFile(/home/runner/.openmodelica/libraries/Complex 4.0.0+maint.om/package.mo): time 0.001023/0.001023, allocations: 176.4 kB / 16.51 MB, free: 4.648 MB / 13.93 MB
Notification: Performance of loadFile(/home/runner/.openmodelica/libraries/Modelica 4.0.0+maint.om/package.mo): time 1.662/1.662, allocations: 222.1 MB / 239.4 MB, free: 11.11 MB / 202.7 MB
Notification: Performance of loadFile(/home/runner/work/PNlib/PNlib/PNlib/package.mo): time 0.09479/0.09479, allocations: 16.58 MB / 306.2 MB, free: 10.6 MB / 250.7 MB
Notification: Performance of FrontEnd - loaded program: time 0.0004617/0.0004617, allocations: 17.33 kB / 370.6 MB, free: 44.92 MB / 298.7 MB
Notification: Performance of FrontEnd - Absyn->SCode: time 0.07739/0.07787, allocations: 53.46 MB / 424.1 MB, free: 5.973 MB / 298.7 MB
Notification: Performance of NFInst.instantiate(PNlib.Examples.ConTest.TCtoPC): time 0.002952/0.08087, allocations: 1.994 MB / 426.1 MB, free: 3.98 MB / 298.7 MB
Notification: Performance of NFInst.instExpressions: time 0.002666/0.08355, allocations: 1.685 MB / 427.7 MB, free: 2.297 MB / 298.7 MB
Notification: Performance of NFInst.updateImplicitVariability: time 0.0002442/0.08381, allocations: 11.94 kB / 427.7 MB, free: 2.285 MB / 298.7 MB
Notification: Performance of NFTyping.typeComponents: time 0.0002997/0.08413, allocations: 123 kB / 427.9 MB, free: 2.164 MB / 298.7 MB
Notification: Performance of NFTyping.typeBindings: time 0.0004526/0.08459, allocations: 131 kB / 428 MB, free: 2.035 MB / 298.7 MB
Notification: Performance of NFTyping.typeClassSections: time 0.001258/0.08586, allocations: 0.7048 MB / 428.7 MB, free: 1.332 MB / 298.7 MB
Notification: Performance of NFFlatten.flatten: time 0.001065/0.08694, allocations: 1.397 MB / 430.1 MB, free: 15.93 MB / 314.7 MB
Notification: Performance of NFFlatten.resolveConnections: time 0.0003042/0.08726, allocations: 155.9 kB / 430.3 MB, free: 15.78 MB / 314.7 MB
Notification: Performance of NFEvalConstants.evaluate: time 0.0006591/0.08793, allocations: 0.5376 MB / 430.8 MB, free: 15.24 MB / 314.7 MB
Notification: Performance of NFSimplifyModel.simplify: time 0.0005248/0.08847, allocations: 326.3 kB / 431.1 MB, free: 14.92 MB / 314.7 MB
Notification: Performance of NFPackage.collectConstants: time 0.000147/0.08863, allocations: 76 kB / 431.2 MB, free: 14.84 MB / 314.7 MB
Notification: Performance of NFFlatten.collectFunctions: time 0.0007882/0.08942, allocations: 459.4 kB / 431.6 MB, free: 14.39 MB / 314.7 MB
Notification: Performance of NFScalarize.scalarize: time 0.0003661/0.0898, allocations: 159.4 kB / 431.8 MB, free: 14.24 MB / 314.7 MB
Notification: Performance of NFVerifyModel.verify: time 0.0002785/0.09009, allocations: 350.3 kB / 432.1 MB, free: 13.89 MB / 314.7 MB
Notification: Performance of NFConvertDAE.convert: time 0.000908/0.09101, allocations: 1.04 MB / 433.2 MB, free: 12.85 MB / 314.7 MB
Notification: Performance of FrontEnd - DAE generated: time 3.868e-06/0.09102, allocations: 0 / 433.2 MB, free: 12.85 MB / 314.7 MB
Notification: Performance of FrontEnd: time 1.513e-06/0.09103, allocations: 8 kB / 433.2 MB, free: 12.84 MB / 314.7 MB
Notification: Performance of Transformations before backend: time 8.856e-06/0.09105, allocations: 0 / 433.2 MB, free: 12.84 MB / 314.7 MB
Notification: Model statistics after passing the front-end and creating the data structures used by the back-end:
 * Number of equations: 165
 * Number of variables: 165
Notification: Performance of Generate backend data structure: time 0.001632/0.09268, allocations: 1.251 MB / 434.4 MB, free: 11.48 MB / 314.7 MB
Notification: Performance of prepare preOptimizeDAE: time 3.419e-05/0.09273, allocations: 16.02 kB / 434.4 MB, free: 11.46 MB / 314.7 MB
Notification: Performance of preOpt normalInlineFunction (simulation): time 0.0007745/0.09351, allocations: 136 kB / 434.6 MB, free: 11.33 MB / 314.7 MB
Notification: Performance of preOpt evaluateParameters (simulation): time 0.0004988/0.09402, allocations: 411 kB / 435 MB, free: 10.89 MB / 314.7 MB
Notification: Performance of preOpt simplifyIfEquations (simulation): time 0.0001179/0.09415, allocations: 138.7 kB / 435.1 MB, free: 10.73 MB / 314.7 MB
Notification: Performance of preOpt expandDerOperator (simulation): time 0.0001168/0.09428, allocations: 71.98 kB / 435.2 MB, free: 10.66 MB / 314.7 MB
Notification: Performance of preOpt clockPartitioning (simulation): time 0.001854/0.09614, allocations: 1.122 MB / 436.3 MB, free: 9.484 MB / 314.7 MB
Notification: Performance of preOpt findStateOrder (simulation): time 2.374e-05/0.09618, allocations: 7.938 kB / 436.3 MB, free: 9.477 MB / 314.7 MB
Notification: Performance of preOpt replaceEdgeChange (simulation): time 8.976e-05/0.09627, allocations: 39.98 kB / 436.4 MB, free: 9.438 MB / 314.7 MB
Notification: Performance of preOpt inlineArrayEqn (simulation): time 9.661e-05/0.09638, allocations: 56.23 kB / 436.4 MB, free: 9.387 MB / 314.7 MB
Notification: Performance of preOpt removeEqualRHS (simulation): time 0.0014/0.09779, allocations: 0.7731 MB / 437.2 MB, free: 8.613 MB / 314.7 MB
Notification: Performance of preOpt removeSimpleEquations (simulation): time 0.00346/0.1013, allocations: 2.777 MB / 440 MB, free: 5.703 MB / 314.7 MB
Notification: Performance of preOpt comSubExp (simulation): time 0.001219/0.1025, allocations: 1.033 MB / 441 MB, free: 4.652 MB / 314.7 MB
Notification: Performance of preOpt resolveLoops (simulation): time 0.00109/0.1036, allocations: 0.9086 MB / 441.9 MB, free: 3.738 MB / 314.7 MB
Notification: Performance of preOpt evalFunc (simulation): time 0.001759/0.1054, allocations: 2.88 MB / 444.8 MB, free: 236 kB / 314.7 MB
Notification: Performance of preOpt encapsulateWhenConditions (simulation): time 0.001268/0.1067, allocations: 0.6684 MB / 445.4 MB, free: 15.54 MB / 330.7 MB
Notification: Performance of pre-optimization done (n=68): time 2.595e-06/0.1067, allocations: 4 kB / 445.4 MB, free: 15.53 MB / 330.7 MB
Notification: Performance of matching and sorting (n=68): time 0.003752/0.1104, allocations: 2.092 MB / 447.5 MB, free: 13.36 MB / 330.7 MB
Notification: Performance of inlineWhenForInitialization (initialization): time 0.000334/0.1108, allocations: 0.5282 MB / 448.1 MB, free: 12.72 MB / 330.7 MB
Notification: Performance of selectInitializationVariablesDAE (initialization): time 0.000365/0.1112, allocations: 376 kB / 448.4 MB, free: 12.34 MB / 330.7 MB
Notification: Performance of collectPreVariables (initialization): time 6.872e-05/0.1112, allocations: 57.69 kB / 448.5 MB, free: 12.28 MB / 330.7 MB
Notification: Performance of collectInitialEqns (initialization): time 0.0001426/0.1114, allocations: 256.3 kB / 448.7 MB, free: 12.02 MB / 330.7 MB
Notification: Performance of collectInitialBindings (initialization): time 0.0001291/0.1115, allocations: 177.8 kB / 448.9 MB, free: 11.84 MB / 330.7 MB
Notification: Performance of simplifyInitialFunctions (initialization): time 0.0002718/0.1118, allocations: 202.5 kB / 449.1 MB, free: 11.64 MB / 330.7 MB
Notification: Performance of setup shared object (initialization): time 0.0002408/0.1121, allocations: 370.7 kB / 449.5 MB, free: 11.27 MB / 330.7 MB
Notification: Performance of preBalanceInitialSystem (initialization): time 0.00055/0.1126, allocations: 330.1 kB / 449.8 MB, free: 10.95 MB / 330.7 MB
Notification: Performance of partitionIndependentBlocks (initialization): time 0.0006876/0.1133, allocations: 0.6539 MB / 450.5 MB, free: 10.15 MB / 330.7 MB
Notification: Performance of analyzeInitialSystem (initialization): time 0.001622/0.1149, allocations: 1.619 MB / 452.1 MB, free: 8.273 MB / 330.7 MB
Notification: Performance of solveInitialSystemEqSystem (initialization): time 7.354e-06/0.115, allocations: 4 kB / 452.1 MB, free: 8.27 MB / 330.7 MB
Notification: Performance of matching and sorting (n=127) (initialization): time 0.002462/0.1174, allocations: 1.554 MB / 453.6 MB, free: 6.637 MB / 330.7 MB
Notification: Performance of prepare postOptimizeDAE: time 0.0001272/0.1176, allocations: 354.8 kB / 454 MB, free: 6.223 MB / 330.7 MB
Notification: Performance of postOpt simplifyComplexFunction (initialization): time 0.001354/0.1189, allocations: 0.7349 MB / 454.7 MB, free: 5.457 MB / 330.7 MB
Notification: Performance of postOpt tearingSystem (initialization): time 0.0003936/0.1194, allocations: 72.8 kB / 454.8 MB, free: 5.383 MB / 330.7 MB
Notification: Performance of postOpt solveSimpleEquations (initialization): time 0.0007369/0.1201, allocations: 103.8 kB / 454.9 MB, free: 5.281 MB / 330.7 MB
Notification: Performance of postOpt calculateStrongComponentJacobians (initialization): time 0.0003694/0.1205, allocations: 0.6187 MB / 455.5 MB, free: 4.637 MB / 330.7 MB
Notification: Performance of postOpt simplifyAllExpressions (initialization): time 0.0004654/0.121, allocations: 107.1 kB / 455.6 MB, free: 4.531 MB / 330.7 MB
Notification: Performance of postOpt collapseArrayExpressions (initialization): time 8.815e-05/0.1211, allocations: 55.98 kB / 455.7 MB, free: 4.477 MB / 330.7 MB
Warning: Assuming fixed start value for the following 18 variables:
         P1.enableOut.Index:DISCRETE(fixed = true protected = true )  type: Integer
         P1.enableOut.endWhile:DISCRETE(fixed = true protected = true )  type: Boolean
         P1.enableOut.sumEnablingProbTAout:DISCRETE(fixed = true protected = true )  "sum of the enabling probabilities of the active output transitions" type: Real
         P1.enableOut.posTE:DISCRETE(fixed = true protected = true )  "possible enabled transition" type: Integer
         P1.enableOut.k:DISCRETE(fixed = true protected = true )  "iteration index" type: Integer
         P1.enableOut.nTAout:DISCRETE(fixed = true protected = true )  "number of active output transitions" type: Integer
         P1.enableOut.nremTAout:DISCRETE(fixed = true protected = true )  "number of remaining active output transitions" type: Integer
         P1.enableOut.arcWeightSum:DISCRETE(fixed = true protected = true )  "arc weight sum" type: Real
         P1.enableIn.posTE:DISCRETE(fixed = true protected = true )  "possible enabled transition" type: Integer
         P1.enableIn.k:DISCRETE(fixed = true protected = true )  "iteration index" type: Integer
         P1.enableIn.endWhile:DISCRETE(fixed = true protected = true )  type: Boolean
         P1.enableIn.sumEnablingProbTAin:DISCRETE(fixed = true protected = true )  "sum of the enabling probabilities of the active input transitions" type: Real
         P1.enableIn.nTAin:DISCRETE(fixed = true protected = true )  "number ofactive input transitions" type: Integer
         P1.enableIn.nremTAin:DISCRETE(fixed = true protected = true )  "number of remaining active input transitions" type: Integer
         P1.enableIn.Index:DISCRETE(fixed = true protected = true )  "priority Index" type: Integer
         P1.enableIn.arcWeightSum:DISCRETE(fixed = true protected = true )  "arc weight sum" type: Real
         P1.disMarksIn.anytrue:DISCRETE(fixed = true protected = true )  type: Boolean
         P1.disMarksOut.anytrue:DISCRETE(fixed = true protected = true )  type: Boolean
Notification: Model statistics after passing the back-end for initialization:
 * Number of independent subsystems: 44
 * Number of states: 0 ()
 * Number of discrete variables: 101 ($PRE.P1.enableOut.Index,P1.enableOut.Index,$PRE.P1.enableOut.endWhile,P1.enableOut.endWhile,$PRE.P1.enableOut.sumEnablingProbTAout,P1.enableOut.sumEnablingProbTAout,P1.enableOut.randNum,$PRE.P1.enableOut.randNum,P1.enableOut.state128[4],$PRE.P1.enableOut.state128[4],P1.enableOut.state128[3],$PRE.P1.enableOut.state128[3],P1.enableOut.state128[2],$PRE.P1.enableOut.state128[2],P1.enableOut.state128[1],$PRE.P1.enableOut.state128[1],$PRE.P1.enableOut.posTE,P1.enableOut.posTE,$PRE.P1.enableOut.k,P1.enableOut.k,$PRE.P1.enableOut.nTAout,P1.enableOut.nTAout,$PRE.P1.enableOut.nremTAout,P1.enableOut.nremTAout,$PRE.P1.enableOut.arcWeightSum,P1.enableOut.arcWeightSum,P1.delayPassedOut.numtrue,P1.delayPassedOut.anytrue,$whenCondition3,$PRE.P1.enableIn.posTE,P1.enableIn.posTE,$PRE.P1.enableIn.k,P1.enableIn.k,$PRE.P1.enableIn.endWhile,P1.enableIn.endWhile,P1.enableIn.randNum,$PRE.P1.enableIn.randNum,P1.enableIn.state128[4],$PRE.P1.enableIn.state128[4],P1.enableIn.state128[3],$PRE.P1.enableIn.state128[3],P1.enableIn.state128[2],$PRE.P1.enableIn.state128[2],P1.enableIn.state128[1],$PRE.P1.enableIn.state128[1],P1.enableIn.cumEnablingProb[1],$PRE.P1.enableIn.cumEnablingProb[1],$PRE.P1.enableIn.sumEnablingProbTAin,P1.enableIn.sumEnablingProbTAin,$PRE.P1.enableIn.nTAin,P1.enableIn.nTAin,$PRE.P1.enableIn.nremTAin,P1.enableIn.nremTAin,P1.enableIn.remTAin[1],$PRE.P1.enableIn.remTAin[1],$PRE.P1.enableIn.Index,P1.enableIn.Index,$PRE.P1.enableIn.arcWeightSum,P1.enableIn.arcWeightSum,P1.enableIn.disTAin[1],$PRE.P1.enableIn.disTAin[1],$PRE.P1.disMarksIn.anytrue,$PRE.P1.disMarksOut.anytrue,P1.disMarksInOut,$whenCondition2,P1.disMarksOut.numtrue,P1.disMarksOut.anytrue,P1.inTransition[1].disPlace,P1.inTransition[1].maxTokensint,P1.inTransition[1].tint,T1.outPlaces[1].disTransition,T1.outPlaces[1].enabledByInPlaces,P1.reStart,T1.firingCon,P1.disMarksIn.vec[1],P1.disMarksIn.numtrue,P1.disMarksIn.anytrue,T1.fire_,T1.activation.arcWeightIntOut[1],P1.delayPassedIn.vec[1],T1.activation.disPlaceOut[1],T1.activation.maxTokensInt[1],T1.activation.tIntOut[1],P1.emptying.numtrue,P1.emptying.anytrue,P1.feeding.numtrue,P1.feeding.anytrue,P1.feeding.vec[1],P1.delayPassedIn.numtrue,P1.delayPassedIn.anytrue,P1.enableIn.TEin[1],$PRE.P1.enableIn.TEin[1],P1.enableIn.TEin_[1],P1.enableIn.active[1],P1.fireIn[1],$PRE.P1.fireIn[1],T1.activation.NoTokens,T1.activation.weaklyOutputActiveVec[1],T1.activation.active,T1.activation.emptied[1],$whenCondition1)
 * Number of discrete states: 0 ()
 * Number of clocked states: 0 ()
 * Top-level inputs: 0
Notification: Strong component statistics for initialization (107):
 * Single equations (assignments): 95
 * Array equations: 0
 * Algorithm blocks: 11
 * Record equations: 0
 * When equations: 0
 * If-equations: 0
 * Equation systems (not torn): 0
 * Torn equation systems: 1
 * Mixed (continuous/discrete) equation systems: 0
Notification: Torn system details for strict tearing set:
 * Linear torn systems (#iteration vars, #inner vars, density): 0 systems
 * Non-linear torn systems (#iteration vars, #inner vars): 1 system
   {(1,3)}
Notification: Performance of prepare postOptimizeDAE: time 0.0008653/0.1219, allocations: 0.709 MB / 456.4 MB, free: 3.699 MB / 330.7 MB
Notification: Performance of postOpt lateInlineFunction (simulation): time 0.0003181/0.1223, allocations: 71.38 kB / 456.4 MB, free: 3.629 MB / 330.7 MB
Notification: Performance of postOpt wrapFunctionCalls (simulation): time 0.002968/0.1253, allocations: 1.62 MB / 458.1 MB, free: 1.957 MB / 330.7 MB
Notification: Performance of postOpt inlineArrayEqn (simulation): time 1.04e-05/0.1253, allocations: 4 kB / 458.1 MB, free: 1.953 MB / 330.7 MB
Notification: Performance of postOpt constantLinearSystem (simulation): time 5.591e-06/0.1253, allocations: 0 / 458.1 MB, free: 1.953 MB / 330.7 MB
Notification: Performance of postOpt simplifysemiLinear (simulation): time 6.702e-06/0.1253, allocations: 0 / 458.1 MB, free: 1.953 MB / 330.7 MB
Notification: Performance of postOpt removeSimpleEquations (simulation): time 0.006107/0.1314, allocations: 2.506 MB / 460.6 MB, free: 15.34 MB / 346.7 MB
Notification: Performance of postOpt simplifyComplexFunction (simulation): time 0.00411/0.1356, allocations: 1.526 MB / 462.1 MB, free: 13.76 MB / 346.7 MB
Notification: Performance of postOpt solveSimpleEquations (simulation): time 0.0002766/0.1359, allocations: 27.97 kB / 462.1 MB, free: 13.73 MB / 346.7 MB
Notification: Performance of postOpt tearingSystem (simulation): time 0.0002871/0.1362, allocations: 56.81 kB / 462.2 MB, free: 13.68 MB / 346.7 MB
Notification: Performance of postOpt inputDerivativesUsed (simulation): time 0.0001363/0.1363, allocations: 39.98 kB / 462.2 MB, free: 13.64 MB / 346.7 MB
Notification: Performance of postOpt calculateStrongComponentJacobians (simulation): time 0.0004832/0.1368, allocations: 0.603 MB / 462.8 MB, free: 13.01 MB / 346.7 MB
Notification: Performance of postOpt calculateStateSetsJacobians (simulation): time 2.214e-06/0.1369, allocations: 0 / 462.8 MB, free: 13.01 MB / 346.7 MB
Notification: Performance of postOpt symbolicJacobian (simulation): time 0.006008/0.1429, allocations: 2.544 MB / 465.4 MB, free: 10.39 MB / 346.7 MB
Notification: Performance of postOpt removeConstants (simulation): time 0.0003473/0.1432, allocations: 120.5 kB / 465.5 MB, free: 10.25 MB / 346.7 MB
Notification: Performance of postOpt simplifyTimeIndepFuncCalls (simulation): time 0.0002714/0.1435, allocations: 71.97 kB / 465.6 MB, free: 10.18 MB / 346.7 MB
Notification: Performance of postOpt simplifyAllExpressions (simulation): time 0.0007218/0.1443, allocations: 44.03 kB / 465.6 MB, free: 10.14 MB / 346.7 MB
Notification: Performance of postOpt findZeroCrossings (simulation): time 0.0002505/0.1445, allocations: 71.92 kB / 465.7 MB, free: 10.07 MB / 346.7 MB
Notification: Performance of postOpt collapseArrayExpressions (simulation): time 0.0001445/0.1447, allocations: 43.97 kB / 465.7 MB, free: 10.02 MB / 346.7 MB
Notification: Performance of sorting global known variables: time 0.0003055/0.145, allocations: 223 kB / 465.9 MB, free: 9.809 MB / 346.7 MB
Notification: Performance of sort global known variables: time 3.5e-07/0.145, allocations: 0 / 465.9 MB, free: 9.809 MB / 346.7 MB
Notification: Performance of remove unused functions: time 0.001504/0.1465, allocations: 299.6 kB / 466.2 MB, free: 9.516 MB / 346.7 MB
Notification: Model statistics after passing the back-end for simulation:
 * Number of independent subsystems: 2
 * Number of states: 1 (P1.t_)
 * Number of discrete variables: 54 (P1.disMarksInOut,$whenCondition2,$whenCondition1,T1.activation.emptied[1],T1.activation.active,T1.activation.weaklyOutputActiveVec[1],T1.activation.NoTokens,P1.fireIn[1],P1.enableIn.active[1],P1.enableIn.TEin_[1],P1.enableIn.state128[1],P1.enableIn.state128[2],P1.enableIn.state128[3],P1.enableIn.state128[4],P1.enableIn.TEin[1],P1.enableIn.disTAin[1],P1.enableIn.remTAin[1],P1.enableIn.cumEnablingProb[1],P1.enableIn.arcWeightSum,P1.enableIn.nremTAin,P1.enableIn.nTAin,P1.enableIn.k,P1.enableIn.posTE,P1.enableIn.randNum,P1.enableIn.sumEnablingProbTAin,P1.enableIn.endWhile,P1.enableIn.Index,P1.delayPassedIn.anytrue,P1.delayPassedIn.numtrue,P1.disMarksOut.anytrue,P1.disMarksOut.numtrue,P1.disMarksIn.anytrue,P1.disMarksIn.numtrue,P1.feeding.vec[1],P1.feeding.anytrue,P1.feeding.numtrue,P1.emptying.anytrue,P1.emptying.numtrue,$whenCondition3,P1.enableOut.state128[1],P1.enableOut.state128[2],P1.enableOut.state128[3],P1.enableOut.state128[4],P1.enableOut.arcWeightSum,P1.enableOut.nremTAout,P1.enableOut.nTAout,P1.enableOut.k,P1.enableOut.posTE,P1.enableOut.randNum,P1.enableOut.sumEnablingProbTAout,P1.enableOut.endWhile,P1.enableOut.Index,P1.delayPassedOut.anytrue,P1.delayPassedOut.numtrue)
 * Number of discrete states: 50 (P1.delayPassedOut.numtrue,P1.delayPassedOut.anytrue,P1.enableOut.Index,P1.enableOut.endWhile,P1.enableOut.sumEnablingProbTAout,P1.enableOut.state128[4],P1.enableOut.state128[3],P1.enableOut.state128[2],P1.enableOut.state128[1],P1.enableOut.randNum,P1.enableOut.posTE,P1.enableOut.k,P1.enableOut.nTAout,P1.enableOut.nremTAout,P1.enableOut.arcWeightSum,$whenCondition3,P1.fireIn[1],P1.disMarksOut.anytrue,P1.disMarksIn.anytrue,P1.emptying.numtrue,P1.emptying.anytrue,P1.feeding.numtrue,P1.feeding.anytrue,P1.disMarksIn.numtrue,P1.disMarksOut.numtrue,P1.delayPassedIn.numtrue,P1.delayPassedIn.anytrue,T1.activation.weaklyOutputActiveVec[1],T1.activation.active,T1.activation.NoTokens,P1.enableIn.TEin_[1],P1.enableIn.posTE,P1.enableIn.k,P1.enableIn.endWhile,P1.enableIn.state128[4],P1.enableIn.state128[3],P1.enableIn.state128[2],P1.enableIn.state128[1],P1.enableIn.randNum,P1.enableIn.cumEnablingProb[1],P1.enableIn.sumEnablingProbTAin,P1.enableIn.nTAin,P1.enableIn.nremTAin,P1.enableIn.remTAin[1],P1.enableIn.Index,P1.enableIn.arcWeightSum,P1.enableIn.disTAin[1],$whenCondition1,P1.enableIn.TEin[1],P1.disMarkChange)
 * Number of clocked states: 0 ()
 * Top-level inputs: 0
Notification: Strong component statistics for simulation (27):
 * Single equations (assignments): 17
 * Array equations: 0
 * Algorithm blocks: 9
 * Record equations: 0
 * When equations: 0
 * If-equations: 0
 * Equation systems (not torn): 0
 * Torn equation systems: 1
 * Mixed (continuous/discrete) equation systems: 0
Notification: Torn system details for strict tearing set:
 * Linear torn systems (#iteration vars, #inner vars, density): 0 systems
 * Non-linear torn systems (#iteration vars, #inner vars): 1 system
   {(1,4)}
Notification: Performance of Backend phase and start with SimCode phase: time 0.001007/0.1476, allocations: 353 kB / 466.6 MB, free: 9.172 MB / 346.7 MB
Notification: Performance of simCode: created initialization part: time 0.003641/0.1512, allocations: 1.843 MB / 468.4 MB, free: 7.184 MB / 346.7 MB
Notification: Performance of simCode: created event and clocks part: time 3.878e-06/0.1512, allocations: 0 / 468.4 MB, free: 7.184 MB / 346.7 MB
Notification: Performance of simCode: created simulation system equations: time 0.002786/0.154, allocations: 2.235 MB / 470.6 MB, free: 4.832 MB / 346.7 MB
Notification: Performance of simCode: created of all other equations (e.g. parameter, nominal, assert, etc): time 0.0009024/0.155, allocations: 91.66 kB / 470.7 MB, free: 4.742 MB / 346.7 MB
Notification: Performance of simCode: created linear, non-linear and system jacobian parts: time 0.003639/0.1586, allocations: 1.325 MB / 472.1 MB, free: 3.387 MB / 346.7 MB
Notification: Performance of simCode: some other stuff during SimCode phase: time 0.0005182/0.1592, allocations: 0.9182 MB / 473 MB, free: 2.445 MB / 346.7 MB
Notification: Performance of simCode: alias equations: time 0.0007572/0.1599, allocations: 132.3 kB / 473.1 MB, free: 2.316 MB / 346.7 MB
Notification: Performance of simCode: all other stuff during SimCode phase: time 0.0001433/0.1601, allocations: 43.42 kB / 473.1 MB, free: 2.273 MB / 346.7 MB
Notification: Performance of SimCode: time 1.022e-06/0.1601, allocations: 3.938 kB / 473.2 MB, free: 2.27 MB / 346.7 MB
Notification: Performance of Templates: time 0.02789/0.188, allocations: 10.86 MB / 484 MB, free: 7.363 MB / 362.7 MB
make -j1 -f PNlib_master_PNlib.Examples.ConTest.TCtoPC.makefile
(rm -f PNlib_master_PNlib.Examples.ConTest.TCtoPC.pipe ; mkfifo PNlib_master_PNlib.Examples.ConTest.TCtoPC.pipe ; head -c 1048576 < PNlib_master_PNlib.Examples.ConTest.TCtoPC.pipe >> ../files/PNlib_master_PNlib.Examples.ConTest.TCtoPC.sim & ./PNlib_master_PNlib.Examples.ConTest.TCtoPC  -abortSlowSimulation -alarm=480  -emit_protected -lv LOG_STATS > PNlib_master_PNlib.Examples.ConTest.TCtoPC.pipe 2>&1)
diffSimulationResults("PNlib_master_PNlib.Examples.ConTest.TCtoPC_res.mat","/home/runner/work/PNlib/PNlib/ReferenceFiles/PNlib.Examples.ConTest.TCtoPC.mat","../files/PNlib_master_PNlib.Examples.ConTest.TCtoPC.diff",relTol=0.003,relTolDiffMinMax=0.003,rangeDelta=0.001)
Reference file matches
