Running: ./testmodel.py --libraries=/home/runner/.openmodelica/libraries/ --ompython_omhome= PNlib_master_PNlib.Examples.ConTest.Conflict.conf.json
loadFile("/home/runner/.openmodelica/libraries/ModelicaServices 4.0.0+maint.om/package.mo", uses=false)
loadFile("/home/runner/.openmodelica/libraries/Complex 4.0.0+maint.om/package.mo", uses=false)
loadFile("/home/runner/.openmodelica/libraries/Modelica 4.0.0+maint.om/package.mo", uses=false)
loadFile("/home/runner/work/PNlib/PNlib/PNlib/package.mo", uses=false)
Using package PNlib with version 2.2 (/home/runner/work/PNlib/PNlib/PNlib/package.mo)
Using package Modelica with version 4.0.0 (/home/runner/.openmodelica/libraries/Modelica 4.0.0+maint.om/package.mo)
Using package Complex with version 4.0.0 (/home/runner/.openmodelica/libraries/Complex 4.0.0+maint.om/package.mo)
Using package ModelicaServices with version 4.0.0 (/home/runner/.openmodelica/libraries/ModelicaServices 4.0.0+maint.om/package.mo)
Running command: translateModel(PNlib.Examples.ConTest.Conflict,tolerance=1e-06,outputFormat="mat",numberOfIntervals=1000,variableFilter="P1.t|P2.t|P3.t|T1.fire|T1.instantaneousSpeed|T1.maximumSpeed|T2.fire|T2.instantaneousSpeed|T2.maximumSpeed|T3.fire|T3.instantaneousSpeed|T3.maximumSpeed|time",fileNamePrefix="PNlib_master_PNlib.Examples.ConTest.Conflict")
translateModel(PNlib.Examples.ConTest.Conflict,tolerance=1e-06,outputFormat="mat",numberOfIntervals=1000,variableFilter="P1.t|P2.t|P3.t|T1.fire|T1.instantaneousSpeed|T1.maximumSpeed|T2.fire|T2.instantaneousSpeed|T2.maximumSpeed|T3.fire|T3.instantaneousSpeed|T3.maximumSpeed|time",fileNamePrefix="PNlib_master_PNlib.Examples.ConTest.Conflict")
Notification: Performance of loadFile(/home/runner/.openmodelica/libraries/ModelicaServices 4.0.0+maint.om/package.mo): time 0.001254/0.001254, allocations: 96.34 kB / 15.59 MB, free: 4.816 MB / 13.93 MB
Notification: Performance of loadFile(/home/runner/.openmodelica/libraries/Complex 4.0.0+maint.om/package.mo): time 0.001521/0.001521, allocations: 173.9 kB / 16.5 MB, free: 4.352 MB / 13.93 MB
Notification: Performance of loadFile(/home/runner/.openmodelica/libraries/Modelica 4.0.0+maint.om/package.mo): time 1.657/1.657, allocations: 222.1 MB / 239.4 MB, free: 11.09 MB / 202.7 MB
Notification: Performance of loadFile(/home/runner/work/PNlib/PNlib/PNlib/package.mo): time 0.09593/0.09593, allocations: 16.58 MB / 306.2 MB, free: 10.58 MB / 250.7 MB
Notification: Performance of FrontEnd - loaded program: time 0.0004601/0.0004601, allocations: 10.59 kB / 372.7 MB, free: 44.88 MB / 298.7 MB
Notification: Performance of FrontEnd - Absyn->SCode: time 0.07754/0.07801, allocations: 53.47 MB / 426.2 MB, free: 3.848 MB / 298.7 MB
Notification: Performance of NFInst.instantiate(PNlib.Examples.ConTest.Conflict): time 0.004654/0.08271, allocations: 4.218 MB / 430.4 MB, free: 15.62 MB / 314.7 MB
Notification: Performance of NFInst.instExpressions: time 0.006193/0.08893, allocations: 3.296 MB / 433.7 MB, free: 12.32 MB / 314.7 MB
Notification: Performance of NFInst.updateImplicitVariability: time 0.0006198/0.08958, allocations: 23.94 kB / 433.7 MB, free: 12.3 MB / 314.7 MB
Notification: Performance of NFTyping.typeComponents: time 0.0007261/0.09034, allocations: 400.9 kB / 434.1 MB, free: 11.9 MB / 314.7 MB
Notification: Performance of NFTyping.typeBindings: time 0.0009409/0.0913, allocations: 380.6 kB / 434.5 MB, free: 11.53 MB / 314.7 MB
Notification: Performance of NFTyping.typeClassSections: time 0.002613/0.09392, allocations: 1.547 MB / 436 MB, free: 9.984 MB / 314.7 MB
Notification: Performance of NFFlatten.flatten: time 0.003406/0.09734, allocations: 4.448 MB / 440.5 MB, free: 5.531 MB / 314.7 MB
Notification: Performance of NFFlatten.resolveConnections: time 0.000675/0.09804, allocations: 0.6229 MB / 441.1 MB, free: 4.875 MB / 314.7 MB
Notification: Performance of NFEvalConstants.evaluate: time 0.001365/0.09941, allocations: 1.702 MB / 442.8 MB, free: 3.168 MB / 314.7 MB
Notification: Performance of NFSimplifyModel.simplify: time 0.001237/0.1007, allocations: 1.248 MB / 444 MB, free: 1.914 MB / 314.7 MB
Notification: Performance of NFPackage.collectConstants: time 0.0003913/0.1011, allocations: 324 kB / 444.3 MB, free: 1.598 MB / 314.7 MB
Notification: Performance of NFFlatten.collectFunctions: time 0.0009839/0.1021, allocations: 0.683 MB / 445 MB, free: 0.9141 MB / 314.7 MB
Notification: Performance of NFScalarize.scalarize: time 0.0007104/0.1028, allocations: 0.6229 MB / 445.7 MB, free: 296 kB / 314.7 MB
Notification: Performance of NFVerifyModel.verify: time 0.001587/0.1044, allocations: 1.404 MB / 447.1 MB, free: 14.88 MB / 330.7 MB
Notification: Performance of NFConvertDAE.convert: time 0.002942/0.1074, allocations: 3.417 MB / 450.5 MB, free: 11.45 MB / 330.7 MB
Notification: Performance of FrontEnd - DAE generated: time 4.589e-06/0.1074, allocations: 0 / 450.5 MB, free: 11.45 MB / 330.7 MB
Notification: Performance of FrontEnd: time 1.894e-06/0.1074, allocations: 0 / 450.5 MB, free: 11.45 MB / 330.7 MB
Notification: Performance of Transformations before backend: time 1.994e-05/0.1074, allocations: 4 kB / 450.5 MB, free: 11.45 MB / 330.7 MB
Notification: Model statistics after passing the front-end and creating the data structures used by the back-end:
 * Number of equations: 695
 * Number of variables: 695
Notification: Performance of Generate backend data structure: time 0.004289/0.1117, allocations: 3.595 MB / 454.1 MB, free: 7.59 MB / 330.7 MB
Notification: Performance of prepare preOptimizeDAE: time 4.204e-05/0.1118, allocations: 8.031 kB / 454.1 MB, free: 7.582 MB / 330.7 MB
Notification: Performance of preOpt normalInlineFunction (simulation): time 0.002838/0.1146, allocations: 0.5173 MB / 454.6 MB, free: 7.062 MB / 330.7 MB
Notification: Performance of preOpt evaluateParameters (simulation): time 0.001633/0.1163, allocations: 1.108 MB / 455.7 MB, free: 5.91 MB / 330.7 MB
Notification: Performance of preOpt simplifyIfEquations (simulation): time 0.0006386/0.1169, allocations: 0.6229 MB / 456.3 MB, free: 5.191 MB / 330.7 MB
Notification: Performance of preOpt expandDerOperator (simulation): time 0.0004417/0.1174, allocations: 315.8 kB / 456.6 MB, free: 4.883 MB / 330.7 MB
Notification: Performance of preOpt clockPartitioning (simulation): time 0.008274/0.1257, allocations: 5.017 MB / 461.7 MB, free: 15.68 MB / 346.7 MB
Notification: Performance of preOpt findStateOrder (simulation): time 5.883e-05/0.1257, allocations: 0 / 461.7 MB, free: 15.68 MB / 346.7 MB
Notification: Performance of preOpt replaceEdgeChange (simulation): time 0.0004465/0.1262, allocations: 143.9 kB / 461.8 MB, free: 15.54 MB / 346.7 MB
Notification: Performance of preOpt inlineArrayEqn (simulation): time 0.0005176/0.1267, allocations: 272 kB / 462.1 MB, free: 15.27 MB / 346.7 MB
Notification: Performance of preOpt removeEqualRHS (simulation): time 0.006834/0.1336, allocations: 3.655 MB / 465.7 MB, free: 11.6 MB / 346.7 MB
Notification: Performance of preOpt removeSimpleEquations (simulation): time 0.01334/0.1469, allocations: 9.739 MB / 475.5 MB, free: 1.586 MB / 346.7 MB
Notification: Performance of preOpt comSubExp (simulation): time 0.005959/0.1529, allocations: 4.855 MB / 480.3 MB, free: 12.65 MB / 362.7 MB
Notification: Performance of preOpt resolveLoops (simulation): time 0.004623/0.1576, allocations: 4.307 MB / 484.6 MB, free: 8.332 MB / 362.7 MB
Notification: Performance of preOpt evalFunc (simulation): time 0.00214/0.1598, allocations: 3.075 MB / 487.7 MB, free: 4.594 MB / 362.7 MB
Notification: Performance of preOpt encapsulateWhenConditions (simulation): time 0.004176/0.164, allocations: 2.703 MB / 490.4 MB, free: 1.836 MB / 362.7 MB
Notification: Performance of pre-optimization done (n=241): time 4.448e-06/0.164, allocations: 0 / 490.4 MB, free: 1.836 MB / 362.7 MB
Notification: Performance of matching and sorting (n=241): time 0.01434/0.1783, allocations: 8.359 MB / 498.8 MB, free: 9.289 MB / 378.7 MB
Notification: Performance of inlineWhenForInitialization (initialization): time 0.0007437/0.1791, allocations: 1.636 MB / 0.4887 GB, free: 7.355 MB / 378.7 MB
Notification: Performance of selectInitializationVariablesDAE (initialization): time 0.001259/0.1804, allocations: 1.077 MB / 0.4897 GB, free: 6.266 MB / 378.7 MB
Notification: Performance of collectPreVariables (initialization): time 0.000268/0.1807, allocations: 153.7 kB / 0.4899 GB, free: 6.109 MB / 378.7 MB
Notification: Performance of collectInitialEqns (initialization): time 0.0006864/0.1814, allocations: 0.8076 MB / 0.4906 GB, free: 5.289 MB / 378.7 MB
Notification: Performance of collectInitialBindings (initialization): time 0.0005125/0.1819, allocations: 0.6446 MB / 0.4913 GB, free: 4.637 MB / 378.7 MB
Notification: Performance of simplifyInitialFunctions (initialization): time 0.001203/0.1831, allocations: 0.7715 MB / 0.492 GB, free: 3.855 MB / 378.7 MB
Notification: Performance of setup shared object (initialization): time 6.156e-05/0.1832, allocations: 349.3 kB / 0.4924 GB, free: 3.512 MB / 378.7 MB
Notification: Performance of preBalanceInitialSystem (initialization): time 0.002546/0.1857, allocations: 1.525 MB / 0.4939 GB, free: 1.984 MB / 378.7 MB
Notification: Performance of partitionIndependentBlocks (initialization): time 0.2162/0.402, allocations: 2.706 MB / 0.4965 GB, free: 71.88 MB / 378.7 MB
Notification: Performance of analyzeInitialSystem (initialization): time 0.009741/0.4117, allocations: 5.859 MB / 0.5022 GB, free: 68.62 MB / 378.7 MB
Notification: Performance of solveInitialSystemEqSystem (initialization): time 7.476e-05/0.4119, allocations: 8.344 kB / 0.5022 GB, free: 68.62 MB / 378.7 MB
Notification: Performance of matching and sorting (n=467) (initialization): time 0.01081/0.4227, allocations: 6.278 MB / 0.5084 GB, free: 67.28 MB / 378.7 MB
Notification: Performance of prepare postOptimizeDAE: time 0.0005098/0.4232, allocations: 1.104 MB / 0.5094 GB, free: 66.25 MB / 378.7 MB
Notification: Performance of postOpt simplifyComplexFunction (initialization): time 0.005729/0.429, allocations: 3.609 MB / 0.513 GB, free: 65.66 MB / 378.7 MB
Notification: Performance of postOpt tearingSystem (initialization): time 0.002427/0.4314, allocations: 0.5062 MB / 0.5135 GB, free: 65.64 MB / 378.7 MB
Notification: Performance of postOpt solveSimpleEquations (initialization): time 0.001587/0.433, allocations: 389.8 kB / 0.5138 GB, free: 65.59 MB / 378.7 MB
Notification: Performance of postOpt calculateStrongComponentJacobians (initialization): time 0.001299/0.4343, allocations: 1.085 MB / 0.5149 GB, free: 65.05 MB / 378.7 MB
Notification: Performance of postOpt simplifyAllExpressions (initialization): time 0.002202/0.4366, allocations: 439.3 kB / 0.5153 GB, free: 65.04 MB / 378.7 MB
Notification: Performance of postOpt collapseArrayExpressions (initialization): time 0.0003213/0.4369, allocations: 189 kB / 0.5155 GB, free: 65.04 MB / 378.7 MB
Warning: Assuming fixed start value for the following 54 variables:
         P3.enableOut.Index:DISCRETE(fixed = true protected = true )  type: Integer
         P3.enableOut.endWhile:DISCRETE(fixed = true protected = true )  type: Boolean
         P3.enableOut.sumEnablingProbTAout:DISCRETE(fixed = true protected = true )  "sum of the enabling probabilities of the active output transitions" type: Real
         P3.enableOut.posTE:DISCRETE(fixed = true protected = true )  "possible enabled transition" type: Integer
         P3.enableOut.k:DISCRETE(fixed = true protected = true )  "iteration index" type: Integer
         P3.enableOut.nTAout:DISCRETE(fixed = true protected = true )  "number of active output transitions" type: Integer
         P3.enableOut.nremTAout:DISCRETE(fixed = true protected = true )  "number of remaining active output transitions" type: Integer
         P3.enableOut.arcWeightSum:DISCRETE(fixed = true protected = true )  "arc weight sum" type: Real
         P3.enableIn.posTE:DISCRETE(fixed = true protected = true )  "possible enabled transition" type: Integer
         P3.enableIn.k:DISCRETE(fixed = true protected = true )  "iteration index" type: Integer
         P3.enableIn.endWhile:DISCRETE(fixed = true protected = true )  type: Boolean
         P3.enableIn.sumEnablingProbTAin:DISCRETE(fixed = true protected = true )  "sum of the enabling probabilities of the active input transitions" type: Real
         P3.enableIn.nTAin:DISCRETE(fixed = true protected = true )  "number ofactive input transitions" type: Integer
         P3.enableIn.nremTAin:DISCRETE(fixed = true protected = true )  "number of remaining active input transitions" type: Integer
         P3.enableIn.Index:DISCRETE(fixed = true protected = true )  "priority Index" type: Integer
         P3.enableIn.arcWeightSum:DISCRETE(fixed = true protected = true )  "arc weight sum" type: Real
         P2.enableIn.posTE:DISCRETE(fixed = true protected = true )  "possible enabled transition" type: Integer
         P2.enableIn.k:DISCRETE(fixed = true protected = true )  "iteration index" type: Integer
         P2.enableIn.endWhile:DISCRETE(fixed = true protected = true )  type: Boolean
         P2.enableIn.sumEnablingProbTAin:DISCRETE(fixed = true protected = true )  "sum of the enabling probabilities of the active input transitions" type: Real
         P2.enableIn.nTAin:DISCRETE(fixed = true protected = true )  "number ofactive input transitions" type: Integer
         P2.enableIn.nremTAin:DISCRETE(fixed = true protected = true )  "number of remaining active input transitions" type: Integer
         P2.enableIn.Index:DISCRETE(fixed = true protected = true )  "priority Index" type: Integer
         P2.enableIn.arcWeightSum:DISCRETE(fixed = true protected = true )  "arc weight sum" type: Real
         P1.enableOut.posTE:DISCRETE(fixed = true protected = true )  "possible enabled transition" type: Integer
         P1.enableOut.k:DISCRETE(fixed = true protected = true )  "iteration index" type: Integer
         P1.enableOut.endWhile:DISCRETE(fixed = true protected = true )  type: Boolean
         P1.enableOut.sumEnablingProbTAout:DISCRETE(fixed = true protected = true )  "sum of the enabling probabilities of the active output transitions" type: Real
         P1.enableOut.nTAout:DISCRETE(fixed = true protected = true )  "number of active output transitions" type: Integer
         P1.enableOut.nremTAout:DISCRETE(fixed = true protected = true )  "number of remaining active output transitions" type: Integer
         P1.enableOut.Index:DISCRETE(fixed = true protected = true )  type: Integer
         P1.enableOut.arcWeightSum:DISCRETE(fixed = true protected = true )  "arc weight sum" type: Real
         P1.enableIn.posTE:DISCRETE(fixed = true protected = true )  "possible enabled transition" type: Integer
         P1.enableIn.k:DISCRETE(fixed = true protected = true )  "iteration index" type: Integer
         P1.enableIn.endWhile:DISCRETE(fixed = true protected = true )  type: Boolean
         P1.enableIn.sumEnablingProbTAin:DISCRETE(fixed = true protected = true )  "sum of the enabling probabilities of the active input transitions" type: Real
         P1.enableIn.nTAin:DISCRETE(fixed = true protected = true )  "number ofactive input transitions" type: Integer
         P1.enableIn.nremTAin:DISCRETE(fixed = true protected = true )  "number of remaining active input transitions" type: Integer
         P1.enableIn.Index:DISCRETE(fixed = true protected = true )  "priority Index" type: Integer
         P1.enableIn.arcWeightSum:DISCRETE(fixed = true protected = true )  "arc weight sum" type: Real
         P3.disMarksIn.anytrue:DISCRETE(fixed = true protected = true )  type: Boolean
         P3.disMarksOut.anytrue:DISCRETE(fixed = true protected = true )  type: Boolean
         P2.disMarksIn.anytrue:DISCRETE(fixed = true protected = true )  type: Boolean
         P2.disMarksOut.anytrue:DISCRETE(fixed = true protected = true )  type: Boolean
         P1.disMarksIn.anytrue:DISCRETE(fixed = true protected = true )  type: Boolean
         P1.disMarksOut.anytrue:DISCRETE(fixed = true protected = true )  type: Boolean
         P2.enableOut.Index:DISCRETE(fixed = true protected = true )  type: Integer
         P2.enableOut.endWhile:DISCRETE(fixed = true protected = true )  type: Boolean
         P2.enableOut.sumEnablingProbTAout:DISCRETE(fixed = true protected = true )  "sum of the enabling probabilities of the active output transitions" type: Real
         P2.enableOut.posTE:DISCRETE(fixed = true protected = true )  "possible enabled transition" type: Integer
         P2.enableOut.k:DISCRETE(fixed = true protected = true )  "iteration index" type: Integer
         P2.enableOut.nTAout:DISCRETE(fixed = true protected = true )  "number of active output transitions" type: Integer
         P2.enableOut.nremTAout:DISCRETE(fixed = true protected = true )  "number of remaining active output transitions" type: Integer
         P2.enableOut.arcWeightSum:DISCRETE(fixed = true protected = true )  "arc weight sum" type: Real
Notification: Model statistics after passing the back-end for initialization:
 * Number of independent subsystems: 159
 * Number of states: 0 ()
 * Number of discrete variables: 368 ($PRE.P3.enableOut.Index,P3.enableOut.Index,$PRE.P3.enableOut.endWhile,P3.enableOut.endWhile,$PRE.P3.enableOut.sumEnablingProbTAout,P3.enableOut.sumEnablingProbTAout,P3.enableOut.randNum,$PRE.P3.enableOut.randNum,P3.enableOut.state128[4],$PRE.P3.enableOut.state128[4],P3.enableOut.state128[3],$PRE.P3.enableOut.state128[3],P3.enableOut.state128[2],$PRE.P3.enableOut.state128[2],P3.enableOut.state128[1],$PRE.P3.enableOut.state128[1],$PRE.P3.enableOut.posTE,P3.enableOut.posTE,$PRE.P3.enableOut.k,P3.enableOut.k,$PRE.P3.enableOut.nTAout,P3.enableOut.nTAout,$PRE.P3.enableOut.nremTAout,P3.enableOut.nremTAout,$PRE.P3.enableOut.arcWeightSum,P3.enableOut.arcWeightSum,P3.delayPassedOut.numtrue,P3.delayPassedOut.anytrue,$whenCondition9,$PRE.P3.enableIn.posTE,P3.enableIn.posTE,$PRE.P3.enableIn.k,P3.enableIn.k,$PRE.P3.enableIn.endWhile,P3.enableIn.endWhile,P3.enableIn.randNum,$PRE.P3.enableIn.randNum,P3.enableIn.state128[4],$PRE.P3.enableIn.state128[4],P3.enableIn.state128[3],$PRE.P3.enableIn.state128[3],P3.enableIn.state128[2],$PRE.P3.enableIn.state128[2],P3.enableIn.state128[1],$PRE.P3.enableIn.state128[1],P3.enableIn.cumEnablingProb[1],$PRE.P3.enableIn.cumEnablingProb[1],$PRE.P3.enableIn.sumEnablingProbTAin,P3.enableIn.sumEnablingProbTAin,$PRE.P3.enableIn.nTAin,P3.enableIn.nTAin,$PRE.P3.enableIn.nremTAin,P3.enableIn.nremTAin,P3.enableIn.remTAin[1],$PRE.P3.enableIn.remTAin[1],$PRE.P3.enableIn.Index,P3.enableIn.Index,$PRE.P3.enableIn.arcWeightSum,P3.enableIn.arcWeightSum,P3.enableIn.disTAin[1],$PRE.P3.enableIn.disTAin[1],$PRE.P2.enableIn.posTE,P2.enableIn.posTE,$PRE.P2.enableIn.k,P2.enableIn.k,$PRE.P2.enableIn.endWhile,P2.enableIn.endWhile,P2.enableIn.randNum,$PRE.P2.enableIn.randNum,P2.enableIn.state128[4],$PRE.P2.enableIn.state128[4],P2.enableIn.state128[3],$PRE.P2.enableIn.state128[3],P2.enableIn.state128[2],$PRE.P2.enableIn.state128[2],P2.enableIn.state128[1],$PRE.P2.enableIn.state128[1],P2.enableIn.cumEnablingProb[1],$PRE.P2.enableIn.cumEnablingProb[1],$PRE.P2.enableIn.sumEnablingProbTAin,P2.enableIn.sumEnablingProbTAin,$PRE.P2.enableIn.nTAin,P2.enableIn.nTAin,$PRE.P2.enableIn.nremTAin,P2.enableIn.nremTAin,P2.enableIn.remTAin[1],$PRE.P2.enableIn.remTAin[1],$PRE.P2.enableIn.Index,P2.enableIn.Index,$PRE.P2.enableIn.arcWeightSum,P2.enableIn.arcWeightSum,P2.enableIn.disTAin[1],$PRE.P2.enableIn.disTAin[1],$PRE.P1.enableOut.posTE,P1.enableOut.posTE,$PRE.P1.enableOut.k,P1.enableOut.k,$PRE.P1.enableOut.endWhile,P1.enableOut.endWhile,P1.enableOut.randNum,$PRE.P1.enableOut.randNum,P1.enableOut.state128[4],$PRE.P1.enableOut.state128[4],P1.enableOut.state128[3],$PRE.P1.enableOut.state128[3],P1.enableOut.state128[2],$PRE.P1.enableOut.state128[2],P1.enableOut.state128[1],$PRE.P1.enableOut.state128[1],P1.enableOut.cumEnablingProb[2],$PRE.P1.enableOut.cumEnablingProb[2],P1.enableOut.cumEnablingProb[1],$PRE.P1.enableOut.cumEnablingProb[1],$PRE.P1.enableOut.sumEnablingProbTAout,P1.enableOut.sumEnablingProbTAout,$PRE.P1.enableOut.nTAout,P1.enableOut.nTAout,$PRE.P1.enableOut.nremTAout,P1.enableOut.nremTAout,P1.enableOut.remTAout[2],$PRE.P1.enableOut.remTAout[2],P1.enableOut.remTAout[1],$PRE.P1.enableOut.remTAout[1],$PRE.P1.enableOut.Index,P1.enableOut.Index,$PRE.P1.enableOut.arcWeightSum,P1.enableOut.arcWeightSum,P1.enableOut.disTAout[2],$PRE.P1.enableOut.disTAout[2],P1.enableOut.disTAout[1],$PRE.P1.enableOut.disTAout[1],$PRE.P1.enableIn.posTE,P1.enableIn.posTE,$PRE.P1.enableIn.k,P1.enableIn.k,$PRE.P1.enableIn.endWhile,P1.enableIn.endWhile,P1.enableIn.randNum,$PRE.P1.enableIn.randNum,P1.enableIn.state128[4],$PRE.P1.enableIn.state128[4],P1.enableIn.state128[3],$PRE.P1.enableIn.state128[3],P1.enableIn.state128[2],$PRE.P1.enableIn.state128[2],P1.enableIn.state128[1],$PRE.P1.enableIn.state128[1],P1.enableIn.cumEnablingProb[1],$PRE.P1.enableIn.cumEnablingProb[1],$PRE.P1.enableIn.sumEnablingProbTAin,P1.enableIn.sumEnablingProbTAin,$PRE.P1.enableIn.nTAin,P1.enableIn.nTAin,$PRE.P1.enableIn.nremTAin,P1.enableIn.nremTAin,P1.enableIn.remTAin[1],$PRE.P1.enableIn.remTAin[1],$PRE.P1.enableIn.Index,P1.enableIn.Index,$PRE.P1.enableIn.arcWeightSum,P1.enableIn.arcWeightSum,P1.enableIn.disTAin[1],$PRE.P1.enableIn.disTAin[1],$PRE.P1.disMarksInOut,P1.outTransition[1].tokenInOut,T3.inPlaces[1].tokenInOut,$PRE.P3.disMarksIn.anytrue,$PRE.P3.disMarksOut.anytrue,P3.disMarksInOut,$whenCondition8,$PRE.P2.disMarksIn.anytrue,$PRE.P2.disMarksOut.anytrue,P2.disMarksInOut,$whenCondition7,$PRE.P1.disMarksIn.anytrue,$PRE.P1.disMarksOut.anytrue,P1.disMarksInOut,$whenCondition6,P3.disMarksOut.numtrue,P3.disMarksOut.anytrue,P2.disMarksOut.numtrue,P2.disMarksOut.anytrue,$PRE.P2.enableOut.Index,P2.enableOut.Index,$PRE.P2.enableOut.endWhile,P2.enableOut.endWhile,$PRE.P2.enableOut.sumEnablingProbTAout,P2.enableOut.sumEnablingProbTAout,P2.enableOut.randNum,$PRE.P2.enableOut.randNum,P2.enableOut.state128[4],$PRE.P2.enableOut.state128[4],P2.enableOut.state128[3],$PRE.P2.enableOut.state128[3],P2.enableOut.state128[2],$PRE.P2.enableOut.state128[2],P2.enableOut.state128[1],$PRE.P2.enableOut.state128[1],$PRE.P2.enableOut.posTE,P2.enableOut.posTE,$PRE.P2.enableOut.k,P2.enableOut.k,$PRE.P2.enableOut.nTAout,P2.enableOut.nTAout,$PRE.P2.enableOut.nremTAout,P2.enableOut.nremTAout,$PRE.P2.enableOut.arcWeightSum,P2.enableOut.arcWeightSum,P2.delayPassedOut.numtrue,P2.delayPassedOut.anytrue,$whenCondition1,P3.inTransition[1].disPlace,P3.inTransition[1].maxTokensint,P3.inTransition[1].tint,T3.outPlaces[1].disTransition,T3.outPlaces[1].enabledByInPlaces,P3.reStart,P2.inTransition[1].disPlace,P2.inTransition[1].maxTokensint,P2.inTransition[1].tint,T2.outPlaces[1].disTransition,T2.outPlaces[1].enabledByInPlaces,P2.reStart,P1.outTransition[2].normalArc,P1.outTransition[2].testValueint,P1.outTransition[2].arcType,P1.outTransition[2].disPlace,P1.outTransition[2].minTokensint,P1.outTransition[2].tint,T3.inPlaces[1].disTransition,P1.outTransition[1].normalArc,P1.outTransition[1].testValueint,P1.outTransition[1].arcType,P1.outTransition[1].disPlace,P1.outTransition[1].minTokensint,P1.outTransition[1].tint,T2.inPlaces[1].disTransition,P1.inTransition[1].disPlace,P1.inTransition[1].maxTokensint,P1.inTransition[1].tint,T1.outPlaces[1].disTransition,T1.outPlaces[1].enabledByInPlaces,P1.reStart,T3.firingCon,T2.firingCon,T1.firingCon,P1.disMarksOut.vec[1],P1.disMarksOut.vec[2],P1.disMarksOut.numtrue,P1.disMarksOut.anytrue,P1.disMarksIn.vec[1],P1.disMarksIn.numtrue,P1.disMarksIn.anytrue,P2.disMarksIn.vec[1],P2.disMarksIn.numtrue,P2.disMarksIn.anytrue,P3.disMarksIn.vec[1],P3.disMarksIn.numtrue,P3.disMarksIn.anytrue,T1.fire_,T1.activation.arcWeightIntOut[1],T2.activation.arcWeightIntIn[1],T2.activation.arcWeightIntOut[1],T3.activation.arcWeightIntIn[1],T3.activation.arcWeightIntOut[1],P1.delayPassedOut.vec[1],P1.delayPassedOut.vec[2],P1.delayPassedIn.vec[1],P2.delayPassedIn.vec[1],P3.delayPassedIn.vec[1],T3.activation.disPlaceOut[1],T3.activation.maxTokensInt[1],T3.activation.tIntOut[1],T2.activation.disPlaceOut[1],T2.activation.maxTokensInt[1],T2.activation.tIntOut[1],T3.activation.normalArc[1],T3.activation.testValueInt[1],T3.activation.arcType[1],T3.activation.disPlaceIn[1],T3.activation.minTokensInt[1],T3.activation.tIntIn[1],T2.activation.normalArc[1],T2.activation.testValueInt[1],T2.activation.arcType[1],T2.activation.disPlaceIn[1],T2.activation.minTokensInt[1],T2.activation.tIntIn[1],T1.activation.disPlaceOut[1],T1.activation.maxTokensInt[1],T1.activation.tIntOut[1],P3.emptying.numtrue,P3.emptying.anytrue,P3.feeding.numtrue,P3.feeding.anytrue,P3.feeding.vec[1],P3.delayPassedIn.numtrue,P3.delayPassedIn.anytrue,P3.enableIn.TEin[1],$PRE.P3.enableIn.TEin[1],P3.enableIn.TEin_[1],P3.enableIn.active[1],P3.fireIn[1],$PRE.P3.fireIn[1],P2.emptying.numtrue,P2.emptying.anytrue,P2.feeding.numtrue,P2.feeding.anytrue,P2.feeding.vec[1],P2.delayPassedIn.numtrue,P2.delayPassedIn.anytrue,P2.enableIn.TEin[1],$PRE.P2.enableIn.TEin[1],P2.enableIn.TEin_[1],P2.enableIn.active[1],P2.fireIn[1],$PRE.P2.fireIn[1],P1.emptying.numtrue,P1.emptying.anytrue,P1.emptying.vec[2],P1.emptying.vec[1],P1.feeding.numtrue,P1.feeding.anytrue,P1.feeding.vec[1],P1.delayPassedIn.numtrue,P1.delayPassedIn.anytrue,P1.delayPassedOut.numtrue,P1.delayPassedOut.anytrue,P1.enableOut.TEout[2],$PRE.P1.enableOut.TEout[2],P1.enableOut.TEout[1],$PRE.P1.enableOut.TEout[1],P1.enableOut.TEout_[2],P1.enableOut.TEout_[1],P1.enableOut.TAout[2],P1.enableOut.TAout[1],P1.enableIn.TEin[1],$PRE.P1.enableIn.TEin[1],P1.enableIn.TEin_[1],P1.enableIn.active[1],P1.fireOut[2],$PRE.P1.fireOut[2],P1.fireOut[1],$PRE.P1.fireOut[1],P1.fireIn[1],$PRE.P1.fireIn[1],T3.fire_,T3.activation.NoTokens,T3.activation.weaklyOutputActiveVec[1],T3.activation.weaklyInputActiveVec[1],T3.activation.active,T3.activation.emptied[1],T3.activation.fed[1],T2.fire_,T2.activation.NoTokens,T2.activation.weaklyOutputActiveVec[1],T2.activation.weaklyInputActiveVec[1],T2.activation.active,T2.activation.emptied[1],T2.activation.fed[1],T1.activation.NoTokens,T1.activation.weaklyOutputActiveVec[1],T1.activation.active,T1.activation.emptied[1],$whenCondition5,$whenCondition4,$whenCondition3,$whenCondition2)
 * Number of discrete states: 0 ()
 * Number of clocked states: 0 ()
 * Top-level inputs: 0
Notification: Strong component statistics for initialization (391):
 * Single equations (assignments): 357
 * Array equations: 0
 * Algorithm blocks: 33
 * Record equations: 0
 * When equations: 0
 * If-equations: 0
 * Equation systems (not torn): 0
 * Torn equation systems: 1
 * Mixed (continuous/discrete) equation systems: 0
Notification: Torn system details for strict tearing set:
 * Linear torn systems (#iteration vars, #inner vars, density): 0 systems
 * Non-linear torn systems (#iteration vars, #inner vars): 1 system
   {(4,16)}
Notification: Performance of prepare postOptimizeDAE: time 0.002493/0.4394, allocations: 2.288 MB / 0.5177 GB, free: 63.88 MB / 378.7 MB
Notification: Performance of postOpt lateInlineFunction (simulation): time 0.0006771/0.4401, allocations: 241.8 kB / 0.5179 GB, free: 63.88 MB / 378.7 MB
Notification: Performance of postOpt wrapFunctionCalls (simulation): time 0.009748/0.4498, allocations: 6.813 MB / 0.5246 GB, free: 59.9 MB / 378.7 MB
Notification: Performance of postOpt inlineArrayEqn (simulation): time 2.777e-05/0.4499, allocations: 16 kB / 0.5246 GB, free: 59.88 MB / 378.7 MB
Notification: Performance of postOpt constantLinearSystem (simulation): time 7.474e-06/0.4499, allocations: 0 / 0.5246 GB, free: 59.88 MB / 378.7 MB
Notification: Performance of postOpt simplifysemiLinear (simulation): time 1.489e-05/0.4499, allocations: 7.984 kB / 0.5246 GB, free: 59.88 MB / 378.7 MB
Notification: Performance of postOpt removeSimpleEquations (simulation): time 0.01344/0.4634, allocations: 9.835 MB / 0.5342 GB, free: 49.91 MB / 378.7 MB
Notification: Performance of postOpt simplifyComplexFunction (simulation): time 0.009329/0.4727, allocations: 6.659 MB / 0.5407 GB, free: 43.11 MB / 378.7 MB
Notification: Performance of postOpt solveSimpleEquations (simulation): time 0.0004506/0.4732, allocations: 87.83 kB / 0.5408 GB, free: 43.02 MB / 378.7 MB
Notification: Performance of postOpt tearingSystem (simulation): time 0.001157/0.4744, allocations: 374.7 kB / 0.5412 GB, free: 42.66 MB / 378.7 MB
Notification: Performance of postOpt inputDerivativesUsed (simulation): time 0.0003652/0.4748, allocations: 142.3 kB / 0.5413 GB, free: 42.52 MB / 378.7 MB
Notification: Performance of postOpt calculateStrongComponentJacobians (simulation): time 0.001017/0.4758, allocations: 1.044 MB / 0.5423 GB, free: 41.46 MB / 378.7 MB
Notification: Performance of postOpt calculateStateSetsJacobians (simulation): time 2.254e-06/0.4758, allocations: 0 / 0.5423 GB, free: 41.46 MB / 378.7 MB
Notification: Performance of postOpt symbolicJacobian (simulation): time 0.01514/0.491, allocations: 10.23 MB / 0.5523 GB, free: 31.12 MB / 378.7 MB
Notification: Performance of postOpt removeConstants (simulation): time 0.0002761/0.4913, allocations: 238.8 kB / 0.5525 GB, free: 30.86 MB / 378.7 MB
Notification: Performance of postOpt simplifyTimeIndepFuncCalls (simulation): time 0.0007178/0.492, allocations: 247.9 kB / 0.5528 GB, free: 30.62 MB / 378.7 MB
Notification: Performance of postOpt simplifyAllExpressions (simulation): time 0.00182/0.4938, allocations: 237.5 kB / 0.553 GB, free: 30.39 MB / 378.7 MB
Notification: Performance of postOpt findZeroCrossings (simulation): time 0.001106/0.495, allocations: 0.6293 MB / 0.5536 GB, free: 29.77 MB / 378.7 MB
Notification: Performance of postOpt collapseArrayExpressions (simulation): time 0.0003901/0.4954, allocations: 150.4 kB / 0.5538 GB, free: 29.62 MB / 378.7 MB
Notification: Performance of sorting global known variables: time 0.000651/0.496, allocations: 0.5771 MB / 0.5543 GB, free: 29.05 MB / 378.7 MB
Notification: Performance of sort global known variables: time 2.71e-07/0.496, allocations: 0 / 0.5543 GB, free: 29.05 MB / 378.7 MB
Notification: Performance of remove unused functions: time 0.002678/0.4987, allocations: 0.893 MB / 0.5552 GB, free: 28.16 MB / 378.7 MB
Notification: Model statistics after passing the back-end for simulation:
 * Number of independent subsystems: 4
 * Number of states: 3 (P1.t_,P2.t_,P3.t_)
 * Number of discrete variables: 188 ($whenCondition1,P2.enableOut.state128[1],P2.enableOut.state128[2],P2.enableOut.state128[3],P2.enableOut.state128[4],P2.enableOut.arcWeightSum,P2.enableOut.nremTAout,P2.enableOut.nTAout,P2.enableOut.k,P2.enableOut.posTE,P2.enableOut.randNum,P2.enableOut.sumEnablingProbTAout,P2.enableOut.endWhile,P2.enableOut.Index,P2.delayPassedOut.anytrue,P2.delayPassedOut.numtrue,P2.disMarksInOut,P3.disMarksInOut,$cse4[1],$cse5[1],$whenCondition8,$whenCondition7,$whenCondition6,$whenCondition2,$whenCondition3,$whenCondition4,$whenCondition5,T1.activation.emptied[1],T1.activation.active,T1.activation.weaklyOutputActiveVec[1],T1.activation.NoTokens,T2.activation.fed[1],T2.activation.emptied[1],T2.activation.active,T2.activation.weaklyInputActiveVec[1],T2.activation.weaklyOutputActiveVec[1],T2.activation.NoTokens,T2.fire_,T3.inPlaces[1].tokenInOut,T3.activation.fed[1],T3.activation.emptied[1],T3.activation.active,T3.activation.weaklyInputActiveVec[1],T3.activation.weaklyOutputActiveVec[1],T3.activation.NoTokens,T3.fire_,P1.outTransition[1].tokenInOut,P1.disMarksInOut,P1.fireIn[1],P1.fireOut[1],P1.fireOut[2],P1.enableIn.active[1],P1.enableIn.TEin_[1],P1.enableIn.state128[1],P1.enableIn.state128[2],P1.enableIn.state128[3],P1.enableIn.state128[4],P1.enableIn.TEin[1],P1.enableIn.disTAin[1],P1.enableIn.remTAin[1],P1.enableIn.cumEnablingProb[1],P1.enableIn.arcWeightSum,P1.enableIn.nremTAin,P1.enableIn.nTAin,P1.enableIn.k,P1.enableIn.posTE,P1.enableIn.randNum,P1.enableIn.sumEnablingProbTAin,P1.enableIn.endWhile,P1.enableIn.Index,P1.enableOut.TAout[1],P1.enableOut.TAout[2],P1.enableOut.TEout_[1],P1.enableOut.TEout_[2],P1.enableOut.state128[1],P1.enableOut.state128[2],P1.enableOut.state128[3],P1.enableOut.state128[4],P1.enableOut.TEout[1],P1.enableOut.TEout[2],P1.enableOut.disTAout[1],P1.enableOut.disTAout[2],P1.enableOut.remTAout[1],P1.enableOut.remTAout[2],P1.enableOut.cumEnablingProb[1],P1.enableOut.cumEnablingProb[2],P1.enableOut.arcWeightSum,P1.enableOut.nremTAout,P1.enableOut.nTAout,P1.enableOut.k,P1.enableOut.posTE,P1.enableOut.randNum,P1.enableOut.sumEnablingProbTAout,P1.enableOut.endWhile,P1.enableOut.Index,P1.delayPassedOut.anytrue,P1.delayPassedOut.numtrue,P1.delayPassedIn.anytrue,P1.delayPassedIn.numtrue,P1.disMarksOut.anytrue,P1.disMarksOut.numtrue,P1.disMarksIn.anytrue,P1.disMarksIn.numtrue,P1.feeding.vec[1],P1.feeding.anytrue,P1.feeding.numtrue,P1.emptying.vec[1],P1.emptying.vec[2],P1.emptying.anytrue,P1.emptying.numtrue,P2.fireIn[1],P2.enableIn.active[1],P2.enableIn.TEin_[1],P2.enableIn.state128[1],P2.enableIn.state128[2],P2.enableIn.state128[3],P2.enableIn.state128[4],P2.enableIn.TEin[1],P2.enableIn.disTAin[1],P2.enableIn.remTAin[1],P2.enableIn.cumEnablingProb[1],P2.enableIn.arcWeightSum,P2.enableIn.nremTAin,P2.enableIn.nTAin,P2.enableIn.k,P2.enableIn.posTE,P2.enableIn.randNum,P2.enableIn.sumEnablingProbTAin,P2.enableIn.endWhile,P2.enableIn.Index,P2.delayPassedIn.anytrue,P2.delayPassedIn.numtrue,P2.disMarksOut.anytrue,P2.disMarksOut.numtrue,P2.disMarksIn.anytrue,P2.disMarksIn.numtrue,P2.feeding.vec[1],P2.feeding.anytrue,P2.feeding.numtrue,P2.emptying.anytrue,P2.emptying.numtrue,P3.fireIn[1],P3.enableIn.active[1],P3.enableIn.TEin_[1],P3.enableIn.state128[1],P3.enableIn.state128[2],P3.enableIn.state128[3],P3.enableIn.state128[4],P3.enableIn.TEin[1],P3.enableIn.disTAin[1],P3.enableIn.remTAin[1],P3.enableIn.cumEnablingProb[1],P3.enableIn.arcWeightSum,P3.enableIn.nremTAin,P3.enableIn.nTAin,P3.enableIn.k,P3.enableIn.posTE,P3.enableIn.randNum,P3.enableIn.sumEnablingProbTAin,P3.enableIn.endWhile,P3.enableIn.Index,P3.delayPassedIn.anytrue,P3.delayPassedIn.numtrue,P3.disMarksOut.anytrue,P3.disMarksOut.numtrue,P3.disMarksIn.anytrue,P3.disMarksIn.numtrue,P3.feeding.vec[1],P3.feeding.anytrue,P3.feeding.numtrue,P3.emptying.anytrue,P3.emptying.numtrue,$whenCondition9,P3.enableOut.state128[1],P3.enableOut.state128[2],P3.enableOut.state128[3],P3.enableOut.state128[4],P3.enableOut.arcWeightSum,P3.enableOut.nremTAout,P3.enableOut.nTAout,P3.enableOut.k,P3.enableOut.posTE,P3.enableOut.randNum,P3.enableOut.sumEnablingProbTAout,P3.enableOut.endWhile,P3.enableOut.Index,P3.delayPassedOut.anytrue,P3.delayPassedOut.numtrue)
 * Number of discrete states: 165 (P3.delayPassedOut.numtrue,P3.delayPassedOut.anytrue,P3.enableOut.Index,P3.enableOut.endWhile,P3.enableOut.sumEnablingProbTAout,P3.enableOut.state128[4],P3.enableOut.state128[3],P3.enableOut.state128[2],P3.enableOut.state128[1],P3.enableOut.randNum,P3.enableOut.posTE,P3.enableOut.k,P3.enableOut.nTAout,P3.enableOut.nremTAout,P3.enableOut.arcWeightSum,$whenCondition9,P1.disMarksInOut,P3.fireIn[1],P3.disMarksOut.anytrue,P3.disMarksIn.anytrue,P2.fireIn[1],P2.disMarksOut.anytrue,P2.disMarksIn.anytrue,P1.fireIn[1],P1.fireOut[2],P1.fireOut[1],P1.disMarksOut.anytrue,P1.disMarksIn.anytrue,P3.emptying.numtrue,P3.emptying.anytrue,P3.feeding.numtrue,P3.feeding.anytrue,P3.disMarksIn.numtrue,P3.disMarksOut.numtrue,P3.delayPassedIn.numtrue,P3.delayPassedIn.anytrue,P2.emptying.numtrue,P2.emptying.anytrue,P2.feeding.numtrue,P2.feeding.anytrue,P2.disMarksIn.numtrue,P2.disMarksOut.numtrue,P2.delayPassedIn.numtrue,P2.delayPassedIn.anytrue,P1.emptying.numtrue,P1.emptying.anytrue,P1.feeding.numtrue,P1.feeding.anytrue,P1.disMarksIn.numtrue,P1.disMarksOut.numtrue,P1.delayPassedIn.numtrue,P1.delayPassedIn.anytrue,P1.delayPassedOut.numtrue,P1.delayPassedOut.anytrue,T3.activation.weaklyOutputActiveVec[1],T3.activation.weaklyInputActiveVec[1],T3.activation.active,T3.activation.NoTokens,P3.enableIn.TEin_[1],P3.enableIn.posTE,P3.enableIn.k,P3.enableIn.endWhile,P3.enableIn.state128[4],P3.enableIn.state128[3],P3.enableIn.state128[2],P3.enableIn.state128[1],P3.enableIn.randNum,P3.enableIn.cumEnablingProb[1],P3.enableIn.sumEnablingProbTAin,P3.enableIn.nTAin,P3.enableIn.nremTAin,P3.enableIn.remTAin[1],P3.enableIn.Index,P3.enableIn.arcWeightSum,P3.enableIn.disTAin[1],$whenCondition5,P3.enableIn.TEin[1],T2.activation.weaklyOutputActiveVec[1],T2.activation.weaklyInputActiveVec[1],T2.activation.active,T2.activation.NoTokens,P2.enableIn.TEin_[1],P2.enableIn.posTE,P2.enableIn.k,P2.enableIn.endWhile,P2.enableIn.state128[4],P2.enableIn.state128[3],P2.enableIn.state128[2],P2.enableIn.state128[1],P2.enableIn.randNum,P2.enableIn.cumEnablingProb[1],P2.enableIn.sumEnablingProbTAin,P2.enableIn.nTAin,P2.enableIn.nremTAin,P2.enableIn.remTAin[1],P2.enableIn.Index,P2.enableIn.arcWeightSum,P2.enableIn.disTAin[1],$whenCondition4,P2.enableIn.TEin[1],P1.enableOut.TEout_[2],P1.enableOut.TEout_[1],P1.enableOut.posTE,P1.enableOut.k,P1.enableOut.endWhile,P1.enableOut.state128[4],P1.enableOut.state128[3],P1.enableOut.state128[2],P1.enableOut.state128[1],P1.enableOut.randNum,P1.enableOut.cumEnablingProb[2],P1.enableOut.cumEnablingProb[1],P1.enableOut.sumEnablingProbTAout,P1.enableOut.nTAout,P1.enableOut.nremTAout,P1.enableOut.remTAout[2],P1.enableOut.remTAout[1],P1.enableOut.Index,P1.enableOut.arcWeightSum,P1.enableOut.disTAout[2],P1.enableOut.disTAout[1],$whenCondition3,P1.enableOut.TEout[2],P1.enableOut.TEout[1],T1.activation.weaklyOutputActiveVec[1],T1.activation.active,T1.activation.NoTokens,P1.enableIn.TEin_[1],P1.enableIn.posTE,P1.enableIn.k,P1.enableIn.endWhile,P1.enableIn.state128[4],P1.enableIn.state128[3],P1.enableIn.state128[2],P1.enableIn.state128[1],P1.enableIn.randNum,P1.enableIn.cumEnablingProb[1],P1.enableIn.sumEnablingProbTAin,P1.enableIn.nTAin,P1.enableIn.nremTAin,P1.enableIn.remTAin[1],P1.enableIn.Index,P1.enableIn.arcWeightSum,P1.enableIn.disTAin[1],$whenCondition2,P1.enableIn.TEin[1],P3.disMarkChange,P2.disMarkChange,P1.disMarkChange,P2.delayPassedOut.numtrue,P2.delayPassedOut.anytrue,P2.enableOut.Index,P2.enableOut.endWhile,P2.enableOut.sumEnablingProbTAout,P2.enableOut.state128[4],P2.enableOut.state128[3],P2.enableOut.state128[2],P2.enableOut.state128[1],P2.enableOut.randNum,P2.enableOut.posTE,P2.enableOut.k,P2.enableOut.nTAout,P2.enableOut.nremTAout,P2.enableOut.arcWeightSum,$whenCondition1)
 * Number of clocked states: 0 ()
 * Top-level inputs: 0
Notification: Strong component statistics for simulation (98):
 * Single equations (assignments): 68
 * Array equations: 2
 * Algorithm blocks: 27
 * Record equations: 0
 * When equations: 0
 * If-equations: 0
 * Equation systems (not torn): 0
 * Torn equation systems: 1
 * Mixed (continuous/discrete) equation systems: 0
Notification: Torn system details for strict tearing set:
 * Linear torn systems (#iteration vars, #inner vars, density): 0 systems
 * Non-linear torn systems (#iteration vars, #inner vars): 1 system
   {(4,19)}
Notification: Performance of Backend phase and start with SimCode phase: time 0.001179/0.4999, allocations: 0.6543 MB / 0.5558 GB, free: 27.52 MB / 378.7 MB
Notification: Performance of simCode: created initialization part: time 0.01074/0.5107, allocations: 8.115 MB / 0.5638 GB, free: 19 MB / 378.7 MB
Notification: Performance of simCode: created event and clocks part: time 8.505e-06/0.5107, allocations: 4 kB / 0.5638 GB, free: 19 MB / 378.7 MB
Notification: Performance of simCode: created simulation system equations: time 0.007277/0.518, allocations: 9.09 MB / 0.5726 GB, free: 9.559 MB / 378.7 MB
Notification: Performance of simCode: created of all other equations (e.g. parameter, nominal, assert, etc): time 0.001452/0.5195, allocations: 301.1 kB / 0.5729 GB, free: 9.266 MB / 378.7 MB
Notification: Performance of simCode: created linear, non-linear and system jacobian parts: time 0.008996/0.5285, allocations: 5.698 MB / 0.5785 GB, free: 3.535 MB / 378.7 MB
Notification: Performance of simCode: some other stuff during SimCode phase: time 0.001079/0.5296, allocations: 1.693 MB / 0.5801 GB, free: 1.805 MB / 378.7 MB
Notification: Performance of simCode: alias equations: time 0.001093/0.5307, allocations: 436.8 kB / 0.5806 GB, free: 1.371 MB / 378.7 MB
Notification: Performance of simCode: all other stuff during SimCode phase: time 0.000279/0.531, allocations: 111.4 kB / 0.5807 GB, free: 1.262 MB / 378.7 MB
Notification: Performance of SimCode: time 9.52e-07/0.531, allocations: 0 / 0.5807 GB, free: 1.262 MB / 378.7 MB
Notification: Performance of Templates: time 0.06542/0.5964, allocations: 39.5 MB / 0.6192 GB, free: 9.504 MB / 426.7 MB
make -j1 -f PNlib_master_PNlib.Examples.ConTest.Conflict.makefile
(rm -f PNlib_master_PNlib.Examples.ConTest.Conflict.pipe ; mkfifo PNlib_master_PNlib.Examples.ConTest.Conflict.pipe ; head -c 1048576 < PNlib_master_PNlib.Examples.ConTest.Conflict.pipe >> ../files/PNlib_master_PNlib.Examples.ConTest.Conflict.sim & ./PNlib_master_PNlib.Examples.ConTest.Conflict  -nls=newton -s=rungekutta -abortSlowSimulation -alarm=480  -emit_protected -lv LOG_STATS > PNlib_master_PNlib.Examples.ConTest.Conflict.pipe 2>&1)
diffSimulationResults("PNlib_master_PNlib.Examples.ConTest.Conflict_res.mat","/home/runner/work/PNlib/PNlib/ReferenceFiles/PNlib.Examples.ConTest.Conflict.mat","../files/PNlib_master_PNlib.Examples.ConTest.Conflict.diff",relTol=0.003,relTolDiffMinMax=0.003,rangeDelta=0.001)
Reference file matches
