Running: ./testmodel.py --libraries=/home/runner/.openmodelica/libraries/ --ompython_omhome= PNlib_master_PNlib.Examples.ConTest.Speed.conf.json
loadFile("/home/runner/.openmodelica/libraries/ModelicaServices 4.0.0+maint.om/package.mo", uses=false)
loadFile("/home/runner/.openmodelica/libraries/Complex 4.0.0+maint.om/package.mo", uses=false)
loadFile("/home/runner/.openmodelica/libraries/Modelica 4.0.0+maint.om/package.mo", uses=false)
loadFile("/home/runner/work/PNlib/PNlib/PNlib/package.mo", uses=false)
Using package PNlib with version 2.2 (/home/runner/work/PNlib/PNlib/PNlib/package.mo)
Using package Modelica with version 4.0.0 (/home/runner/.openmodelica/libraries/Modelica 4.0.0+maint.om/package.mo)
Using package Complex with version 4.0.0 (/home/runner/.openmodelica/libraries/Complex 4.0.0+maint.om/package.mo)
Using package ModelicaServices with version 4.0.0 (/home/runner/.openmodelica/libraries/ModelicaServices 4.0.0+maint.om/package.mo)
Running command: translateModel(PNlib.Examples.ConTest.Speed,tolerance=1e-06,outputFormat="mat",numberOfIntervals=5000,variableFilter="P1.t|P2.t|T1.fire|T1.instantaneousSpeed|T1.maximumSpeed|T2.fire|T2.instantaneousSpeed|T2.maximumSpeed|T3.fire|T3.instantaneousSpeed|T3.maximumSpeed|time",fileNamePrefix="PNlib_master_PNlib.Examples.ConTest.Speed")
translateModel(PNlib.Examples.ConTest.Speed,tolerance=1e-06,outputFormat="mat",numberOfIntervals=5000,variableFilter="P1.t|P2.t|T1.fire|T1.instantaneousSpeed|T1.maximumSpeed|T2.fire|T2.instantaneousSpeed|T2.maximumSpeed|T3.fire|T3.instantaneousSpeed|T3.maximumSpeed|time",fileNamePrefix="PNlib_master_PNlib.Examples.ConTest.Speed")
Notification: Performance of loadFile(/home/runner/.openmodelica/libraries/ModelicaServices 4.0.0+maint.om/package.mo): time 0.0009285/0.0009286, allocations: 98.88 kB / 15.59 MB, free: 5.234 MB / 13.93 MB
Notification: Performance of loadFile(/home/runner/.openmodelica/libraries/Complex 4.0.0+maint.om/package.mo): time 0.001008/0.001008, allocations: 179.7 kB / 16.51 MB, free: 4.645 MB / 13.93 MB
Notification: Performance of loadFile(/home/runner/.openmodelica/libraries/Modelica 4.0.0+maint.om/package.mo): time 1.689/1.689, allocations: 222.1 MB / 239.4 MB, free: 11.11 MB / 202.7 MB
Notification: Performance of loadFile(/home/runner/work/PNlib/PNlib/PNlib/package.mo): time 0.09602/0.09602, allocations: 16.57 MB / 306.2 MB, free: 10.59 MB / 250.7 MB
Notification: Performance of FrontEnd - loaded program: time 0.0004869/0.0004873, allocations: 14.75 kB / 370.6 MB, free: 44.88 MB / 298.7 MB
Notification: Performance of FrontEnd - Absyn->SCode: time 0.07817/0.07867, allocations: 53.47 MB / 424.1 MB, free: 5.945 MB / 298.7 MB
Notification: Performance of NFInst.instantiate(PNlib.Examples.ConTest.Speed): time 0.003997/0.08271, allocations: 3.503 MB / 427.6 MB, free: 2.43 MB / 298.7 MB
Notification: Performance of NFInst.instExpressions: time 0.004674/0.08742, allocations: 2.715 MB / 430.3 MB, free: 15.71 MB / 314.7 MB
Notification: Performance of NFInst.updateImplicitVariability: time 0.0006107/0.08806, allocations: 19.94 kB / 430.3 MB, free: 15.7 MB / 314.7 MB
Notification: Performance of NFTyping.typeComponents: time 0.0007077/0.08881, allocations: 313.6 kB / 430.6 MB, free: 15.39 MB / 314.7 MB
Notification: Performance of NFTyping.typeBindings: time 0.0009559/0.08978, allocations: 297.6 kB / 430.9 MB, free: 15.09 MB / 314.7 MB
Notification: Performance of NFTyping.typeClassSections: time 0.002773/0.09256, allocations: 1.22 MB / 432.1 MB, free: 13.88 MB / 314.7 MB
Notification: Performance of NFFlatten.flatten: time 0.002756/0.09533, allocations: 3.32 MB / 435.4 MB, free: 10.55 MB / 314.7 MB
Notification: Performance of NFFlatten.resolveConnections: time 0.0005795/0.09593, allocations: 0.5295 MB / 436 MB, free: 9.992 MB / 314.7 MB
Notification: Performance of NFEvalConstants.evaluate: time 0.001054/0.09699, allocations: 1.297 MB / 437.3 MB, free: 8.691 MB / 314.7 MB
Notification: Performance of NFSimplifyModel.simplify: time 0.0008424/0.09785, allocations: 0.9408 MB / 438.2 MB, free: 7.746 MB / 314.7 MB
Notification: Performance of NFPackage.collectConstants: time 0.0003085/0.09817, allocations: 240 kB / 438.4 MB, free: 7.512 MB / 314.7 MB
Notification: Performance of NFFlatten.collectFunctions: time 0.0008928/0.09907, allocations: 0.6049 MB / 439 MB, free: 6.906 MB / 314.7 MB
Notification: Performance of NFScalarize.scalarize: time 0.0005666/0.09965, allocations: 494.3 kB / 439.5 MB, free: 6.422 MB / 314.7 MB
Notification: Performance of NFVerifyModel.verify: time 0.000845/0.1005, allocations: 1.05 MB / 440.6 MB, free: 5.367 MB / 314.7 MB
Notification: Performance of NFConvertDAE.convert: time 0.002464/0.103, allocations: 2.631 MB / 443.2 MB, free: 2.73 MB / 314.7 MB
Notification: Performance of FrontEnd - DAE generated: time 4.268e-06/0.103, allocations: 0 / 443.2 MB, free: 2.73 MB / 314.7 MB
Notification: Performance of FrontEnd: time 1.563e-06/0.103, allocations: 0 / 443.2 MB, free: 2.73 MB / 314.7 MB
Notification: Performance of Transformations before backend: time 1.755e-05/0.103, allocations: 0 / 443.2 MB, free: 2.73 MB / 314.7 MB
Notification: Model statistics after passing the front-end and creating the data structures used by the back-end:
 * Number of equations: 530
 * Number of variables: 530
Notification: Performance of Generate backend data structure: time 0.003766/0.1068, allocations: 2.748 MB / 446 MB, free: 15.79 MB / 330.7 MB
Notification: Performance of prepare preOptimizeDAE: time 4.363e-05/0.1069, allocations: 8.031 kB / 446 MB, free: 15.78 MB / 330.7 MB
Notification: Performance of preOpt normalInlineFunction (simulation): time 0.002609/0.1095, allocations: 402.4 kB / 446.4 MB, free: 15.38 MB / 330.7 MB
Notification: Performance of preOpt evaluateParameters (simulation): time 0.001422/0.1109, allocations: 0.8799 MB / 447.2 MB, free: 14.46 MB / 330.7 MB
Notification: Performance of preOpt simplifyIfEquations (simulation): time 0.0003221/0.1113, allocations: 0.4997 MB / 447.7 MB, free: 13.89 MB / 330.7 MB
Notification: Performance of preOpt expandDerOperator (simulation): time 0.0004699/0.1117, allocations: 228 kB / 448 MB, free: 13.66 MB / 330.7 MB
Notification: Performance of preOpt clockPartitioning (simulation): time 0.007101/0.1189, allocations: 3.787 MB / 451.7 MB, free: 9.738 MB / 330.7 MB
Notification: Performance of preOpt findStateOrder (simulation): time 5.287e-05/0.1189, allocations: 7.938 kB / 451.8 MB, free: 9.73 MB / 330.7 MB
Notification: Performance of preOpt replaceEdgeChange (simulation): time 0.0002599/0.1192, allocations: 108 kB / 451.9 MB, free: 9.625 MB / 330.7 MB
Notification: Performance of preOpt inlineArrayEqn (simulation): time 0.0005025/0.1197, allocations: 211.1 kB / 452.1 MB, free: 9.418 MB / 330.7 MB
Notification: Performance of preOpt removeEqualRHS (simulation): time 0.004611/0.1243, allocations: 2.757 MB / 454.8 MB, free: 6.656 MB / 330.7 MB
Notification: Performance of preOpt removeSimpleEquations (simulation): time 0.01122/0.1356, allocations: 7.579 MB / 462.4 MB, free: 14.84 MB / 346.7 MB
Notification: Performance of preOpt comSubExp (simulation): time 0.004334/0.1399, allocations: 3.634 MB / 466 MB, free: 11.15 MB / 346.7 MB
Notification: Performance of preOpt resolveLoops (simulation): time 0.003382/0.1434, allocations: 3.203 MB / 469.2 MB, free: 7.941 MB / 346.7 MB
Notification: Performance of preOpt evalFunc (simulation): time 0.0021/0.1455, allocations: 3.078 MB / 472.3 MB, free: 4.199 MB / 346.7 MB
Notification: Performance of preOpt encapsulateWhenConditions (simulation): time 0.003182/0.1487, allocations: 1.977 MB / 474.3 MB, free: 2.176 MB / 346.7 MB
Notification: Performance of pre-optimization done (n=177): time 3.978e-06/0.1487, allocations: 0 / 474.3 MB, free: 2.176 MB / 346.7 MB
Notification: Performance of matching and sorting (n=177): time 0.01223/0.1609, allocations: 6.379 MB / 480.7 MB, free: 11.66 MB / 362.7 MB
Notification: Performance of inlineWhenForInitialization (initialization): time 0.0005938/0.1616, allocations: 1.159 MB / 481.8 MB, free: 10.29 MB / 362.7 MB
Notification: Performance of selectInitializationVariablesDAE (initialization): time 0.001004/0.1626, allocations: 0.8544 MB / 482.7 MB, free: 9.422 MB / 362.7 MB
Notification: Performance of collectPreVariables (initialization): time 0.0001864/0.1628, allocations: 117.7 kB / 482.8 MB, free: 9.301 MB / 362.7 MB
Notification: Performance of collectInitialEqns (initialization): time 0.0005476/0.1633, allocations: 0.6514 MB / 483.4 MB, free: 8.637 MB / 362.7 MB
Notification: Performance of collectInitialBindings (initialization): time 0.0003444/0.1637, allocations: 478.2 kB / 483.9 MB, free: 8.164 MB / 362.7 MB
Notification: Performance of simplifyInitialFunctions (initialization): time 0.0007201/0.1644, allocations: 0.5717 MB / 484.5 MB, free: 7.586 MB / 362.7 MB
Notification: Performance of setup shared object (initialization): time 0.0002413/0.1647, allocations: 341.9 kB / 484.8 MB, free: 7.246 MB / 362.7 MB
Notification: Performance of preBalanceInitialSystem (initialization): time 0.001684/0.1664, allocations: 1.082 MB / 485.9 MB, free: 6.16 MB / 362.7 MB
Notification: Performance of partitionIndependentBlocks (initialization): time 0.002269/0.1686, allocations: 1.961 MB / 487.9 MB, free: 3.809 MB / 362.7 MB
Notification: Performance of analyzeInitialSystem (initialization): time 0.005127/0.1738, allocations: 4.235 MB / 492.1 MB, free: 14.95 MB / 378.7 MB
Notification: Performance of solveInitialSystemEqSystem (initialization): time 2.328e-05/0.1738, allocations: 8 kB / 492.1 MB, free: 14.95 MB / 378.7 MB
Notification: Performance of matching and sorting (n=343) (initialization): time 0.006886/0.1807, allocations: 4.504 MB / 496.6 MB, free: 10.3 MB / 378.7 MB
Notification: Performance of prepare postOptimizeDAE: time 0.0004714/0.1812, allocations: 0.7685 MB / 497.4 MB, free: 9.387 MB / 378.7 MB
Notification: Performance of postOpt simplifyComplexFunction (initialization): time 0.003795/0.185, allocations: 2.645 MB / 0.4883 GB, free: 6.652 MB / 378.7 MB
Notification: Performance of postOpt tearingSystem (initialization): time 0.001893/0.1869, allocations: 408.5 kB / 0.4887 GB, free: 6.25 MB / 378.7 MB
Notification: Performance of postOpt solveSimpleEquations (initialization): time 0.001194/0.1881, allocations: 283.3 kB / 0.489 GB, free: 5.973 MB / 378.7 MB
Notification: Performance of postOpt calculateStrongComponentJacobians (initialization): time 0.0009507/0.1891, allocations: 0.9963 MB / 0.4899 GB, free: 4.953 MB / 378.7 MB
Notification: Performance of postOpt simplifyAllExpressions (initialization): time 0.001529/0.1907, allocations: 317.2 kB / 0.4902 GB, free: 4.641 MB / 378.7 MB
Notification: Performance of postOpt collapseArrayExpressions (initialization): time 0.0002221/0.1909, allocations: 144 kB / 0.4904 GB, free: 4.5 MB / 378.7 MB
Warning: Assuming fixed start value for the following 36 variables:
         P2.enableOut.Index:DISCRETE(fixed = true protected = true )  type: Integer
         P2.enableOut.endWhile:DISCRETE(fixed = true protected = true )  type: Boolean
         P2.enableOut.sumEnablingProbTAout:DISCRETE(fixed = true protected = true )  "sum of the enabling probabilities of the active output transitions" type: Real
         P2.enableOut.posTE:DISCRETE(fixed = true protected = true )  "possible enabled transition" type: Integer
         P2.enableOut.k:DISCRETE(fixed = true protected = true )  "iteration index" type: Integer
         P2.enableOut.nTAout:DISCRETE(fixed = true protected = true )  "number of active output transitions" type: Integer
         P2.enableOut.nremTAout:DISCRETE(fixed = true protected = true )  "number of remaining active output transitions" type: Integer
         P2.enableOut.arcWeightSum:DISCRETE(fixed = true protected = true )  "arc weight sum" type: Real
         P2.enableIn.posTE:DISCRETE(fixed = true protected = true )  "possible enabled transition" type: Integer
         P2.enableIn.k:DISCRETE(fixed = true protected = true )  "iteration index" type: Integer
         P2.enableIn.endWhile:DISCRETE(fixed = true protected = true )  type: Boolean
         P2.enableIn.sumEnablingProbTAin:DISCRETE(fixed = true protected = true )  "sum of the enabling probabilities of the active input transitions" type: Real
         P2.enableIn.nTAin:DISCRETE(fixed = true protected = true )  "number ofactive input transitions" type: Integer
         P2.enableIn.nremTAin:DISCRETE(fixed = true protected = true )  "number of remaining active input transitions" type: Integer
         P2.enableIn.Index:DISCRETE(fixed = true protected = true )  "priority Index" type: Integer
         P2.enableIn.arcWeightSum:DISCRETE(fixed = true protected = true )  "arc weight sum" type: Real
         P1.enableOut.posTE:DISCRETE(fixed = true protected = true )  "possible enabled transition" type: Integer
         P1.enableOut.k:DISCRETE(fixed = true protected = true )  "iteration index" type: Integer
         P1.enableOut.endWhile:DISCRETE(fixed = true protected = true )  type: Boolean
         P1.enableOut.sumEnablingProbTAout:DISCRETE(fixed = true protected = true )  "sum of the enabling probabilities of the active output transitions" type: Real
         P1.enableOut.nTAout:DISCRETE(fixed = true protected = true )  "number of active output transitions" type: Integer
         P1.enableOut.nremTAout:DISCRETE(fixed = true protected = true )  "number of remaining active output transitions" type: Integer
         P1.enableOut.Index:DISCRETE(fixed = true protected = true )  type: Integer
         P1.enableOut.arcWeightSum:DISCRETE(fixed = true protected = true )  "arc weight sum" type: Real
         P1.enableIn.posTE:DISCRETE(fixed = true protected = true )  "possible enabled transition" type: Integer
         P1.enableIn.k:DISCRETE(fixed = true protected = true )  "iteration index" type: Integer
         P1.enableIn.endWhile:DISCRETE(fixed = true protected = true )  type: Boolean
         P1.enableIn.sumEnablingProbTAin:DISCRETE(fixed = true protected = true )  "sum of the enabling probabilities of the active input transitions" type: Real
         P1.enableIn.nTAin:DISCRETE(fixed = true protected = true )  "number ofactive input transitions" type: Integer
         P1.enableIn.nremTAin:DISCRETE(fixed = true protected = true )  "number of remaining active input transitions" type: Integer
         P1.enableIn.Index:DISCRETE(fixed = true protected = true )  "priority Index" type: Integer
         P1.enableIn.arcWeightSum:DISCRETE(fixed = true protected = true )  "arc weight sum" type: Real
         P2.disMarksIn.anytrue:DISCRETE(fixed = true protected = true )  type: Boolean
         P2.disMarksOut.anytrue:DISCRETE(fixed = true protected = true )  type: Boolean
         P1.disMarksIn.anytrue:DISCRETE(fixed = true protected = true )  type: Boolean
         P1.disMarksOut.anytrue:DISCRETE(fixed = true protected = true )  type: Boolean
Notification: Model statistics after passing the back-end for initialization:
 * Number of independent subsystems: 117
 * Number of states: 0 ()
 * Number of discrete variables: 265 ($PRE.P2.enableOut.Index,P2.enableOut.Index,$PRE.P2.enableOut.endWhile,P2.enableOut.endWhile,$PRE.P2.enableOut.sumEnablingProbTAout,P2.enableOut.sumEnablingProbTAout,P2.enableOut.randNum,$PRE.P2.enableOut.randNum,P2.enableOut.state128[4],$PRE.P2.enableOut.state128[4],P2.enableOut.state128[3],$PRE.P2.enableOut.state128[3],P2.enableOut.state128[2],$PRE.P2.enableOut.state128[2],P2.enableOut.state128[1],$PRE.P2.enableOut.state128[1],$PRE.P2.enableOut.posTE,P2.enableOut.posTE,$PRE.P2.enableOut.k,P2.enableOut.k,$PRE.P2.enableOut.nTAout,P2.enableOut.nTAout,$PRE.P2.enableOut.nremTAout,P2.enableOut.nremTAout,$PRE.P2.enableOut.arcWeightSum,P2.enableOut.arcWeightSum,P2.delayPassedOut.numtrue,P2.delayPassedOut.anytrue,$whenCondition6,$PRE.P2.enableIn.posTE,P2.enableIn.posTE,$PRE.P2.enableIn.k,P2.enableIn.k,$PRE.P2.enableIn.endWhile,P2.enableIn.endWhile,P2.enableIn.randNum,$PRE.P2.enableIn.randNum,P2.enableIn.state128[4],$PRE.P2.enableIn.state128[4],P2.enableIn.state128[3],$PRE.P2.enableIn.state128[3],P2.enableIn.state128[2],$PRE.P2.enableIn.state128[2],P2.enableIn.state128[1],$PRE.P2.enableIn.state128[1],P2.enableIn.cumEnablingProb[1],$PRE.P2.enableIn.cumEnablingProb[1],$PRE.P2.enableIn.sumEnablingProbTAin,P2.enableIn.sumEnablingProbTAin,$PRE.P2.enableIn.nTAin,P2.enableIn.nTAin,$PRE.P2.enableIn.nremTAin,P2.enableIn.nremTAin,P2.enableIn.remTAin[1],$PRE.P2.enableIn.remTAin[1],$PRE.P2.enableIn.Index,P2.enableIn.Index,$PRE.P2.enableIn.arcWeightSum,P2.enableIn.arcWeightSum,P2.enableIn.disTAin[1],$PRE.P2.enableIn.disTAin[1],$PRE.P1.enableOut.posTE,P1.enableOut.posTE,$PRE.P1.enableOut.k,P1.enableOut.k,$PRE.P1.enableOut.endWhile,P1.enableOut.endWhile,P1.enableOut.randNum,$PRE.P1.enableOut.randNum,P1.enableOut.state128[4],$PRE.P1.enableOut.state128[4],P1.enableOut.state128[3],$PRE.P1.enableOut.state128[3],P1.enableOut.state128[2],$PRE.P1.enableOut.state128[2],P1.enableOut.state128[1],$PRE.P1.enableOut.state128[1],P1.enableOut.cumEnablingProb[1],$PRE.P1.enableOut.cumEnablingProb[1],$PRE.P1.enableOut.sumEnablingProbTAout,P1.enableOut.sumEnablingProbTAout,$PRE.P1.enableOut.nTAout,P1.enableOut.nTAout,$PRE.P1.enableOut.nremTAout,P1.enableOut.nremTAout,P1.enableOut.remTAout[1],$PRE.P1.enableOut.remTAout[1],$PRE.P1.enableOut.Index,P1.enableOut.Index,$PRE.P1.enableOut.arcWeightSum,P1.enableOut.arcWeightSum,P1.enableOut.disTAout[1],$PRE.P1.enableOut.disTAout[1],$PRE.P1.enableIn.posTE,P1.enableIn.posTE,$PRE.P1.enableIn.k,P1.enableIn.k,$PRE.P1.enableIn.endWhile,P1.enableIn.endWhile,P1.enableIn.randNum,$PRE.P1.enableIn.randNum,P1.enableIn.state128[4],$PRE.P1.enableIn.state128[4],P1.enableIn.state128[3],$PRE.P1.enableIn.state128[3],P1.enableIn.state128[2],$PRE.P1.enableIn.state128[2],P1.enableIn.state128[1],$PRE.P1.enableIn.state128[1],P1.enableIn.cumEnablingProb[2],$PRE.P1.enableIn.cumEnablingProb[2],P1.enableIn.cumEnablingProb[1],$PRE.P1.enableIn.cumEnablingProb[1],$PRE.P1.enableIn.sumEnablingProbTAin,P1.enableIn.sumEnablingProbTAin,$PRE.P1.enableIn.nTAin,P1.enableIn.nTAin,$PRE.P1.enableIn.nremTAin,P1.enableIn.nremTAin,P1.enableIn.remTAin[2],$PRE.P1.enableIn.remTAin[2],P1.enableIn.remTAin[1],$PRE.P1.enableIn.remTAin[1],$PRE.P1.enableIn.Index,P1.enableIn.Index,$PRE.P1.enableIn.arcWeightSum,P1.enableIn.arcWeightSum,P1.enableIn.disTAin[2],$PRE.P1.enableIn.disTAin[2],P1.enableIn.disTAin[1],$PRE.P1.enableIn.disTAin[1],T3.inPlaces[1].tokenInOut,$PRE.P1.disMarksInOut,$PRE.P2.disMarksIn.anytrue,$PRE.P2.disMarksOut.anytrue,P2.disMarksInOut,$whenCondition5,$PRE.P1.disMarksIn.anytrue,$PRE.P1.disMarksOut.anytrue,P1.disMarksInOut,$whenCondition4,P2.disMarksOut.numtrue,P2.disMarksOut.anytrue,P2.inTransition[1].disPlace,P2.inTransition[1].maxTokensint,P2.inTransition[1].tint,T3.outPlaces[1].disTransition,T3.outPlaces[1].enabledByInPlaces,P2.reStart,T3.firingCon,T3.inPlaces[1].disTransition,P1.outTransition[1].normalArc,P1.outTransition[1].testValueint,P1.outTransition[1].arcType,P1.outTransition[1].disPlace,P1.outTransition[1].minTokensint,P1.outTransition[1].tint,T2.firingCon,T2.outPlaces[1].disTransition,T2.outPlaces[1].enabledByInPlaces,P1.inTransition[2].disPlace,P1.inTransition[2].maxTokensint,P1.inTransition[2].tint,P1.inTransition[1].disPlace,P1.inTransition[1].maxTokensint,P1.inTransition[1].tint,T1.outPlaces[1].disTransition,T1.outPlaces[1].enabledByInPlaces,P1.reStart,T1.firingCon,P1.disMarksOut.vec[1],P1.disMarksOut.numtrue,P1.disMarksOut.anytrue,P1.disMarksIn.vec[1],P1.disMarksIn.vec[2],P1.disMarksIn.numtrue,P1.disMarksIn.anytrue,P2.disMarksIn.vec[1],P2.disMarksIn.numtrue,P2.disMarksIn.anytrue,T2.fire_,T1.fire_,T1.activation.arcWeightIntOut[1],P1.delayPassedOut.vec[1],P1.delayPassedIn.vec[1],P1.delayPassedIn.vec[2],T2.activation.arcWeightIntOut[1],T3.activation.arcWeightIntIn[1],T3.activation.arcWeightIntOut[1],P2.delayPassedIn.vec[1],T3.activation.disPlaceOut[1],T3.activation.maxTokensInt[1],T3.activation.tIntOut[1],T3.activation.normalArc[1],T3.activation.testValueInt[1],T3.activation.arcType[1],T3.activation.disPlaceIn[1],T3.activation.minTokensInt[1],T3.activation.tIntIn[1],T2.activation.disPlaceOut[1],T2.activation.maxTokensInt[1],T2.activation.tIntOut[1],T1.activation.disPlaceOut[1],T1.activation.maxTokensInt[1],T1.activation.tIntOut[1],P2.emptying.numtrue,P2.emptying.anytrue,P2.feeding.numtrue,P2.feeding.anytrue,P2.feeding.vec[1],P2.delayPassedIn.numtrue,P2.delayPassedIn.anytrue,P2.enableIn.TEin[1],$PRE.P2.enableIn.TEin[1],P2.enableIn.TEin_[1],P2.enableIn.active[1],P2.fireIn[1],$PRE.P2.fireIn[1],T3.fire_,T3.activation.NoTokens,T3.activation.weaklyOutputActiveVec[1],T3.activation.weaklyInputActiveVec[1],T3.activation.active,T3.activation.emptied[1],T3.activation.fed[1],T2.activation.NoTokens,T2.activation.weaklyOutputActiveVec[1],T2.activation.active,T2.activation.emptied[1],P1.emptying.numtrue,P1.emptying.anytrue,P1.emptying.vec[1],P1.feeding.numtrue,P1.feeding.anytrue,P1.feeding.vec[2],P1.feeding.vec[1],P1.delayPassedIn.numtrue,P1.delayPassedIn.anytrue,P1.delayPassedOut.numtrue,P1.delayPassedOut.anytrue,P1.enableOut.TEout[1],$PRE.P1.enableOut.TEout[1],P1.enableOut.TEout_[1],P1.enableOut.TAout[1],P1.enableIn.TEin[2],$PRE.P1.enableIn.TEin[2],P1.enableIn.TEin[1],$PRE.P1.enableIn.TEin[1],P1.enableIn.TEin_[2],P1.enableIn.TEin_[1],P1.enableIn.active[2],P1.enableIn.active[1],P1.fireOut[1],$PRE.P1.fireOut[1],P1.fireIn[2],$PRE.P1.fireIn[2],P1.fireIn[1],$PRE.P1.fireIn[1],T1.activation.NoTokens,T1.activation.weaklyOutputActiveVec[1],T1.activation.active,T1.activation.emptied[1],$whenCondition3,$whenCondition2,$whenCondition1)
 * Number of discrete states: 0 ()
 * Number of clocked states: 0 ()
 * Top-level inputs: 0
Notification: Strong component statistics for initialization (286):
 * Single equations (assignments): 262
 * Array equations: 0
 * Algorithm blocks: 23
 * Record equations: 0
 * When equations: 0
 * If-equations: 0
 * Equation systems (not torn): 0
 * Torn equation systems: 1
 * Mixed (continuous/discrete) equation systems: 0
Notification: Torn system details for strict tearing set:
 * Linear torn systems (#iteration vars, #inner vars, density): 0 systems
 * Non-linear torn systems (#iteration vars, #inner vars): 1 system
   {(3,14)}
Notification: Performance of prepare postOptimizeDAE: time 0.001975/0.1929, allocations: 1.684 MB / 0.492 GB, free: 2.695 MB / 378.7 MB
Notification: Performance of postOpt lateInlineFunction (simulation): time 0.0004597/0.1933, allocations: 174.5 kB / 0.4922 GB, free: 2.523 MB / 378.7 MB
Notification: Performance of postOpt wrapFunctionCalls (simulation): time 0.2212/0.4145, allocations: 5.033 MB / 0.4971 GB, free: 75.46 MB / 378.7 MB
Notification: Performance of postOpt inlineArrayEqn (simulation): time 2.646e-05/0.4146, allocations: 12.88 kB / 0.4971 GB, free: 75.46 MB / 378.7 MB
Notification: Performance of postOpt constantLinearSystem (simulation): time 8.937e-06/0.4146, allocations: 0 / 0.4971 GB, free: 75.46 MB / 378.7 MB
Notification: Performance of postOpt simplifysemiLinear (simulation): time 1.375e-05/0.4147, allocations: 6.375 kB / 0.4971 GB, free: 75.46 MB / 378.7 MB
Notification: Performance of postOpt removeSimpleEquations (simulation): time 0.01173/0.4264, allocations: 7.364 MB / 0.5043 GB, free: 74.59 MB / 378.7 MB
Notification: Performance of postOpt simplifyComplexFunction (simulation): time 0.007701/0.4341, allocations: 4.863 MB / 0.5091 GB, free: 73.45 MB / 378.7 MB
Notification: Performance of postOpt solveSimpleEquations (simulation): time 0.0004278/0.4346, allocations: 71.7 kB / 0.5091 GB, free: 73.45 MB / 378.7 MB
Notification: Performance of postOpt tearingSystem (simulation): time 0.001226/0.4358, allocations: 317.7 kB / 0.5094 GB, free: 73.4 MB / 378.7 MB
Notification: Performance of postOpt inputDerivativesUsed (simulation): time 0.0002679/0.4361, allocations: 103.8 kB / 0.5095 GB, free: 73.38 MB / 378.7 MB
Notification: Performance of postOpt calculateStrongComponentJacobians (simulation): time 0.0009512/0.4371, allocations: 0.9601 MB / 0.5105 GB, free: 72.73 MB / 378.7 MB
Notification: Performance of postOpt calculateStateSetsJacobians (simulation): time 3.656e-06/0.4371, allocations: 1.641 kB / 0.5105 GB, free: 72.73 MB / 378.7 MB
Notification: Performance of postOpt symbolicJacobian (simulation): time 0.01051/0.4476, allocations: 7.445 MB / 0.5177 GB, free: 67.75 MB / 378.7 MB
Notification: Performance of postOpt removeConstants (simulation): time 0.0001745/0.4478, allocations: 201.5 kB / 0.5179 GB, free: 67.59 MB / 378.7 MB
Notification: Performance of postOpt simplifyTimeIndepFuncCalls (simulation): time 0.0004696/0.4483, allocations: 175.9 kB / 0.5181 GB, free: 67.42 MB / 378.7 MB
Notification: Performance of postOpt simplifyAllExpressions (simulation): time 0.001326/0.4496, allocations: 168.5 kB / 0.5183 GB, free: 67.26 MB / 378.7 MB
Notification: Performance of postOpt findZeroCrossings (simulation): time 0.0006913/0.4503, allocations: 385.6 kB / 0.5186 GB, free: 66.89 MB / 378.7 MB
Notification: Performance of postOpt collapseArrayExpressions (simulation): time 0.0002715/0.4506, allocations: 114.8 kB / 0.5187 GB, free: 66.78 MB / 378.7 MB
Notification: Performance of sorting global known variables: time 0.0005036/0.4511, allocations: 479 kB / 0.5192 GB, free: 66.31 MB / 378.7 MB
Notification: Performance of sort global known variables: time 2.9e-07/0.4511, allocations: 2.531 kB / 0.5192 GB, free: 66.31 MB / 378.7 MB
Notification: Performance of remove unused functions: time 0.00189/0.453, allocations: 0.6821 MB / 0.5199 GB, free: 65.64 MB / 378.7 MB
Notification: Model statistics after passing the back-end for simulation:
 * Number of independent subsystems: 3
 * Number of states: 2 (P1.t_,P2.t_)
 * Number of discrete variables: 133 (P2.disMarksInOut,$cse4[1],$whenCondition5,$whenCondition4,$whenCondition1,$whenCondition2,$whenCondition3,T1.activation.emptied[1],T1.activation.active,T1.activation.weaklyOutputActiveVec[1],T1.activation.NoTokens,P1.disMarksInOut,P1.fireIn[1],P1.fireIn[2],P1.fireOut[1],P1.enableIn.active[1],P1.enableIn.active[2],P1.enableIn.TEin_[1],P1.enableIn.TEin_[2],P1.enableIn.state128[1],P1.enableIn.state128[2],P1.enableIn.state128[3],P1.enableIn.state128[4],P1.enableIn.TEin[1],P1.enableIn.TEin[2],P1.enableIn.disTAin[1],P1.enableIn.disTAin[2],P1.enableIn.remTAin[1],P1.enableIn.remTAin[2],P1.enableIn.cumEnablingProb[1],P1.enableIn.cumEnablingProb[2],P1.enableIn.arcWeightSum,P1.enableIn.nremTAin,P1.enableIn.nTAin,P1.enableIn.k,P1.enableIn.posTE,P1.enableIn.randNum,P1.enableIn.sumEnablingProbTAin,P1.enableIn.endWhile,P1.enableIn.Index,P1.enableOut.TAout[1],P1.enableOut.TEout_[1],P1.enableOut.state128[1],P1.enableOut.state128[2],P1.enableOut.state128[3],P1.enableOut.state128[4],P1.enableOut.TEout[1],P1.enableOut.disTAout[1],P1.enableOut.remTAout[1],P1.enableOut.cumEnablingProb[1],P1.enableOut.arcWeightSum,P1.enableOut.nremTAout,P1.enableOut.nTAout,P1.enableOut.k,P1.enableOut.posTE,P1.enableOut.randNum,P1.enableOut.sumEnablingProbTAout,P1.enableOut.endWhile,P1.enableOut.Index,P1.delayPassedOut.anytrue,P1.delayPassedOut.numtrue,P1.delayPassedIn.anytrue,P1.delayPassedIn.numtrue,P1.disMarksOut.anytrue,P1.disMarksOut.numtrue,P1.disMarksIn.anytrue,P1.disMarksIn.numtrue,P1.feeding.vec[1],P1.feeding.vec[2],P1.feeding.anytrue,P1.feeding.numtrue,P1.emptying.vec[1],P1.emptying.anytrue,P1.emptying.numtrue,T2.activation.emptied[1],T2.activation.active,T2.activation.weaklyOutputActiveVec[1],T2.activation.NoTokens,T3.inPlaces[1].tokenInOut,T3.activation.fed[1],T3.activation.emptied[1],T3.activation.active,T3.activation.weaklyInputActiveVec[1],T3.activation.weaklyOutputActiveVec[1],T3.activation.NoTokens,T3.fire_,P2.fireIn[1],P2.enableIn.active[1],P2.enableIn.TEin_[1],P2.enableIn.state128[1],P2.enableIn.state128[2],P2.enableIn.state128[3],P2.enableIn.state128[4],P2.enableIn.TEin[1],P2.enableIn.disTAin[1],P2.enableIn.remTAin[1],P2.enableIn.cumEnablingProb[1],P2.enableIn.arcWeightSum,P2.enableIn.nremTAin,P2.enableIn.nTAin,P2.enableIn.k,P2.enableIn.posTE,P2.enableIn.randNum,P2.enableIn.sumEnablingProbTAin,P2.enableIn.endWhile,P2.enableIn.Index,P2.delayPassedIn.anytrue,P2.delayPassedIn.numtrue,P2.disMarksOut.anytrue,P2.disMarksOut.numtrue,P2.disMarksIn.anytrue,P2.disMarksIn.numtrue,P2.feeding.vec[1],P2.feeding.anytrue,P2.feeding.numtrue,P2.emptying.anytrue,P2.emptying.numtrue,$whenCondition6,P2.enableOut.state128[1],P2.enableOut.state128[2],P2.enableOut.state128[3],P2.enableOut.state128[4],P2.enableOut.arcWeightSum,P2.enableOut.nremTAout,P2.enableOut.nTAout,P2.enableOut.k,P2.enableOut.posTE,P2.enableOut.randNum,P2.enableOut.sumEnablingProbTAout,P2.enableOut.endWhile,P2.enableOut.Index,P2.delayPassedOut.anytrue,P2.delayPassedOut.numtrue)
 * Number of discrete states: 117 (P2.delayPassedOut.numtrue,P2.delayPassedOut.anytrue,P2.enableOut.Index,P2.enableOut.endWhile,P2.enableOut.sumEnablingProbTAout,P2.enableOut.state128[4],P2.enableOut.state128[3],P2.enableOut.state128[2],P2.enableOut.state128[1],P2.enableOut.randNum,P2.enableOut.posTE,P2.enableOut.k,P2.enableOut.nTAout,P2.enableOut.nremTAout,P2.enableOut.arcWeightSum,$whenCondition6,P1.disMarksInOut,P2.fireIn[1],P2.disMarksOut.anytrue,P2.disMarksIn.anytrue,P1.fireIn[2],P1.fireIn[1],P1.fireOut[1],P1.disMarksOut.anytrue,P1.disMarksIn.anytrue,P2.emptying.numtrue,P2.emptying.anytrue,P2.feeding.numtrue,P2.feeding.anytrue,P2.disMarksIn.numtrue,P2.disMarksOut.numtrue,P2.delayPassedIn.numtrue,P2.delayPassedIn.anytrue,P1.emptying.numtrue,P1.emptying.anytrue,T2.activation.weaklyOutputActiveVec[1],T2.activation.active,T2.activation.NoTokens,P1.feeding.numtrue,P1.feeding.anytrue,T3.activation.weaklyOutputActiveVec[1],T3.activation.weaklyInputActiveVec[1],T3.activation.active,T3.activation.NoTokens,P2.enableIn.TEin_[1],P2.enableIn.posTE,P2.enableIn.k,P2.enableIn.endWhile,P2.enableIn.state128[4],P2.enableIn.state128[3],P2.enableIn.state128[2],P2.enableIn.state128[1],P2.enableIn.randNum,P2.enableIn.cumEnablingProb[1],P2.enableIn.sumEnablingProbTAin,P2.enableIn.nTAin,P2.enableIn.nremTAin,P2.enableIn.remTAin[1],P2.enableIn.Index,P2.enableIn.arcWeightSum,P2.enableIn.disTAin[1],$whenCondition3,P2.enableIn.TEin[1],P1.disMarksIn.numtrue,P1.disMarksOut.numtrue,P1.delayPassedIn.numtrue,P1.delayPassedIn.anytrue,P1.delayPassedOut.numtrue,P1.delayPassedOut.anytrue,P1.enableOut.TEout_[1],P1.enableOut.posTE,P1.enableOut.k,P1.enableOut.endWhile,P1.enableOut.state128[4],P1.enableOut.state128[3],P1.enableOut.state128[2],P1.enableOut.state128[1],P1.enableOut.randNum,P1.enableOut.cumEnablingProb[1],P1.enableOut.sumEnablingProbTAout,P1.enableOut.nTAout,P1.enableOut.nremTAout,P1.enableOut.remTAout[1],P1.enableOut.Index,P1.enableOut.arcWeightSum,P1.enableOut.disTAout[1],$whenCondition2,P1.enableOut.TEout[1],T1.activation.weaklyOutputActiveVec[1],T1.activation.active,T1.activation.NoTokens,P1.enableIn.TEin_[2],P1.enableIn.TEin_[1],P1.enableIn.posTE,P1.enableIn.k,P1.enableIn.endWhile,P1.enableIn.state128[4],P1.enableIn.state128[3],P1.enableIn.state128[2],P1.enableIn.state128[1],P1.enableIn.randNum,P1.enableIn.cumEnablingProb[2],P1.enableIn.cumEnablingProb[1],P1.enableIn.sumEnablingProbTAin,P1.enableIn.nTAin,P1.enableIn.nremTAin,P1.enableIn.remTAin[2],P1.enableIn.remTAin[1],P1.enableIn.Index,P1.enableIn.arcWeightSum,P1.enableIn.disTAin[2],P1.enableIn.disTAin[1],$whenCondition1,P1.enableIn.TEin[2],P1.enableIn.TEin[1],P2.disMarkChange,P1.disMarkChange)
 * Number of clocked states: 0 ()
 * Top-level inputs: 0
Notification: Strong component statistics for simulation (73):
 * Single equations (assignments): 52
 * Array equations: 1
 * Algorithm blocks: 19
 * Record equations: 0
 * When equations: 0
 * If-equations: 0
 * Equation systems (not torn): 0
 * Torn equation systems: 1
 * Mixed (continuous/discrete) equation systems: 0
Notification: Torn system details for strict tearing set:
 * Linear torn systems (#iteration vars, #inner vars, density): 0 systems
 * Non-linear torn systems (#iteration vars, #inner vars): 1 system
   {(3,17)}
Notification: Performance of Backend phase and start with SimCode phase: time 0.001003/0.4541, allocations: 0.5269 MB / 0.5204 GB, free: 65.18 MB / 378.7 MB
Notification: Performance of simCode: created initialization part: time 0.007224/0.4613, allocations: 5.676 MB / 0.5259 GB, free: 59.3 MB / 378.7 MB
Notification: Performance of simCode: created event and clocks part: time 5.13e-06/0.4613, allocations: 3.828 kB / 0.5259 GB, free: 59.3 MB / 378.7 MB
Notification: Performance of simCode: created simulation system equations: time 0.005053/0.4664, allocations: 6.628 MB / 0.5324 GB, free: 52.43 MB / 378.7 MB
Notification: Performance of simCode: created of all other equations (e.g. parameter, nominal, assert, etc): time 0.001118/0.4675, allocations: 231.3 kB / 0.5326 GB, free: 52.23 MB / 378.7 MB
Notification: Performance of simCode: created linear, non-linear and system jacobian parts: time 0.006595/0.4741, allocations: 4.326 MB / 0.5368 GB, free: 47.92 MB / 378.7 MB
Notification: Performance of simCode: some other stuff during SimCode phase: time 0.0008768/0.475, allocations: 1.443 MB / 0.5383 GB, free: 46.46 MB / 378.7 MB
Notification: Performance of simCode: alias equations: time 0.0008019/0.4759, allocations: 337.1 kB / 0.5386 GB, free: 46.13 MB / 378.7 MB
Notification: Performance of simCode: all other stuff during SimCode phase: time 0.0001793/0.476, allocations: 79.42 kB / 0.5387 GB, free: 46.05 MB / 378.7 MB
Notification: Performance of SimCode: time 8.01e-07/0.4761, allocations: 0 / 0.5387 GB, free: 46.05 MB / 378.7 MB
Notification: Performance of Templates: time 0.04217/0.5182, allocations: 29.14 MB / 0.5671 GB, free: 16.76 MB / 378.7 MB
make -j1 -f PNlib_master_PNlib.Examples.ConTest.Speed.makefile
(rm -f PNlib_master_PNlib.Examples.ConTest.Speed.pipe ; mkfifo PNlib_master_PNlib.Examples.ConTest.Speed.pipe ; head -c 1048576 < PNlib_master_PNlib.Examples.ConTest.Speed.pipe >> ../files/PNlib_master_PNlib.Examples.ConTest.Speed.sim & ./PNlib_master_PNlib.Examples.ConTest.Speed  -abortSlowSimulation -alarm=480  -emit_protected -lv LOG_STATS > PNlib_master_PNlib.Examples.ConTest.Speed.pipe 2>&1)
diffSimulationResults("PNlib_master_PNlib.Examples.ConTest.Speed_res.mat","/home/runner/work/PNlib/PNlib/ReferenceFiles/PNlib.Examples.ConTest.Speed.mat","../files/PNlib_master_PNlib.Examples.ConTest.Speed.diff",relTol=0.003,relTolDiffMinMax=0.003,rangeDelta=0.001)
Reference file matches
