Running: ./testmodel.py --libraries=/home/runner/.openmodelica/libraries/ --ompython_omhome= PNlib_master_PNlib.Examples.ConTest.PCtoTC.conf.json
loadFile("/home/runner/.openmodelica/libraries/ModelicaServices 4.0.0+maint.om/package.mo", uses=false)
loadFile("/home/runner/.openmodelica/libraries/Complex 4.0.0+maint.om/package.mo", uses=false)
loadFile("/home/runner/.openmodelica/libraries/Modelica 4.0.0+maint.om/package.mo", uses=false)
loadFile("/home/runner/work/PNlib/PNlib/PNlib/package.mo", uses=false)
Using package PNlib with version 2.2 (/home/runner/work/PNlib/PNlib/PNlib/package.mo)
Using package Modelica with version 4.0.0 (/home/runner/.openmodelica/libraries/Modelica 4.0.0+maint.om/package.mo)
Using package Complex with version 4.0.0 (/home/runner/.openmodelica/libraries/Complex 4.0.0+maint.om/package.mo)
Using package ModelicaServices with version 4.0.0 (/home/runner/.openmodelica/libraries/ModelicaServices 4.0.0+maint.om/package.mo)
Running command: translateModel(PNlib.Examples.ConTest.PCtoTC,tolerance=1e-06,outputFormat="mat",numberOfIntervals=5000,variableFilter="P1.t|T1.fire|T1.instantaneousSpeed|T1.maximumSpeed|time",fileNamePrefix="PNlib_master_PNlib.Examples.ConTest.PCtoTC")
translateModel(PNlib.Examples.ConTest.PCtoTC,tolerance=1e-06,outputFormat="mat",numberOfIntervals=5000,variableFilter="P1.t|T1.fire|T1.instantaneousSpeed|T1.maximumSpeed|time",fileNamePrefix="PNlib_master_PNlib.Examples.ConTest.PCtoTC")
Notification: Performance of loadFile(/home/runner/.openmodelica/libraries/ModelicaServices 4.0.0+maint.om/package.mo): time 0.001046/0.001046, allocations: 96.8 kB / 15.6 MB, free: 5.219 MB / 13.93 MB
Notification: Performance of loadFile(/home/runner/.openmodelica/libraries/Complex 4.0.0+maint.om/package.mo): time 0.001019/0.001019, allocations: 175.7 kB / 16.51 MB, free: 4.621 MB / 13.93 MB
Notification: Performance of loadFile(/home/runner/.openmodelica/libraries/Modelica 4.0.0+maint.om/package.mo): time 1.641/1.641, allocations: 222.1 MB / 239.4 MB, free: 11.07 MB / 202.7 MB
Notification: Performance of loadFile(/home/runner/work/PNlib/PNlib/PNlib/package.mo): time 0.09476/0.09476, allocations: 16.58 MB / 306.2 MB, free: 10.54 MB / 250.7 MB
Notification: Performance of FrontEnd - loaded program: time 0.000505/0.000505, allocations: 11 kB / 370.6 MB, free: 44.94 MB / 298.7 MB
Notification: Performance of FrontEnd - Absyn->SCode: time 0.07729/0.07782, allocations: 53.47 MB / 424.1 MB, free: 5.895 MB / 298.7 MB
Notification: Performance of NFInst.instantiate(PNlib.Examples.ConTest.PCtoTC): time 0.002977/0.08084, allocations: 2.001 MB / 426.1 MB, free: 3.895 MB / 298.7 MB
Notification: Performance of NFInst.instExpressions: time 0.002756/0.08362, allocations: 1.681 MB / 427.7 MB, free: 2.215 MB / 298.7 MB
Notification: Performance of NFInst.updateImplicitVariability: time 0.000254/0.08389, allocations: 11.94 kB / 427.8 MB, free: 2.203 MB / 298.7 MB
Notification: Performance of NFTyping.typeComponents: time 0.0003497/0.08428, allocations: 127 kB / 427.9 MB, free: 2.078 MB / 298.7 MB
Notification: Performance of NFTyping.typeBindings: time 0.0005274/0.08482, allocations: 135 kB / 428 MB, free: 1.945 MB / 298.7 MB
Notification: Performance of NFTyping.typeClassSections: time 0.001753/0.08659, allocations: 0.6966 MB / 428.7 MB, free: 1.25 MB / 298.7 MB
Notification: Performance of NFFlatten.flatten: time 0.001237/0.08785, allocations: 1.42 MB / 430.1 MB, free: 15.83 MB / 314.7 MB
Notification: Performance of NFFlatten.resolveConnections: time 0.0004318/0.08829, allocations: 173.6 kB / 430.3 MB, free: 15.64 MB / 314.7 MB
Notification: Performance of NFEvalConstants.evaluate: time 0.0004528/0.08876, allocations: 0.5453 MB / 430.8 MB, free: 15.1 MB / 314.7 MB
Notification: Performance of NFSimplifyModel.simplify: time 0.000427/0.0892, allocations: 358.2 kB / 431.2 MB, free: 14.75 MB / 314.7 MB
Notification: Performance of NFPackage.collectConstants: time 0.0001255/0.08934, allocations: 88 kB / 431.3 MB, free: 14.66 MB / 314.7 MB
Notification: Performance of NFFlatten.collectFunctions: time 0.0006026/0.08995, allocations: 483.3 kB / 431.7 MB, free: 14.19 MB / 314.7 MB
Notification: Performance of NFScalarize.scalarize: time 0.0001658/0.09013, allocations: 163.5 kB / 431.9 MB, free: 14.03 MB / 314.7 MB
Notification: Performance of NFVerifyModel.verify: time 0.0004948/0.09063, allocations: 394.2 kB / 432.3 MB, free: 13.64 MB / 314.7 MB
Notification: Performance of NFConvertDAE.convert: time 0.0009787/0.09162, allocations: 1.161 MB / 433.5 MB, free: 12.48 MB / 314.7 MB
Notification: Performance of FrontEnd - DAE generated: time 4.068e-06/0.09164, allocations: 4 kB / 433.5 MB, free: 12.47 MB / 314.7 MB
Notification: Performance of FrontEnd: time 1.363e-06/0.09165, allocations: 0 / 433.5 MB, free: 12.47 MB / 314.7 MB
Notification: Performance of Transformations before backend: time 8.997e-06/0.09166, allocations: 0 / 433.5 MB, free: 12.47 MB / 314.7 MB
Notification: Model statistics after passing the front-end and creating the data structures used by the back-end:
 * Number of equations: 180
 * Number of variables: 180
Notification: Performance of Generate backend data structure: time 0.001837/0.09351, allocations: 1.325 MB / 434.8 MB, free: 11.03 MB / 314.7 MB
Notification: Performance of prepare preOptimizeDAE: time 3.451e-05/0.09355, allocations: 12.03 kB / 434.8 MB, free: 11.02 MB / 314.7 MB
Notification: Performance of preOpt normalInlineFunction (simulation): time 0.0008549/0.09441, allocations: 144 kB / 434.9 MB, free: 10.88 MB / 314.7 MB
Notification: Performance of preOpt evaluateParameters (simulation): time 0.000557/0.09499, allocations: 427 kB / 435.4 MB, free: 10.42 MB / 314.7 MB
Notification: Performance of preOpt simplifyIfEquations (simulation): time 0.0001249/0.09512, allocations: 150.5 kB / 435.5 MB, free: 10.25 MB / 314.7 MB
Notification: Performance of preOpt expandDerOperator (simulation): time 0.0001562/0.09529, allocations: 83.98 kB / 435.6 MB, free: 10.17 MB / 314.7 MB
Notification: Performance of preOpt clockPartitioning (simulation): time 0.002215/0.09751, allocations: 1.334 MB / 436.9 MB, free: 8.785 MB / 314.7 MB
Notification: Performance of preOpt findStateOrder (simulation): time 2.563e-05/0.09756, allocations: 7.938 kB / 436.9 MB, free: 8.777 MB / 314.7 MB
Notification: Performance of preOpt replaceEdgeChange (simulation): time 0.0001038/0.09767, allocations: 35.98 kB / 437 MB, free: 8.742 MB / 314.7 MB
Notification: Performance of preOpt inlineArrayEqn (simulation): time 0.0001061/0.09778, allocations: 68.53 kB / 437 MB, free: 8.68 MB / 314.7 MB
Notification: Performance of preOpt removeEqualRHS (simulation): time 0.001848/0.09964, allocations: 0.9418 MB / 438 MB, free: 7.738 MB / 314.7 MB
Notification: Performance of preOpt removeSimpleEquations (simulation): time 0.003625/0.1033, allocations: 2.94 MB / 440.9 MB, free: 4.684 MB / 314.7 MB
Notification: Performance of preOpt comSubExp (simulation): time 0.001658/0.105, allocations: 1.186 MB / 442.1 MB, free: 3.48 MB / 314.7 MB
Notification: Performance of preOpt resolveLoops (simulation): time 0.001082/0.1061, allocations: 1.069 MB / 443.2 MB, free: 2.406 MB / 314.7 MB
Notification: Performance of preOpt evalFunc (simulation): time 0.00302/0.1091, allocations: 2.971 MB / 446.1 MB, free: 14.79 MB / 330.7 MB
Notification: Performance of preOpt encapsulateWhenConditions (simulation): time 0.001182/0.1103, allocations: 0.7735 MB / 446.9 MB, free: 13.98 MB / 330.7 MB
Notification: Performance of pre-optimization done (n=70): time 2.504e-06/0.1103, allocations: 4 kB / 446.9 MB, free: 13.98 MB / 330.7 MB
Notification: Performance of matching and sorting (n=70): time 0.004278/0.1146, allocations: 2.461 MB / 449.4 MB, free: 11.43 MB / 330.7 MB
Notification: Performance of inlineWhenForInitialization (initialization): time 0.0003951/0.115, allocations: 0.552 MB / 449.9 MB, free: 10.77 MB / 330.7 MB
Notification: Performance of selectInitializationVariablesDAE (initialization): time 0.0003899/0.1154, allocations: 409 kB / 450.3 MB, free: 10.36 MB / 330.7 MB
Notification: Performance of collectPreVariables (initialization): time 8.205e-05/0.1155, allocations: 61.7 kB / 450.4 MB, free: 10.29 MB / 330.7 MB
Notification: Performance of collectInitialEqns (initialization): time 0.0001588/0.1157, allocations: 291.9 kB / 450.7 MB, free: 10 MB / 330.7 MB
Notification: Performance of collectInitialBindings (initialization): time 0.000145/0.1158, allocations: 185.8 kB / 450.9 MB, free: 9.82 MB / 330.7 MB
Notification: Performance of simplifyInitialFunctions (initialization): time 0.0003264/0.1162, allocations: 230.4 kB / 451.1 MB, free: 9.586 MB / 330.7 MB
Notification: Performance of setup shared object (initialization): time 7.751e-05/0.1163, allocations: 366.8 kB / 451.4 MB, free: 9.219 MB / 330.7 MB
Notification: Performance of preBalanceInitialSystem (initialization): time 0.0009787/0.1172, allocations: 470 kB / 451.9 MB, free: 8.762 MB / 330.7 MB
Notification: Performance of partitionIndependentBlocks (initialization): time 0.0008694/0.1181, allocations: 0.8212 MB / 452.7 MB, free: 7.789 MB / 330.7 MB
Notification: Performance of analyzeInitialSystem (initialization): time 0.001826/0.12, allocations: 1.767 MB / 454.5 MB, free: 5.754 MB / 330.7 MB
Notification: Performance of solveInitialSystemEqSystem (initialization): time 8.456e-06/0.12, allocations: 4 kB / 454.5 MB, free: 5.75 MB / 330.7 MB
Notification: Performance of matching and sorting (n=136) (initialization): time 0.002893/0.1229, allocations: 1.929 MB / 456.4 MB, free: 3.742 MB / 330.7 MB
Notification: Performance of prepare postOptimizeDAE: time 0.0001461/0.1231, allocations: 378.6 kB / 456.8 MB, free: 3.305 MB / 330.7 MB
Notification: Performance of postOpt simplifyComplexFunction (initialization): time 0.001914/0.125, allocations: 1.056 MB / 457.8 MB, free: 2.215 MB / 330.7 MB
Notification: Performance of postOpt tearingSystem (initialization): time 0.0003737/0.1254, allocations: 80.8 kB / 457.9 MB, free: 2.133 MB / 330.7 MB
Notification: Performance of postOpt solveSimpleEquations (initialization): time 0.0004177/0.1258, allocations: 111.8 kB / 458 MB, free: 2.023 MB / 330.7 MB
Notification: Performance of postOpt calculateStrongComponentJacobians (initialization): time 0.0003624/0.1262, allocations: 0.6108 MB / 458.6 MB, free: 1.387 MB / 330.7 MB
Notification: Performance of postOpt simplifyAllExpressions (initialization): time 0.0006521/0.1268, allocations: 139 kB / 458.8 MB, free: 1.25 MB / 330.7 MB
Notification: Performance of postOpt collapseArrayExpressions (initialization): time 0.0001032/0.127, allocations: 52 kB / 458.8 MB, free: 1.199 MB / 330.7 MB
Warning: Assuming fixed start value for the following 18 variables:
         P1.enableOut.posTE:DISCRETE(fixed = true protected = true )  "possible enabled transition" type: Integer
         P1.enableOut.k:DISCRETE(fixed = true protected = true )  "iteration index" type: Integer
         P1.enableOut.endWhile:DISCRETE(fixed = true protected = true )  type: Boolean
         P1.enableOut.sumEnablingProbTAout:DISCRETE(fixed = true protected = true )  "sum of the enabling probabilities of the active output transitions" type: Real
         P1.enableOut.nTAout:DISCRETE(fixed = true protected = true )  "number of active output transitions" type: Integer
         P1.enableOut.nremTAout:DISCRETE(fixed = true protected = true )  "number of remaining active output transitions" type: Integer
         P1.enableOut.Index:DISCRETE(fixed = true protected = true )  type: Integer
         P1.enableOut.arcWeightSum:DISCRETE(fixed = true protected = true )  "arc weight sum" type: Real
         P1.disMarksIn.anytrue:DISCRETE(fixed = true protected = true )  type: Boolean
         P1.disMarksOut.anytrue:DISCRETE(fixed = true protected = true )  type: Boolean
         P1.enableIn.Index:DISCRETE(fixed = true protected = true )  "priority Index" type: Integer
         P1.enableIn.endWhile:DISCRETE(fixed = true protected = true )  type: Boolean
         P1.enableIn.sumEnablingProbTAin:DISCRETE(fixed = true protected = true )  "sum of the enabling probabilities of the active input transitions" type: Real
         P1.enableIn.posTE:DISCRETE(fixed = true protected = true )  "possible enabled transition" type: Integer
         P1.enableIn.k:DISCRETE(fixed = true protected = true )  "iteration index" type: Integer
         P1.enableIn.nTAin:DISCRETE(fixed = true protected = true )  "number ofactive input transitions" type: Integer
         P1.enableIn.nremTAin:DISCRETE(fixed = true protected = true )  "number of remaining active input transitions" type: Integer
         P1.enableIn.arcWeightSum:DISCRETE(fixed = true protected = true )  "arc weight sum" type: Real
Notification: Model statistics after passing the back-end for initialization:
 * Number of independent subsystems: 48
 * Number of states: 0 ()
 * Number of discrete variables: 108 ($PRE.P1.enableOut.posTE,P1.enableOut.posTE,$PRE.P1.enableOut.k,P1.enableOut.k,$PRE.P1.enableOut.endWhile,P1.enableOut.endWhile,P1.enableOut.randNum,$PRE.P1.enableOut.randNum,P1.enableOut.state128[4],$PRE.P1.enableOut.state128[4],P1.enableOut.state128[3],$PRE.P1.enableOut.state128[3],P1.enableOut.state128[2],$PRE.P1.enableOut.state128[2],P1.enableOut.state128[1],$PRE.P1.enableOut.state128[1],P1.enableOut.cumEnablingProb[1],$PRE.P1.enableOut.cumEnablingProb[1],$PRE.P1.enableOut.sumEnablingProbTAout,P1.enableOut.sumEnablingProbTAout,$PRE.P1.enableOut.nTAout,P1.enableOut.nTAout,$PRE.P1.enableOut.nremTAout,P1.enableOut.nremTAout,P1.enableOut.remTAout[1],$PRE.P1.enableOut.remTAout[1],$PRE.P1.enableOut.Index,P1.enableOut.Index,$PRE.P1.enableOut.arcWeightSum,P1.enableOut.arcWeightSum,P1.enableOut.disTAout[1],$PRE.P1.enableOut.disTAout[1],$PRE.P1.disMarksInOut,P1.outTransition[1].tokenInOut,$PRE.P1.disMarksIn.anytrue,$PRE.P1.disMarksOut.anytrue,P1.disMarksInOut,$whenCondition3,P1.disMarksIn.numtrue,P1.disMarksIn.anytrue,$PRE.P1.enableIn.Index,P1.enableIn.Index,$PRE.P1.enableIn.endWhile,P1.enableIn.endWhile,$PRE.P1.enableIn.sumEnablingProbTAin,P1.enableIn.sumEnablingProbTAin,P1.enableIn.randNum,$PRE.P1.enableIn.randNum,P1.enableIn.state128[4],$PRE.P1.enableIn.state128[4],P1.enableIn.state128[3],$PRE.P1.enableIn.state128[3],P1.enableIn.state128[2],$PRE.P1.enableIn.state128[2],P1.enableIn.state128[1],$PRE.P1.enableIn.state128[1],$PRE.P1.enableIn.posTE,P1.enableIn.posTE,$PRE.P1.enableIn.k,P1.enableIn.k,$PRE.P1.enableIn.nTAin,P1.enableIn.nTAin,$PRE.P1.enableIn.nremTAin,P1.enableIn.nremTAin,$PRE.P1.enableIn.arcWeightSum,P1.enableIn.arcWeightSum,P1.delayPassedIn.numtrue,P1.delayPassedIn.anytrue,$whenCondition1,T1.firingCon,T1.inPlaces[1].disTransition,P1.outTransition[1].normalArc,P1.outTransition[1].testValueint,P1.outTransition[1].arcType,P1.outTransition[1].disPlace,P1.outTransition[1].minTokensint,P1.outTransition[1].tint,P1.reStart,P1.disMarksOut.vec[1],P1.disMarksOut.numtrue,P1.disMarksOut.anytrue,P1.delayPassedOut.vec[1],T1.activation.arcWeightIntIn[1],T1.activation.normalArc[1],T1.activation.testValueInt[1],T1.activation.arcType[1],T1.activation.disPlaceIn[1],T1.activation.minTokensInt[1],T1.activation.tIntIn[1],T1.fire_,T1.activation.NoTokens,T1.activation.weaklyInputActiveVec[1],T1.activation.active,T1.activation.fed[1],P1.emptying.numtrue,P1.emptying.anytrue,P1.emptying.vec[1],P1.feeding.numtrue,P1.feeding.anytrue,P1.delayPassedOut.numtrue,P1.delayPassedOut.anytrue,P1.enableOut.TEout[1],$PRE.P1.enableOut.TEout[1],P1.enableOut.TEout_[1],P1.enableOut.TAout[1],P1.fireOut[1],$PRE.P1.fireOut[1],$whenCondition2)
 * Number of discrete states: 0 ()
 * Number of clocked states: 0 ()
 * Top-level inputs: 0
Notification: Strong component statistics for initialization (116):
 * Single equations (assignments): 104
 * Array equations: 0
 * Algorithm blocks: 11
 * Record equations: 0
 * When equations: 0
 * If-equations: 0
 * Equation systems (not torn): 0
 * Torn equation systems: 1
 * Mixed (continuous/discrete) equation systems: 0
Notification: Torn system details for strict tearing set:
 * Linear torn systems (#iteration vars, #inner vars, density): 0 systems
 * Non-linear torn systems (#iteration vars, #inner vars): 1 system
   {(1,3)}
Notification: Performance of prepare postOptimizeDAE: time 0.001026/0.128, allocations: 0.7724 MB / 459.6 MB, free: 364 kB / 330.7 MB
Notification: Performance of postOpt lateInlineFunction (simulation): time 0.0002307/0.1282, allocations: 67.44 kB / 459.7 MB, free: 296 kB / 330.7 MB
Notification: Performance of postOpt wrapFunctionCalls (simulation): time 0.003391/0.1316, allocations: 1.922 MB / 461.6 MB, free: 14.3 MB / 346.7 MB
Notification: Performance of postOpt inlineArrayEqn (simulation): time 1.855e-05/0.1317, allocations: 11.88 kB / 461.6 MB, free: 14.29 MB / 346.7 MB
Notification: Performance of postOpt constantLinearSystem (simulation): time 6.363e-06/0.1317, allocations: 7.969 kB / 461.6 MB, free: 14.29 MB / 346.7 MB
Notification: Performance of postOpt simplifysemiLinear (simulation): time 7.193e-06/0.1317, allocations: 0 / 461.6 MB, free: 14.29 MB / 346.7 MB
Notification: Performance of postOpt removeSimpleEquations (simulation): time 0.00396/0.1357, allocations: 2.664 MB / 464.3 MB, free: 11.52 MB / 346.7 MB
Notification: Performance of postOpt simplifyComplexFunction (simulation): time 0.002797/0.1385, allocations: 1.812 MB / 466.1 MB, free: 9.652 MB / 346.7 MB
Notification: Performance of postOpt solveSimpleEquations (simulation): time 0.0001785/0.1387, allocations: 27.92 kB / 466.1 MB, free: 9.625 MB / 346.7 MB
Notification: Performance of postOpt tearingSystem (simulation): time 0.0001894/0.1389, allocations: 56.75 kB / 466.2 MB, free: 9.566 MB / 346.7 MB
Notification: Performance of postOpt inputDerivativesUsed (simulation): time 0.0001044/0.139, allocations: 43.98 kB / 466.2 MB, free: 9.523 MB / 346.7 MB
Notification: Performance of postOpt calculateStrongComponentJacobians (simulation): time 0.0003183/0.1393, allocations: 0.5953 MB / 466.8 MB, free: 8.902 MB / 346.7 MB
Notification: Performance of postOpt calculateStateSetsJacobians (simulation): time 1.694e-06/0.1393, allocations: 0 / 466.8 MB, free: 8.902 MB / 346.7 MB
Notification: Performance of postOpt symbolicJacobian (simulation): time 0.004532/0.1439, allocations: 2.985 MB / 469.8 MB, free: 5.84 MB / 346.7 MB
Notification: Performance of postOpt removeConstants (simulation): time 0.0002711/0.1442, allocations: 124.4 kB / 469.9 MB, free: 5.699 MB / 346.7 MB
Notification: Performance of postOpt simplifyTimeIndepFuncCalls (simulation): time 0.0001987/0.1444, allocations: 75.97 kB / 470 MB, free: 5.625 MB / 346.7 MB
Notification: Performance of postOpt simplifyAllExpressions (simulation): time 0.0006663/0.145, allocations: 67.94 kB / 470 MB, free: 5.559 MB / 346.7 MB
Notification: Performance of postOpt findZeroCrossings (simulation): time 0.0004561/0.1455, allocations: 255.8 kB / 470.3 MB, free: 5.309 MB / 346.7 MB
Notification: Performance of postOpt collapseArrayExpressions (simulation): time 0.0001112/0.1456, allocations: 43.98 kB / 470.3 MB, free: 5.266 MB / 346.7 MB
Notification: Performance of sorting global known variables: time 0.0002233/0.1459, allocations: 247.2 kB / 470.6 MB, free: 5.031 MB / 346.7 MB
Notification: Performance of sort global known variables: time 3.1e-07/0.1459, allocations: 0 / 470.6 MB, free: 5.031 MB / 346.7 MB
Notification: Performance of remove unused functions: time 0.001052/0.1469, allocations: 327.6 kB / 470.9 MB, free: 4.711 MB / 346.7 MB
Notification: Model statistics after passing the back-end for simulation:
 * Number of independent subsystems: 2
 * Number of states: 1 (P1.t_)
 * Number of discrete variables: 57 ($whenCondition1,P1.enableIn.state128[1],P1.enableIn.state128[2],P1.enableIn.state128[3],P1.enableIn.state128[4],P1.enableIn.arcWeightSum,P1.enableIn.nremTAin,P1.enableIn.nTAin,P1.enableIn.k,P1.enableIn.posTE,P1.enableIn.randNum,P1.enableIn.sumEnablingProbTAin,P1.enableIn.endWhile,P1.enableIn.Index,P1.delayPassedIn.anytrue,P1.delayPassedIn.numtrue,$cse2[1],$whenCondition3,$whenCondition2,P1.outTransition[1].tokenInOut,P1.disMarksInOut,P1.fireOut[1],P1.enableOut.TAout[1],P1.enableOut.TEout_[1],P1.enableOut.state128[1],P1.enableOut.state128[2],P1.enableOut.state128[3],P1.enableOut.state128[4],P1.enableOut.TEout[1],P1.enableOut.disTAout[1],P1.enableOut.remTAout[1],P1.enableOut.cumEnablingProb[1],P1.enableOut.arcWeightSum,P1.enableOut.nremTAout,P1.enableOut.nTAout,P1.enableOut.k,P1.enableOut.posTE,P1.enableOut.randNum,P1.enableOut.sumEnablingProbTAout,P1.enableOut.endWhile,P1.enableOut.Index,P1.delayPassedOut.anytrue,P1.delayPassedOut.numtrue,P1.disMarksOut.anytrue,P1.disMarksOut.numtrue,P1.disMarksIn.anytrue,P1.disMarksIn.numtrue,P1.feeding.anytrue,P1.feeding.numtrue,P1.emptying.vec[1],P1.emptying.anytrue,P1.emptying.numtrue,T1.activation.fed[1],T1.activation.active,T1.activation.weaklyInputActiveVec[1],T1.activation.NoTokens,T1.fire_)
 * Number of discrete states: 51 (P1.disMarksInOut,P1.fireOut[1],P1.disMarksOut.anytrue,P1.disMarksIn.anytrue,P1.emptying.numtrue,P1.emptying.anytrue,P1.feeding.numtrue,P1.feeding.anytrue,T1.activation.weaklyInputActiveVec[1],T1.activation.active,T1.activation.NoTokens,P1.disMarksIn.numtrue,P1.disMarksOut.numtrue,P1.delayPassedOut.numtrue,P1.delayPassedOut.anytrue,P1.enableOut.TEout_[1],P1.enableOut.posTE,P1.enableOut.k,P1.enableOut.endWhile,P1.enableOut.state128[4],P1.enableOut.state128[3],P1.enableOut.state128[2],P1.enableOut.state128[1],P1.enableOut.randNum,P1.enableOut.cumEnablingProb[1],P1.enableOut.sumEnablingProbTAout,P1.enableOut.nTAout,P1.enableOut.nremTAout,P1.enableOut.remTAout[1],P1.enableOut.Index,P1.enableOut.arcWeightSum,P1.enableOut.disTAout[1],$whenCondition2,P1.enableOut.TEout[1],P1.disMarkChange,P1.delayPassedIn.numtrue,P1.delayPassedIn.anytrue,P1.enableIn.Index,P1.enableIn.endWhile,P1.enableIn.sumEnablingProbTAin,P1.enableIn.state128[4],P1.enableIn.state128[3],P1.enableIn.state128[2],P1.enableIn.state128[1],P1.enableIn.randNum,P1.enableIn.posTE,P1.enableIn.k,P1.enableIn.nTAin,P1.enableIn.nremTAin,P1.enableIn.arcWeightSum,$whenCondition1)
 * Number of clocked states: 0 ()
 * Top-level inputs: 0
Notification: Strong component statistics for simulation (30):
 * Single equations (assignments): 19
 * Array equations: 1
 * Algorithm blocks: 9
 * Record equations: 0
 * When equations: 0
 * If-equations: 0
 * Equation systems (not torn): 0
 * Torn equation systems: 1
 * Mixed (continuous/discrete) equation systems: 0
Notification: Torn system details for strict tearing set:
 * Linear torn systems (#iteration vars, #inner vars, density): 0 systems
 * Non-linear torn systems (#iteration vars, #inner vars): 1 system
   {(1,4)}
Notification: Performance of Backend phase and start with SimCode phase: time 0.0007579/0.1477, allocations: 368.3 kB / 471.3 MB, free: 4.352 MB / 346.7 MB
Notification: Performance of simCode: created initialization part: time 0.002928/0.1506, allocations: 2.256 MB / 473.5 MB, free: 1.953 MB / 346.7 MB
Notification: Performance of simCode: created event and clocks part: time 3.486e-06/0.1507, allocations: 0 / 473.5 MB, free: 1.953 MB / 346.7 MB
Notification: Performance of simCode: created simulation system equations: time 0.003016/0.1537, allocations: 2.45 MB / 476 MB, free: 15.38 MB / 362.7 MB
Notification: Performance of simCode: created of all other equations (e.g. parameter, nominal, assert, etc): time 0.0006719/0.1544, allocations: 87.73 kB / 476.1 MB, free: 15.29 MB / 362.7 MB
Notification: Performance of simCode: created linear, non-linear and system jacobian parts: time 0.003046/0.1574, allocations: 1.528 MB / 477.6 MB, free: 13.74 MB / 362.7 MB
Notification: Performance of simCode: some other stuff during SimCode phase: time 0.0003441/0.1578, allocations: 0.9377 MB / 478.5 MB, free: 12.78 MB / 362.7 MB
Notification: Performance of simCode: alias equations: time 0.0003439/0.1581, allocations: 140.6 kB / 478.7 MB, free: 12.64 MB / 362.7 MB
Notification: Performance of simCode: all other stuff during SimCode phase: time 0.0001029/0.1583, allocations: 47.42 kB / 478.7 MB, free: 12.59 MB / 362.7 MB
Notification: Performance of SimCode: time 4.11e-07/0.1583, allocations: 0 / 478.7 MB, free: 12.59 MB / 362.7 MB
Notification: Performance of Templates: time 0.02212/0.1804, allocations: 13.26 MB / 492 MB, free: 15.23 MB / 378.7 MB
make -j1 -f PNlib_master_PNlib.Examples.ConTest.PCtoTC.makefile
(rm -f PNlib_master_PNlib.Examples.ConTest.PCtoTC.pipe ; mkfifo PNlib_master_PNlib.Examples.ConTest.PCtoTC.pipe ; head -c 1048576 < PNlib_master_PNlib.Examples.ConTest.PCtoTC.pipe >> ../files/PNlib_master_PNlib.Examples.ConTest.PCtoTC.sim & ./PNlib_master_PNlib.Examples.ConTest.PCtoTC  -abortSlowSimulation -alarm=480  -emit_protected -lv LOG_STATS > PNlib_master_PNlib.Examples.ConTest.PCtoTC.pipe 2>&1)
diffSimulationResults("PNlib_master_PNlib.Examples.ConTest.PCtoTC_res.mat","/home/runner/work/PNlib/PNlib/ReferenceFiles/PNlib.Examples.ConTest.PCtoTC.mat","../files/PNlib_master_PNlib.Examples.ConTest.PCtoTC.diff",relTol=0.003,relTolDiffMinMax=0.003,rangeDelta=0.001)
Reference file matches
