Running: ./testmodel.py --libraries=/home/runner/.openmodelica/libraries/ --ompython_omhome= PNlib_master_PNlib.Examples.Models.BicoloredPlaces.Aquarium.conf.json
loadFile("/home/runner/.openmodelica/libraries/ModelicaServices 4.0.0+maint.om/package.mo", uses=false)
loadFile("/home/runner/.openmodelica/libraries/Complex 4.0.0+maint.om/package.mo", uses=false)
loadFile("/home/runner/.openmodelica/libraries/Modelica 4.0.0+maint.om/package.mo", uses=false)
loadFile("/home/runner/work/PNlib/PNlib/PNlib/package.mo", uses=false)
Using package PNlib with version 2.2 (/home/runner/work/PNlib/PNlib/PNlib/package.mo)
Using package Modelica with version 4.0.0 (/home/runner/.openmodelica/libraries/Modelica 4.0.0+maint.om/package.mo)
Using package Complex with version 4.0.0 (/home/runner/.openmodelica/libraries/Complex 4.0.0+maint.om/package.mo)
Using package ModelicaServices with version 4.0.0 (/home/runner/.openmodelica/libraries/ModelicaServices 4.0.0+maint.om/package.mo)
Running command: translateModel(PNlib.Examples.Models.BicoloredPlaces.Aquarium,tolerance=1e-06,outputFormat="mat",numberOfIntervals=5000,variableFilter="P1.color.1.|P1.color.2.|P1.t|P2.color.1.|P2.color.2.|P2.t|ratio|t1.fire|t1.instantaneousSpeed|t1.maximumSpeed|t2.fire|t2.instantaneousSpeed|t2.maximumSpeed|time",fileNamePrefix="PNlib_master_PNlib.Examples.Models.BicoloredPlaces.Aquarium")
translateModel(PNlib.Examples.Models.BicoloredPlaces.Aquarium,tolerance=1e-06,outputFormat="mat",numberOfIntervals=5000,variableFilter="P1.color.1.|P1.color.2.|P1.t|P2.color.1.|P2.color.2.|P2.t|ratio|t1.fire|t1.instantaneousSpeed|t1.maximumSpeed|t2.fire|t2.instantaneousSpeed|t2.maximumSpeed|time",fileNamePrefix="PNlib_master_PNlib.Examples.Models.BicoloredPlaces.Aquarium")
Notification: Performance of loadFile(/home/runner/.openmodelica/libraries/ModelicaServices 4.0.0+maint.om/package.mo): time 0.001015/0.001015, allocations: 94.64 kB / 15.59 MB, free: 5.227 MB / 13.93 MB
Notification: Performance of loadFile(/home/runner/.openmodelica/libraries/Complex 4.0.0+maint.om/package.mo): time 0.001025/0.001025, allocations: 175.7 kB / 16.5 MB, free: 4.645 MB / 13.93 MB
Notification: Performance of loadFile(/home/runner/.openmodelica/libraries/Modelica 4.0.0+maint.om/package.mo): time 1.645/1.645, allocations: 222.1 MB / 239.4 MB, free: 11.09 MB / 202.7 MB
Notification: Performance of loadFile(/home/runner/work/PNlib/PNlib/PNlib/package.mo): time 0.09513/0.09513, allocations: 16.58 MB / 306.2 MB, free: 10.55 MB / 250.7 MB
Notification: Performance of FrontEnd - loaded program: time 0.0004555/0.0004556, allocations: 12.91 kB / 370.6 MB, free: 44.91 MB / 298.7 MB
Notification: Performance of FrontEnd - Absyn->SCode: time 0.07621/0.07668, allocations: 53.47 MB / 424.1 MB, free: 5.906 MB / 298.7 MB
Notification: Performance of NFInst.instantiate(PNlib.Examples.Models.BicoloredPlaces.Aquarium): time 0.005151/0.08188, allocations: 5.236 MB / 429.3 MB, free: 0.6562 MB / 298.7 MB
Notification: Performance of NFInst.instExpressions: time 0.007498/0.0894, allocations: 4.3 MB / 433.6 MB, free: 12.35 MB / 314.7 MB
Notification: Performance of NFInst.updateImplicitVariability: time 0.0009988/0.09042, allocations: 31.88 kB / 433.6 MB, free: 12.32 MB / 314.7 MB
Notification: Performance of NFTyping.typeComponents: time 0.0008835/0.09134, allocations: 0.5624 MB / 434.2 MB, free: 11.75 MB / 314.7 MB
Notification: Performance of NFTyping.typeBindings: time 0.001143/0.09249, allocations: 0.4925 MB / 434.7 MB, free: 11.26 MB / 314.7 MB
Notification: Performance of NFTyping.typeClassSections: time 0.003217/0.09572, allocations: 2.086 MB / 436.8 MB, free: 9.172 MB / 314.7 MB
Notification: Performance of NFFlatten.flatten: time 0.004813/0.1006, allocations: 6.392 MB / 443.2 MB, free: 2.773 MB / 314.7 MB
Notification: Performance of NFFlatten.resolveConnections: time 0.002008/0.1026, allocations: 2.054 MB / 445.2 MB, free: 0.6406 MB / 314.7 MB
Notification: Performance of NFEvalConstants.evaluate: time 0.002426/0.105, allocations: 2.478 MB / 447.7 MB, free: 14.16 MB / 330.7 MB
Notification: Performance of NFSimplifyModel.simplify: time 0.001937/0.107, allocations: 1.996 MB / 449.7 MB, free: 12.15 MB / 330.7 MB
Notification: Performance of NFPackage.collectConstants: time 0.0006876/0.1077, allocations: 0.6132 MB / 450.3 MB, free: 11.54 MB / 330.7 MB
Notification: Performance of NFFlatten.collectFunctions: time 0.00144/0.1091, allocations: 0.976 MB / 451.3 MB, free: 10.56 MB / 330.7 MB
Notification: Performance of NFScalarize.scalarize: time 0.0007417/0.1099, allocations: 1.032 MB / 452.3 MB, free: 9.523 MB / 330.7 MB
Notification: Performance of NFVerifyModel.verify: time 0.001927/0.1118, allocations: 2.291 MB / 454.6 MB, free: 7.223 MB / 330.7 MB
Notification: Performance of NFConvertDAE.convert: time 0.005136/0.117, allocations: 6.519 MB / 461.1 MB, free: 0.6875 MB / 330.7 MB
Notification: Performance of FrontEnd - DAE generated: time 5.45e-06/0.117, allocations: 0 / 461.1 MB, free: 0.6875 MB / 330.7 MB
Notification: Performance of FrontEnd: time 1.683e-06/0.117, allocations: 0 / 461.1 MB, free: 0.6875 MB / 330.7 MB
Notification: Performance of Transformations before backend: time 3.307e-05/0.117, allocations: 4 kB / 461.1 MB, free: 0.6836 MB / 330.7 MB
Notification: Model statistics after passing the front-end and creating the data structures used by the back-end:
 * Number of equations: 1091
 * Number of variables: 1091
Notification: Performance of Generate backend data structure: time 0.006973/0.124, allocations: 5.149 MB / 466.3 MB, free: 11.22 MB / 346.7 MB
Notification: Performance of prepare preOptimizeDAE: time 3.862e-05/0.1241, allocations: 8.031 kB / 466.3 MB, free: 11.21 MB / 346.7 MB
Notification: Performance of preOpt normalInlineFunction (simulation): time 0.003862/0.1279, allocations: 0.7685 MB / 467.1 MB, free: 10.44 MB / 346.7 MB
Notification: Performance of preOpt evaluateParameters (simulation): time 0.00296/0.1309, allocations: 1.855 MB / 468.9 MB, free: 8.535 MB / 346.7 MB
Notification: Performance of preOpt simplifyIfEquations (simulation): time 0.0006749/0.1316, allocations: 0.8258 MB / 469.7 MB, free: 7.598 MB / 346.7 MB
Notification: Performance of preOpt expandDerOperator (simulation): time 0.0006277/0.1322, allocations: 459.8 kB / 470.2 MB, free: 7.148 MB / 346.7 MB
Notification: Performance of preOpt clockPartitioning (simulation): time 0.01274/0.145, allocations: 7.889 MB / 478.1 MB, free: 15.07 MB / 362.7 MB
Notification: Performance of preOpt findStateOrder (simulation): time 8.693e-05/0.1451, allocations: 11.31 kB / 478.1 MB, free: 15.06 MB / 362.7 MB
Notification: Performance of preOpt replaceEdgeChange (simulation): time 0.0006135/0.1457, allocations: 211.9 kB / 478.3 MB, free: 14.85 MB / 362.7 MB
Notification: Performance of preOpt inlineArrayEqn (simulation): time 0.0006785/0.1464, allocations: 394.8 kB / 478.7 MB, free: 14.46 MB / 362.7 MB
Notification: Performance of preOpt removeEqualRHS (simulation): time 0.009786/0.1562, allocations: 5.888 MB / 484.6 MB, free: 8.566 MB / 362.7 MB
Notification: Performance of preOpt removeSimpleEquations (simulation): time 0.02024/0.1765, allocations: 15.4 MB / 500 MB, free: 8.844 MB / 378.7 MB
Notification: Performance of preOpt comSubExp (simulation): time 0.007133/0.1836, allocations: 6.391 MB / 0.4945 GB, free: 2.422 MB / 378.7 MB
Notification: Performance of preOpt resolveLoops (simulation): time 0.2172/0.4009, allocations: 6.012 MB / 0.5004 GB, free: 72.65 MB / 378.7 MB
Notification: Performance of preOpt evalFunc (simulation): time 0.004657/0.4056, allocations: 8.664 MB / 0.5088 GB, free: 63 MB / 378.7 MB
Notification: Performance of preOpt encapsulateWhenConditions (simulation): time 0.006129/0.4118, allocations: 3.782 MB / 0.5125 GB, free: 62.63 MB / 378.7 MB
Notification: Performance of pre-optimization done (n=299): time 4.809e-06/0.4118, allocations: 0 / 0.5125 GB, free: 62.63 MB / 378.7 MB
Notification: Performance of matching and sorting (n=299): time 0.02028/0.4321, allocations: 11.97 MB / 0.5242 GB, free: 57.92 MB / 378.7 MB
Notification: Performance of inlineWhenForInitialization (initialization): time 0.0007622/0.4329, allocations: 2.129 MB / 0.5263 GB, free: 55.77 MB / 378.7 MB
Notification: Performance of selectInitializationVariablesDAE (initialization): time 0.001709/0.4346, allocations: 1.466 MB / 0.5277 GB, free: 55.14 MB / 378.7 MB
Notification: Performance of collectPreVariables (initialization): time 0.0003116/0.4349, allocations: 193.2 kB / 0.5279 GB, free: 55.03 MB / 378.7 MB
Notification: Performance of collectInitialEqns (initialization): time 0.0008029/0.4357, allocations: 1.246 MB / 0.5291 GB, free: 54.06 MB / 378.7 MB
Notification: Performance of collectInitialBindings (initialization): time 0.0005716/0.4363, allocations: 0.7796 MB / 0.5299 GB, free: 53.34 MB / 378.7 MB
Notification: Performance of simplifyInitialFunctions (initialization): time 0.001172/0.4375, allocations: 0.9718 MB / 0.5308 GB, free: 52.36 MB / 378.7 MB
Notification: Performance of setup shared object (initialization): time 4.893e-05/0.4375, allocations: 305.1 kB / 0.5311 GB, free: 52.06 MB / 378.7 MB
Notification: Performance of preBalanceInitialSystem (initialization): time 0.002819/0.4404, allocations: 1.991 MB / 0.5331 GB, free: 50.07 MB / 378.7 MB
Notification: Performance of partitionIndependentBlocks (initialization): time 0.003385/0.4438, allocations: 3.404 MB / 0.5364 GB, free: 46.08 MB / 378.7 MB
Notification: Performance of analyzeInitialSystem (initialization): time 0.006682/0.4505, allocations: 7.529 MB / 0.5437 GB, free: 37.59 MB / 378.7 MB
Notification: Performance of solveInitialSystemEqSystem (initialization): time 3.755e-05/0.4505, allocations: 12 kB / 0.5437 GB, free: 37.58 MB / 378.7 MB
Notification: Performance of matching and sorting (n=567) (initialization): time 0.009383/0.4599, allocations: 7.494 MB / 0.5511 GB, free: 29.84 MB / 378.7 MB
Notification: Performance of prepare postOptimizeDAE: time 0.000492/0.4604, allocations: 1.394 MB / 0.5524 GB, free: 28.18 MB / 378.7 MB
Notification: Performance of postOpt simplifyComplexFunction (initialization): time 0.005057/0.4655, allocations: 3.978 MB / 0.5563 GB, free: 24.07 MB / 378.7 MB
Notification: Performance of postOpt tearingSystem (initialization): time 0.003578/0.4691, allocations: 0.8677 MB / 0.5572 GB, free: 23.2 MB / 378.7 MB
Notification: Performance of postOpt solveSimpleEquations (initialization): time 0.001509/0.4706, allocations: 458.9 kB / 0.5576 GB, free: 22.75 MB / 378.7 MB
Notification: Performance of postOpt calculateStrongComponentJacobians (initialization): time 0.001255/0.4719, allocations: 1.243 MB / 0.5588 GB, free: 21.48 MB / 378.7 MB
Notification: Performance of postOpt simplifyAllExpressions (initialization): time 0.002038/0.4739, allocations: 483.7 kB / 0.5593 GB, free: 21.01 MB / 378.7 MB
Notification: Performance of postOpt collapseArrayExpressions (initialization): time 0.0003489/0.4743, allocations: 224 kB / 0.5595 GB, free: 20.79 MB / 378.7 MB
Warning: Assuming fixed start value for the following 72 variables:
         P2.place2.enableIn.posTE:DISCRETE(fixed = true protected = true )  "possible enabled transition" type: Integer
         P2.place2.enableIn.k:DISCRETE(fixed = true protected = true )  "iteration index" type: Integer
         P2.place2.enableIn.endWhile:DISCRETE(fixed = true protected = true )  type: Boolean
         P2.place2.enableIn.sumEnablingProbTAin:DISCRETE(fixed = true protected = true )  "sum of the enabling probabilities of the active input transitions" type: Real
         P2.place2.enableIn.nTAin:DISCRETE(fixed = true protected = true )  "number ofactive input transitions" type: Integer
         P2.place2.enableIn.nremTAin:DISCRETE(fixed = true protected = true )  "number of remaining active input transitions" type: Integer
         P2.place2.enableIn.Index:DISCRETE(fixed = true protected = true )  "priority Index" type: Integer
         P2.place2.enableIn.arcWeightSum:DISCRETE(fixed = true protected = true )  "arc weight sum" type: Real
         P2.place1.enableIn.posTE:DISCRETE(fixed = true protected = true )  "possible enabled transition" type: Integer
         P2.place1.enableIn.k:DISCRETE(fixed = true protected = true )  "iteration index" type: Integer
         P2.place1.enableIn.endWhile:DISCRETE(fixed = true protected = true )  type: Boolean
         P2.place1.enableIn.sumEnablingProbTAin:DISCRETE(fixed = true protected = true )  "sum of the enabling probabilities of the active input transitions" type: Real
         P2.place1.enableIn.nTAin:DISCRETE(fixed = true protected = true )  "number ofactive input transitions" type: Integer
         P2.place1.enableIn.nremTAin:DISCRETE(fixed = true protected = true )  "number of remaining active input transitions" type: Integer
         P2.place1.enableIn.Index:DISCRETE(fixed = true protected = true )  "priority Index" type: Integer
         P2.place1.enableIn.arcWeightSum:DISCRETE(fixed = true protected = true )  "arc weight sum" type: Real
         P1.place2.enableOut.posTE:DISCRETE(fixed = true protected = true )  "possible enabled transition" type: Integer
         P1.place2.enableOut.k:DISCRETE(fixed = true protected = true )  "iteration index" type: Integer
         P1.place2.enableOut.endWhile:DISCRETE(fixed = true protected = true )  type: Boolean
         P1.place2.enableOut.sumEnablingProbTAout:DISCRETE(fixed = true protected = true )  "sum of the enabling probabilities of the active output transitions" type: Real
         P1.place2.enableOut.nTAout:DISCRETE(fixed = true protected = true )  "number of active output transitions" type: Integer
         P1.place2.enableOut.nremTAout:DISCRETE(fixed = true protected = true )  "number of remaining active output transitions" type: Integer
         P1.place2.enableOut.Index:DISCRETE(fixed = true protected = true )  type: Integer
         P1.place2.enableOut.arcWeightSum:DISCRETE(fixed = true protected = true )  "arc weight sum" type: Real
         P1.place2.enableIn.posTE:DISCRETE(fixed = true protected = true )  "possible enabled transition" type: Integer
         P1.place2.enableIn.k:DISCRETE(fixed = true protected = true )  "iteration index" type: Integer
         P1.place2.enableIn.endWhile:DISCRETE(fixed = true protected = true )  type: Boolean
         P1.place2.enableIn.sumEnablingProbTAin:DISCRETE(fixed = true protected = true )  "sum of the enabling probabilities of the active input transitions" type: Real
         P1.place2.enableIn.nTAin:DISCRETE(fixed = true protected = true )  "number ofactive input transitions" type: Integer
         P1.place2.enableIn.nremTAin:DISCRETE(fixed = true protected = true )  "number of remaining active input transitions" type: Integer
         P1.place2.enableIn.Index:DISCRETE(fixed = true protected = true )  "priority Index" type: Integer
         P1.place2.enableIn.arcWeightSum:DISCRETE(fixed = true protected = true )  "arc weight sum" type: Real
         P1.place1.enableOut.posTE:DISCRETE(fixed = true protected = true )  "possible enabled transition" type: Integer
         P1.place1.enableOut.k:DISCRETE(fixed = true protected = true )  "iteration index" type: Integer
         P1.place1.enableOut.endWhile:DISCRETE(fixed = true protected = true )  type: Boolean
         P1.place1.enableOut.sumEnablingProbTAout:DISCRETE(fixed = true protected = true )  "sum of the enabling probabilities of the active output transitions" type: Real
         P1.place1.enableOut.nTAout:DISCRETE(fixed = true protected = true )  "number of active output transitions" type: Integer
         P1.place1.enableOut.nremTAout:DISCRETE(fixed = true protected = true )  "number of remaining active output transitions" type: Integer
         P1.place1.enableOut.Index:DISCRETE(fixed = true protected = true )  type: Integer
         P1.place1.enableOut.arcWeightSum:DISCRETE(fixed = true protected = true )  "arc weight sum" type: Real
         P1.place1.enableIn.posTE:DISCRETE(fixed = true protected = true )  "possible enabled transition" type: Integer
         P1.place1.enableIn.k:DISCRETE(fixed = true protected = true )  "iteration index" type: Integer
         P1.place1.enableIn.endWhile:DISCRETE(fixed = true protected = true )  type: Boolean
         P1.place1.enableIn.sumEnablingProbTAin:DISCRETE(fixed = true protected = true )  "sum of the enabling probabilities of the active input transitions" type: Real
         P1.place1.enableIn.nTAin:DISCRETE(fixed = true protected = true )  "number ofactive input transitions" type: Integer
         P1.place1.enableIn.nremTAin:DISCRETE(fixed = true protected = true )  "number of remaining active input transitions" type: Integer
         P1.place1.enableIn.Index:DISCRETE(fixed = true protected = true )  "priority Index" type: Integer
         P1.place1.enableIn.arcWeightSum:DISCRETE(fixed = true protected = true )  "arc weight sum" type: Real
         P2.place2.disMarksIn.anytrue:DISCRETE(fixed = true protected = true )  type: Boolean
         P2.place2.disMarksOut.anytrue:DISCRETE(fixed = true protected = true )  type: Boolean
         P2.place1.disMarksIn.anytrue:DISCRETE(fixed = true protected = true )  type: Boolean
         P2.place1.disMarksOut.anytrue:DISCRETE(fixed = true protected = true )  type: Boolean
         P1.place2.disMarksIn.anytrue:DISCRETE(fixed = true protected = true )  type: Boolean
         P1.place2.disMarksOut.anytrue:DISCRETE(fixed = true protected = true )  type: Boolean
         P1.place1.disMarksIn.anytrue:DISCRETE(fixed = true protected = true )  type: Boolean
         P1.place1.disMarksOut.anytrue:DISCRETE(fixed = true protected = true )  type: Boolean
         P2.place2.enableOut.Index:DISCRETE(fixed = true protected = true )  type: Integer
         P2.place2.enableOut.endWhile:DISCRETE(fixed = true protected = true )  type: Boolean
         P2.place2.enableOut.sumEnablingProbTAout:DISCRETE(fixed = true protected = true )  "sum of the enabling probabilities of the active output transitions" type: Real
         P2.place2.enableOut.posTE:DISCRETE(fixed = true protected = true )  "possible enabled transition" type: Integer
         P2.place2.enableOut.k:DISCRETE(fixed = true protected = true )  "iteration index" type: Integer
         P2.place2.enableOut.nTAout:DISCRETE(fixed = true protected = true )  "number of active output transitions" type: Integer
         P2.place2.enableOut.nremTAout:DISCRETE(fixed = true protected = true )  "number of remaining active output transitions" type: Integer
         P2.place2.enableOut.arcWeightSum:DISCRETE(fixed = true protected = true )  "arc weight sum" type: Real
         P2.place1.enableOut.Index:DISCRETE(fixed = true protected = true )  type: Integer
         P2.place1.enableOut.endWhile:DISCRETE(fixed = true protected = true )  type: Boolean
         P2.place1.enableOut.sumEnablingProbTAout:DISCRETE(fixed = true protected = true )  "sum of the enabling probabilities of the active output transitions" type: Real
         P2.place1.enableOut.posTE:DISCRETE(fixed = true protected = true )  "possible enabled transition" type: Integer
         P2.place1.enableOut.k:DISCRETE(fixed = true protected = true )  "iteration index" type: Integer
         P2.place1.enableOut.nTAout:DISCRETE(fixed = true protected = true )  "number of active output transitions" type: Integer
         P2.place1.enableOut.nremTAout:DISCRETE(fixed = true protected = true )  "number of remaining active output transitions" type: Integer
         P2.place1.enableOut.arcWeightSum:DISCRETE(fixed = true protected = true )  "arc weight sum" type: Real
Notification: Model statistics after passing the back-end for initialization:
 * Number of independent subsystems: 184
 * Number of states: 0 ()
 * Number of discrete variables: 462 ($PRE.P2.place2.enableIn.posTE,P2.place2.enableIn.posTE,$PRE.P2.place2.enableIn.k,P2.place2.enableIn.k,$PRE.P2.place2.enableIn.endWhile,P2.place2.enableIn.endWhile,P2.place2.enableIn.randNum,$PRE.P2.place2.enableIn.randNum,P2.place2.enableIn.state128[4],$PRE.P2.place2.enableIn.state128[4],P2.place2.enableIn.state128[3],$PRE.P2.place2.enableIn.state128[3],P2.place2.enableIn.state128[2],$PRE.P2.place2.enableIn.state128[2],P2.place2.enableIn.state128[1],$PRE.P2.place2.enableIn.state128[1],P2.place2.enableIn.cumEnablingProb[1],$PRE.P2.place2.enableIn.cumEnablingProb[1],$PRE.P2.place2.enableIn.sumEnablingProbTAin,P2.place2.enableIn.sumEnablingProbTAin,$PRE.P2.place2.enableIn.nTAin,P2.place2.enableIn.nTAin,$PRE.P2.place2.enableIn.nremTAin,P2.place2.enableIn.nremTAin,P2.place2.enableIn.remTAin[1],$PRE.P2.place2.enableIn.remTAin[1],$PRE.P2.place2.enableIn.Index,P2.place2.enableIn.Index,$PRE.P2.place2.enableIn.arcWeightSum,P2.place2.enableIn.arcWeightSum,P2.place2.enableIn.disTAin[1],$PRE.P2.place2.enableIn.disTAin[1],$PRE.P2.place1.enableIn.posTE,P2.place1.enableIn.posTE,$PRE.P2.place1.enableIn.k,P2.place1.enableIn.k,$PRE.P2.place1.enableIn.endWhile,P2.place1.enableIn.endWhile,P2.place1.enableIn.randNum,$PRE.P2.place1.enableIn.randNum,P2.place1.enableIn.state128[4],$PRE.P2.place1.enableIn.state128[4],P2.place1.enableIn.state128[3],$PRE.P2.place1.enableIn.state128[3],P2.place1.enableIn.state128[2],$PRE.P2.place1.enableIn.state128[2],P2.place1.enableIn.state128[1],$PRE.P2.place1.enableIn.state128[1],P2.place1.enableIn.cumEnablingProb[1],$PRE.P2.place1.enableIn.cumEnablingProb[1],$PRE.P2.place1.enableIn.sumEnablingProbTAin,P2.place1.enableIn.sumEnablingProbTAin,$PRE.P2.place1.enableIn.nTAin,P2.place1.enableIn.nTAin,$PRE.P2.place1.enableIn.nremTAin,P2.place1.enableIn.nremTAin,P2.place1.enableIn.remTAin[1],$PRE.P2.place1.enableIn.remTAin[1],$PRE.P2.place1.enableIn.Index,P2.place1.enableIn.Index,$PRE.P2.place1.enableIn.arcWeightSum,P2.place1.enableIn.arcWeightSum,P2.place1.enableIn.disTAin[1],$PRE.P2.place1.enableIn.disTAin[1],$PRE.P1.place2.enableOut.posTE,P1.place2.enableOut.posTE,$PRE.P1.place2.enableOut.k,P1.place2.enableOut.k,$PRE.P1.place2.enableOut.endWhile,P1.place2.enableOut.endWhile,P1.place2.enableOut.randNum,$PRE.P1.place2.enableOut.randNum,P1.place2.enableOut.state128[4],$PRE.P1.place2.enableOut.state128[4],P1.place2.enableOut.state128[3],$PRE.P1.place2.enableOut.state128[3],P1.place2.enableOut.state128[2],$PRE.P1.place2.enableOut.state128[2],P1.place2.enableOut.state128[1],$PRE.P1.place2.enableOut.state128[1],P1.place2.enableOut.cumEnablingProb[1],$PRE.P1.place2.enableOut.cumEnablingProb[1],$PRE.P1.place2.enableOut.sumEnablingProbTAout,P1.place2.enableOut.sumEnablingProbTAout,$PRE.P1.place2.enableOut.nTAout,P1.place2.enableOut.nTAout,$PRE.P1.place2.enableOut.nremTAout,P1.place2.enableOut.nremTAout,P1.place2.enableOut.remTAout[1],$PRE.P1.place2.enableOut.remTAout[1],$PRE.P1.place2.enableOut.Index,P1.place2.enableOut.Index,$PRE.P1.place2.enableOut.arcWeightSum,P1.place2.enableOut.arcWeightSum,P1.place2.enableOut.disTAout[1],$PRE.P1.place2.enableOut.disTAout[1],$PRE.P1.place2.enableIn.posTE,P1.place2.enableIn.posTE,$PRE.P1.place2.enableIn.k,P1.place2.enableIn.k,$PRE.P1.place2.enableIn.endWhile,P1.place2.enableIn.endWhile,P1.place2.enableIn.randNum,$PRE.P1.place2.enableIn.randNum,P1.place2.enableIn.state128[4],$PRE.P1.place2.enableIn.state128[4],P1.place2.enableIn.state128[3],$PRE.P1.place2.enableIn.state128[3],P1.place2.enableIn.state128[2],$PRE.P1.place2.enableIn.state128[2],P1.place2.enableIn.state128[1],$PRE.P1.place2.enableIn.state128[1],P1.place2.enableIn.cumEnablingProb[1],$PRE.P1.place2.enableIn.cumEnablingProb[1],$PRE.P1.place2.enableIn.sumEnablingProbTAin,P1.place2.enableIn.sumEnablingProbTAin,$PRE.P1.place2.enableIn.nTAin,P1.place2.enableIn.nTAin,$PRE.P1.place2.enableIn.nremTAin,P1.place2.enableIn.nremTAin,P1.place2.enableIn.remTAin[1],$PRE.P1.place2.enableIn.remTAin[1],$PRE.P1.place2.enableIn.Index,P1.place2.enableIn.Index,$PRE.P1.place2.enableIn.arcWeightSum,P1.place2.enableIn.arcWeightSum,P1.place2.enableIn.disTAin[1],$PRE.P1.place2.enableIn.disTAin[1],$PRE.P1.place1.enableOut.posTE,P1.place1.enableOut.posTE,$PRE.P1.place1.enableOut.k,P1.place1.enableOut.k,$PRE.P1.place1.enableOut.endWhile,P1.place1.enableOut.endWhile,P1.place1.enableOut.randNum,$PRE.P1.place1.enableOut.randNum,P1.place1.enableOut.state128[4],$PRE.P1.place1.enableOut.state128[4],P1.place1.enableOut.state128[3],$PRE.P1.place1.enableOut.state128[3],P1.place1.enableOut.state128[2],$PRE.P1.place1.enableOut.state128[2],P1.place1.enableOut.state128[1],$PRE.P1.place1.enableOut.state128[1],P1.place1.enableOut.cumEnablingProb[1],$PRE.P1.place1.enableOut.cumEnablingProb[1],$PRE.P1.place1.enableOut.sumEnablingProbTAout,P1.place1.enableOut.sumEnablingProbTAout,$PRE.P1.place1.enableOut.nTAout,P1.place1.enableOut.nTAout,$PRE.P1.place1.enableOut.nremTAout,P1.place1.enableOut.nremTAout,P1.place1.enableOut.remTAout[1],$PRE.P1.place1.enableOut.remTAout[1],$PRE.P1.place1.enableOut.Index,P1.place1.enableOut.Index,$PRE.P1.place1.enableOut.arcWeightSum,P1.place1.enableOut.arcWeightSum,P1.place1.enableOut.disTAout[1],$PRE.P1.place1.enableOut.disTAout[1],$PRE.P1.place1.enableIn.posTE,P1.place1.enableIn.posTE,$PRE.P1.place1.enableIn.k,P1.place1.enableIn.k,$PRE.P1.place1.enableIn.endWhile,P1.place1.enableIn.endWhile,P1.place1.enableIn.randNum,$PRE.P1.place1.enableIn.randNum,P1.place1.enableIn.state128[4],$PRE.P1.place1.enableIn.state128[4],P1.place1.enableIn.state128[3],$PRE.P1.place1.enableIn.state128[3],P1.place1.enableIn.state128[2],$PRE.P1.place1.enableIn.state128[2],P1.place1.enableIn.state128[1],$PRE.P1.place1.enableIn.state128[1],P1.place1.enableIn.cumEnablingProb[1],$PRE.P1.place1.enableIn.cumEnablingProb[1],$PRE.P1.place1.enableIn.sumEnablingProbTAin,P1.place1.enableIn.sumEnablingProbTAin,$PRE.P1.place1.enableIn.nTAin,P1.place1.enableIn.nTAin,$PRE.P1.place1.enableIn.nremTAin,P1.place1.enableIn.nremTAin,P1.place1.enableIn.remTAin[1],$PRE.P1.place1.enableIn.remTAin[1],$PRE.P1.place1.enableIn.Index,P1.place1.enableIn.Index,$PRE.P1.place1.enableIn.arcWeightSum,P1.place1.enableIn.arcWeightSum,P1.place1.enableIn.disTAin[1],$PRE.P1.place1.enableIn.disTAin[1],$PRE.P1.place2.disMarksInOut,P1.outTransition[1,2].tokenInOut,$PRE.P1.place1.disMarksInOut,P1.outTransition[1,1].tokenInOut,$PRE.P2.place2.disMarksIn.anytrue,$PRE.P2.place2.disMarksOut.anytrue,P2.place2.disMarksInOut,$whenCondition12,$PRE.P2.place1.disMarksIn.anytrue,$PRE.P2.place1.disMarksOut.anytrue,P2.place1.disMarksInOut,$whenCondition11,$PRE.P1.place2.disMarksIn.anytrue,$PRE.P1.place2.disMarksOut.anytrue,P1.place2.disMarksInOut,$whenCondition10,$PRE.P1.place1.disMarksIn.anytrue,$PRE.P1.place1.disMarksOut.anytrue,P1.place1.disMarksInOut,$whenCondition9,P2.place2.disMarksOut.numtrue,P2.place2.disMarksOut.anytrue,P2.place1.disMarksOut.numtrue,P2.place1.disMarksOut.anytrue,$PRE.P2.place2.enableOut.Index,P2.place2.enableOut.Index,$PRE.P2.place2.enableOut.endWhile,P2.place2.enableOut.endWhile,$PRE.P2.place2.enableOut.sumEnablingProbTAout,P2.place2.enableOut.sumEnablingProbTAout,P2.place2.enableOut.randNum,$PRE.P2.place2.enableOut.randNum,P2.place2.enableOut.state128[4],$PRE.P2.place2.enableOut.state128[4],P2.place2.enableOut.state128[3],$PRE.P2.place2.enableOut.state128[3],P2.place2.enableOut.state128[2],$PRE.P2.place2.enableOut.state128[2],P2.place2.enableOut.state128[1],$PRE.P2.place2.enableOut.state128[1],$PRE.P2.place2.enableOut.posTE,P2.place2.enableOut.posTE,$PRE.P2.place2.enableOut.k,P2.place2.enableOut.k,$PRE.P2.place2.enableOut.nTAout,P2.place2.enableOut.nTAout,$PRE.P2.place2.enableOut.nremTAout,P2.place2.enableOut.nremTAout,$PRE.P2.place2.enableOut.arcWeightSum,P2.place2.enableOut.arcWeightSum,P2.place2.delayPassedOut.numtrue,P2.place2.delayPassedOut.anytrue,$whenCondition2,$PRE.P2.place1.enableOut.Index,P2.place1.enableOut.Index,$PRE.P2.place1.enableOut.endWhile,P2.place1.enableOut.endWhile,$PRE.P2.place1.enableOut.sumEnablingProbTAout,P2.place1.enableOut.sumEnablingProbTAout,P2.place1.enableOut.randNum,$PRE.P2.place1.enableOut.randNum,P2.place1.enableOut.state128[4],$PRE.P2.place1.enableOut.state128[4],P2.place1.enableOut.state128[3],$PRE.P2.place1.enableOut.state128[3],P2.place1.enableOut.state128[2],$PRE.P2.place1.enableOut.state128[2],P2.place1.enableOut.state128[1],$PRE.P2.place1.enableOut.state128[1],$PRE.P2.place1.enableOut.posTE,P2.place1.enableOut.posTE,$PRE.P2.place1.enableOut.k,P2.place1.enableOut.k,$PRE.P2.place1.enableOut.nTAout,P2.place1.enableOut.nTAout,$PRE.P2.place1.enableOut.nremTAout,P2.place1.enableOut.nremTAout,$PRE.P2.place1.enableOut.arcWeightSum,P2.place1.enableOut.arcWeightSum,P2.place1.delayPassedOut.numtrue,P2.place1.delayPassedOut.anytrue,$whenCondition1,t2.transition_.firingCon,t2.transition_.outPlaces[2].disTransition,t2.transition_.outPlaces[2].enabledByInPlaces,P2.place2.inTransition[1].disPlace,P2.place2.inTransition[1].maxTokensint,P2.place2.inTransition[1].tint,t2.transition_.outPlaces[1].disTransition,t2.transition_.outPlaces[1].enabledByInPlaces,P2.place1.inTransition[1].disPlace,P2.place1.inTransition[1].maxTokensint,P2.place1.inTransition[1].tint,t2.transition_.inPlaces[2].disTransition,P1.place2.outTransition[1].normalArc,P1.place2.outTransition[1].testValueint,P1.place2.outTransition[1].arcType,P1.place2.outTransition[1].disPlace,P1.place2.outTransition[1].minTokensint,P1.place2.outTransition[1].tint,t2.transition_.inPlaces[1].disTransition,P1.place1.outTransition[1].normalArc,P1.place1.outTransition[1].testValueint,P1.place1.outTransition[1].arcType,P1.place1.outTransition[1].disPlace,P1.place1.outTransition[1].minTokensint,P1.place1.outTransition[1].tint,t1.transition_.firingCon,t1.transition_.outPlaces[2].disTransition,t1.transition_.outPlaces[2].enabledByInPlaces,P1.place2.inTransition[1].disPlace,P1.place2.inTransition[1].maxTokensint,P1.place2.inTransition[1].tint,t1.transition_.outPlaces[1].disTransition,t1.transition_.outPlaces[1].enabledByInPlaces,P1.place1.inTransition[1].disPlace,P1.place1.inTransition[1].maxTokensint,P1.place1.inTransition[1].tint,P2.place2.reStart,P2.place1.reStart,P1.place2.reStart,P1.place1.reStart,P1.place1.disMarksOut.vec[1],P1.place1.disMarksOut.numtrue,P1.place1.disMarksOut.anytrue,P1.place1.disMarksIn.vec[1],P1.place1.disMarksIn.numtrue,P1.place1.disMarksIn.anytrue,P1.place2.disMarksOut.vec[1],P1.place2.disMarksOut.numtrue,P1.place2.disMarksOut.anytrue,P1.place2.disMarksIn.vec[1],P1.place2.disMarksIn.numtrue,P1.place2.disMarksIn.anytrue,P2.place1.disMarksIn.vec[1],P2.place1.disMarksIn.numtrue,P2.place1.disMarksIn.anytrue,P2.place2.disMarksIn.vec[1],P2.place2.disMarksIn.numtrue,P2.place2.disMarksIn.anytrue,t1.transition_.fire_,P1.place1.delayPassedOut.vec[1],P1.place1.delayPassedIn.vec[1],P1.place2.delayPassedOut.vec[1],P1.place2.delayPassedIn.vec[1],P2.place1.delayPassedIn.vec[1],P2.place2.delayPassedIn.vec[1],t1.transition_.activation.arcWeightIntOut[1],t1.transition_.activation.arcWeightIntOut[2],t2.transition_.activation.arcWeightIntIn[1],t2.transition_.activation.arcWeightIntIn[2],t2.transition_.activation.arcWeightIntOut[1],t2.transition_.activation.arcWeightIntOut[2],t2.transition_.activation.disPlaceOut[2],t2.transition_.activation.maxTokensInt[2],t2.transition_.activation.tIntOut[2],t2.transition_.activation.disPlaceOut[1],t2.transition_.activation.maxTokensInt[1],t2.transition_.activation.tIntOut[1],t2.transition_.activation.normalArc[2],t2.transition_.activation.testValueInt[2],t2.transition_.activation.arcType[2],t2.transition_.activation.disPlaceIn[2],t2.transition_.activation.minTokensInt[2],t2.transition_.activation.tIntIn[2],t2.transition_.activation.normalArc[1],t2.transition_.activation.testValueInt[1],t2.transition_.activation.arcType[1],t2.transition_.activation.disPlaceIn[1],t2.transition_.activation.minTokensInt[1],t2.transition_.activation.tIntIn[1],t1.transition_.activation.disPlaceOut[2],t1.transition_.activation.maxTokensInt[2],t1.transition_.activation.tIntOut[2],t1.transition_.activation.disPlaceOut[1],t1.transition_.activation.maxTokensInt[1],t1.transition_.activation.tIntOut[1],t2.transition_.fire_,t2.transition_.activation.NoTokens,t2.transition_.activation.weaklyOutputActiveVec[2],t2.transition_.activation.weaklyOutputActiveVec[1],t2.transition_.activation.weaklyInputActiveVec[2],t2.transition_.activation.weaklyInputActiveVec[1],t2.transition_.activation.active,t2.transition_.activation.emptied[2],t2.transition_.activation.emptied[1],t2.transition_.activation.fed[2],t2.transition_.activation.fed[1],t1.transition_.activation.NoTokens,t1.transition_.activation.weaklyOutputActiveVec[2],t1.transition_.activation.weaklyOutputActiveVec[1],t1.transition_.activation.active,t1.transition_.activation.emptied[2],t1.transition_.activation.emptied[1],P2.place2.emptying.numtrue,P2.place2.emptying.anytrue,P2.place2.feeding.numtrue,P2.place2.feeding.anytrue,P2.place2.feeding.vec[1],P2.place2.delayPassedIn.numtrue,P2.place2.delayPassedIn.anytrue,P2.place2.enableIn.TEin[1],$PRE.P2.place2.enableIn.TEin[1],P2.place2.enableIn.TEin_[1],P2.place2.enableIn.active[1],P2.place2.fireIn[1],$PRE.P2.place2.fireIn[1],P2.place1.emptying.numtrue,P2.place1.emptying.anytrue,P2.place1.feeding.numtrue,P2.place1.feeding.anytrue,P2.place1.feeding.vec[1],P2.place1.delayPassedIn.numtrue,P2.place1.delayPassedIn.anytrue,P2.place1.enableIn.TEin[1],$PRE.P2.place1.enableIn.TEin[1],P2.place1.enableIn.TEin_[1],P2.place1.enableIn.active[1],P2.place1.fireIn[1],$PRE.P2.place1.fireIn[1],P1.place2.emptying.numtrue,P1.place2.emptying.anytrue,P1.place2.emptying.vec[1],P1.place2.feeding.numtrue,P1.place2.feeding.anytrue,P1.place2.feeding.vec[1],P1.place2.delayPassedIn.numtrue,P1.place2.delayPassedIn.anytrue,P1.place2.delayPassedOut.numtrue,P1.place2.delayPassedOut.anytrue,P1.place2.enableOut.TEout[1],$PRE.P1.place2.enableOut.TEout[1],P1.place2.enableOut.TEout_[1],P1.place2.enableOut.TAout[1],P1.place2.enableIn.TEin[1],$PRE.P1.place2.enableIn.TEin[1],P1.place2.enableIn.TEin_[1],P1.place2.enableIn.active[1],P1.place2.fireOut[1],$PRE.P1.place2.fireOut[1],P1.place2.fireIn[1],$PRE.P1.place2.fireIn[1],P1.place1.emptying.numtrue,P1.place1.emptying.anytrue,P1.place1.emptying.vec[1],P1.place1.feeding.numtrue,P1.place1.feeding.anytrue,P1.place1.feeding.vec[1],P1.place1.delayPassedIn.numtrue,P1.place1.delayPassedIn.anytrue,P1.place1.delayPassedOut.numtrue,P1.place1.delayPassedOut.anytrue,P1.place1.enableOut.TEout[1],$PRE.P1.place1.enableOut.TEout[1],P1.place1.enableOut.TEout_[1],P1.place1.enableOut.TAout[1],P1.place1.enableIn.TEin[1],$PRE.P1.place1.enableIn.TEin[1],P1.place1.enableIn.TEin_[1],P1.place1.enableIn.active[1],P1.place1.fireOut[1],$PRE.P1.place1.fireOut[1],P1.place1.fireIn[1],$PRE.P1.place1.fireIn[1],$whenCondition8,$whenCondition7,$whenCondition6,$whenCondition5,$whenCondition4,$whenCondition3)
 * Number of discrete states: 0 ()
 * Number of clocked states: 0 ()
 * Top-level inputs: 0
Notification: Strong component statistics for initialization (477):
 * Single equations (assignments): 434
 * Array equations: 0
 * Algorithm blocks: 42
 * Record equations: 0
 * When equations: 0
 * If-equations: 0
 * Equation systems (not torn): 0
 * Torn equation systems: 1
 * Mixed (continuous/discrete) equation systems: 0
Notification: Torn system details for strict tearing set:
 * Linear torn systems (#iteration vars, #inner vars, density): 0 systems
 * Non-linear torn systems (#iteration vars, #inner vars): 1 system
   {(3,16)}
Notification: Performance of prepare postOptimizeDAE: time 0.003459/0.4778, allocations: 3.332 MB / 0.5627 GB, free: 17.29 MB / 378.7 MB
Notification: Performance of postOpt lateInlineFunction (simulation): time 0.0008168/0.4786, allocations: 297.7 kB / 0.563 GB, free: 17 MB / 378.7 MB
Notification: Performance of postOpt wrapFunctionCalls (simulation): time 0.01339/0.492, allocations: 9.603 MB / 0.5724 GB, free: 7.16 MB / 378.7 MB
Notification: Performance of postOpt inlineArrayEqn (simulation): time 2.346e-05/0.492, allocations: 16 kB / 0.5724 GB, free: 7.145 MB / 378.7 MB
Notification: Performance of postOpt constantLinearSystem (simulation): time 7.864e-06/0.492, allocations: 0 / 0.5724 GB, free: 7.145 MB / 378.7 MB
Notification: Performance of postOpt simplifysemiLinear (simulation): time 1.572e-05/0.492, allocations: 11.97 kB / 0.5724 GB, free: 7.133 MB / 378.7 MB
Notification: Performance of postOpt removeSimpleEquations (simulation): time 0.02047/0.5125, allocations: 14.75 MB / 0.5868 GB, free: 8.141 MB / 394.7 MB
Notification: Performance of postOpt simplifyComplexFunction (simulation): time 0.01356/0.5261, allocations: 9.302 MB / 0.5959 GB, free: 14.62 MB / 410.7 MB
Notification: Performance of postOpt solveSimpleEquations (simulation): time 0.0006135/0.5267, allocations: 115.7 kB / 0.596 GB, free: 14.51 MB / 410.7 MB
Notification: Performance of postOpt tearingSystem (simulation): time 0.001434/0.5282, allocations: 0.5726 MB / 0.5966 GB, free: 13.94 MB / 410.7 MB
Notification: Performance of postOpt inputDerivativesUsed (simulation): time 0.0005812/0.5288, allocations: 169.4 kB / 0.5967 GB, free: 13.77 MB / 410.7 MB
Notification: Performance of postOpt calculateStrongComponentJacobians (simulation): time 0.001182/0.53, allocations: 1.208 MB / 0.5979 GB, free: 12.54 MB / 410.7 MB
Notification: Performance of postOpt calculateStateSetsJacobians (simulation): time 1.934e-06/0.53, allocations: 0 / 0.5979 GB, free: 12.54 MB / 410.7 MB
Notification: Performance of postOpt symbolicJacobian (simulation): time 0.02268/0.5527, allocations: 14.23 MB / 0.6118 GB, free: 14.03 MB / 426.7 MB
Notification: Performance of postOpt removeConstants (simulation): time 0.0003057/0.553, allocations: 286.2 kB / 0.6121 GB, free: 13.73 MB / 426.7 MB
Notification: Performance of postOpt simplifyTimeIndepFuncCalls (simulation): time 0.0008762/0.5539, allocations: 367.8 kB / 0.6124 GB, free: 13.37 MB / 426.7 MB
Notification: Performance of postOpt simplifyAllExpressions (simulation): time 0.002089/0.556, allocations: 271.8 kB / 0.6127 GB, free: 13.11 MB / 426.7 MB
Notification: Performance of postOpt findZeroCrossings (simulation): time 0.0012/0.5572, allocations: 0.6522 MB / 0.6133 GB, free: 12.46 MB / 426.7 MB
Notification: Performance of postOpt collapseArrayExpressions (simulation): time 0.0004475/0.5577, allocations: 202 kB / 0.6135 GB, free: 12.26 MB / 426.7 MB
Notification: Performance of sorting global known variables: time 0.000912/0.5586, allocations: 0.7659 MB / 0.6143 GB, free: 11.49 MB / 426.7 MB
Notification: Performance of sort global known variables: time 4.3e-07/0.5586, allocations: 4 kB / 0.6143 GB, free: 11.48 MB / 426.7 MB
Notification: Performance of remove unused functions: time 0.003259/0.5619, allocations: 1.201 MB / 0.6155 GB, free: 10.29 MB / 426.7 MB
Notification: Model statistics after passing the back-end for simulation:
 * Number of independent subsystems: 3
 * Number of states: 4 (P1.place1.t_,P1.place2.t_,P2.place1.t_,P2.place2.t_)
 * Number of discrete variables: 237 ($whenCondition1,P2.place1.enableOut.state128[1],P2.place1.enableOut.state128[2],P2.place1.enableOut.state128[3],P2.place1.enableOut.state128[4],P2.place1.enableOut.arcWeightSum,P2.place1.enableOut.nremTAout,P2.place1.enableOut.nTAout,P2.place1.enableOut.k,P2.place1.enableOut.posTE,P2.place1.enableOut.randNum,P2.place1.enableOut.sumEnablingProbTAout,P2.place1.enableOut.endWhile,P2.place1.enableOut.Index,P2.place1.delayPassedOut.anytrue,P2.place1.delayPassedOut.numtrue,$whenCondition2,P2.place2.enableOut.state128[1],P2.place2.enableOut.state128[2],P2.place2.enableOut.state128[3],P2.place2.enableOut.state128[4],P2.place2.enableOut.arcWeightSum,P2.place2.enableOut.nremTAout,P2.place2.enableOut.nTAout,P2.place2.enableOut.k,P2.place2.enableOut.posTE,P2.place2.enableOut.randNum,P2.place2.enableOut.sumEnablingProbTAout,P2.place2.enableOut.endWhile,P2.place2.enableOut.Index,P2.place2.delayPassedOut.anytrue,P2.place2.delayPassedOut.numtrue,P2.place1.disMarksInOut,P2.place2.disMarksInOut,$cse6[1],$cse6[2],$whenCondition12,$whenCondition11,$whenCondition10,$whenCondition9,$whenCondition3,$whenCondition4,$whenCondition5,$whenCondition6,$whenCondition7,$whenCondition8,P1.outTransition[1,1].tokenInOut,P1.outTransition[1,2].tokenInOut,P1.place1.disMarksInOut,P1.place1.fireIn[1],P1.place1.fireOut[1],P1.place1.enableIn.active[1],P1.place1.enableIn.TEin_[1],P1.place1.enableIn.state128[1],P1.place1.enableIn.state128[2],P1.place1.enableIn.state128[3],P1.place1.enableIn.state128[4],P1.place1.enableIn.TEin[1],P1.place1.enableIn.disTAin[1],P1.place1.enableIn.remTAin[1],P1.place1.enableIn.cumEnablingProb[1],P1.place1.enableIn.arcWeightSum,P1.place1.enableIn.nremTAin,P1.place1.enableIn.nTAin,P1.place1.enableIn.k,P1.place1.enableIn.posTE,P1.place1.enableIn.randNum,P1.place1.enableIn.sumEnablingProbTAin,P1.place1.enableIn.endWhile,P1.place1.enableIn.Index,P1.place1.enableOut.TAout[1],P1.place1.enableOut.TEout_[1],P1.place1.enableOut.state128[1],P1.place1.enableOut.state128[2],P1.place1.enableOut.state128[3],P1.place1.enableOut.state128[4],P1.place1.enableOut.TEout[1],P1.place1.enableOut.disTAout[1],P1.place1.enableOut.remTAout[1],P1.place1.enableOut.cumEnablingProb[1],P1.place1.enableOut.arcWeightSum,P1.place1.enableOut.nremTAout,P1.place1.enableOut.nTAout,P1.place1.enableOut.k,P1.place1.enableOut.posTE,P1.place1.enableOut.randNum,P1.place1.enableOut.sumEnablingProbTAout,P1.place1.enableOut.endWhile,P1.place1.enableOut.Index,P1.place1.delayPassedOut.anytrue,P1.place1.delayPassedOut.numtrue,P1.place1.delayPassedIn.anytrue,P1.place1.delayPassedIn.numtrue,P1.place1.disMarksOut.anytrue,P1.place1.disMarksOut.numtrue,P1.place1.disMarksIn.anytrue,P1.place1.disMarksIn.numtrue,P1.place1.feeding.vec[1],P1.place1.feeding.anytrue,P1.place1.feeding.numtrue,P1.place1.emptying.vec[1],P1.place1.emptying.anytrue,P1.place1.emptying.numtrue,P1.place2.disMarksInOut,P1.place2.fireIn[1],P1.place2.fireOut[1],P1.place2.enableIn.active[1],P1.place2.enableIn.TEin_[1],P1.place2.enableIn.state128[1],P1.place2.enableIn.state128[2],P1.place2.enableIn.state128[3],P1.place2.enableIn.state128[4],P1.place2.enableIn.TEin[1],P1.place2.enableIn.disTAin[1],P1.place2.enableIn.remTAin[1],P1.place2.enableIn.cumEnablingProb[1],P1.place2.enableIn.arcWeightSum,P1.place2.enableIn.nremTAin,P1.place2.enableIn.nTAin,P1.place2.enableIn.k,P1.place2.enableIn.posTE,P1.place2.enableIn.randNum,P1.place2.enableIn.sumEnablingProbTAin,P1.place2.enableIn.endWhile,P1.place2.enableIn.Index,P1.place2.enableOut.TAout[1],P1.place2.enableOut.TEout_[1],P1.place2.enableOut.state128[1],P1.place2.enableOut.state128[2],P1.place2.enableOut.state128[3],P1.place2.enableOut.state128[4],P1.place2.enableOut.TEout[1],P1.place2.enableOut.disTAout[1],P1.place2.enableOut.remTAout[1],P1.place2.enableOut.cumEnablingProb[1],P1.place2.enableOut.arcWeightSum,P1.place2.enableOut.nremTAout,P1.place2.enableOut.nTAout,P1.place2.enableOut.k,P1.place2.enableOut.posTE,P1.place2.enableOut.randNum,P1.place2.enableOut.sumEnablingProbTAout,P1.place2.enableOut.endWhile,P1.place2.enableOut.Index,P1.place2.delayPassedOut.anytrue,P1.place2.delayPassedOut.numtrue,P1.place2.delayPassedIn.anytrue,P1.place2.delayPassedIn.numtrue,P1.place2.disMarksOut.anytrue,P1.place2.disMarksOut.numtrue,P1.place2.disMarksIn.anytrue,P1.place2.disMarksIn.numtrue,P1.place2.feeding.vec[1],P1.place2.feeding.anytrue,P1.place2.feeding.numtrue,P1.place2.emptying.vec[1],P1.place2.emptying.anytrue,P1.place2.emptying.numtrue,P2.place1.fireIn[1],P2.place1.enableIn.active[1],P2.place1.enableIn.TEin_[1],P2.place1.enableIn.state128[1],P2.place1.enableIn.state128[2],P2.place1.enableIn.state128[3],P2.place1.enableIn.state128[4],P2.place1.enableIn.TEin[1],P2.place1.enableIn.disTAin[1],P2.place1.enableIn.remTAin[1],P2.place1.enableIn.cumEnablingProb[1],P2.place1.enableIn.arcWeightSum,P2.place1.enableIn.nremTAin,P2.place1.enableIn.nTAin,P2.place1.enableIn.k,P2.place1.enableIn.posTE,P2.place1.enableIn.randNum,P2.place1.enableIn.sumEnablingProbTAin,P2.place1.enableIn.endWhile,P2.place1.enableIn.Index,P2.place1.delayPassedIn.anytrue,P2.place1.delayPassedIn.numtrue,P2.place1.disMarksOut.anytrue,P2.place1.disMarksOut.numtrue,P2.place1.disMarksIn.anytrue,P2.place1.disMarksIn.numtrue,P2.place1.feeding.vec[1],P2.place1.feeding.anytrue,P2.place1.feeding.numtrue,P2.place1.emptying.anytrue,P2.place1.emptying.numtrue,P2.place2.fireIn[1],P2.place2.enableIn.active[1],P2.place2.enableIn.TEin_[1],P2.place2.enableIn.state128[1],P2.place2.enableIn.state128[2],P2.place2.enableIn.state128[3],P2.place2.enableIn.state128[4],P2.place2.enableIn.TEin[1],P2.place2.enableIn.disTAin[1],P2.place2.enableIn.remTAin[1],P2.place2.enableIn.cumEnablingProb[1],P2.place2.enableIn.arcWeightSum,P2.place2.enableIn.nremTAin,P2.place2.enableIn.nTAin,P2.place2.enableIn.k,P2.place2.enableIn.posTE,P2.place2.enableIn.randNum,P2.place2.enableIn.sumEnablingProbTAin,P2.place2.enableIn.endWhile,P2.place2.enableIn.Index,P2.place2.delayPassedIn.anytrue,P2.place2.delayPassedIn.numtrue,P2.place2.disMarksOut.anytrue,P2.place2.disMarksOut.numtrue,P2.place2.disMarksIn.anytrue,P2.place2.disMarksIn.numtrue,P2.place2.feeding.vec[1],P2.place2.feeding.anytrue,P2.place2.feeding.numtrue,P2.place2.emptying.anytrue,P2.place2.emptying.numtrue,t1.transition_.activation.emptied[1],t1.transition_.activation.emptied[2],t1.transition_.activation.active,t1.transition_.activation.weaklyOutputActiveVec[1],t1.transition_.activation.weaklyOutputActiveVec[2],t1.transition_.activation.NoTokens,t2.transition_.activation.fed[1],t2.transition_.activation.fed[2],t2.transition_.activation.emptied[1],t2.transition_.activation.emptied[2],t2.transition_.activation.active,t2.transition_.activation.weaklyInputActiveVec[1],t2.transition_.activation.weaklyInputActiveVec[2],t2.transition_.activation.weaklyOutputActiveVec[1],t2.transition_.activation.weaklyOutputActiveVec[2],t2.transition_.activation.NoTokens,t2.transition_.fire_)
 * Number of discrete states: 212 (P1.place2.disMarksInOut,P1.place1.disMarksInOut,P2.place2.fireIn[1],P2.place2.disMarksOut.anytrue,P2.place2.disMarksIn.anytrue,P2.place1.fireIn[1],P2.place1.disMarksOut.anytrue,P2.place1.disMarksIn.anytrue,P1.place2.fireIn[1],P1.place2.fireOut[1],P1.place2.disMarksOut.anytrue,P1.place2.disMarksIn.anytrue,P1.place1.fireIn[1],P1.place1.fireOut[1],P1.place1.disMarksOut.anytrue,P1.place1.disMarksIn.anytrue,P2.place2.emptying.numtrue,P2.place2.emptying.anytrue,P2.place2.feeding.numtrue,P2.place2.feeding.anytrue,P2.place2.disMarksIn.numtrue,P2.place2.disMarksOut.numtrue,P2.place2.delayPassedIn.numtrue,P2.place2.delayPassedIn.anytrue,P2.place1.emptying.numtrue,P2.place1.emptying.anytrue,P2.place1.feeding.numtrue,P2.place1.feeding.anytrue,P2.place1.disMarksIn.numtrue,P2.place1.disMarksOut.numtrue,P2.place1.delayPassedIn.numtrue,P2.place1.delayPassedIn.anytrue,P1.place2.emptying.numtrue,P1.place2.emptying.anytrue,P1.place2.feeding.numtrue,P1.place2.feeding.anytrue,P1.place2.disMarksIn.numtrue,P1.place2.disMarksOut.numtrue,P1.place2.delayPassedIn.numtrue,P1.place2.delayPassedIn.anytrue,P1.place2.delayPassedOut.numtrue,P1.place2.delayPassedOut.anytrue,P1.place1.emptying.numtrue,P1.place1.emptying.anytrue,t1.transition_.activation.weaklyOutputActiveVec[2],t1.transition_.activation.weaklyOutputActiveVec[1],t1.transition_.activation.active,t1.transition_.activation.NoTokens,P1.place2.enableIn.TEin_[1],P1.place2.enableIn.posTE,P1.place2.enableIn.k,P1.place2.enableIn.endWhile,P1.place2.enableIn.state128[4],P1.place2.enableIn.state128[3],P1.place2.enableIn.state128[2],P1.place2.enableIn.state128[1],P1.place2.enableIn.randNum,P1.place2.enableIn.cumEnablingProb[1],P1.place2.enableIn.sumEnablingProbTAin,P1.place2.enableIn.nTAin,P1.place2.enableIn.nremTAin,P1.place2.enableIn.remTAin[1],P1.place2.enableIn.Index,P1.place2.enableIn.arcWeightSum,P1.place2.enableIn.disTAin[1],$whenCondition5,P1.place2.enableIn.TEin[1],P1.place1.feeding.numtrue,P1.place1.feeding.anytrue,t2.transition_.activation.weaklyOutputActiveVec[2],t2.transition_.activation.weaklyOutputActiveVec[1],t2.transition_.activation.weaklyInputActiveVec[2],t2.transition_.activation.weaklyInputActiveVec[1],t2.transition_.activation.active,t2.transition_.activation.NoTokens,P2.place2.enableIn.TEin_[1],P2.place2.enableIn.posTE,P2.place2.enableIn.k,P2.place2.enableIn.endWhile,P2.place2.enableIn.state128[4],P2.place2.enableIn.state128[3],P2.place2.enableIn.state128[2],P2.place2.enableIn.state128[1],P2.place2.enableIn.randNum,P2.place2.enableIn.cumEnablingProb[1],P2.place2.enableIn.sumEnablingProbTAin,P2.place2.enableIn.nTAin,P2.place2.enableIn.nremTAin,P2.place2.enableIn.remTAin[1],P2.place2.enableIn.Index,P2.place2.enableIn.arcWeightSum,P2.place2.enableIn.disTAin[1],$whenCondition8,P2.place2.enableIn.TEin[1],P2.place1.enableIn.TEin_[1],P2.place1.enableIn.posTE,P2.place1.enableIn.k,P2.place1.enableIn.endWhile,P2.place1.enableIn.state128[4],P2.place1.enableIn.state128[3],P2.place1.enableIn.state128[2],P2.place1.enableIn.state128[1],P2.place1.enableIn.randNum,P2.place1.enableIn.cumEnablingProb[1],P2.place1.enableIn.sumEnablingProbTAin,P2.place1.enableIn.nTAin,P2.place1.enableIn.nremTAin,P2.place1.enableIn.remTAin[1],P2.place1.enableIn.Index,P2.place1.enableIn.arcWeightSum,P2.place1.enableIn.disTAin[1],$whenCondition7,P2.place1.enableIn.TEin[1],P1.place2.enableOut.TEout_[1],P1.place2.enableOut.posTE,P1.place2.enableOut.k,P1.place2.enableOut.endWhile,P1.place2.enableOut.state128[4],P1.place2.enableOut.state128[3],P1.place2.enableOut.state128[2],P1.place2.enableOut.state128[1],P1.place2.enableOut.randNum,P1.place2.enableOut.cumEnablingProb[1],P1.place2.enableOut.sumEnablingProbTAout,P1.place2.enableOut.nTAout,P1.place2.enableOut.nremTAout,P1.place2.enableOut.remTAout[1],P1.place2.enableOut.Index,P1.place2.enableOut.arcWeightSum,P1.place2.enableOut.disTAout[1],$whenCondition6,P1.place2.enableOut.TEout[1],P1.place1.disMarksIn.numtrue,P1.place1.disMarksOut.numtrue,P1.place1.delayPassedIn.numtrue,P1.place1.delayPassedIn.anytrue,P1.place1.delayPassedOut.numtrue,P1.place1.delayPassedOut.anytrue,P1.place1.enableOut.TEout_[1],P1.place1.enableOut.posTE,P1.place1.enableOut.k,P1.place1.enableOut.endWhile,P1.place1.enableOut.state128[4],P1.place1.enableOut.state128[3],P1.place1.enableOut.state128[2],P1.place1.enableOut.state128[1],P1.place1.enableOut.randNum,P1.place1.enableOut.cumEnablingProb[1],P1.place1.enableOut.sumEnablingProbTAout,P1.place1.enableOut.nTAout,P1.place1.enableOut.nremTAout,P1.place1.enableOut.remTAout[1],P1.place1.enableOut.Index,P1.place1.enableOut.arcWeightSum,P1.place1.enableOut.disTAout[1],$whenCondition4,P1.place1.enableOut.TEout[1],P1.place1.enableIn.TEin_[1],P1.place1.enableIn.posTE,P1.place1.enableIn.k,P1.place1.enableIn.endWhile,P1.place1.enableIn.state128[4],P1.place1.enableIn.state128[3],P1.place1.enableIn.state128[2],P1.place1.enableIn.state128[1],P1.place1.enableIn.randNum,P1.place1.enableIn.cumEnablingProb[1],P1.place1.enableIn.sumEnablingProbTAin,P1.place1.enableIn.nTAin,P1.place1.enableIn.nremTAin,P1.place1.enableIn.remTAin[1],P1.place1.enableIn.Index,P1.place1.enableIn.arcWeightSum,P1.place1.enableIn.disTAin[1],$whenCondition3,P1.place1.enableIn.TEin[1],P2.place2.disMarkChange,P2.place1.disMarkChange,P1.place2.disMarkChange,P1.place1.disMarkChange,P2.place2.delayPassedOut.numtrue,P2.place2.delayPassedOut.anytrue,P2.place2.enableOut.Index,P2.place2.enableOut.endWhile,P2.place2.enableOut.sumEnablingProbTAout,P2.place2.enableOut.state128[4],P2.place2.enableOut.state128[3],P2.place2.enableOut.state128[2],P2.place2.enableOut.state128[1],P2.place2.enableOut.randNum,P2.place2.enableOut.posTE,P2.place2.enableOut.k,P2.place2.enableOut.nTAout,P2.place2.enableOut.nremTAout,P2.place2.enableOut.arcWeightSum,$whenCondition2,P2.place1.delayPassedOut.numtrue,P2.place1.delayPassedOut.anytrue,P2.place1.enableOut.Index,P2.place1.enableOut.endWhile,P2.place1.enableOut.sumEnablingProbTAout,P2.place1.enableOut.state128[4],P2.place1.enableOut.state128[3],P2.place1.enableOut.state128[2],P2.place1.enableOut.state128[1],P2.place1.enableOut.randNum,P2.place1.enableOut.posTE,P2.place1.enableOut.k,P2.place1.enableOut.nTAout,P2.place1.enableOut.nremTAout,P2.place1.enableOut.arcWeightSum,$whenCondition1)
 * Number of clocked states: 0 ()
 * Top-level inputs: 0
Notification: Strong component statistics for simulation (120):
 * Single equations (assignments): 84
 * Array equations: 1
 * Algorithm blocks: 34
 * Record equations: 0
 * When equations: 0
 * If-equations: 0
 * Equation systems (not torn): 0
 * Torn equation systems: 1
 * Mixed (continuous/discrete) equation systems: 0
Notification: Torn system details for strict tearing set:
 * Linear torn systems (#iteration vars, #inner vars, density): 0 systems
 * Non-linear torn systems (#iteration vars, #inner vars): 1 system
   {(3,21)}
Notification: Performance of Backend phase and start with SimCode phase: time 0.001403/0.5633, allocations: 0.8473 MB / 0.6163 GB, free: 9.449 MB / 426.7 MB
Notification: Performance of simCode: created initialization part: time 0.01607/0.5794, allocations: 10.96 MB / 0.627 GB, free: 13.96 MB / 442.7 MB
Notification: Performance of simCode: created event and clocks part: time 6.332e-06/0.5794, allocations: 0 / 0.627 GB, free: 13.96 MB / 442.7 MB
Notification: Performance of simCode: created simulation system equations: time 0.01075/0.5902, allocations: 12.27 MB / 0.639 GB, free: 1.254 MB / 442.7 MB
Notification: Performance of simCode: created of all other equations (e.g. parameter, nominal, assert, etc): time 0.001905/0.5921, allocations: 397.3 kB / 0.6394 GB, free: 0.875 MB / 442.7 MB
Notification: Performance of simCode: created linear, non-linear and system jacobian parts: time 0.01506/0.6072, allocations: 9.012 MB / 0.6482 GB, free: 7.848 MB / 458.7 MB
Notification: Performance of simCode: some other stuff during SimCode phase: time 0.001955/0.6092, allocations: 2.33 MB / 0.6504 GB, free: 5.488 MB / 458.7 MB
Notification: Performance of simCode: alias equations: time 0.001417/0.6106, allocations: 0.5393 MB / 0.651 GB, free: 4.945 MB / 458.7 MB
Notification: Performance of simCode: all other stuff during SimCode phase: time 0.0003111/0.6109, allocations: 139.4 kB / 0.6511 GB, free: 4.809 MB / 458.7 MB
Notification: Performance of SimCode: time 7.92e-07/0.611, allocations: 3.938 kB / 0.6511 GB, free: 4.805 MB / 458.7 MB
Notification: Performance of Templates: time 0.2915/0.9024, allocations: 51.49 MB / 0.7014 GB, free: 141.6 MB / 474.7 MB
make -j1 -f PNlib_master_PNlib.Examples.Models.BicoloredPlaces.Aquarium.makefile
(rm -f PNlib_master_PNlib.Examples.Models.BicoloredPlaces.Aquarium.pipe ; mkfifo PNlib_master_PNlib.Examples.Models.BicoloredPlaces.Aquarium.pipe ; head -c 1048576 < PNlib_master_PNlib.Examples.Models.BicoloredPlaces.Aquarium.pipe >> ../files/PNlib_master_PNlib.Examples.Models.BicoloredPlaces.Aquarium.sim & ./PNlib_master_PNlib.Examples.Models.BicoloredPlaces.Aquarium  -abortSlowSimulation -alarm=480  -emit_protected -lv LOG_STATS > PNlib_master_PNlib.Examples.Models.BicoloredPlaces.Aquarium.pipe 2>&1)
diffSimulationResults("PNlib_master_PNlib.Examples.Models.BicoloredPlaces.Aquarium_res.mat","/home/runner/work/PNlib/PNlib/ReferenceFiles/PNlib.Examples.Models.BicoloredPlaces.Aquarium.mat","../files/PNlib_master_PNlib.Examples.Models.BicoloredPlaces.Aquarium.diff",relTol=0.003,relTolDiffMinMax=0.003,rangeDelta=0.001)
Reference file matches
