Running: ./testmodel.py --libraries=/home/runner/.openmodelica/libraries/ --ompython_omhome= PNlib_master_PNlib.Examples.ConTest.TCtoPCfunction.conf.json
loadFile("/home/runner/.openmodelica/libraries/ModelicaServices 4.0.0+maint.om/package.mo", uses=false)
loadFile("/home/runner/.openmodelica/libraries/Complex 4.0.0+maint.om/package.mo", uses=false)
loadFile("/home/runner/.openmodelica/libraries/Modelica 4.0.0+maint.om/package.mo", uses=false)
loadFile("/home/runner/work/PNlib/PNlib/PNlib/package.mo", uses=false)
Using package PNlib with version 2.2 (/home/runner/work/PNlib/PNlib/PNlib/package.mo)
Using package Modelica with version 4.0.0 (/home/runner/.openmodelica/libraries/Modelica 4.0.0+maint.om/package.mo)
Using package Complex with version 4.0.0 (/home/runner/.openmodelica/libraries/Complex 4.0.0+maint.om/package.mo)
Using package ModelicaServices with version 4.0.0 (/home/runner/.openmodelica/libraries/ModelicaServices 4.0.0+maint.om/package.mo)
Running command: translateModel(PNlib.Examples.ConTest.TCtoPCfunction,tolerance=1e-06,outputFormat="mat",numberOfIntervals=5000,variableFilter="P1.t|T1.fire|T1.instantaneousSpeed|T1.maximumSpeed|time",fileNamePrefix="PNlib_master_PNlib.Examples.ConTest.TCtoPCfunction")
translateModel(PNlib.Examples.ConTest.TCtoPCfunction,tolerance=1e-06,outputFormat="mat",numberOfIntervals=5000,variableFilter="P1.t|T1.fire|T1.instantaneousSpeed|T1.maximumSpeed|time",fileNamePrefix="PNlib_master_PNlib.Examples.ConTest.TCtoPCfunction")
Notification: Performance of loadFile(/home/runner/.openmodelica/libraries/ModelicaServices 4.0.0+maint.om/package.mo): time 0.00104/0.00104, allocations: 93.2 kB / 15.59 MB, free: 5.23 MB / 13.93 MB
Notification: Performance of loadFile(/home/runner/.openmodelica/libraries/Complex 4.0.0+maint.om/package.mo): time 0.001015/0.001015, allocations: 175.7 kB / 16.51 MB, free: 4.648 MB / 13.93 MB
Notification: Performance of loadFile(/home/runner/.openmodelica/libraries/Modelica 4.0.0+maint.om/package.mo): time 1.642/1.642, allocations: 222.1 MB / 239.4 MB, free: 11.11 MB / 202.7 MB
Notification: Performance of loadFile(/home/runner/work/PNlib/PNlib/PNlib/package.mo): time 0.09558/0.09558, allocations: 16.58 MB / 306.2 MB, free: 10.58 MB / 250.7 MB
Notification: Performance of FrontEnd - loaded program: time 0.0007051/0.0007051, allocations: 11.91 kB / 370.6 MB, free: 44.83 MB / 298.7 MB
Notification: Performance of FrontEnd - Absyn->SCode: time 0.1056/0.1063, allocations: 53.48 MB / 424.1 MB, free: 5.945 MB / 298.7 MB
Notification: Performance of NFInst.instantiate(PNlib.Examples.ConTest.TCtoPCfunction): time 0.002925/0.1093, allocations: 1.994 MB / 426.1 MB, free: 3.949 MB / 298.7 MB
Notification: Performance of NFInst.instExpressions: time 0.002792/0.1121, allocations: 1.681 MB / 427.7 MB, free: 2.27 MB / 298.7 MB
Notification: Performance of NFInst.updateImplicitVariability: time 0.0002406/0.1123, allocations: 7.938 kB / 427.7 MB, free: 2.262 MB / 298.7 MB
Notification: Performance of NFTyping.typeComponents: time 0.0003004/0.1126, allocations: 131 kB / 427.9 MB, free: 2.133 MB / 298.7 MB
Notification: Performance of NFTyping.typeBindings: time 0.0004452/0.1131, allocations: 127 kB / 428 MB, free: 2.008 MB / 298.7 MB
Notification: Performance of NFTyping.typeClassSections: time 0.001263/0.1144, allocations: 0.6967 MB / 428.7 MB, free: 1.312 MB / 298.7 MB
Notification: Performance of NFFlatten.flatten: time 0.001126/0.1155, allocations: 1.405 MB / 430.1 MB, free: 15.9 MB / 314.7 MB
Notification: Performance of NFFlatten.resolveConnections: time 0.0002979/0.1158, allocations: 151.8 kB / 430.2 MB, free: 15.75 MB / 314.7 MB
Notification: Performance of NFEvalConstants.evaluate: time 0.0006585/0.1165, allocations: 0.5337 MB / 430.8 MB, free: 15.22 MB / 314.7 MB
Notification: Performance of NFSimplifyModel.simplify: time 0.0005694/0.1171, allocations: 330.3 kB / 431.1 MB, free: 14.89 MB / 314.7 MB
Notification: Performance of NFPackage.collectConstants: time 0.0001481/0.1172, allocations: 72 kB / 431.2 MB, free: 14.82 MB / 314.7 MB
Notification: Performance of NFFlatten.collectFunctions: time 0.001006/0.1183, allocations: 467.4 kB / 431.6 MB, free: 14.37 MB / 314.7 MB
Notification: Performance of NFScalarize.scalarize: time 0.0001635/0.1184, allocations: 159.4 kB / 431.8 MB, free: 14.21 MB / 314.7 MB
Notification: Performance of NFVerifyModel.verify: time 0.0002818/0.1187, allocations: 346.4 kB / 432.1 MB, free: 13.87 MB / 314.7 MB
Notification: Performance of NFConvertDAE.convert: time 0.0009603/0.1197, allocations: 1.04 MB / 433.2 MB, free: 12.83 MB / 314.7 MB
Notification: Performance of FrontEnd - DAE generated: time 3.897e-06/0.1197, allocations: 0 / 433.2 MB, free: 12.83 MB / 314.7 MB
Notification: Performance of FrontEnd: time 1.754e-06/0.1197, allocations: 0 / 433.2 MB, free: 12.83 MB / 314.7 MB
Notification: Performance of Transformations before backend: time 9.347e-06/0.1197, allocations: 0 / 433.2 MB, free: 12.83 MB / 314.7 MB
Notification: Model statistics after passing the front-end and creating the data structures used by the back-end:
 * Number of equations: 165
 * Number of variables: 165
Notification: Performance of Generate backend data structure: time 0.001656/0.1214, allocations: 1.259 MB / 434.4 MB, free: 11.45 MB / 314.7 MB
Notification: Performance of prepare preOptimizeDAE: time 4.502e-05/0.1215, allocations: 8.031 kB / 434.4 MB, free: 11.45 MB / 314.7 MB
Notification: Performance of preOpt normalInlineFunction (simulation): time 0.0007597/0.1222, allocations: 144 kB / 434.6 MB, free: 11.3 MB / 314.7 MB
Notification: Performance of preOpt evaluateParameters (simulation): time 0.0005053/0.1227, allocations: 407 kB / 435 MB, free: 10.87 MB / 314.7 MB
Notification: Performance of preOpt simplifyIfEquations (simulation): time 0.00012/0.1229, allocations: 142.7 kB / 435.1 MB, free: 10.71 MB / 314.7 MB
Notification: Performance of preOpt expandDerOperator (simulation): time 0.0001159/0.123, allocations: 70.7 kB / 435.2 MB, free: 10.64 MB / 314.7 MB
Notification: Performance of preOpt clockPartitioning (simulation): time 0.001888/0.1249, allocations: 1.137 MB / 436.3 MB, free: 9.449 MB / 314.7 MB
Notification: Performance of preOpt findStateOrder (simulation): time 2.278e-05/0.1249, allocations: 3.938 kB / 436.3 MB, free: 9.445 MB / 314.7 MB
Notification: Performance of preOpt replaceEdgeChange (simulation): time 8.725e-05/0.125, allocations: 31.98 kB / 436.4 MB, free: 9.414 MB / 314.7 MB
Notification: Performance of preOpt inlineArrayEqn (simulation): time 9.793e-05/0.1251, allocations: 56.95 kB / 436.4 MB, free: 9.359 MB / 314.7 MB
Notification: Performance of preOpt removeEqualRHS (simulation): time 0.001402/0.1265, allocations: 0.7731 MB / 437.2 MB, free: 8.586 MB / 314.7 MB
Notification: Performance of preOpt removeSimpleEquations (simulation): time 0.003662/0.1302, allocations: 2.808 MB / 440 MB, free: 5.645 MB / 314.7 MB
Notification: Performance of preOpt comSubExp (simulation): time 0.001321/0.1316, allocations: 1.091 MB / 441.1 MB, free: 4.535 MB / 314.7 MB
Notification: Performance of preOpt resolveLoops (simulation): time 0.001135/0.1327, allocations: 0.9711 MB / 442.1 MB, free: 3.559 MB / 314.7 MB
Notification: Performance of preOpt evalFunc (simulation): time 0.001858/0.1346, allocations: 2.872 MB / 444.9 MB, free: 60 kB / 314.7 MB
Notification: Performance of preOpt encapsulateWhenConditions (simulation): time 0.001557/0.1362, allocations: 0.6879 MB / 445.6 MB, free: 15.34 MB / 330.7 MB
Notification: Performance of pre-optimization done (n=68): time 2.906e-06/0.1362, allocations: 3.984 kB / 445.6 MB, free: 15.34 MB / 330.7 MB
Notification: Performance of matching and sorting (n=68): time 0.003792/0.14, allocations: 2.165 MB / 447.8 MB, free: 13.09 MB / 330.7 MB
Notification: Performance of inlineWhenForInitialization (initialization): time 0.0001655/0.1402, allocations: 0.536 MB / 448.3 MB, free: 12.45 MB / 330.7 MB
Notification: Performance of selectInitializationVariablesDAE (initialization): time 0.0003488/0.1405, allocations: 364.1 kB / 448.7 MB, free: 12.08 MB / 330.7 MB
Notification: Performance of collectPreVariables (initialization): time 7.144e-05/0.1406, allocations: 53.7 kB / 448.7 MB, free: 12.02 MB / 330.7 MB
Notification: Performance of collectInitialEqns (initialization): time 0.0001421/0.1408, allocations: 256.3 kB / 449 MB, free: 11.76 MB / 330.7 MB
Notification: Performance of collectInitialBindings (initialization): time 0.0001329/0.1409, allocations: 181.8 kB / 449.2 MB, free: 11.58 MB / 330.7 MB
Notification: Performance of simplifyInitialFunctions (initialization): time 0.0004348/0.1413, allocations: 202.6 kB / 449.4 MB, free: 11.38 MB / 330.7 MB
Notification: Performance of setup shared object (initialization): time 6.98e-05/0.1414, allocations: 370.7 kB / 449.7 MB, free: 11.01 MB / 330.7 MB
Notification: Performance of preBalanceInitialSystem (initialization): time 0.0005612/0.142, allocations: 333.7 kB / 450 MB, free: 10.68 MB / 330.7 MB
Notification: Performance of partitionIndependentBlocks (initialization): time 0.0006641/0.1427, allocations: 0.6382 MB / 450.7 MB, free: 9.906 MB / 330.7 MB
Notification: Performance of analyzeInitialSystem (initialization): time 0.001667/0.1443, allocations: 1.61 MB / 452.3 MB, free: 8.047 MB / 330.7 MB
Notification: Performance of solveInitialSystemEqSystem (initialization): time 1.05e-05/0.1444, allocations: 4 kB / 452.3 MB, free: 8.043 MB / 330.7 MB
Notification: Performance of matching and sorting (n=125) (initialization): time 0.002239/0.1466, allocations: 1.554 MB / 453.8 MB, free: 6.41 MB / 330.7 MB
Notification: Performance of prepare postOptimizeDAE: time 0.0001255/0.1467, allocations: 354.8 kB / 454.2 MB, free: 5.996 MB / 330.7 MB
Notification: Performance of postOpt simplifyComplexFunction (initialization): time 0.00149/0.1482, allocations: 0.7471 MB / 454.9 MB, free: 5.219 MB / 330.7 MB
Notification: Performance of postOpt tearingSystem (initialization): time 0.0004057/0.1487, allocations: 84.8 kB / 455 MB, free: 5.133 MB / 330.7 MB
Notification: Performance of postOpt solveSimpleEquations (initialization): time 0.0003869/0.1491, allocations: 95.77 kB / 455.1 MB, free: 5.039 MB / 330.7 MB
Notification: Performance of postOpt calculateStrongComponentJacobians (initialization): time 0.0003718/0.1495, allocations: 0.6303 MB / 455.7 MB, free: 4.383 MB / 330.7 MB
Notification: Performance of postOpt simplifyAllExpressions (initialization): time 0.0004453/0.1499, allocations: 99.11 kB / 455.8 MB, free: 4.285 MB / 330.7 MB
Notification: Performance of postOpt collapseArrayExpressions (initialization): time 8.964e-05/0.15, allocations: 52 kB / 455.9 MB, free: 4.234 MB / 330.7 MB
Warning: Assuming fixed start value for the following 18 variables:
         P1.enableOut.Index:DISCRETE(fixed = true protected = true )  type: Integer
         P1.enableOut.endWhile:DISCRETE(fixed = true protected = true )  type: Boolean
         P1.enableOut.sumEnablingProbTAout:DISCRETE(fixed = true protected = true )  "sum of the enabling probabilities of the active output transitions" type: Real
         P1.enableOut.posTE:DISCRETE(fixed = true protected = true )  "possible enabled transition" type: Integer
         P1.enableOut.k:DISCRETE(fixed = true protected = true )  "iteration index" type: Integer
         P1.enableOut.nTAout:DISCRETE(fixed = true protected = true )  "number of active output transitions" type: Integer
         P1.enableOut.nremTAout:DISCRETE(fixed = true protected = true )  "number of remaining active output transitions" type: Integer
         P1.enableOut.arcWeightSum:DISCRETE(fixed = true protected = true )  "arc weight sum" type: Real
         P1.enableIn.posTE:DISCRETE(fixed = true protected = true )  "possible enabled transition" type: Integer
         P1.enableIn.k:DISCRETE(fixed = true protected = true )  "iteration index" type: Integer
         P1.enableIn.endWhile:DISCRETE(fixed = true protected = true )  type: Boolean
         P1.enableIn.sumEnablingProbTAin:DISCRETE(fixed = true protected = true )  "sum of the enabling probabilities of the active input transitions" type: Real
         P1.enableIn.nTAin:DISCRETE(fixed = true protected = true )  "number ofactive input transitions" type: Integer
         P1.enableIn.nremTAin:DISCRETE(fixed = true protected = true )  "number of remaining active input transitions" type: Integer
         P1.enableIn.Index:DISCRETE(fixed = true protected = true )  "priority Index" type: Integer
         P1.enableIn.arcWeightSum:DISCRETE(fixed = true protected = true )  "arc weight sum" type: Real
         P1.disMarksIn.anytrue:DISCRETE(fixed = true protected = true )  type: Boolean
         P1.disMarksOut.anytrue:DISCRETE(fixed = true protected = true )  type: Boolean
Notification: Model statistics after passing the back-end for initialization:
 * Number of independent subsystems: 42
 * Number of states: 0 ()
 * Number of discrete variables: 101 ($PRE.P1.enableOut.Index,P1.enableOut.Index,$PRE.P1.enableOut.endWhile,P1.enableOut.endWhile,$PRE.P1.enableOut.sumEnablingProbTAout,P1.enableOut.sumEnablingProbTAout,P1.enableOut.randNum,$PRE.P1.enableOut.randNum,P1.enableOut.state128[4],$PRE.P1.enableOut.state128[4],P1.enableOut.state128[3],$PRE.P1.enableOut.state128[3],P1.enableOut.state128[2],$PRE.P1.enableOut.state128[2],P1.enableOut.state128[1],$PRE.P1.enableOut.state128[1],$PRE.P1.enableOut.posTE,P1.enableOut.posTE,$PRE.P1.enableOut.k,P1.enableOut.k,$PRE.P1.enableOut.nTAout,P1.enableOut.nTAout,$PRE.P1.enableOut.nremTAout,P1.enableOut.nremTAout,$PRE.P1.enableOut.arcWeightSum,P1.enableOut.arcWeightSum,P1.delayPassedOut.numtrue,P1.delayPassedOut.anytrue,$whenCondition3,$PRE.P1.enableIn.posTE,P1.enableIn.posTE,$PRE.P1.enableIn.k,P1.enableIn.k,$PRE.P1.enableIn.endWhile,P1.enableIn.endWhile,P1.enableIn.randNum,$PRE.P1.enableIn.randNum,P1.enableIn.state128[4],$PRE.P1.enableIn.state128[4],P1.enableIn.state128[3],$PRE.P1.enableIn.state128[3],P1.enableIn.state128[2],$PRE.P1.enableIn.state128[2],P1.enableIn.state128[1],$PRE.P1.enableIn.state128[1],P1.enableIn.cumEnablingProb[1],$PRE.P1.enableIn.cumEnablingProb[1],$PRE.P1.enableIn.sumEnablingProbTAin,P1.enableIn.sumEnablingProbTAin,$PRE.P1.enableIn.nTAin,P1.enableIn.nTAin,$PRE.P1.enableIn.nremTAin,P1.enableIn.nremTAin,P1.enableIn.remTAin[1],$PRE.P1.enableIn.remTAin[1],$PRE.P1.enableIn.Index,P1.enableIn.Index,$PRE.P1.enableIn.arcWeightSum,P1.enableIn.arcWeightSum,P1.enableIn.disTAin[1],$PRE.P1.enableIn.disTAin[1],$PRE.P1.disMarksIn.anytrue,$PRE.P1.disMarksOut.anytrue,P1.disMarksInOut,$whenCondition2,P1.disMarksOut.numtrue,P1.disMarksOut.anytrue,P1.inTransition[1].disPlace,P1.inTransition[1].maxTokensint,P1.inTransition[1].tint,T1.outPlaces[1].disTransition,T1.outPlaces[1].enabledByInPlaces,P1.reStart,T1.firingCon,P1.disMarksIn.vec[1],P1.disMarksIn.numtrue,P1.disMarksIn.anytrue,T1.fire_,T1.activation.arcWeightIntOut[1],P1.delayPassedIn.vec[1],T1.activation.disPlaceOut[1],T1.activation.maxTokensInt[1],T1.activation.tIntOut[1],P1.emptying.numtrue,P1.emptying.anytrue,P1.feeding.numtrue,P1.feeding.anytrue,P1.feeding.vec[1],P1.delayPassedIn.numtrue,P1.delayPassedIn.anytrue,P1.enableIn.TEin[1],$PRE.P1.enableIn.TEin[1],P1.enableIn.TEin_[1],P1.enableIn.active[1],P1.fireIn[1],$PRE.P1.fireIn[1],T1.activation.NoTokens,T1.activation.weaklyOutputActiveVec[1],T1.activation.active,T1.activation.emptied[1],$whenCondition1)
 * Number of discrete states: 0 ()
 * Number of clocked states: 0 ()
 * Top-level inputs: 0
Notification: Strong component statistics for initialization (105):
 * Single equations (assignments): 93
 * Array equations: 0
 * Algorithm blocks: 11
 * Record equations: 0
 * When equations: 0
 * If-equations: 0
 * Equation systems (not torn): 0
 * Torn equation systems: 1
 * Mixed (continuous/discrete) equation systems: 0
Notification: Torn system details for strict tearing set:
 * Linear torn systems (#iteration vars, #inner vars, density): 0 systems
 * Non-linear torn systems (#iteration vars, #inner vars): 1 system
   {(1,3)}
Notification: Performance of prepare postOptimizeDAE: time 0.0006987/0.1507, allocations: 0.7192 MB / 456.6 MB, free: 3.449 MB / 330.7 MB
Notification: Performance of postOpt lateInlineFunction (simulation): time 0.0003715/0.1511, allocations: 71.38 kB / 456.7 MB, free: 3.379 MB / 330.7 MB
Notification: Performance of postOpt wrapFunctionCalls (simulation): time 0.0026/0.1537, allocations: 1.675 MB / 458.4 MB, free: 1.648 MB / 330.7 MB
Notification: Performance of postOpt inlineArrayEqn (simulation): time 7.293e-06/0.1537, allocations: 4 kB / 458.4 MB, free: 1.645 MB / 330.7 MB
Notification: Performance of postOpt constantLinearSystem (simulation): time 6.091e-06/0.1538, allocations: 0 / 458.4 MB, free: 1.645 MB / 330.7 MB
Notification: Performance of postOpt simplifysemiLinear (simulation): time 7.213e-06/0.1538, allocations: 0 / 458.4 MB, free: 1.645 MB / 330.7 MB
Notification: Performance of postOpt removeSimpleEquations (simulation): time 0.004671/0.1584, allocations: 2.554 MB / 460.9 MB, free: 14.99 MB / 346.7 MB
Notification: Performance of postOpt simplifyComplexFunction (simulation): time 0.00272/0.1612, allocations: 1.573 MB / 462.5 MB, free: 13.36 MB / 346.7 MB
Notification: Performance of postOpt solveSimpleEquations (simulation): time 0.0001855/0.1614, allocations: 27.98 kB / 462.5 MB, free: 13.33 MB / 346.7 MB
Notification: Performance of postOpt tearingSystem (simulation): time 0.0002289/0.1616, allocations: 64.8 kB / 462.6 MB, free: 13.27 MB / 346.7 MB
Notification: Performance of postOpt inputDerivativesUsed (simulation): time 0.0001072/0.1617, allocations: 43.97 kB / 462.6 MB, free: 13.22 MB / 346.7 MB
Notification: Performance of postOpt calculateStrongComponentJacobians (simulation): time 0.0003428/0.1621, allocations: 0.6069 MB / 463.2 MB, free: 12.59 MB / 346.7 MB
Notification: Performance of postOpt calculateStateSetsJacobians (simulation): time 2.514e-06/0.1621, allocations: 3.984 kB / 463.2 MB, free: 12.59 MB / 346.7 MB
Notification: Performance of postOpt symbolicJacobian (simulation): time 0.004248/0.1664, allocations: 2.604 MB / 465.8 MB, free: 9.902 MB / 346.7 MB
Notification: Performance of postOpt removeConstants (simulation): time 8.772e-05/0.1665, allocations: 135.7 kB / 466 MB, free: 9.754 MB / 346.7 MB
Notification: Performance of postOpt simplifyTimeIndepFuncCalls (simulation): time 0.0001965/0.1667, allocations: 71.92 kB / 466 MB, free: 9.684 MB / 346.7 MB
Notification: Performance of postOpt simplifyAllExpressions (simulation): time 0.0004878/0.1672, allocations: 56.08 kB / 466.1 MB, free: 9.629 MB / 346.7 MB
Notification: Performance of postOpt findZeroCrossings (simulation): time 0.0001907/0.1674, allocations: 67.94 kB / 466.2 MB, free: 9.562 MB / 346.7 MB
Notification: Performance of postOpt collapseArrayExpressions (simulation): time 0.0001014/0.1675, allocations: 35.98 kB / 466.2 MB, free: 9.527 MB / 346.7 MB
Notification: Performance of sorting global known variables: time 0.0002063/0.1678, allocations: 223 kB / 466.4 MB, free: 9.312 MB / 346.7 MB
Notification: Performance of sort global known variables: time 3.1e-07/0.1678, allocations: 0 / 466.4 MB, free: 9.312 MB / 346.7 MB
Notification: Performance of remove unused functions: time 0.0009951/0.1688, allocations: 299.6 kB / 466.7 MB, free: 9.02 MB / 346.7 MB
Notification: Model statistics after passing the back-end for simulation:
 * Number of independent subsystems: 2
 * Number of states: 1 (P1.t_)
 * Number of discrete variables: 54 (P1.disMarksInOut,$whenCondition2,$whenCondition1,T1.activation.emptied[1],T1.activation.active,T1.activation.weaklyOutputActiveVec[1],T1.activation.NoTokens,P1.fireIn[1],P1.enableIn.active[1],P1.enableIn.TEin_[1],P1.enableIn.state128[1],P1.enableIn.state128[2],P1.enableIn.state128[3],P1.enableIn.state128[4],P1.enableIn.TEin[1],P1.enableIn.disTAin[1],P1.enableIn.remTAin[1],P1.enableIn.cumEnablingProb[1],P1.enableIn.arcWeightSum,P1.enableIn.nremTAin,P1.enableIn.nTAin,P1.enableIn.k,P1.enableIn.posTE,P1.enableIn.randNum,P1.enableIn.sumEnablingProbTAin,P1.enableIn.endWhile,P1.enableIn.Index,P1.delayPassedIn.anytrue,P1.delayPassedIn.numtrue,P1.disMarksOut.anytrue,P1.disMarksOut.numtrue,P1.disMarksIn.anytrue,P1.disMarksIn.numtrue,P1.feeding.vec[1],P1.feeding.anytrue,P1.feeding.numtrue,P1.emptying.anytrue,P1.emptying.numtrue,$whenCondition3,P1.enableOut.state128[1],P1.enableOut.state128[2],P1.enableOut.state128[3],P1.enableOut.state128[4],P1.enableOut.arcWeightSum,P1.enableOut.nremTAout,P1.enableOut.nTAout,P1.enableOut.k,P1.enableOut.posTE,P1.enableOut.randNum,P1.enableOut.sumEnablingProbTAout,P1.enableOut.endWhile,P1.enableOut.Index,P1.delayPassedOut.anytrue,P1.delayPassedOut.numtrue)
 * Number of discrete states: 50 (P1.delayPassedOut.numtrue,P1.delayPassedOut.anytrue,P1.enableOut.Index,P1.enableOut.endWhile,P1.enableOut.sumEnablingProbTAout,P1.enableOut.state128[4],P1.enableOut.state128[3],P1.enableOut.state128[2],P1.enableOut.state128[1],P1.enableOut.randNum,P1.enableOut.posTE,P1.enableOut.k,P1.enableOut.nTAout,P1.enableOut.nremTAout,P1.enableOut.arcWeightSum,$whenCondition3,P1.fireIn[1],P1.disMarksOut.anytrue,P1.disMarksIn.anytrue,P1.emptying.numtrue,P1.emptying.anytrue,P1.feeding.numtrue,P1.feeding.anytrue,P1.disMarksIn.numtrue,P1.disMarksOut.numtrue,P1.delayPassedIn.numtrue,P1.delayPassedIn.anytrue,T1.activation.weaklyOutputActiveVec[1],T1.activation.active,T1.activation.NoTokens,P1.enableIn.TEin_[1],P1.enableIn.posTE,P1.enableIn.k,P1.enableIn.endWhile,P1.enableIn.state128[4],P1.enableIn.state128[3],P1.enableIn.state128[2],P1.enableIn.state128[1],P1.enableIn.randNum,P1.enableIn.cumEnablingProb[1],P1.enableIn.sumEnablingProbTAin,P1.enableIn.nTAin,P1.enableIn.nremTAin,P1.enableIn.remTAin[1],P1.enableIn.Index,P1.enableIn.arcWeightSum,P1.enableIn.disTAin[1],$whenCondition1,P1.enableIn.TEin[1],P1.disMarkChange)
 * Number of clocked states: 0 ()
 * Top-level inputs: 0
Notification: Strong component statistics for simulation (27):
 * Single equations (assignments): 17
 * Array equations: 0
 * Algorithm blocks: 9
 * Record equations: 0
 * When equations: 0
 * If-equations: 0
 * Equation systems (not torn): 0
 * Torn equation systems: 1
 * Mixed (continuous/discrete) equation systems: 0
Notification: Torn system details for strict tearing set:
 * Linear torn systems (#iteration vars, #inner vars, density): 0 systems
 * Non-linear torn systems (#iteration vars, #inner vars): 1 system
   {(1,4)}
Notification: Performance of Backend phase and start with SimCode phase: time 0.000747/0.1695, allocations: 332.5 kB / 467 MB, free: 8.684 MB / 346.7 MB
Notification: Performance of simCode: created initialization part: time 0.002513/0.172, allocations: 1.87 MB / 468.9 MB, free: 6.672 MB / 346.7 MB
Notification: Performance of simCode: created event and clocks part: time 3.216e-06/0.1721, allocations: 3.375 kB / 468.9 MB, free: 6.672 MB / 346.7 MB
Notification: Performance of simCode: created simulation system equations: time 0.002027/0.1741, allocations: 2.302 MB / 471.2 MB, free: 4.254 MB / 346.7 MB
Notification: Performance of simCode: created of all other equations (e.g. parameter, nominal, assert, etc): time 0.0006055/0.1747, allocations: 98.98 kB / 471.3 MB, free: 4.164 MB / 346.7 MB
Notification: Performance of simCode: created linear, non-linear and system jacobian parts: time 0.002398/0.1771, allocations: 1.376 MB / 472.7 MB, free: 2.754 MB / 346.7 MB
Notification: Performance of simCode: some other stuff during SimCode phase: time 0.0005239/0.1777, allocations: 0.9144 MB / 473.6 MB, free: 1.816 MB / 346.7 MB
Notification: Performance of simCode: alias equations: time 0.0003102/0.178, allocations: 132.4 kB / 473.7 MB, free: 1.688 MB / 346.7 MB
Notification: Performance of simCode: all other stuff during SimCode phase: time 9.329e-05/0.1781, allocations: 47.36 kB / 473.8 MB, free: 1.641 MB / 346.7 MB
Notification: Performance of SimCode: time 5.51e-07/0.1781, allocations: 0 / 473.8 MB, free: 1.641 MB / 346.7 MB
Notification: Performance of Templates: time 0.01895/0.1971, allocations: 10.97 MB / 484.7 MB, free: 6.641 MB / 362.7 MB
make -j1 -f PNlib_master_PNlib.Examples.ConTest.TCtoPCfunction.makefile
(rm -f PNlib_master_PNlib.Examples.ConTest.TCtoPCfunction.pipe ; mkfifo PNlib_master_PNlib.Examples.ConTest.TCtoPCfunction.pipe ; head -c 1048576 < PNlib_master_PNlib.Examples.ConTest.TCtoPCfunction.pipe >> ../files/PNlib_master_PNlib.Examples.ConTest.TCtoPCfunction.sim & ./PNlib_master_PNlib.Examples.ConTest.TCtoPCfunction  -abortSlowSimulation -alarm=480  -emit_protected -lv LOG_STATS > PNlib_master_PNlib.Examples.ConTest.TCtoPCfunction.pipe 2>&1)
diffSimulationResults("PNlib_master_PNlib.Examples.ConTest.TCtoPCfunction_res.mat","/home/runner/work/PNlib/PNlib/ReferenceFiles/PNlib.Examples.ConTest.TCtoPCfunction.mat","../files/PNlib_master_PNlib.Examples.ConTest.TCtoPCfunction.diff",relTol=0.003,relTolDiffMinMax=0.003,rangeDelta=0.001)
Reference file matches
