Running: ./testmodel.py --libraries=/home/runner/.openmodelica/libraries/ --ompython_omhome= PNlib_master_PNlib.Examples.ConTest.ZeroPlace.conf.json
loadFile("/home/runner/.openmodelica/libraries/ModelicaServices 4.0.0+maint.om/package.mo", uses=false)
loadFile("/home/runner/.openmodelica/libraries/Complex 4.0.0+maint.om/package.mo", uses=false)
loadFile("/home/runner/.openmodelica/libraries/Modelica 4.0.0+maint.om/package.mo", uses=false)
loadFile("/home/runner/work/PNlib/PNlib/PNlib/package.mo", uses=false)
Using package PNlib with version 2.2 (/home/runner/work/PNlib/PNlib/PNlib/package.mo)
Using package Modelica with version 4.0.0 (/home/runner/.openmodelica/libraries/Modelica 4.0.0+maint.om/package.mo)
Using package Complex with version 4.0.0 (/home/runner/.openmodelica/libraries/Complex 4.0.0+maint.om/package.mo)
Using package ModelicaServices with version 4.0.0 (/home/runner/.openmodelica/libraries/ModelicaServices 4.0.0+maint.om/package.mo)
Running command: translateModel(PNlib.Examples.ConTest.ZeroPlace,tolerance=1e-06,outputFormat="mat",numberOfIntervals=5000,variableFilter="P1.t|P2.t|T1.fire|T1.instantaneousSpeed|T1.maximumSpeed|T2.fire|T2.instantaneousSpeed|T2.maximumSpeed|time",fileNamePrefix="PNlib_master_PNlib.Examples.ConTest.ZeroPlace")
translateModel(PNlib.Examples.ConTest.ZeroPlace,tolerance=1e-06,outputFormat="mat",numberOfIntervals=5000,variableFilter="P1.t|P2.t|T1.fire|T1.instantaneousSpeed|T1.maximumSpeed|T2.fire|T2.instantaneousSpeed|T2.maximumSpeed|time",fileNamePrefix="PNlib_master_PNlib.Examples.ConTest.ZeroPlace")
Notification: Performance of loadFile(/home/runner/.openmodelica/libraries/ModelicaServices 4.0.0+maint.om/package.mo): time 0.001277/0.001277, allocations: 97.45 kB / 15.59 MB, free: 5.273 MB / 13.93 MB
Notification: Performance of loadFile(/home/runner/.openmodelica/libraries/Complex 4.0.0+maint.om/package.mo): time 0.00147/0.00147, allocations: 175.8 kB / 16.51 MB, free: 4.668 MB / 13.93 MB
Notification: Performance of loadFile(/home/runner/.openmodelica/libraries/Modelica 4.0.0+maint.om/package.mo): time 1.647/1.647, allocations: 222.1 MB / 239.4 MB, free: 11.12 MB / 202.7 MB
Notification: Performance of loadFile(/home/runner/work/PNlib/PNlib/PNlib/package.mo): time 0.09445/0.09445, allocations: 16.59 MB / 306.2 MB, free: 10.59 MB / 250.7 MB
Notification: Performance of FrontEnd - loaded program: time 0.0004782/0.0004782, allocations: 12.91 kB / 370.6 MB, free: 44.91 MB / 298.7 MB
Notification: Performance of FrontEnd - Absyn->SCode: time 0.0765/0.07699, allocations: 53.47 MB / 424.1 MB, free: 5.957 MB / 298.7 MB
Notification: Performance of NFInst.instantiate(PNlib.Examples.ConTest.ZeroPlace): time 0.003678/0.0807, allocations: 3.109 MB / 427.2 MB, free: 2.84 MB / 298.7 MB
Notification: Performance of NFInst.instExpressions: time 0.00401/0.08473, allocations: 2.493 MB / 429.7 MB, free: 356 kB / 298.7 MB
Notification: Performance of NFInst.updateImplicitVariability: time 0.0004391/0.08519, allocations: 15.94 kB / 429.7 MB, free: 340 kB / 298.7 MB
Notification: Performance of NFTyping.typeComponents: time 0.000484/0.0857, allocations: 265.9 kB / 429.9 MB, free: 72 kB / 298.7 MB
Notification: Performance of NFTyping.typeBindings: time 0.0008032/0.08651, allocations: 258 kB / 430.2 MB, free: 15.82 MB / 314.7 MB
Notification: Performance of NFTyping.typeClassSections: time 0.002629/0.08916, allocations: 1.122 MB / 431.3 MB, free: 14.7 MB / 314.7 MB
Notification: Performance of NFFlatten.flatten: time 0.00281/0.09198, allocations: 2.918 MB / 434.2 MB, free: 11.77 MB / 314.7 MB
Notification: Performance of NFFlatten.resolveConnections: time 0.0004583/0.09246, allocations: 391.8 kB / 434.6 MB, free: 11.37 MB / 314.7 MB
Notification: Performance of NFEvalConstants.evaluate: time 0.0009703/0.09344, allocations: 1.122 MB / 435.7 MB, free: 10.25 MB / 314.7 MB
Notification: Performance of NFSimplifyModel.simplify: time 0.0007604/0.09421, allocations: 0.8243 MB / 436.6 MB, free: 9.418 MB / 314.7 MB
Notification: Performance of NFPackage.collectConstants: time 0.0002706/0.09449, allocations: 216 kB / 436.8 MB, free: 9.207 MB / 314.7 MB
Notification: Performance of NFFlatten.collectFunctions: time 0.0008733/0.09537, allocations: 0.5854 MB / 437.4 MB, free: 8.621 MB / 314.7 MB
Notification: Performance of NFScalarize.scalarize: time 0.0005153/0.0959, allocations: 402.7 kB / 437.7 MB, free: 8.227 MB / 314.7 MB
Notification: Performance of NFVerifyModel.verify: time 0.0007156/0.09663, allocations: 0.9218 MB / 438.7 MB, free: 7.301 MB / 314.7 MB
Notification: Performance of NFConvertDAE.convert: time 0.00194/0.09858, allocations: 2.318 MB / 441 MB, free: 4.977 MB / 314.7 MB
Notification: Performance of FrontEnd - DAE generated: time 3.968e-06/0.09859, allocations: 0 / 441 MB, free: 4.977 MB / 314.7 MB
Notification: Performance of FrontEnd: time 1.592e-06/0.0986, allocations: 0 / 441 MB, free: 4.977 MB / 314.7 MB
Notification: Performance of Transformations before backend: time 1.47e-05/0.09862, allocations: 0 / 441 MB, free: 4.977 MB / 314.7 MB
Notification: Model statistics after passing the front-end and creating the data structures used by the back-end:
 * Number of equations: 430
 * Number of variables: 430
Notification: Performance of Generate backend data structure: time 0.003015/0.1016, allocations: 2.451 MB / 443.4 MB, free: 2.336 MB / 314.7 MB
Notification: Performance of prepare preOptimizeDAE: time 4.132e-05/0.1017, allocations: 8.031 kB / 443.4 MB, free: 2.328 MB / 314.7 MB
Notification: Performance of preOpt normalInlineFunction (simulation): time 0.002183/0.1039, allocations: 370.8 kB / 443.8 MB, free: 1.965 MB / 314.7 MB
Notification: Performance of preOpt evaluateParameters (simulation): time 0.00112/0.105, allocations: 0.7748 MB / 444.6 MB, free: 1.148 MB / 314.7 MB
Notification: Performance of preOpt simplifyIfEquations (simulation): time 0.0002571/0.1053, allocations: 394 kB / 445 MB, free: 0.707 MB / 314.7 MB
Notification: Performance of preOpt expandDerOperator (simulation): time 0.0002875/0.1056, allocations: 200 kB / 445.2 MB, free: 0.5117 MB / 314.7 MB
Notification: Performance of preOpt clockPartitioning (simulation): time 0.005396/0.111, allocations: 3.162 MB / 448.3 MB, free: 13.24 MB / 330.7 MB
Notification: Performance of preOpt findStateOrder (simulation): time 4.879e-05/0.1111, allocations: 15.22 kB / 448.3 MB, free: 13.23 MB / 330.7 MB
Notification: Performance of preOpt replaceEdgeChange (simulation): time 0.0002642/0.1113, allocations: 91.95 kB / 448.4 MB, free: 13.14 MB / 330.7 MB
Notification: Performance of preOpt inlineArrayEqn (simulation): time 0.0004593/0.1118, allocations: 158.4 kB / 448.6 MB, free: 12.98 MB / 330.7 MB
Notification: Performance of preOpt removeEqualRHS (simulation): time 0.003972/0.1158, allocations: 2.275 MB / 450.9 MB, free: 10.7 MB / 330.7 MB
Notification: Performance of preOpt removeSimpleEquations (simulation): time 0.008339/0.1241, allocations: 6.322 MB / 457.2 MB, free: 4.176 MB / 330.7 MB
Notification: Performance of preOpt comSubExp (simulation): time 0.00343/0.1276, allocations: 3.041 MB / 460.2 MB, free: 1.094 MB / 330.7 MB
Notification: Performance of preOpt resolveLoops (simulation): time 0.003383/0.131, allocations: 2.75 MB / 463 MB, free: 14.33 MB / 346.7 MB
Notification: Performance of preOpt evalFunc (simulation): time 0.003793/0.1348, allocations: 5.998 MB / 469 MB, free: 7.023 MB / 346.7 MB
Notification: Performance of preOpt encapsulateWhenConditions (simulation): time 0.002719/0.1376, allocations: 1.747 MB / 470.7 MB, free: 5.234 MB / 346.7 MB
Notification: Performance of pre-optimization done (n=154): time 3.206e-06/0.1376, allocations: 0 / 470.7 MB, free: 5.234 MB / 346.7 MB
Notification: Performance of matching and sorting (n=154): time 0.01059/0.1482, allocations: 5.752 MB / 476.5 MB, free: 15.34 MB / 362.7 MB
Notification: Performance of inlineWhenForInitialization (initialization): time 0.0006688/0.1489, allocations: 1.102 MB / 477.6 MB, free: 14.04 MB / 362.7 MB
Notification: Performance of selectInitializationVariablesDAE (initialization): time 0.0008524/0.1497, allocations: 0.7204 MB / 478.3 MB, free: 13.3 MB / 362.7 MB
Notification: Performance of collectPreVariables (initialization): time 0.0001639/0.1499, allocations: 109.7 kB / 478.4 MB, free: 13.19 MB / 362.7 MB
Notification: Performance of collectInitialEqns (initialization): time 0.0004981/0.1504, allocations: 0.5386 MB / 478.9 MB, free: 12.64 MB / 362.7 MB
Notification: Performance of collectInitialBindings (initialization): time 0.0002968/0.1507, allocations: 414.9 kB / 479.3 MB, free: 12.23 MB / 362.7 MB
Notification: Performance of simplifyInitialFunctions (initialization): time 0.0006449/0.1514, allocations: 488 kB / 479.8 MB, free: 11.75 MB / 362.7 MB
Notification: Performance of setup shared object (initialization): time 5.529e-05/0.1514, allocations: 338 kB / 480.2 MB, free: 11.41 MB / 362.7 MB
Notification: Performance of preBalanceInitialSystem (initialization): time 0.001646/0.1531, allocations: 0.9333 MB / 481.1 MB, free: 10.47 MB / 362.7 MB
Notification: Performance of partitionIndependentBlocks (initialization): time 0.001938/0.155, allocations: 1.679 MB / 482.8 MB, free: 8.453 MB / 362.7 MB
Notification: Performance of analyzeInitialSystem (initialization): time 0.003763/0.1588, allocations: 3.763 MB / 486.5 MB, free: 4.145 MB / 362.7 MB
Notification: Performance of solveInitialSystemEqSystem (initialization): time 1.466e-05/0.1588, allocations: 7.938 kB / 486.5 MB, free: 4.137 MB / 362.7 MB
Notification: Performance of matching and sorting (n=296) (initialization): time 0.006005/0.1649, allocations: 3.973 MB / 490.5 MB, free: 16 kB / 362.7 MB
Notification: Performance of prepare postOptimizeDAE: time 0.0005497/0.1654, allocations: 0.7278 MB / 491.2 MB, free: 15.15 MB / 378.7 MB
Notification: Performance of postOpt simplifyComplexFunction (initialization): time 0.003373/0.1688, allocations: 2.243 MB / 493.5 MB, free: 12.84 MB / 378.7 MB
Notification: Performance of postOpt tearingSystem (initialization): time 0.001185/0.17, allocations: 276.6 kB / 493.7 MB, free: 12.56 MB / 378.7 MB
Notification: Performance of postOpt solveSimpleEquations (initialization): time 0.0008927/0.1709, allocations: 251.4 kB / 494 MB, free: 12.32 MB / 378.7 MB
Notification: Performance of postOpt calculateStrongComponentJacobians (initialization): time 0.0009752/0.1719, allocations: 0.8557 MB / 494.8 MB, free: 11.44 MB / 378.7 MB
Notification: Performance of postOpt simplifyAllExpressions (initialization): time 0.001278/0.1732, allocations: 265.7 kB / 495.1 MB, free: 11.18 MB / 378.7 MB
Notification: Performance of postOpt collapseArrayExpressions (initialization): time 0.0001978/0.1734, allocations: 124 kB / 495.2 MB, free: 11.05 MB / 378.7 MB
Warning: Assuming fixed start value for the following 36 variables:
         P2.enableOut.Index:DISCRETE(fixed = true protected = true )  type: Integer
         P2.enableOut.endWhile:DISCRETE(fixed = true protected = true )  type: Boolean
         P2.enableOut.sumEnablingProbTAout:DISCRETE(fixed = true protected = true )  "sum of the enabling probabilities of the active output transitions" type: Real
         P2.enableOut.posTE:DISCRETE(fixed = true protected = true )  "possible enabled transition" type: Integer
         P2.enableOut.k:DISCRETE(fixed = true protected = true )  "iteration index" type: Integer
         P2.enableOut.nTAout:DISCRETE(fixed = true protected = true )  "number of active output transitions" type: Integer
         P2.enableOut.nremTAout:DISCRETE(fixed = true protected = true )  "number of remaining active output transitions" type: Integer
         P2.enableOut.arcWeightSum:DISCRETE(fixed = true protected = true )  "arc weight sum" type: Real
         P2.enableIn.posTE:DISCRETE(fixed = true protected = true )  "possible enabled transition" type: Integer
         P2.enableIn.k:DISCRETE(fixed = true protected = true )  "iteration index" type: Integer
         P2.enableIn.endWhile:DISCRETE(fixed = true protected = true )  type: Boolean
         P2.enableIn.sumEnablingProbTAin:DISCRETE(fixed = true protected = true )  "sum of the enabling probabilities of the active input transitions" type: Real
         P2.enableIn.nTAin:DISCRETE(fixed = true protected = true )  "number ofactive input transitions" type: Integer
         P2.enableIn.nremTAin:DISCRETE(fixed = true protected = true )  "number of remaining active input transitions" type: Integer
         P2.enableIn.Index:DISCRETE(fixed = true protected = true )  "priority Index" type: Integer
         P2.enableIn.arcWeightSum:DISCRETE(fixed = true protected = true )  "arc weight sum" type: Real
         P1.enableOut.posTE:DISCRETE(fixed = true protected = true )  "possible enabled transition" type: Integer
         P1.enableOut.k:DISCRETE(fixed = true protected = true )  "iteration index" type: Integer
         P1.enableOut.endWhile:DISCRETE(fixed = true protected = true )  type: Boolean
         P1.enableOut.sumEnablingProbTAout:DISCRETE(fixed = true protected = true )  "sum of the enabling probabilities of the active output transitions" type: Real
         P1.enableOut.nTAout:DISCRETE(fixed = true protected = true )  "number of active output transitions" type: Integer
         P1.enableOut.nremTAout:DISCRETE(fixed = true protected = true )  "number of remaining active output transitions" type: Integer
         P1.enableOut.Index:DISCRETE(fixed = true protected = true )  type: Integer
         P1.enableOut.arcWeightSum:DISCRETE(fixed = true protected = true )  "arc weight sum" type: Real
         P1.enableIn.posTE:DISCRETE(fixed = true protected = true )  "possible enabled transition" type: Integer
         P1.enableIn.k:DISCRETE(fixed = true protected = true )  "iteration index" type: Integer
         P1.enableIn.endWhile:DISCRETE(fixed = true protected = true )  type: Boolean
         P1.enableIn.sumEnablingProbTAin:DISCRETE(fixed = true protected = true )  "sum of the enabling probabilities of the active input transitions" type: Real
         P1.enableIn.nTAin:DISCRETE(fixed = true protected = true )  "number ofactive input transitions" type: Integer
         P1.enableIn.nremTAin:DISCRETE(fixed = true protected = true )  "number of remaining active input transitions" type: Integer
         P1.enableIn.Index:DISCRETE(fixed = true protected = true )  "priority Index" type: Integer
         P1.enableIn.arcWeightSum:DISCRETE(fixed = true protected = true )  "arc weight sum" type: Real
         P2.disMarksIn.anytrue:DISCRETE(fixed = true protected = true )  type: Boolean
         P2.disMarksOut.anytrue:DISCRETE(fixed = true protected = true )  type: Boolean
         P1.disMarksIn.anytrue:DISCRETE(fixed = true protected = true )  type: Boolean
         P1.disMarksOut.anytrue:DISCRETE(fixed = true protected = true )  type: Boolean
Notification: Model statistics after passing the back-end for initialization:
 * Number of independent subsystems: 100
 * Number of states: 0 ()
 * Number of discrete variables: 235 ($PRE.P2.enableOut.Index,P2.enableOut.Index,$PRE.P2.enableOut.endWhile,P2.enableOut.endWhile,$PRE.P2.enableOut.sumEnablingProbTAout,P2.enableOut.sumEnablingProbTAout,P2.enableOut.randNum,$PRE.P2.enableOut.randNum,P2.enableOut.state128[4],$PRE.P2.enableOut.state128[4],P2.enableOut.state128[3],$PRE.P2.enableOut.state128[3],P2.enableOut.state128[2],$PRE.P2.enableOut.state128[2],P2.enableOut.state128[1],$PRE.P2.enableOut.state128[1],$PRE.P2.enableOut.posTE,P2.enableOut.posTE,$PRE.P2.enableOut.k,P2.enableOut.k,$PRE.P2.enableOut.nTAout,P2.enableOut.nTAout,$PRE.P2.enableOut.nremTAout,P2.enableOut.nremTAout,$PRE.P2.enableOut.arcWeightSum,P2.enableOut.arcWeightSum,P2.delayPassedOut.numtrue,P2.delayPassedOut.anytrue,$whenCondition6,$PRE.P2.enableIn.posTE,P2.enableIn.posTE,$PRE.P2.enableIn.k,P2.enableIn.k,$PRE.P2.enableIn.endWhile,P2.enableIn.endWhile,P2.enableIn.randNum,$PRE.P2.enableIn.randNum,P2.enableIn.state128[4],$PRE.P2.enableIn.state128[4],P2.enableIn.state128[3],$PRE.P2.enableIn.state128[3],P2.enableIn.state128[2],$PRE.P2.enableIn.state128[2],P2.enableIn.state128[1],$PRE.P2.enableIn.state128[1],P2.enableIn.cumEnablingProb[1],$PRE.P2.enableIn.cumEnablingProb[1],$PRE.P2.enableIn.sumEnablingProbTAin,P2.enableIn.sumEnablingProbTAin,$PRE.P2.enableIn.nTAin,P2.enableIn.nTAin,$PRE.P2.enableIn.nremTAin,P2.enableIn.nremTAin,P2.enableIn.remTAin[1],$PRE.P2.enableIn.remTAin[1],$PRE.P2.enableIn.Index,P2.enableIn.Index,$PRE.P2.enableIn.arcWeightSum,P2.enableIn.arcWeightSum,P2.enableIn.disTAin[1],$PRE.P2.enableIn.disTAin[1],$PRE.P1.enableOut.posTE,P1.enableOut.posTE,$PRE.P1.enableOut.k,P1.enableOut.k,$PRE.P1.enableOut.endWhile,P1.enableOut.endWhile,P1.enableOut.randNum,$PRE.P1.enableOut.randNum,P1.enableOut.state128[4],$PRE.P1.enableOut.state128[4],P1.enableOut.state128[3],$PRE.P1.enableOut.state128[3],P1.enableOut.state128[2],$PRE.P1.enableOut.state128[2],P1.enableOut.state128[1],$PRE.P1.enableOut.state128[1],P1.enableOut.cumEnablingProb[1],$PRE.P1.enableOut.cumEnablingProb[1],$PRE.P1.enableOut.sumEnablingProbTAout,P1.enableOut.sumEnablingProbTAout,$PRE.P1.enableOut.nTAout,P1.enableOut.nTAout,$PRE.P1.enableOut.nremTAout,P1.enableOut.nremTAout,P1.enableOut.remTAout[1],$PRE.P1.enableOut.remTAout[1],$PRE.P1.enableOut.Index,P1.enableOut.Index,$PRE.P1.enableOut.arcWeightSum,P1.enableOut.arcWeightSum,P1.enableOut.disTAout[1],$PRE.P1.enableOut.disTAout[1],$PRE.P1.enableIn.posTE,P1.enableIn.posTE,$PRE.P1.enableIn.k,P1.enableIn.k,$PRE.P1.enableIn.endWhile,P1.enableIn.endWhile,P1.enableIn.randNum,$PRE.P1.enableIn.randNum,P1.enableIn.state128[4],$PRE.P1.enableIn.state128[4],P1.enableIn.state128[3],$PRE.P1.enableIn.state128[3],P1.enableIn.state128[2],$PRE.P1.enableIn.state128[2],P1.enableIn.state128[1],$PRE.P1.enableIn.state128[1],P1.enableIn.cumEnablingProb[1],$PRE.P1.enableIn.cumEnablingProb[1],$PRE.P1.enableIn.sumEnablingProbTAin,P1.enableIn.sumEnablingProbTAin,$PRE.P1.enableIn.nTAin,P1.enableIn.nTAin,$PRE.P1.enableIn.nremTAin,P1.enableIn.nremTAin,P1.enableIn.remTAin[1],$PRE.P1.enableIn.remTAin[1],$PRE.P1.enableIn.Index,P1.enableIn.Index,$PRE.P1.enableIn.arcWeightSum,P1.enableIn.arcWeightSum,P1.enableIn.disTAin[1],$PRE.P1.enableIn.disTAin[1],$PRE.P1.disMarksInOut,P1.outTransition[1].tokenInOut,$PRE.P2.disMarksIn.anytrue,$PRE.P2.disMarksOut.anytrue,P2.disMarksInOut,$whenCondition5,$PRE.P1.disMarksIn.anytrue,$PRE.P1.disMarksOut.anytrue,P1.disMarksInOut,$whenCondition4,P2.disMarksOut.numtrue,P2.disMarksOut.anytrue,P2.inTransition[1].disPlace,P2.inTransition[1].maxTokensint,P2.inTransition[1].tint,T2.outPlaces[1].disTransition,T2.outPlaces[1].enabledByInPlaces,P2.reStart,T2.firingCon,T2.inPlaces[1].disTransition,P1.outTransition[1].normalArc,P1.outTransition[1].testValueint,P1.outTransition[1].arcType,P1.outTransition[1].disPlace,P1.outTransition[1].minTokensint,P1.outTransition[1].tint,P1.inTransition[1].disPlace,P1.inTransition[1].maxTokensint,P1.inTransition[1].tint,T1.outPlaces[1].disTransition,T1.outPlaces[1].enabledByInPlaces,P1.reStart,T1.firingCon,P1.disMarksOut.vec[1],P1.disMarksOut.numtrue,P1.disMarksOut.anytrue,P1.disMarksIn.vec[1],P1.disMarksIn.numtrue,P1.disMarksIn.anytrue,P2.disMarksIn.vec[1],P2.disMarksIn.numtrue,P2.disMarksIn.anytrue,T1.fire_,T1.activation.arcWeightIntOut[1],P1.delayPassedOut.vec[1],P1.delayPassedIn.vec[1],T2.activation.arcWeightIntIn[1],T2.activation.arcWeightIntOut[1],P2.delayPassedIn.vec[1],T2.activation.disPlaceOut[1],T2.activation.maxTokensInt[1],T2.activation.tIntOut[1],T2.activation.normalArc[1],T2.activation.testValueInt[1],T2.activation.arcType[1],T2.activation.disPlaceIn[1],T2.activation.minTokensInt[1],T2.activation.tIntIn[1],T1.activation.disPlaceOut[1],T1.activation.maxTokensInt[1],T1.activation.tIntOut[1],P2.emptying.numtrue,P2.emptying.anytrue,P2.feeding.numtrue,P2.feeding.anytrue,P2.feeding.vec[1],P2.delayPassedIn.numtrue,P2.delayPassedIn.anytrue,P2.enableIn.TEin[1],$PRE.P2.enableIn.TEin[1],P2.enableIn.TEin_[1],P2.enableIn.active[1],P2.fireIn[1],$PRE.P2.fireIn[1],T2.fire_,T2.activation.NoTokens,T2.activation.weaklyOutputActiveVec[1],T2.activation.weaklyInputActiveVec[1],T2.activation.active,T2.activation.emptied[1],T2.activation.fed[1],P1.emptying.numtrue,P1.emptying.anytrue,P1.emptying.vec[1],P1.feeding.numtrue,P1.feeding.anytrue,P1.feeding.vec[1],P1.delayPassedIn.numtrue,P1.delayPassedIn.anytrue,P1.delayPassedOut.numtrue,P1.delayPassedOut.anytrue,P1.enableOut.TEout[1],$PRE.P1.enableOut.TEout[1],P1.enableOut.TEout_[1],P1.enableOut.TAout[1],P1.enableIn.TEin[1],$PRE.P1.enableIn.TEin[1],P1.enableIn.TEin_[1],P1.enableIn.active[1],P1.fireOut[1],$PRE.P1.fireOut[1],P1.fireIn[1],$PRE.P1.fireIn[1],T1.activation.NoTokens,T1.activation.weaklyOutputActiveVec[1],T1.activation.active,T1.activation.emptied[1],$whenCondition3,$whenCondition2,$whenCondition1)
 * Number of discrete states: 0 ()
 * Number of clocked states: 0 ()
 * Top-level inputs: 0
Notification: Strong component statistics for initialization (248):
 * Single equations (assignments): 225
 * Array equations: 0
 * Algorithm blocks: 22
 * Record equations: 0
 * When equations: 0
 * If-equations: 0
 * Equation systems (not torn): 0
 * Torn equation systems: 1
 * Mixed (continuous/discrete) equation systems: 0
Notification: Torn system details for strict tearing set:
 * Linear torn systems (#iteration vars, #inner vars, density): 0 systems
 * Non-linear torn systems (#iteration vars, #inner vars): 1 system
   {(3,9)}
Notification: Performance of prepare postOptimizeDAE: time 0.001818/0.1753, allocations: 1.522 MB / 496.8 MB, free: 9.414 MB / 378.7 MB
Notification: Performance of postOpt lateInlineFunction (simulation): time 0.0004287/0.1757, allocations: 146.9 kB / 496.9 MB, free: 9.27 MB / 378.7 MB
Notification: Performance of postOpt wrapFunctionCalls (simulation): time 0.007299/0.183, allocations: 4.703 MB / 0.4898 GB, free: 4.461 MB / 378.7 MB
Notification: Performance of postOpt inlineArrayEqn (simulation): time 1.994e-05/0.183, allocations: 8 kB / 0.4898 GB, free: 4.453 MB / 378.7 MB
Notification: Performance of postOpt constantLinearSystem (simulation): time 6.122e-06/0.1831, allocations: 4 kB / 0.4899 GB, free: 4.449 MB / 378.7 MB
Notification: Performance of postOpt simplifysemiLinear (simulation): time 1.108e-05/0.1831, allocations: 7.922 kB / 0.4899 GB, free: 4.441 MB / 378.7 MB
Notification: Performance of postOpt removeSimpleEquations (simulation): time 0.2236/0.4067, allocations: 6.729 MB / 0.4964 GB, free: 76 MB / 378.7 MB
Notification: Performance of postOpt simplifyComplexFunction (simulation): time 0.00735/0.4141, allocations: 4.575 MB / 0.5009 GB, free: 75.42 MB / 378.7 MB
Notification: Performance of postOpt solveSimpleEquations (simulation): time 0.0003337/0.4145, allocations: 59.34 kB / 0.501 GB, free: 75.42 MB / 378.7 MB
Notification: Performance of postOpt tearingSystem (simulation): time 0.0007222/0.4152, allocations: 214.7 kB / 0.5012 GB, free: 75.41 MB / 378.7 MB
Notification: Performance of postOpt inputDerivativesUsed (simulation): time 0.0002852/0.4155, allocations: 92.33 kB / 0.5012 GB, free: 75.41 MB / 378.7 MB
Notification: Performance of postOpt calculateStrongComponentJacobians (simulation): time 0.000814/0.4164, allocations: 0.8213 MB / 0.5021 GB, free: 74.9 MB / 378.7 MB
Notification: Performance of postOpt calculateStateSetsJacobians (simulation): time 3.456e-06/0.4164, allocations: 1.406 kB / 0.5021 GB, free: 74.9 MB / 378.7 MB
Notification: Performance of postOpt symbolicJacobian (simulation): time 0.01241/0.4288, allocations: 6.857 MB / 0.5087 GB, free: 73.8 MB / 378.7 MB
Notification: Performance of postOpt removeConstants (simulation): time 0.0001881/0.429, allocations: 179.2 kB / 0.5089 GB, free: 73.71 MB / 378.7 MB
Notification: Performance of postOpt simplifyTimeIndepFuncCalls (simulation): time 0.000443/0.4295, allocations: 163.3 kB / 0.5091 GB, free: 73.66 MB / 378.7 MB
Notification: Performance of postOpt simplifyAllExpressions (simulation): time 0.001209/0.4307, allocations: 148.6 kB / 0.5092 GB, free: 73.64 MB / 378.7 MB
Notification: Performance of postOpt findZeroCrossings (simulation): time 0.0007286/0.4314, allocations: 359.6 kB / 0.5096 GB, free: 73.55 MB / 378.7 MB
Notification: Performance of postOpt collapseArrayExpressions (simulation): time 0.0002525/0.4317, allocations: 105.8 kB / 0.5097 GB, free: 73.53 MB / 378.7 MB
Notification: Performance of sorting global known variables: time 0.0004375/0.4321, allocations: 403.9 kB / 0.51 GB, free: 73.35 MB / 378.7 MB
Notification: Performance of sort global known variables: time 7.51e-07/0.4321, allocations: 0 / 0.51 GB, free: 73.35 MB / 378.7 MB
Notification: Performance of remove unused functions: time 0.001686/0.4338, allocations: 0.6107 MB / 0.5106 GB, free: 73.29 MB / 378.7 MB
Notification: Model statistics after passing the back-end for simulation:
 * Number of independent subsystems: 2
 * Number of states: 2 (P1.t_,P2.t_)
 * Number of discrete variables: 121 (P2.disMarksInOut,$cse3[1],$whenCondition5,$whenCondition4,$whenCondition1,$whenCondition2,$whenCondition3,T1.activation.emptied[1],T1.activation.active,T1.activation.weaklyOutputActiveVec[1],T1.activation.NoTokens,P1.outTransition[1].tokenInOut,P1.disMarksInOut,P1.fireIn[1],P1.fireOut[1],P1.enableIn.active[1],P1.enableIn.TEin_[1],P1.enableIn.state128[1],P1.enableIn.state128[2],P1.enableIn.state128[3],P1.enableIn.state128[4],P1.enableIn.TEin[1],P1.enableIn.disTAin[1],P1.enableIn.remTAin[1],P1.enableIn.cumEnablingProb[1],P1.enableIn.arcWeightSum,P1.enableIn.nremTAin,P1.enableIn.nTAin,P1.enableIn.k,P1.enableIn.posTE,P1.enableIn.randNum,P1.enableIn.sumEnablingProbTAin,P1.enableIn.endWhile,P1.enableIn.Index,P1.enableOut.TAout[1],P1.enableOut.TEout_[1],P1.enableOut.state128[1],P1.enableOut.state128[2],P1.enableOut.state128[3],P1.enableOut.state128[4],P1.enableOut.TEout[1],P1.enableOut.disTAout[1],P1.enableOut.remTAout[1],P1.enableOut.cumEnablingProb[1],P1.enableOut.arcWeightSum,P1.enableOut.nremTAout,P1.enableOut.nTAout,P1.enableOut.k,P1.enableOut.posTE,P1.enableOut.randNum,P1.enableOut.sumEnablingProbTAout,P1.enableOut.endWhile,P1.enableOut.Index,P1.delayPassedOut.anytrue,P1.delayPassedOut.numtrue,P1.delayPassedIn.anytrue,P1.delayPassedIn.numtrue,P1.disMarksOut.anytrue,P1.disMarksOut.numtrue,P1.disMarksIn.anytrue,P1.disMarksIn.numtrue,P1.feeding.vec[1],P1.feeding.anytrue,P1.feeding.numtrue,P1.emptying.vec[1],P1.emptying.anytrue,P1.emptying.numtrue,T2.activation.fed[1],T2.activation.emptied[1],T2.activation.active,T2.activation.weaklyInputActiveVec[1],T2.activation.weaklyOutputActiveVec[1],T2.activation.NoTokens,T2.fire_,P2.fireIn[1],P2.enableIn.active[1],P2.enableIn.TEin_[1],P2.enableIn.state128[1],P2.enableIn.state128[2],P2.enableIn.state128[3],P2.enableIn.state128[4],P2.enableIn.TEin[1],P2.enableIn.disTAin[1],P2.enableIn.remTAin[1],P2.enableIn.cumEnablingProb[1],P2.enableIn.arcWeightSum,P2.enableIn.nremTAin,P2.enableIn.nTAin,P2.enableIn.k,P2.enableIn.posTE,P2.enableIn.randNum,P2.enableIn.sumEnablingProbTAin,P2.enableIn.endWhile,P2.enableIn.Index,P2.delayPassedIn.anytrue,P2.delayPassedIn.numtrue,P2.disMarksOut.anytrue,P2.disMarksOut.numtrue,P2.disMarksIn.anytrue,P2.disMarksIn.numtrue,P2.feeding.vec[1],P2.feeding.anytrue,P2.feeding.numtrue,P2.emptying.anytrue,P2.emptying.numtrue,$whenCondition6,P2.enableOut.state128[1],P2.enableOut.state128[2],P2.enableOut.state128[3],P2.enableOut.state128[4],P2.enableOut.arcWeightSum,P2.enableOut.nremTAout,P2.enableOut.nTAout,P2.enableOut.k,P2.enableOut.posTE,P2.enableOut.randNum,P2.enableOut.sumEnablingProbTAout,P2.enableOut.endWhile,P2.enableOut.Index,P2.delayPassedOut.anytrue,P2.delayPassedOut.numtrue)
 * Number of discrete states: 108 (P2.delayPassedOut.numtrue,P2.delayPassedOut.anytrue,P2.enableOut.Index,P2.enableOut.endWhile,P2.enableOut.sumEnablingProbTAout,P2.enableOut.state128[4],P2.enableOut.state128[3],P2.enableOut.state128[2],P2.enableOut.state128[1],P2.enableOut.randNum,P2.enableOut.posTE,P2.enableOut.k,P2.enableOut.nTAout,P2.enableOut.nremTAout,P2.enableOut.arcWeightSum,$whenCondition6,P1.disMarksInOut,P2.fireIn[1],P2.disMarksOut.anytrue,P2.disMarksIn.anytrue,P1.fireIn[1],P1.fireOut[1],P1.disMarksOut.anytrue,P1.disMarksIn.anytrue,P2.emptying.numtrue,P2.emptying.anytrue,P2.feeding.numtrue,P2.feeding.anytrue,P2.disMarksIn.numtrue,P2.disMarksOut.numtrue,P2.delayPassedIn.numtrue,P2.delayPassedIn.anytrue,P1.emptying.numtrue,P1.emptying.anytrue,P1.feeding.numtrue,P1.feeding.anytrue,T2.activation.weaklyOutputActiveVec[1],T2.activation.weaklyInputActiveVec[1],T2.activation.active,T2.activation.NoTokens,P2.enableIn.TEin_[1],P2.enableIn.posTE,P2.enableIn.k,P2.enableIn.endWhile,P2.enableIn.state128[4],P2.enableIn.state128[3],P2.enableIn.state128[2],P2.enableIn.state128[1],P2.enableIn.randNum,P2.enableIn.cumEnablingProb[1],P2.enableIn.sumEnablingProbTAin,P2.enableIn.nTAin,P2.enableIn.nremTAin,P2.enableIn.remTAin[1],P2.enableIn.Index,P2.enableIn.arcWeightSum,P2.enableIn.disTAin[1],$whenCondition3,P2.enableIn.TEin[1],P1.disMarksIn.numtrue,P1.disMarksOut.numtrue,P1.delayPassedIn.numtrue,P1.delayPassedIn.anytrue,P1.delayPassedOut.numtrue,P1.delayPassedOut.anytrue,P1.enableOut.TEout_[1],P1.enableOut.posTE,P1.enableOut.k,P1.enableOut.endWhile,P1.enableOut.state128[4],P1.enableOut.state128[3],P1.enableOut.state128[2],P1.enableOut.state128[1],P1.enableOut.randNum,P1.enableOut.cumEnablingProb[1],P1.enableOut.sumEnablingProbTAout,P1.enableOut.nTAout,P1.enableOut.nremTAout,P1.enableOut.remTAout[1],P1.enableOut.Index,P1.enableOut.arcWeightSum,P1.enableOut.disTAout[1],$whenCondition2,P1.enableOut.TEout[1],T1.activation.weaklyOutputActiveVec[1],T1.activation.active,T1.activation.NoTokens,P1.enableIn.TEin_[1],P1.enableIn.posTE,P1.enableIn.k,P1.enableIn.endWhile,P1.enableIn.state128[4],P1.enableIn.state128[3],P1.enableIn.state128[2],P1.enableIn.state128[1],P1.enableIn.randNum,P1.enableIn.cumEnablingProb[1],P1.enableIn.sumEnablingProbTAin,P1.enableIn.nTAin,P1.enableIn.nremTAin,P1.enableIn.remTAin[1],P1.enableIn.Index,P1.enableIn.arcWeightSum,P1.enableIn.disTAin[1],$whenCondition1,P1.enableIn.TEin[1],P2.disMarkChange,P1.disMarkChange)
 * Number of clocked states: 0 ()
 * Top-level inputs: 0
Notification: Strong component statistics for simulation (62):
 * Single equations (assignments): 42
 * Array equations: 1
 * Algorithm blocks: 18
 * Record equations: 0
 * When equations: 0
 * If-equations: 0
 * Equation systems (not torn): 0
 * Torn equation systems: 1
 * Mixed (continuous/discrete) equation systems: 0
Notification: Torn system details for strict tearing set:
 * Linear torn systems (#iteration vars, #inner vars, density): 0 systems
 * Non-linear torn systems (#iteration vars, #inner vars): 1 system
   {(3,11)}
Notification: Performance of Backend phase and start with SimCode phase: time 0.0009506/0.4348, allocations: 0.5038 MB / 0.5111 GB, free: 73.12 MB / 378.7 MB
Notification: Performance of simCode: created initialization part: time 0.006274/0.4411, allocations: 4.977 MB / 0.516 GB, free: 69.48 MB / 378.7 MB
Notification: Performance of simCode: created event and clocks part: time 4.058e-06/0.4411, allocations: 0 / 0.516 GB, free: 69.48 MB / 378.7 MB
Notification: Performance of simCode: created simulation system equations: time 0.004349/0.4455, allocations: 5.864 MB / 0.5217 GB, free: 63.43 MB / 378.7 MB
Notification: Performance of simCode: created of all other equations (e.g. parameter, nominal, assert, etc): time 0.0009923/0.4465, allocations: 195.8 kB / 0.5219 GB, free: 63.24 MB / 378.7 MB
Notification: Performance of simCode: created linear, non-linear and system jacobian parts: time 0.005718/0.4522, allocations: 3.508 MB / 0.5253 GB, free: 59.75 MB / 378.7 MB
Notification: Performance of simCode: some other stuff during SimCode phase: time 0.0007393/0.453, allocations: 1.309 MB / 0.5266 GB, free: 58.44 MB / 378.7 MB
Notification: Performance of simCode: alias equations: time 0.0006842/0.4537, allocations: 271.5 kB / 0.5269 GB, free: 58.18 MB / 378.7 MB
Notification: Performance of simCode: all other stuff during SimCode phase: time 0.0001563/0.4538, allocations: 75.42 kB / 0.5269 GB, free: 58.11 MB / 378.7 MB
Notification: Performance of SimCode: time 1.283e-06/0.4538, allocations: 0 / 0.5269 GB, free: 58.11 MB / 378.7 MB
Notification: Performance of Templates: time 0.04215/0.496, allocations: 26.5 MB / 0.5528 GB, free: 31.46 MB / 378.7 MB
make -j1 -f PNlib_master_PNlib.Examples.ConTest.ZeroPlace.makefile
(rm -f PNlib_master_PNlib.Examples.ConTest.ZeroPlace.pipe ; mkfifo PNlib_master_PNlib.Examples.ConTest.ZeroPlace.pipe ; head -c 1048576 < PNlib_master_PNlib.Examples.ConTest.ZeroPlace.pipe >> ../files/PNlib_master_PNlib.Examples.ConTest.ZeroPlace.sim & ./PNlib_master_PNlib.Examples.ConTest.ZeroPlace  -abortSlowSimulation -alarm=480  -emit_protected -lv LOG_STATS > PNlib_master_PNlib.Examples.ConTest.ZeroPlace.pipe 2>&1)
diffSimulationResults("PNlib_master_PNlib.Examples.ConTest.ZeroPlace_res.mat","/home/runner/work/PNlib/PNlib/ReferenceFiles/PNlib.Examples.ConTest.ZeroPlace.mat","../files/PNlib_master_PNlib.Examples.ConTest.ZeroPlace.diff",relTol=0.003,relTolDiffMinMax=0.003,rangeDelta=0.001)
Reference file matches
