Running: ./testmodel.py --libraries=/home/runner/.openmodelica/libraries/ --ompython_omhome= PNlib_master_PNlib.Examples.ConTest.PCtoTCfunction.conf.json
loadFile("/home/runner/.openmodelica/libraries/ModelicaServices 4.0.0+maint.om/package.mo", uses=false)
loadFile("/home/runner/.openmodelica/libraries/Complex 4.0.0+maint.om/package.mo", uses=false)
loadFile("/home/runner/.openmodelica/libraries/Modelica 4.0.0+maint.om/package.mo", uses=false)
loadFile("/home/runner/work/PNlib/PNlib/PNlib/package.mo", uses=false)
Using package PNlib with version 2.2 (/home/runner/work/PNlib/PNlib/PNlib/package.mo)
Using package Modelica with version 4.0.0 (/home/runner/.openmodelica/libraries/Modelica 4.0.0+maint.om/package.mo)
Using package Complex with version 4.0.0 (/home/runner/.openmodelica/libraries/Complex 4.0.0+maint.om/package.mo)
Using package ModelicaServices with version 4.0.0 (/home/runner/.openmodelica/libraries/ModelicaServices 4.0.0+maint.om/package.mo)
Running command: translateModel(PNlib.Examples.ConTest.PCtoTCfunction,tolerance=1e-06,outputFormat="mat",numberOfIntervals=5000,variableFilter="P1.t|T1.fire|T1.instantaneousSpeed|T1.maximumSpeed|time",fileNamePrefix="PNlib_master_PNlib.Examples.ConTest.PCtoTCfunction")
translateModel(PNlib.Examples.ConTest.PCtoTCfunction,tolerance=1e-06,outputFormat="mat",numberOfIntervals=5000,variableFilter="P1.t|T1.fire|T1.instantaneousSpeed|T1.maximumSpeed|time",fileNamePrefix="PNlib_master_PNlib.Examples.ConTest.PCtoTCfunction")
Notification: Performance of loadFile(/home/runner/.openmodelica/libraries/ModelicaServices 4.0.0+maint.om/package.mo): time 0.001001/0.001001, allocations: 96.34 kB / 15.59 MB, free: 4.816 MB / 13.93 MB
Notification: Performance of loadFile(/home/runner/.openmodelica/libraries/Complex 4.0.0+maint.om/package.mo): time 0.001021/0.001021, allocations: 173.9 kB / 16.5 MB, free: 4.352 MB / 13.93 MB
Notification: Performance of loadFile(/home/runner/.openmodelica/libraries/Modelica 4.0.0+maint.om/package.mo): time 1.647/1.647, allocations: 222.1 MB / 239.4 MB, free: 11.08 MB / 202.7 MB
Notification: Performance of loadFile(/home/runner/work/PNlib/PNlib/PNlib/package.mo): time 0.09664/0.09664, allocations: 16.59 MB / 306.2 MB, free: 10.58 MB / 250.7 MB
Notification: Performance of FrontEnd - loaded program: time 0.0004673/0.0004674, allocations: 17.2 kB / 370.6 MB, free: 44.9 MB / 298.7 MB
Notification: Performance of FrontEnd - Absyn->SCode: time 0.078/0.07848, allocations: 53.46 MB / 424.1 MB, free: 5.945 MB / 298.7 MB
Notification: Performance of NFInst.instantiate(PNlib.Examples.ConTest.PCtoTCfunction): time 0.002894/0.08141, allocations: 1.999 MB / 426.1 MB, free: 3.945 MB / 298.7 MB
Notification: Performance of NFInst.instExpressions: time 0.002907/0.08434, allocations: 1.684 MB / 427.7 MB, free: 2.262 MB / 298.7 MB
Notification: Performance of NFInst.updateImplicitVariability: time 0.000261/0.08462, allocations: 7.938 kB / 427.7 MB, free: 2.254 MB / 298.7 MB
Notification: Performance of NFTyping.typeComponents: time 0.0003019/0.08494, allocations: 135 kB / 427.9 MB, free: 2.121 MB / 298.7 MB
Notification: Performance of NFTyping.typeBindings: time 0.0004454/0.0854, allocations: 127 kB / 428 MB, free: 1.996 MB / 298.7 MB
Notification: Performance of NFTyping.typeClassSections: time 0.001382/0.08679, allocations: 0.697 MB / 428.7 MB, free: 1.301 MB / 298.7 MB
Notification: Performance of NFFlatten.flatten: time 0.001121/0.08793, allocations: 1.42 MB / 430.1 MB, free: 15.88 MB / 314.7 MB
Notification: Performance of NFFlatten.resolveConnections: time 0.0003231/0.08827, allocations: 177.5 kB / 430.3 MB, free: 15.69 MB / 314.7 MB
Notification: Performance of NFEvalConstants.evaluate: time 0.0006247/0.0889, allocations: 0.5414 MB / 430.8 MB, free: 15.15 MB / 314.7 MB
Notification: Performance of NFSimplifyModel.simplify: time 0.0007895/0.0897, allocations: 362.2 kB / 431.2 MB, free: 14.79 MB / 314.7 MB
Notification: Performance of NFPackage.collectConstants: time 0.0001433/0.08986, allocations: 91.94 kB / 431.3 MB, free: 14.7 MB / 314.7 MB
Notification: Performance of NFFlatten.collectFunctions: time 0.0006288/0.09049, allocations: 479.4 kB / 431.7 MB, free: 14.23 MB / 314.7 MB
Notification: Performance of NFScalarize.scalarize: time 0.0002079/0.09071, allocations: 171.4 kB / 431.9 MB, free: 14.07 MB / 314.7 MB
Notification: Performance of NFVerifyModel.verify: time 0.0003219/0.09105, allocations: 386.3 kB / 432.3 MB, free: 13.69 MB / 314.7 MB
Notification: Performance of NFConvertDAE.convert: time 0.001182/0.09224, allocations: 1.165 MB / 433.5 MB, free: 12.52 MB / 314.7 MB
Notification: Performance of FrontEnd - DAE generated: time 4.157e-06/0.09226, allocations: 0 / 433.5 MB, free: 12.52 MB / 314.7 MB
Notification: Performance of FrontEnd: time 1.713e-06/0.09227, allocations: 7.656 kB / 433.5 MB, free: 12.52 MB / 314.7 MB
Notification: Performance of Transformations before backend: time 9.689e-06/0.09228, allocations: 0 / 433.5 MB, free: 12.52 MB / 314.7 MB
Notification: Model statistics after passing the front-end and creating the data structures used by the back-end:
 * Number of equations: 180
 * Number of variables: 180
Notification: Performance of Generate backend data structure: time 0.001572/0.09386, allocations: 1.325 MB / 434.8 MB, free: 11.07 MB / 314.7 MB
Notification: Performance of prepare preOptimizeDAE: time 3.767e-05/0.09391, allocations: 8.031 kB / 434.8 MB, free: 11.07 MB / 314.7 MB
Notification: Performance of preOpt normalInlineFunction (simulation): time 0.0008319/0.09475, allocations: 144 kB / 434.9 MB, free: 10.93 MB / 314.7 MB
Notification: Performance of preOpt evaluateParameters (simulation): time 0.0007405/0.0955, allocations: 435 kB / 435.4 MB, free: 10.46 MB / 314.7 MB
Notification: Performance of preOpt simplifyIfEquations (simulation): time 0.0001231/0.09564, allocations: 154.5 kB / 435.5 MB, free: 10.29 MB / 314.7 MB
Notification: Performance of preOpt expandDerOperator (simulation): time 0.0001314/0.09578, allocations: 79.98 kB / 435.6 MB, free: 10.21 MB / 314.7 MB
Notification: Performance of preOpt clockPartitioning (simulation): time 0.001968/0.09775, allocations: 1.334 MB / 436.9 MB, free: 8.824 MB / 314.7 MB
Notification: Performance of preOpt findStateOrder (simulation): time 2.402e-05/0.09779, allocations: 7.938 kB / 436.9 MB, free: 8.816 MB / 314.7 MB
Notification: Performance of preOpt replaceEdgeChange (simulation): time 0.0002826/0.09808, allocations: 39.98 kB / 437 MB, free: 8.777 MB / 314.7 MB
Notification: Performance of preOpt inlineArrayEqn (simulation): time 0.0001066/0.0982, allocations: 57.27 kB / 437 MB, free: 8.723 MB / 314.7 MB
Notification: Performance of preOpt removeEqualRHS (simulation): time 0.001754/0.09996, allocations: 0.938 MB / 438 MB, free: 7.785 MB / 314.7 MB
Notification: Performance of preOpt removeSimpleEquations (simulation): time 0.003896/0.1039, allocations: 2.963 MB / 440.9 MB, free: 4.707 MB / 314.7 MB
Notification: Performance of preOpt comSubExp (simulation): time 0.001501/0.1054, allocations: 1.25 MB / 442.2 MB, free: 3.441 MB / 314.7 MB
Notification: Performance of preOpt resolveLoops (simulation): time 0.001366/0.1068, allocations: 1.135 MB / 443.3 MB, free: 2.301 MB / 314.7 MB
Notification: Performance of preOpt evalFunc (simulation): time 0.002235/0.109, allocations: 2.952 MB / 446.3 MB, free: 14.7 MB / 330.7 MB
Notification: Performance of preOpt encapsulateWhenConditions (simulation): time 0.001219/0.1103, allocations: 0.8052 MB / 447.1 MB, free: 13.87 MB / 330.7 MB
Notification: Performance of pre-optimization done (n=70): time 2.555e-06/0.1103, allocations: 0 / 447.1 MB, free: 13.87 MB / 330.7 MB
Notification: Performance of matching and sorting (n=70): time 0.004208/0.1145, allocations: 2.515 MB / 449.6 MB, free: 11.27 MB / 330.7 MB
Notification: Performance of inlineWhenForInitialization (initialization): time 0.000208/0.1147, allocations: 0.5481 MB / 450.1 MB, free: 10.62 MB / 330.7 MB
Notification: Performance of selectInitializationVariablesDAE (initialization): time 0.0003957/0.1151, allocations: 396 kB / 450.5 MB, free: 10.22 MB / 330.7 MB
Notification: Performance of collectPreVariables (initialization): time 8.7e-05/0.1152, allocations: 65.69 kB / 450.6 MB, free: 10.15 MB / 330.7 MB
Notification: Performance of collectInitialEqns (initialization): time 0.000165/0.1154, allocations: 288 kB / 450.9 MB, free: 9.859 MB / 330.7 MB
Notification: Performance of collectInitialBindings (initialization): time 0.0003237/0.1157, allocations: 181.8 kB / 451 MB, free: 9.68 MB / 330.7 MB
Notification: Performance of simplifyInitialFunctions (initialization): time 0.000321/0.1161, allocations: 222.5 kB / 451.3 MB, free: 9.457 MB / 330.7 MB
Notification: Performance of setup shared object (initialization): time 7.009e-05/0.1161, allocations: 366.8 kB / 451.6 MB, free: 9.09 MB / 330.7 MB
Notification: Performance of preBalanceInitialSystem (initialization): time 0.0007512/0.1169, allocations: 478 kB / 452.1 MB, free: 8.625 MB / 330.7 MB
Notification: Performance of partitionIndependentBlocks (initialization): time 0.001093/0.118, allocations: 0.8077 MB / 452.9 MB, free: 7.66 MB / 330.7 MB
Notification: Performance of analyzeInitialSystem (initialization): time 0.001824/0.1198, allocations: 1.773 MB / 454.7 MB, free: 5.625 MB / 330.7 MB
Notification: Performance of solveInitialSystemEqSystem (initialization): time 7.333e-06/0.1199, allocations: 0 / 454.7 MB, free: 5.625 MB / 330.7 MB
Notification: Performance of matching and sorting (n=134) (initialization): time 0.002879/0.1228, allocations: 1.928 MB / 456.6 MB, free: 3.617 MB / 330.7 MB
Notification: Performance of prepare postOptimizeDAE: time 0.000145/0.1229, allocations: 375.6 kB / 457 MB, free: 3.184 MB / 330.7 MB
Notification: Performance of postOpt simplifyComplexFunction (initialization): time 0.001707/0.1246, allocations: 1.079 MB / 458 MB, free: 2.07 MB / 330.7 MB
Notification: Performance of postOpt tearingSystem (initialization): time 0.0003919/0.125, allocations: 84.92 kB / 458.1 MB, free: 1.984 MB / 330.7 MB
Notification: Performance of postOpt solveSimpleEquations (initialization): time 0.0004046/0.1255, allocations: 115.7 kB / 458.2 MB, free: 1.871 MB / 330.7 MB
Notification: Performance of postOpt calculateStrongComponentJacobians (initialization): time 0.000611/0.1261, allocations: 0.6226 MB / 458.9 MB, free: 1.223 MB / 330.7 MB
Notification: Performance of postOpt simplifyAllExpressions (initialization): time 0.000717/0.1268, allocations: 130.9 kB / 459 MB, free: 1.094 MB / 330.7 MB
Notification: Performance of postOpt collapseArrayExpressions (initialization): time 0.0001305/0.1269, allocations: 59.98 kB / 459 MB, free: 1.035 MB / 330.7 MB
Warning: Assuming fixed start value for the following 18 variables:
         P1.enableOut.posTE:DISCRETE(fixed = true protected = true )  "possible enabled transition" type: Integer
         P1.enableOut.k:DISCRETE(fixed = true protected = true )  "iteration index" type: Integer
         P1.enableOut.endWhile:DISCRETE(fixed = true protected = true )  type: Boolean
         P1.enableOut.sumEnablingProbTAout:DISCRETE(fixed = true protected = true )  "sum of the enabling probabilities of the active output transitions" type: Real
         P1.enableOut.nTAout:DISCRETE(fixed = true protected = true )  "number of active output transitions" type: Integer
         P1.enableOut.nremTAout:DISCRETE(fixed = true protected = true )  "number of remaining active output transitions" type: Integer
         P1.enableOut.Index:DISCRETE(fixed = true protected = true )  type: Integer
         P1.enableOut.arcWeightSum:DISCRETE(fixed = true protected = true )  "arc weight sum" type: Real
         P1.disMarksIn.anytrue:DISCRETE(fixed = true protected = true )  type: Boolean
         P1.disMarksOut.anytrue:DISCRETE(fixed = true protected = true )  type: Boolean
         P1.enableIn.Index:DISCRETE(fixed = true protected = true )  "priority Index" type: Integer
         P1.enableIn.endWhile:DISCRETE(fixed = true protected = true )  type: Boolean
         P1.enableIn.sumEnablingProbTAin:DISCRETE(fixed = true protected = true )  "sum of the enabling probabilities of the active input transitions" type: Real
         P1.enableIn.posTE:DISCRETE(fixed = true protected = true )  "possible enabled transition" type: Integer
         P1.enableIn.k:DISCRETE(fixed = true protected = true )  "iteration index" type: Integer
         P1.enableIn.nTAin:DISCRETE(fixed = true protected = true )  "number ofactive input transitions" type: Integer
         P1.enableIn.nremTAin:DISCRETE(fixed = true protected = true )  "number of remaining active input transitions" type: Integer
         P1.enableIn.arcWeightSum:DISCRETE(fixed = true protected = true )  "arc weight sum" type: Real
Notification: Model statistics after passing the back-end for initialization:
 * Number of independent subsystems: 46
 * Number of states: 0 ()
 * Number of discrete variables: 108 ($PRE.P1.enableOut.posTE,P1.enableOut.posTE,$PRE.P1.enableOut.k,P1.enableOut.k,$PRE.P1.enableOut.endWhile,P1.enableOut.endWhile,P1.enableOut.randNum,$PRE.P1.enableOut.randNum,P1.enableOut.state128[4],$PRE.P1.enableOut.state128[4],P1.enableOut.state128[3],$PRE.P1.enableOut.state128[3],P1.enableOut.state128[2],$PRE.P1.enableOut.state128[2],P1.enableOut.state128[1],$PRE.P1.enableOut.state128[1],P1.enableOut.cumEnablingProb[1],$PRE.P1.enableOut.cumEnablingProb[1],$PRE.P1.enableOut.sumEnablingProbTAout,P1.enableOut.sumEnablingProbTAout,$PRE.P1.enableOut.nTAout,P1.enableOut.nTAout,$PRE.P1.enableOut.nremTAout,P1.enableOut.nremTAout,P1.enableOut.remTAout[1],$PRE.P1.enableOut.remTAout[1],$PRE.P1.enableOut.Index,P1.enableOut.Index,$PRE.P1.enableOut.arcWeightSum,P1.enableOut.arcWeightSum,P1.enableOut.disTAout[1],$PRE.P1.enableOut.disTAout[1],$PRE.P1.disMarksInOut,P1.outTransition[1].tokenInOut,$PRE.P1.disMarksIn.anytrue,$PRE.P1.disMarksOut.anytrue,P1.disMarksInOut,$whenCondition3,P1.disMarksIn.numtrue,P1.disMarksIn.anytrue,$PRE.P1.enableIn.Index,P1.enableIn.Index,$PRE.P1.enableIn.endWhile,P1.enableIn.endWhile,$PRE.P1.enableIn.sumEnablingProbTAin,P1.enableIn.sumEnablingProbTAin,P1.enableIn.randNum,$PRE.P1.enableIn.randNum,P1.enableIn.state128[4],$PRE.P1.enableIn.state128[4],P1.enableIn.state128[3],$PRE.P1.enableIn.state128[3],P1.enableIn.state128[2],$PRE.P1.enableIn.state128[2],P1.enableIn.state128[1],$PRE.P1.enableIn.state128[1],$PRE.P1.enableIn.posTE,P1.enableIn.posTE,$PRE.P1.enableIn.k,P1.enableIn.k,$PRE.P1.enableIn.nTAin,P1.enableIn.nTAin,$PRE.P1.enableIn.nremTAin,P1.enableIn.nremTAin,$PRE.P1.enableIn.arcWeightSum,P1.enableIn.arcWeightSum,P1.delayPassedIn.numtrue,P1.delayPassedIn.anytrue,$whenCondition1,T1.firingCon,T1.inPlaces[1].disTransition,P1.outTransition[1].normalArc,P1.outTransition[1].testValueint,P1.outTransition[1].arcType,P1.outTransition[1].disPlace,P1.outTransition[1].minTokensint,P1.outTransition[1].tint,P1.reStart,P1.disMarksOut.vec[1],P1.disMarksOut.numtrue,P1.disMarksOut.anytrue,P1.delayPassedOut.vec[1],T1.activation.arcWeightIntIn[1],T1.activation.normalArc[1],T1.activation.testValueInt[1],T1.activation.arcType[1],T1.activation.disPlaceIn[1],T1.activation.minTokensInt[1],T1.activation.tIntIn[1],T1.fire_,T1.activation.NoTokens,T1.activation.weaklyInputActiveVec[1],T1.activation.active,T1.activation.fed[1],P1.emptying.numtrue,P1.emptying.anytrue,P1.emptying.vec[1],P1.feeding.numtrue,P1.feeding.anytrue,P1.delayPassedOut.numtrue,P1.delayPassedOut.anytrue,P1.enableOut.TEout[1],$PRE.P1.enableOut.TEout[1],P1.enableOut.TEout_[1],P1.enableOut.TAout[1],P1.fireOut[1],$PRE.P1.fireOut[1],$whenCondition2)
 * Number of discrete states: 0 ()
 * Number of clocked states: 0 ()
 * Top-level inputs: 0
Notification: Strong component statistics for initialization (114):
 * Single equations (assignments): 102
 * Array equations: 0
 * Algorithm blocks: 11
 * Record equations: 0
 * When equations: 0
 * If-equations: 0
 * Equation systems (not torn): 0
 * Torn equation systems: 1
 * Mixed (continuous/discrete) equation systems: 0
Notification: Torn system details for strict tearing set:
 * Linear torn systems (#iteration vars, #inner vars, density): 0 systems
 * Non-linear torn systems (#iteration vars, #inner vars): 1 system
   {(1,3)}
Notification: Performance of prepare postOptimizeDAE: time 0.001114/0.1281, allocations: 0.7562 MB / 459.8 MB, free: 212 kB / 330.7 MB
Notification: Performance of postOpt lateInlineFunction (simulation): time 0.0002469/0.1283, allocations: 67.44 kB / 459.9 MB, free: 144 kB / 330.7 MB
Notification: Performance of postOpt wrapFunctionCalls (simulation): time 0.003854/0.1322, allocations: 1.992 MB / 461.9 MB, free: 14.1 MB / 346.7 MB
Notification: Performance of postOpt inlineArrayEqn (simulation): time 1.55e-05/0.1322, allocations: 7.938 kB / 461.9 MB, free: 14.09 MB / 346.7 MB
Notification: Performance of postOpt constantLinearSystem (simulation): time 5.72e-06/0.1322, allocations: 0 / 461.9 MB, free: 14.09 MB / 346.7 MB
Notification: Performance of postOpt simplifysemiLinear (simulation): time 7.404e-06/0.1322, allocations: 3.938 kB / 461.9 MB, free: 14.09 MB / 346.7 MB
Notification: Performance of postOpt removeSimpleEquations (simulation): time 0.003737/0.136, allocations: 2.712 MB / 464.6 MB, free: 11.27 MB / 346.7 MB
Notification: Performance of postOpt simplifyComplexFunction (simulation): time 0.002863/0.1389, allocations: 1.864 MB / 466.4 MB, free: 9.348 MB / 346.7 MB
Notification: Performance of postOpt solveSimpleEquations (simulation): time 0.0001817/0.1391, allocations: 31.92 kB / 466.5 MB, free: 9.316 MB / 346.7 MB
Notification: Performance of postOpt tearingSystem (simulation): time 0.0002328/0.1393, allocations: 64.75 kB / 466.5 MB, free: 9.25 MB / 346.7 MB
Notification: Performance of postOpt inputDerivativesUsed (simulation): time 0.0001076/0.1394, allocations: 43.97 kB / 466.6 MB, free: 9.207 MB / 346.7 MB
Notification: Performance of postOpt calculateStrongComponentJacobians (simulation): time 0.000539/0.14, allocations: 0.6031 MB / 467.2 MB, free: 8.578 MB / 346.7 MB
Notification: Performance of postOpt calculateStateSetsJacobians (simulation): time 1.743e-06/0.14, allocations: 0 / 467.2 MB, free: 8.578 MB / 346.7 MB
Notification: Performance of postOpt symbolicJacobian (simulation): time 0.004584/0.1446, allocations: 3.048 MB / 470.2 MB, free: 5.453 MB / 346.7 MB
Notification: Performance of postOpt removeConstants (simulation): time 8.075e-05/0.1447, allocations: 123.9 kB / 470.4 MB, free: 5.316 MB / 346.7 MB
Notification: Performance of postOpt simplifyTimeIndepFuncCalls (simulation): time 0.0001993/0.1449, allocations: 75.97 kB / 470.4 MB, free: 5.242 MB / 346.7 MB
Notification: Performance of postOpt simplifyAllExpressions (simulation): time 0.0006264/0.1455, allocations: 75.92 kB / 470.5 MB, free: 5.168 MB / 346.7 MB
Notification: Performance of postOpt findZeroCrossings (simulation): time 0.0004644/0.146, allocations: 255.8 kB / 470.8 MB, free: 4.918 MB / 346.7 MB
Notification: Performance of postOpt collapseArrayExpressions (simulation): time 0.0001231/0.1461, allocations: 43.97 kB / 470.8 MB, free: 4.875 MB / 346.7 MB
Notification: Performance of sorting global known variables: time 0.0004305/0.1466, allocations: 231 kB / 471 MB, free: 4.648 MB / 346.7 MB
Notification: Performance of sort global known variables: time 4.11e-07/0.1466, allocations: 0 / 471 MB, free: 4.648 MB / 346.7 MB
Notification: Performance of remove unused functions: time 0.001037/0.1477, allocations: 335.5 kB / 471.3 MB, free: 4.32 MB / 346.7 MB
Notification: Model statistics after passing the back-end for simulation:
 * Number of independent subsystems: 2
 * Number of states: 1 (P1.t_)
 * Number of discrete variables: 57 ($whenCondition1,P1.enableIn.state128[1],P1.enableIn.state128[2],P1.enableIn.state128[3],P1.enableIn.state128[4],P1.enableIn.arcWeightSum,P1.enableIn.nremTAin,P1.enableIn.nTAin,P1.enableIn.k,P1.enableIn.posTE,P1.enableIn.randNum,P1.enableIn.sumEnablingProbTAin,P1.enableIn.endWhile,P1.enableIn.Index,P1.delayPassedIn.anytrue,P1.delayPassedIn.numtrue,$cse2[1],$whenCondition3,$whenCondition2,P1.outTransition[1].tokenInOut,P1.disMarksInOut,P1.fireOut[1],P1.enableOut.TAout[1],P1.enableOut.TEout_[1],P1.enableOut.state128[1],P1.enableOut.state128[2],P1.enableOut.state128[3],P1.enableOut.state128[4],P1.enableOut.TEout[1],P1.enableOut.disTAout[1],P1.enableOut.remTAout[1],P1.enableOut.cumEnablingProb[1],P1.enableOut.arcWeightSum,P1.enableOut.nremTAout,P1.enableOut.nTAout,P1.enableOut.k,P1.enableOut.posTE,P1.enableOut.randNum,P1.enableOut.sumEnablingProbTAout,P1.enableOut.endWhile,P1.enableOut.Index,P1.delayPassedOut.anytrue,P1.delayPassedOut.numtrue,P1.disMarksOut.anytrue,P1.disMarksOut.numtrue,P1.disMarksIn.anytrue,P1.disMarksIn.numtrue,P1.feeding.anytrue,P1.feeding.numtrue,P1.emptying.vec[1],P1.emptying.anytrue,P1.emptying.numtrue,T1.activation.fed[1],T1.activation.active,T1.activation.weaklyInputActiveVec[1],T1.activation.NoTokens,T1.fire_)
 * Number of discrete states: 51 (P1.disMarksInOut,P1.fireOut[1],P1.disMarksOut.anytrue,P1.disMarksIn.anytrue,P1.emptying.numtrue,P1.emptying.anytrue,P1.feeding.numtrue,P1.feeding.anytrue,T1.activation.weaklyInputActiveVec[1],T1.activation.active,T1.activation.NoTokens,P1.disMarksIn.numtrue,P1.disMarksOut.numtrue,P1.delayPassedOut.numtrue,P1.delayPassedOut.anytrue,P1.enableOut.TEout_[1],P1.enableOut.posTE,P1.enableOut.k,P1.enableOut.endWhile,P1.enableOut.state128[4],P1.enableOut.state128[3],P1.enableOut.state128[2],P1.enableOut.state128[1],P1.enableOut.randNum,P1.enableOut.cumEnablingProb[1],P1.enableOut.sumEnablingProbTAout,P1.enableOut.nTAout,P1.enableOut.nremTAout,P1.enableOut.remTAout[1],P1.enableOut.Index,P1.enableOut.arcWeightSum,P1.enableOut.disTAout[1],$whenCondition2,P1.enableOut.TEout[1],P1.disMarkChange,P1.delayPassedIn.numtrue,P1.delayPassedIn.anytrue,P1.enableIn.Index,P1.enableIn.endWhile,P1.enableIn.sumEnablingProbTAin,P1.enableIn.state128[4],P1.enableIn.state128[3],P1.enableIn.state128[2],P1.enableIn.state128[1],P1.enableIn.randNum,P1.enableIn.posTE,P1.enableIn.k,P1.enableIn.nTAin,P1.enableIn.nremTAin,P1.enableIn.arcWeightSum,$whenCondition1)
 * Number of clocked states: 0 ()
 * Top-level inputs: 0
Notification: Strong component statistics for simulation (30):
 * Single equations (assignments): 19
 * Array equations: 1
 * Algorithm blocks: 9
 * Record equations: 0
 * When equations: 0
 * If-equations: 0
 * Equation systems (not torn): 0
 * Torn equation systems: 1
 * Mixed (continuous/discrete) equation systems: 0
Notification: Torn system details for strict tearing set:
 * Linear torn systems (#iteration vars, #inner vars, density): 0 systems
 * Non-linear torn systems (#iteration vars, #inner vars): 1 system
   {(1,4)}
Notification: Performance of Backend phase and start with SimCode phase: time 0.0007247/0.1484, allocations: 359.9 kB / 471.7 MB, free: 3.969 MB / 346.7 MB
Notification: Performance of simCode: created initialization part: time 0.002922/0.1514, allocations: 2.275 MB / 474 MB, free: 1.551 MB / 346.7 MB
Notification: Performance of simCode: created event and clocks part: time 3.507e-06/0.1514, allocations: 0 / 474 MB, free: 1.551 MB / 346.7 MB
Notification: Performance of simCode: created simulation system equations: time 0.002687/0.1541, allocations: 2.513 MB / 476.5 MB, free: 14.92 MB / 362.7 MB
Notification: Performance of simCode: created of all other equations (e.g. parameter, nominal, assert, etc): time 0.0006659/0.1547, allocations: 112.6 kB / 476.6 MB, free: 14.81 MB / 362.7 MB
Notification: Performance of simCode: created linear, non-linear and system jacobian parts: time 0.002711/0.1575, allocations: 1.563 MB / 478.2 MB, free: 13.22 MB / 362.7 MB
Notification: Performance of simCode: some other stuff during SimCode phase: time 0.0003497/0.1578, allocations: 0.9417 MB / 479.1 MB, free: 12.25 MB / 362.7 MB
Notification: Performance of simCode: alias equations: time 0.0003462/0.1582, allocations: 136.2 kB / 479.2 MB, free: 12.12 MB / 362.7 MB
Notification: Performance of simCode: all other stuff during SimCode phase: time 0.0001027/0.1583, allocations: 47.42 kB / 479.3 MB, free: 12.07 MB / 362.7 MB
Notification: Performance of SimCode: time 4.3e-07/0.1583, allocations: 0 / 479.3 MB, free: 12.07 MB / 362.7 MB
Notification: Performance of Templates: time 0.02261/0.1809, allocations: 13.38 MB / 492.7 MB, free: 14.61 MB / 378.7 MB
make -j1 -f PNlib_master_PNlib.Examples.ConTest.PCtoTCfunction.makefile
(rm -f PNlib_master_PNlib.Examples.ConTest.PCtoTCfunction.pipe ; mkfifo PNlib_master_PNlib.Examples.ConTest.PCtoTCfunction.pipe ; head -c 1048576 < PNlib_master_PNlib.Examples.ConTest.PCtoTCfunction.pipe >> ../files/PNlib_master_PNlib.Examples.ConTest.PCtoTCfunction.sim & ./PNlib_master_PNlib.Examples.ConTest.PCtoTCfunction  -abortSlowSimulation -alarm=480  -emit_protected -lv LOG_STATS > PNlib_master_PNlib.Examples.ConTest.PCtoTCfunction.pipe 2>&1)
diffSimulationResults("PNlib_master_PNlib.Examples.ConTest.PCtoTCfunction_res.mat","/home/runner/work/PNlib/PNlib/ReferenceFiles/PNlib.Examples.ConTest.PCtoTCfunction.mat","../files/PNlib_master_PNlib.Examples.ConTest.PCtoTCfunction.diff",relTol=0.003,relTolDiffMinMax=0.003,rangeDelta=0.001)
Reference file matches
