Running: ./testmodel.py --libraries=/home/runner/.openmodelica/libraries/ --ompython_omhome= PNlib_master_PNlib.Examples.ConTest.SinglePC.conf.json
loadFile("/home/runner/.openmodelica/libraries/ModelicaServices 4.0.0+maint.om/package.mo", uses=false)
loadFile("/home/runner/.openmodelica/libraries/Complex 4.0.0+maint.om/package.mo", uses=false)
loadFile("/home/runner/.openmodelica/libraries/Modelica 4.0.0+maint.om/package.mo", uses=false)
loadFile("/home/runner/work/PNlib/PNlib/PNlib/package.mo", uses=false)
Using package PNlib with version 2.2 (/home/runner/work/PNlib/PNlib/PNlib/package.mo)
Using package Modelica with version 4.0.0 (/home/runner/.openmodelica/libraries/Modelica 4.0.0+maint.om/package.mo)
Using package Complex with version 4.0.0 (/home/runner/.openmodelica/libraries/Complex 4.0.0+maint.om/package.mo)
Using package ModelicaServices with version 4.0.0 (/home/runner/.openmodelica/libraries/ModelicaServices 4.0.0+maint.om/package.mo)
Running command: translateModel(PNlib.Examples.ConTest.SinglePC,tolerance=1e-06,outputFormat="mat",numberOfIntervals=5000,variableFilter="P1.t|time",fileNamePrefix="PNlib_master_PNlib.Examples.ConTest.SinglePC")
translateModel(PNlib.Examples.ConTest.SinglePC,tolerance=1e-06,outputFormat="mat",numberOfIntervals=5000,variableFilter="P1.t|time",fileNamePrefix="PNlib_master_PNlib.Examples.ConTest.SinglePC")
Notification: Performance of loadFile(/home/runner/.openmodelica/libraries/ModelicaServices 4.0.0+maint.om/package.mo): time 0.001019/0.001019, allocations: 97.08 kB / 15.6 MB, free: 4.82 MB / 13.93 MB
Notification: Performance of loadFile(/home/runner/.openmodelica/libraries/Complex 4.0.0+maint.om/package.mo): time 0.001015/0.001015, allocations: 181.6 kB / 16.51 MB, free: 4.391 MB / 13.93 MB
Notification: Performance of loadFile(/home/runner/.openmodelica/libraries/Modelica 4.0.0+maint.om/package.mo): time 1.633/1.633, allocations: 222.1 MB / 239.4 MB, free: 11.07 MB / 202.7 MB
Notification: Performance of loadFile(/home/runner/work/PNlib/PNlib/PNlib/package.mo): time 0.09488/0.09488, allocations: 16.57 MB / 306.2 MB, free: 10.57 MB / 250.7 MB
Notification: Performance of FrontEnd - loaded program: time 0.0004566/0.0004567, allocations: 11.72 kB / 370.6 MB, free: 44.86 MB / 298.7 MB
Notification: Performance of FrontEnd - Absyn->SCode: time 0.07714/0.07761, allocations: 53.48 MB / 424.1 MB, free: 5.902 MB / 298.7 MB
Notification: Performance of NFInst.instantiate(PNlib.Examples.ConTest.SinglePC): time 0.002556/0.08021, allocations: 1.503 MB / 425.6 MB, free: 4.398 MB / 298.7 MB
Notification: Performance of NFInst.instExpressions: time 0.002177/0.0824, allocations: 1.361 MB / 426.9 MB, free: 3.039 MB / 298.7 MB
Notification: Performance of NFInst.updateImplicitVariability: time 0.0001704/0.08259, allocations: 11.94 kB / 426.9 MB, free: 3.027 MB / 298.7 MB
Notification: Performance of NFTyping.typeComponents: time 0.0002214/0.08283, allocations: 83.38 kB / 427 MB, free: 2.945 MB / 298.7 MB
Notification: Performance of NFTyping.typeBindings: time 0.0002245/0.08306, allocations: 55.47 kB / 427.1 MB, free: 2.891 MB / 298.7 MB
Notification: Performance of NFTyping.typeClassSections: time 0.001143/0.08422, allocations: 0.576 MB / 427.7 MB, free: 2.316 MB / 298.7 MB
Notification: Performance of NFFlatten.flatten: time 0.0007224/0.08496, allocations: 1.006 MB / 428.7 MB, free: 1.309 MB / 298.7 MB
Notification: Performance of NFFlatten.resolveConnections: time 8.482e-05/0.08505, allocations: 37.36 kB / 428.7 MB, free: 1.27 MB / 298.7 MB
Notification: Performance of NFEvalConstants.evaluate: time 0.0002518/0.08531, allocations: 343.2 kB / 429 MB, free: 0.9336 MB / 298.7 MB
Notification: Performance of NFSimplifyModel.simplify: time 0.0002561/0.08558, allocations: 143 kB / 429.2 MB, free: 0.793 MB / 298.7 MB
Notification: Performance of NFPackage.collectConstants: time 3.944e-05/0.08563, allocations: 20 kB / 429.2 MB, free: 0.7734 MB / 298.7 MB
Notification: Performance of NFFlatten.collectFunctions: time 0.0003361/0.08597, allocations: 263.6 kB / 429.5 MB, free: 0.5156 MB / 298.7 MB
Notification: Performance of NFScalarize.scalarize: time 9.042e-05/0.08607, allocations: 47.78 kB / 429.5 MB, free: 480 kB / 298.7 MB
Notification: Performance of NFVerifyModel.verify: time 0.0001029/0.08618, allocations: 127.2 kB / 429.6 MB, free: 352 kB / 298.7 MB
Notification: Performance of NFConvertDAE.convert: time 0.0005127/0.0867, allocations: 434.9 kB / 430 MB, free: 15.91 MB / 314.7 MB
Notification: Performance of FrontEnd - DAE generated: time 4.277e-06/0.08672, allocations: 0 / 430 MB, free: 15.91 MB / 314.7 MB
Notification: Performance of FrontEnd: time 1.483e-06/0.08673, allocations: 4 kB / 430.1 MB, free: 15.91 MB / 314.7 MB
Notification: Performance of Transformations before backend: time 7.073e-06/0.08675, allocations: 0 / 430.1 MB, free: 15.91 MB / 314.7 MB
Notification: Model statistics after passing the front-end and creating the data structures used by the back-end:
 * Number of equations: 65
 * Number of variables: 65
Notification: Performance of Generate backend data structure: time 0.001292/0.08804, allocations: 0.8859 MB / 430.9 MB, free: 14.91 MB / 314.7 MB
Notification: Performance of prepare preOptimizeDAE: time 3.943e-05/0.08809, allocations: 12.03 kB / 430.9 MB, free: 14.9 MB / 314.7 MB
Notification: Performance of preOpt normalInlineFunction (simulation): time 0.000195/0.08829, allocations: 40.56 kB / 431 MB, free: 14.86 MB / 314.7 MB
Notification: Performance of preOpt evaluateParameters (simulation): time 0.0003418/0.08864, allocations: 255.7 kB / 431.2 MB, free: 14.58 MB / 314.7 MB
Notification: Performance of preOpt simplifyIfEquations (simulation): time 3.266e-05/0.08869, allocations: 16.38 kB / 431.3 MB, free: 14.56 MB / 314.7 MB
Notification: Performance of preOpt expandDerOperator (simulation): time 4.995e-05/0.08875, allocations: 20.38 kB / 431.3 MB, free: 14.54 MB / 314.7 MB
Notification: Performance of preOpt clockPartitioning (simulation): time 0.0008191/0.08957, allocations: 337.5 kB / 431.6 MB, free: 14.16 MB / 314.7 MB
Notification: Performance of preOpt findStateOrder (simulation): time 1.68e-05/0.0896, allocations: 4 kB / 431.6 MB, free: 14.16 MB / 314.7 MB
Notification: Performance of preOpt replaceEdgeChange (simulation): time 3.249e-05/0.08964, allocations: 12 kB / 431.6 MB, free: 14.15 MB / 314.7 MB
Notification: Performance of preOpt inlineArrayEqn (simulation): time 9.067e-06/0.08966, allocations: 7.375 kB / 431.6 MB, free: 14.14 MB / 314.7 MB
Notification: Performance of preOpt removeEqualRHS (simulation): time 0.0004181/0.09008, allocations: 171.7 kB / 431.8 MB, free: 13.98 MB / 314.7 MB
Notification: Performance of preOpt removeSimpleEquations (simulation): time 0.001216/0.09131, allocations: 1.584 MB / 433.4 MB, free: 12.3 MB / 314.7 MB
Notification: Performance of preOpt comSubExp (simulation): time 0.0006279/0.09195, allocations: 296.9 kB / 433.7 MB, free: 11.96 MB / 314.7 MB
Notification: Performance of preOpt resolveLoops (simulation): time 0.0002281/0.09219, allocations: 188.2 kB / 433.9 MB, free: 11.76 MB / 314.7 MB
Notification: Performance of preOpt evalFunc (simulation): time 0.001694/0.0939, allocations: 2.646 MB / 436.5 MB, free: 8.543 MB / 314.7 MB
Notification: Performance of preOpt encapsulateWhenConditions (simulation): time 0.0005334/0.09445, allocations: 321.8 kB / 436.8 MB, free: 8.188 MB / 314.7 MB
Notification: Performance of pre-optimization done (n=47): time 2.264e-06/0.09446, allocations: 0 / 436.8 MB, free: 8.188 MB / 314.7 MB
Notification: Performance of matching and sorting (n=47): time 0.0009961/0.09547, allocations: 0.6893 MB / 437.5 MB, free: 7.445 MB / 314.7 MB
Notification: Performance of inlineWhenForInitialization (initialization): time 0.0001017/0.09558, allocations: 492.9 kB / 438 MB, free: 6.859 MB / 314.7 MB
Notification: Performance of selectInitializationVariablesDAE (initialization): time 0.00019/0.09578, allocations: 240.8 kB / 438.2 MB, free: 6.613 MB / 314.7 MB
Notification: Performance of collectPreVariables (initialization): time 4.806e-05/0.09584, allocations: 49.7 kB / 438.3 MB, free: 6.559 MB / 314.7 MB
Notification: Performance of collectInitialEqns (initialization): time 8.257e-05/0.09593, allocations: 153 kB / 438.4 MB, free: 6.402 MB / 314.7 MB
Notification: Performance of collectInitialBindings (initialization): time 8.512e-05/0.09602, allocations: 122.5 kB / 438.5 MB, free: 6.281 MB / 314.7 MB
Notification: Performance of simplifyInitialFunctions (initialization): time 0.000315/0.09634, allocations: 110.1 kB / 438.6 MB, free: 6.168 MB / 314.7 MB
Notification: Performance of setup shared object (initialization): time 5.627e-05/0.09641, allocations: 354.7 kB / 439 MB, free: 5.812 MB / 314.7 MB
Notification: Performance of preBalanceInitialSystem (initialization): time 0.0002891/0.0967, allocations: 157.3 kB / 439.1 MB, free: 5.66 MB / 314.7 MB
Notification: Performance of partitionIndependentBlocks (initialization): time 0.0003725/0.09709, allocations: 411.8 kB / 439.5 MB, free: 5.152 MB / 314.7 MB
Notification: Performance of analyzeInitialSystem (initialization): time 0.001141/0.09824, allocations: 1.191 MB / 440.7 MB, free: 3.746 MB / 314.7 MB
Notification: Performance of solveInitialSystemEqSystem (initialization): time 6.312e-06/0.09826, allocations: 0 / 440.7 MB, free: 3.746 MB / 314.7 MB
Notification: Performance of matching and sorting (n=85) (initialization): time 0.001146/0.09941, allocations: 0.9665 MB / 441.7 MB, free: 2.711 MB / 314.7 MB
Notification: Performance of prepare postOptimizeDAE: time 9.428e-05/0.09952, allocations: 305 kB / 442 MB, free: 2.352 MB / 314.7 MB
Notification: Performance of postOpt simplifyComplexFunction (initialization): time 1.155e-05/0.09954, allocations: 8 kB / 442 MB, free: 2.344 MB / 314.7 MB
Notification: Performance of postOpt tearingSystem (initialization): time 2.464e-05/0.09957, allocations: 12 kB / 442 MB, free: 2.332 MB / 314.7 MB
Notification: Performance of postOpt solveSimpleEquations (initialization): time 0.0002763/0.09985, allocations: 79.77 kB / 442.1 MB, free: 2.254 MB / 314.7 MB
Notification: Performance of postOpt calculateStrongComponentJacobians (initialization): time 1.42e-05/0.09987, allocations: 8.531 kB / 442.1 MB, free: 2.246 MB / 314.7 MB
Notification: Performance of postOpt simplifyAllExpressions (initialization): time 0.0004533/0.1003, allocations: 71.42 kB / 442.2 MB, free: 2.176 MB / 314.7 MB
Notification: Performance of postOpt collapseArrayExpressions (initialization): time 5.539e-05/0.1004, allocations: 32 kB / 442.2 MB, free: 2.145 MB / 314.7 MB
Warning: Assuming fixed start value for the following 18 variables:
         P1.enableOut.Index:DISCRETE(fixed = true protected = true )  type: Integer
         P1.enableOut.endWhile:DISCRETE(fixed = true protected = true )  type: Boolean
         P1.enableOut.sumEnablingProbTAout:DISCRETE(fixed = true protected = true )  "sum of the enabling probabilities of the active output transitions" type: Real
         P1.enableOut.posTE:DISCRETE(fixed = true protected = true )  "possible enabled transition" type: Integer
         P1.enableOut.k:DISCRETE(fixed = true protected = true )  "iteration index" type: Integer
         P1.enableOut.nTAout:DISCRETE(fixed = true protected = true )  "number of active output transitions" type: Integer
         P1.enableOut.nremTAout:DISCRETE(fixed = true protected = true )  "number of remaining active output transitions" type: Integer
         P1.enableOut.arcWeightSum:DISCRETE(fixed = true protected = true )  "arc weight sum" type: Real
         P1.disMarksIn.anytrue:DISCRETE(fixed = true protected = true )  type: Boolean
         P1.disMarksOut.anytrue:DISCRETE(fixed = true protected = true )  type: Boolean
         P1.enableIn.Index:DISCRETE(fixed = true protected = true )  "priority Index" type: Integer
         P1.enableIn.endWhile:DISCRETE(fixed = true protected = true )  type: Boolean
         P1.enableIn.sumEnablingProbTAin:DISCRETE(fixed = true protected = true )  "sum of the enabling probabilities of the active input transitions" type: Real
         P1.enableIn.posTE:DISCRETE(fixed = true protected = true )  "possible enabled transition" type: Integer
         P1.enableIn.k:DISCRETE(fixed = true protected = true )  "iteration index" type: Integer
         P1.enableIn.nTAin:DISCRETE(fixed = true protected = true )  "number ofactive input transitions" type: Integer
         P1.enableIn.nremTAin:DISCRETE(fixed = true protected = true )  "number of remaining active input transitions" type: Integer
         P1.enableIn.arcWeightSum:DISCRETE(fixed = true protected = true )  "arc weight sum" type: Real
Notification: Model statistics after passing the back-end for initialization:
 * Number of independent subsystems: 35
 * Number of states: 0 ()
 * Number of discrete variables: 71 ($PRE.P1.enableOut.Index,P1.enableOut.Index,$PRE.P1.enableOut.endWhile,P1.enableOut.endWhile,$PRE.P1.enableOut.sumEnablingProbTAout,P1.enableOut.sumEnablingProbTAout,P1.enableOut.randNum,$PRE.P1.enableOut.randNum,P1.enableOut.state128[4],$PRE.P1.enableOut.state128[4],P1.enableOut.state128[3],$PRE.P1.enableOut.state128[3],P1.enableOut.state128[2],$PRE.P1.enableOut.state128[2],P1.enableOut.state128[1],$PRE.P1.enableOut.state128[1],$PRE.P1.enableOut.posTE,P1.enableOut.posTE,$PRE.P1.enableOut.k,P1.enableOut.k,$PRE.P1.enableOut.nTAout,P1.enableOut.nTAout,$PRE.P1.enableOut.nremTAout,P1.enableOut.nremTAout,$PRE.P1.enableOut.arcWeightSum,P1.enableOut.arcWeightSum,P1.delayPassedOut.numtrue,P1.delayPassedOut.anytrue,$whenCondition3,$PRE.P1.disMarksIn.anytrue,$PRE.P1.disMarksOut.anytrue,P1.disMarksInOut,$whenCondition2,P1.disMarksIn.numtrue,P1.disMarksIn.anytrue,P1.disMarksOut.numtrue,P1.disMarksOut.anytrue,$PRE.P1.enableIn.Index,P1.enableIn.Index,$PRE.P1.enableIn.endWhile,P1.enableIn.endWhile,$PRE.P1.enableIn.sumEnablingProbTAin,P1.enableIn.sumEnablingProbTAin,P1.enableIn.randNum,$PRE.P1.enableIn.randNum,P1.enableIn.state128[4],$PRE.P1.enableIn.state128[4],P1.enableIn.state128[3],$PRE.P1.enableIn.state128[3],P1.enableIn.state128[2],$PRE.P1.enableIn.state128[2],P1.enableIn.state128[1],$PRE.P1.enableIn.state128[1],$PRE.P1.enableIn.posTE,P1.enableIn.posTE,$PRE.P1.enableIn.k,P1.enableIn.k,$PRE.P1.enableIn.nTAin,P1.enableIn.nTAin,$PRE.P1.enableIn.nremTAin,P1.enableIn.nremTAin,$PRE.P1.enableIn.arcWeightSum,P1.enableIn.arcWeightSum,P1.delayPassedIn.numtrue,P1.delayPassedIn.anytrue,$whenCondition1,P1.emptying.numtrue,P1.emptying.anytrue,P1.feeding.numtrue,P1.feeding.anytrue,P1.reStart)
 * Number of discrete states: 0 ()
 * Number of clocked states: 0 ()
 * Top-level inputs: 0
Notification: Strong component statistics for initialization (71):
 * Single equations (assignments): 61
 * Array equations: 0
 * Algorithm blocks: 10
 * Record equations: 0
 * When equations: 0
 * If-equations: 0
 * Equation systems (not torn): 0
 * Torn equation systems: 0
 * Mixed (continuous/discrete) equation systems: 0
Notification: Performance of prepare postOptimizeDAE: time 0.0003924/0.1008, allocations: 0.529 MB / 442.7 MB, free: 1.562 MB / 314.7 MB
Notification: Performance of postOpt lateInlineFunction (simulation): time 7.202e-05/0.1009, allocations: 39.62 kB / 442.8 MB, free: 1.523 MB / 314.7 MB
Notification: Performance of postOpt wrapFunctionCalls (simulation): time 0.0005277/0.1014, allocations: 275.1 kB / 443 MB, free: 1.234 MB / 314.7 MB
Notification: Performance of postOpt inlineArrayEqn (simulation): time 6.242e-06/0.1014, allocations: 4 kB / 443 MB, free: 1.23 MB / 314.7 MB
Notification: Performance of postOpt constantLinearSystem (simulation): time 9.547e-06/0.1015, allocations: 4 kB / 443.1 MB, free: 1.227 MB / 314.7 MB
Notification: Performance of postOpt simplifysemiLinear (simulation): time 4.818e-06/0.1015, allocations: 0 / 443.1 MB, free: 1.227 MB / 314.7 MB
Notification: Performance of postOpt removeSimpleEquations (simulation): time 0.000831/0.1023, allocations: 0.6848 MB / 443.7 MB, free: 484 kB / 314.7 MB
Notification: Performance of postOpt simplifyComplexFunction (simulation): time 3.857e-06/0.1023, allocations: 4 kB / 443.7 MB, free: 480 kB / 314.7 MB
Notification: Performance of postOpt solveSimpleEquations (simulation): time 0.0001134/0.1024, allocations: 15.98 kB / 443.8 MB, free: 464 kB / 314.7 MB
Notification: Performance of postOpt tearingSystem (simulation): time 3.667e-06/0.1024, allocations: 4 kB / 443.8 MB, free: 460 kB / 314.7 MB
Notification: Performance of postOpt inputDerivativesUsed (simulation): time 3.714e-05/0.1025, allocations: 19.98 kB / 443.8 MB, free: 440 kB / 314.7 MB
Notification: Performance of postOpt calculateStrongComponentJacobians (simulation): time 7.844e-06/0.1025, allocations: 7.938 kB / 443.8 MB, free: 432 kB / 314.7 MB
Notification: Performance of postOpt calculateStateSetsJacobians (simulation): time 1.953e-06/0.1025, allocations: 3.938 kB / 443.8 MB, free: 428 kB / 314.7 MB
Notification: Performance of postOpt symbolicJacobian (simulation): time 0.001761/0.1043, allocations: 1.032 MB / 444.8 MB, free: 15.31 MB / 330.7 MB
Notification: Performance of postOpt removeConstants (simulation): time 4.686e-05/0.1043, allocations: 112.6 kB / 444.9 MB, free: 15.18 MB / 330.7 MB
Notification: Performance of postOpt simplifyTimeIndepFuncCalls (simulation): time 0.0001014/0.1045, allocations: 44 kB / 445 MB, free: 15.14 MB / 330.7 MB
Notification: Performance of postOpt simplifyAllExpressions (simulation): time 0.000202/0.1047, allocations: 27.92 kB / 445 MB, free: 15.11 MB / 330.7 MB
Notification: Performance of postOpt findZeroCrossings (simulation): time 7.019e-05/0.1047, allocations: 19.92 kB / 445 MB, free: 15.09 MB / 330.7 MB
Notification: Performance of postOpt collapseArrayExpressions (simulation): time 4.149e-05/0.1048, allocations: 23.98 kB / 445 MB, free: 15.07 MB / 330.7 MB
Notification: Performance of sorting global known variables: time 0.0001179/0.1049, allocations: 172.5 kB / 445.2 MB, free: 14.9 MB / 330.7 MB
Notification: Performance of sort global known variables: time 1.9e-07/0.1049, allocations: 0 / 445.2 MB, free: 14.9 MB / 330.7 MB
Notification: Performance of remove unused functions: time 0.0006915/0.1056, allocations: 156 kB / 445.4 MB, free: 14.75 MB / 330.7 MB
Notification: Model statistics after passing the back-end for simulation:
 * Number of independent subsystems: 5
 * Number of states: 1 (P1.t_)
 * Number of discrete variables: 42 (P1.feeding.anytrue,P1.feeding.numtrue,P1.emptying.anytrue,P1.emptying.numtrue,$whenCondition1,P1.enableIn.state128[1],P1.enableIn.state128[2],P1.enableIn.state128[3],P1.enableIn.state128[4],P1.enableIn.arcWeightSum,P1.enableIn.nremTAin,P1.enableIn.nTAin,P1.enableIn.k,P1.enableIn.posTE,P1.enableIn.randNum,P1.enableIn.sumEnablingProbTAin,P1.enableIn.endWhile,P1.enableIn.Index,P1.delayPassedIn.anytrue,P1.delayPassedIn.numtrue,P1.disMarksInOut,$whenCondition2,P1.disMarksOut.anytrue,P1.disMarksOut.numtrue,P1.disMarksIn.anytrue,P1.disMarksIn.numtrue,$whenCondition3,P1.enableOut.state128[1],P1.enableOut.state128[2],P1.enableOut.state128[3],P1.enableOut.state128[4],P1.enableOut.arcWeightSum,P1.enableOut.nremTAout,P1.enableOut.nTAout,P1.enableOut.k,P1.enableOut.posTE,P1.enableOut.randNum,P1.enableOut.sumEnablingProbTAout,P1.enableOut.endWhile,P1.enableOut.Index,P1.delayPassedOut.anytrue,P1.delayPassedOut.numtrue)
 * Number of discrete states: 41 (P1.delayPassedOut.numtrue,P1.delayPassedOut.anytrue,P1.enableOut.Index,P1.enableOut.endWhile,P1.enableOut.sumEnablingProbTAout,P1.enableOut.state128[4],P1.enableOut.state128[3],P1.enableOut.state128[2],P1.enableOut.state128[1],P1.enableOut.randNum,P1.enableOut.posTE,P1.enableOut.k,P1.enableOut.nTAout,P1.enableOut.nremTAout,P1.enableOut.arcWeightSum,$whenCondition3,P1.disMarksOut.anytrue,P1.disMarksIn.anytrue,P1.disMarksIn.numtrue,P1.disMarksOut.numtrue,P1.disMarkChange,P1.delayPassedIn.numtrue,P1.delayPassedIn.anytrue,P1.enableIn.Index,P1.enableIn.endWhile,P1.enableIn.sumEnablingProbTAin,P1.enableIn.state128[4],P1.enableIn.state128[3],P1.enableIn.state128[2],P1.enableIn.state128[1],P1.enableIn.randNum,P1.enableIn.posTE,P1.enableIn.k,P1.enableIn.nTAin,P1.enableIn.nremTAin,P1.enableIn.arcWeightSum,$whenCondition1,P1.emptying.numtrue,P1.emptying.anytrue,P1.feeding.numtrue,P1.feeding.anytrue)
 * Number of clocked states: 0 ()
 * Top-level inputs: 0
Notification: Strong component statistics for simulation (15):
 * Single equations (assignments): 7
 * Array equations: 0
 * Algorithm blocks: 8
 * Record equations: 0
 * When equations: 0
 * If-equations: 0
 * Equation systems (not torn): 0
 * Torn equation systems: 0
 * Mixed (continuous/discrete) equation systems: 0
Notification: Performance of Backend phase and start with SimCode phase: time 0.0005967/0.1062, allocations: 266.5 kB / 445.6 MB, free: 14.49 MB / 330.7 MB
Notification: Performance of simCode: created initialization part: time 0.001206/0.1075, allocations: 1.086 MB / 446.7 MB, free: 13.28 MB / 330.7 MB
Notification: Performance of simCode: created event and clocks part: time 4.268e-06/0.1075, allocations: 0 / 446.7 MB, free: 13.28 MB / 330.7 MB
Notification: Performance of simCode: created simulation system equations: time 0.000583/0.1081, allocations: 0.999 MB / 447.7 MB, free: 12.18 MB / 330.7 MB
Notification: Performance of simCode: created of all other equations (e.g. parameter, nominal, assert, etc): time 0.0004779/0.1086, allocations: 59.09 kB / 447.8 MB, free: 12.12 MB / 330.7 MB
Notification: Performance of simCode: created linear, non-linear and system jacobian parts: time 0.001013/0.1096, allocations: 0.5865 MB / 448.4 MB, free: 11.5 MB / 330.7 MB
Notification: Performance of simCode: some other stuff during SimCode phase: time 0.000354/0.11, allocations: 0.7605 MB / 449.1 MB, free: 10.71 MB / 330.7 MB
Notification: Performance of simCode: alias equations: time 0.0001298/0.1101, allocations: 47.78 kB / 449.2 MB, free: 10.66 MB / 330.7 MB
Notification: Performance of simCode: all other stuff during SimCode phase: time 5.467e-05/0.1102, allocations: 23.44 kB / 449.2 MB, free: 10.64 MB / 330.7 MB
Notification: Performance of SimCode: time 3.2e-07/0.1102, allocations: 0 / 449.2 MB, free: 10.64 MB / 330.7 MB
Notification: Performance of Templates: time 0.009961/0.1201, allocations: 5.135 MB / 454.3 MB, free: 5.52 MB / 330.7 MB
make -j1 -f PNlib_master_PNlib.Examples.ConTest.SinglePC.makefile
(rm -f PNlib_master_PNlib.Examples.ConTest.SinglePC.pipe ; mkfifo PNlib_master_PNlib.Examples.ConTest.SinglePC.pipe ; head -c 1048576 < PNlib_master_PNlib.Examples.ConTest.SinglePC.pipe >> ../files/PNlib_master_PNlib.Examples.ConTest.SinglePC.sim & ./PNlib_master_PNlib.Examples.ConTest.SinglePC  -abortSlowSimulation -alarm=480  -emit_protected -lv LOG_STATS > PNlib_master_PNlib.Examples.ConTest.SinglePC.pipe 2>&1)
diffSimulationResults("PNlib_master_PNlib.Examples.ConTest.SinglePC_res.mat","/home/runner/work/PNlib/PNlib/ReferenceFiles/PNlib.Examples.ConTest.SinglePC.mat","../files/PNlib_master_PNlib.Examples.ConTest.SinglePC.diff",relTol=0.003,relTolDiffMinMax=0.003,rangeDelta=0.001)
Reference file matches
