Running: ./testmodel.py --libraries=/home/runner/.openmodelica/libraries/ --ompython_omhome= PNlib_2.2_PNlib.Examples.ConTest.LoopAndArcweight.conf.json
loadFile("/home/runner/.openmodelica/libraries/ModelicaServices 4.0.0+maint.om/package.mo", uses=false)
loadFile("/home/runner/.openmodelica/libraries/Complex 4.0.0+maint.om/package.mo", uses=false)
loadFile("/home/runner/.openmodelica/libraries/Modelica 4.0.0+maint.om/package.mo", uses=false)
loadFile("/home/runner/work/PNlib/PNlib/PNlib/package.mo", uses=false)
Using package PNlib with version 2.2 (/home/runner/work/PNlib/PNlib/PNlib/package.mo)
Using package Modelica with version 4.0.0 (/home/runner/.openmodelica/libraries/Modelica 4.0.0+maint.om/package.mo)
Using package Complex with version 4.0.0 (/home/runner/.openmodelica/libraries/Complex 4.0.0+maint.om/package.mo)
Using package ModelicaServices with version 4.0.0 (/home/runner/.openmodelica/libraries/ModelicaServices 4.0.0+maint.om/package.mo)
Running command: translateModel(PNlib.Examples.ConTest.LoopAndArcweight,tolerance=1e-06,outputFormat="mat",numberOfIntervals=5000,variableFilter="P1.t|P2.t|T1.fire|T1.instantaneousSpeed|T1.maximumSpeed|time",fileNamePrefix="PNlib_2.2_PNlib.Examples.ConTest.LoopAndArcweight")
translateModel(PNlib.Examples.ConTest.LoopAndArcweight,tolerance=1e-06,outputFormat="mat",numberOfIntervals=5000,variableFilter="P1.t|P2.t|T1.fire|T1.instantaneousSpeed|T1.maximumSpeed|time",fileNamePrefix="PNlib_2.2_PNlib.Examples.ConTest.LoopAndArcweight")
Notification: Performance of loadFile(/home/runner/.openmodelica/libraries/ModelicaServices 4.0.0+maint.om/package.mo): time 0.001168/0.001168, allocations: 93.41 kB / 15.59 MB, free: 5.227 MB / 13.93 MB
Notification: Performance of loadFile(/home/runner/.openmodelica/libraries/Complex 4.0.0+maint.om/package.mo): time 0.001001/0.001001, allocations: 176.4 kB / 16.51 MB, free: 4.648 MB / 13.93 MB
Notification: Performance of loadFile(/home/runner/.openmodelica/libraries/Modelica 4.0.0+maint.om/package.mo): time 1.636/1.636, allocations: 222.1 MB / 239.4 MB, free: 11.12 MB / 202.7 MB
Notification: Performance of loadFile(/home/runner/work/PNlib/PNlib/PNlib/package.mo): time 0.09601/0.09601, allocations: 16.58 MB / 306.2 MB, free: 10.6 MB / 250.7 MB
Notification: Performance of FrontEnd - loaded program: time 0.0004537/0.0004538, allocations: 12.81 kB / 370.6 MB, free: 44.93 MB / 298.7 MB
Notification: Performance of FrontEnd - Absyn->SCode: time 0.07662/0.07709, allocations: 53.47 MB / 424.1 MB, free: 5.98 MB / 298.7 MB
Notification: Performance of NFInst.instantiate(PNlib.Examples.ConTest.LoopAndArcweight): time 0.003375/0.08051, allocations: 2.7 MB / 426.8 MB, free: 3.273 MB / 298.7 MB
Notification: Performance of NFInst.instExpressions: time 0.003411/0.08394, allocations: 2.275 MB / 429 MB, free: 1 MB / 298.7 MB
Notification: Performance of NFInst.updateImplicitVariability: time 0.0003041/0.08425, allocations: 15.94 kB / 429.1 MB, free: 0.9844 MB / 298.7 MB
Notification: Performance of NFTyping.typeComponents: time 0.0003987/0.08466, allocations: 218.3 kB / 429.3 MB, free: 0.7695 MB / 298.7 MB
Notification: Performance of NFTyping.typeBindings: time 0.000587/0.08527, allocations: 214.3 kB / 429.5 MB, free: 0.5586 MB / 298.7 MB
Notification: Performance of NFTyping.typeClassSections: time 0.001895/0.08717, allocations: 1.036 MB / 430.5 MB, free: 15.52 MB / 314.7 MB
Notification: Performance of NFFlatten.flatten: time 0.002523/0.08971, allocations: 2.622 MB / 433.1 MB, free: 12.9 MB / 314.7 MB
Notification: Performance of NFFlatten.resolveConnections: time 0.0004402/0.09016, allocations: 379.3 kB / 433.5 MB, free: 12.52 MB / 314.7 MB
Notification: Performance of NFEvalConstants.evaluate: time 0.0008381/0.09102, allocations: 0.9738 MB / 434.5 MB, free: 11.54 MB / 314.7 MB
Notification: Performance of NFSimplifyModel.simplify: time 0.0006742/0.0917, allocations: 0.7661 MB / 435.2 MB, free: 10.77 MB / 314.7 MB
Notification: Performance of NFPackage.collectConstants: time 0.0002463/0.09196, allocations: 204 kB / 435.4 MB, free: 10.57 MB / 314.7 MB
Notification: Performance of NFFlatten.collectFunctions: time 0.0008576/0.09283, allocations: 0.5815 MB / 436 MB, free: 9.992 MB / 314.7 MB
Notification: Performance of NFScalarize.scalarize: time 0.0002815/0.09312, allocations: 374.8 kB / 436.4 MB, free: 9.625 MB / 314.7 MB
Notification: Performance of NFVerifyModel.verify: time 0.0006901/0.09382, allocations: 0.8829 MB / 437.3 MB, free: 8.738 MB / 314.7 MB
Notification: Performance of NFConvertDAE.convert: time 0.001732/0.09556, allocations: 2.237 MB / 439.5 MB, free: 6.496 MB / 314.7 MB
Notification: Performance of FrontEnd - DAE generated: time 3.927e-06/0.09558, allocations: 0 / 439.5 MB, free: 6.496 MB / 314.7 MB
Notification: Performance of FrontEnd: time 1.433e-06/0.09558, allocations: 0 / 439.5 MB, free: 6.496 MB / 314.7 MB
Notification: Performance of Transformations before backend: time 1.323e-05/0.0956, allocations: 0 / 439.5 MB, free: 6.496 MB / 314.7 MB
Notification: Model statistics after passing the front-end and creating the data structures used by the back-end:
 * Number of equations: 415
 * Number of variables: 415
Notification: Performance of Generate backend data structure: time 0.002976/0.09858, allocations: 2.367 MB / 441.9 MB, free: 3.945 MB / 314.7 MB
Notification: Performance of prepare preOptimizeDAE: time 3.131e-05/0.09862, allocations: 8.031 kB / 441.9 MB, free: 3.938 MB / 314.7 MB
Notification: Performance of preOpt normalInlineFunction (simulation): time 0.001912/0.1005, allocations: 350.9 kB / 442.2 MB, free: 3.594 MB / 314.7 MB
Notification: Performance of preOpt evaluateParameters (simulation): time 0.001065/0.1016, allocations: 0.7479 MB / 443 MB, free: 2.805 MB / 314.7 MB
Notification: Performance of preOpt simplifyIfEquations (simulation): time 0.0002773/0.1019, allocations: 393.8 kB / 443.4 MB, free: 2.363 MB / 314.7 MB
Notification: Performance of preOpt expandDerOperator (simulation): time 0.0004266/0.1023, allocations: 184 kB / 443.5 MB, free: 2.184 MB / 314.7 MB
Notification: Performance of preOpt clockPartitioning (simulation): time 0.005046/0.1074, allocations: 3.048 MB / 446.6 MB, free: 15.04 MB / 330.7 MB
Notification: Performance of preOpt findStateOrder (simulation): time 3.883e-05/0.1075, allocations: 3.938 kB / 446.6 MB, free: 15.03 MB / 330.7 MB
Notification: Performance of preOpt replaceEdgeChange (simulation): time 0.0002163/0.1077, allocations: 91.95 kB / 446.7 MB, free: 14.94 MB / 330.7 MB
Notification: Performance of preOpt inlineArrayEqn (simulation): time 0.0002496/0.1079, allocations: 161.7 kB / 446.8 MB, free: 14.79 MB / 330.7 MB
Notification: Performance of preOpt removeEqualRHS (simulation): time 0.003767/0.1117, allocations: 2.224 MB / 449.1 MB, free: 12.55 MB / 330.7 MB
Notification: Performance of preOpt removeSimpleEquations (simulation): time 0.007629/0.1194, allocations: 5.797 MB / 454.9 MB, free: 6.586 MB / 330.7 MB
Notification: Performance of preOpt comSubExp (simulation): time 0.003211/0.1226, allocations: 2.934 MB / 457.8 MB, free: 3.633 MB / 330.7 MB
Notification: Performance of preOpt resolveLoops (simulation): time 0.002776/0.1254, allocations: 2.753 MB / 460.6 MB, free: 0.875 MB / 330.7 MB
Notification: Performance of preOpt evalFunc (simulation): time 0.004063/0.1295, allocations: 5.821 MB / 466.4 MB, free: 9.777 MB / 346.7 MB
Notification: Performance of preOpt encapsulateWhenConditions (simulation): time 0.002351/0.1318, allocations: 1.719 MB / 468.1 MB, free: 8.016 MB / 346.7 MB
Notification: Performance of pre-optimization done (n=148): time 2.936e-06/0.1318, allocations: 0 / 468.1 MB, free: 8.016 MB / 346.7 MB
Notification: Performance of matching and sorting (n=148): time 0.009126/0.141, allocations: 5.437 MB / 473.5 MB, free: 2.449 MB / 346.7 MB
Notification: Performance of inlineWhenForInitialization (initialization): time 0.0006161/0.1416, allocations: 1.07 MB / 474.6 MB, free: 1.18 MB / 346.7 MB
Notification: Performance of selectInitializationVariablesDAE (initialization): time 0.001035/0.1426, allocations: 0.6891 MB / 475.3 MB, free: 488 kB / 346.7 MB
Notification: Performance of collectPreVariables (initialization): time 0.0001969/0.1429, allocations: 101.7 kB / 475.4 MB, free: 380 kB / 346.7 MB
Notification: Performance of collectInitialEqns (initialization): time 0.0005278/0.1434, allocations: 0.5076 MB / 475.9 MB, free: 15.85 MB / 362.7 MB
Notification: Performance of collectInitialBindings (initialization): time 0.0004577/0.1439, allocations: 395.2 kB / 476.3 MB, free: 15.46 MB / 362.7 MB
Notification: Performance of simplifyInitialFunctions (initialization): time 0.0009289/0.1448, allocations: 475.7 kB / 476.7 MB, free: 14.99 MB / 362.7 MB
Notification: Performance of setup shared object (initialization): time 5.004e-05/0.1449, allocations: 338 kB / 477.1 MB, free: 14.65 MB / 362.7 MB
Notification: Performance of preBalanceInitialSystem (initialization): time 0.00142/0.1463, allocations: 0.9059 MB / 478 MB, free: 13.74 MB / 362.7 MB
Notification: Performance of partitionIndependentBlocks (initialization): time 0.001854/0.1482, allocations: 1.628 MB / 479.6 MB, free: 11.79 MB / 362.7 MB
Notification: Performance of analyzeInitialSystem (initialization): time 0.003606/0.1518, allocations: 3.619 MB / 483.2 MB, free: 7.648 MB / 362.7 MB
Notification: Performance of solveInitialSystemEqSystem (initialization): time 1.371e-05/0.1518, allocations: 4 kB / 483.2 MB, free: 7.645 MB / 362.7 MB
Notification: Performance of matching and sorting (n=285) (initialization): time 0.004887/0.1567, allocations: 3.567 MB / 486.8 MB, free: 3.941 MB / 362.7 MB
Notification: Performance of prepare postOptimizeDAE: time 0.0002456/0.157, allocations: 0.6949 MB / 487.5 MB, free: 3.117 MB / 362.7 MB
Notification: Performance of postOpt simplifyComplexFunction (initialization): time 0.003345/0.1603, allocations: 1.953 MB / 489.4 MB, free: 1.09 MB / 362.7 MB
Notification: Performance of postOpt tearingSystem (initialization): time 0.001429/0.1617, allocations: 288.6 kB / 489.7 MB, free: 0.8047 MB / 362.7 MB
Notification: Performance of postOpt solveSimpleEquations (initialization): time 0.0009204/0.1627, allocations: 239.4 kB / 490 MB, free: 0.5703 MB / 362.7 MB
Notification: Performance of postOpt calculateStrongComponentJacobians (initialization): time 0.001139/0.1638, allocations: 0.8097 MB / 490.8 MB, free: 15.73 MB / 378.7 MB
Notification: Performance of postOpt simplifyAllExpressions (initialization): time 0.001137/0.165, allocations: 257.8 kB / 491 MB, free: 15.48 MB / 378.7 MB
Notification: Performance of postOpt collapseArrayExpressions (initialization): time 0.0001922/0.1652, allocations: 116 kB / 491.1 MB, free: 15.37 MB / 378.7 MB
Warning: Assuming fixed start value for the following 36 variables:
         P2.enableOut.Index:DISCRETE(fixed = true protected = true )  type: Integer
         P2.enableOut.endWhile:DISCRETE(fixed = true protected = true )  type: Boolean
         P2.enableOut.sumEnablingProbTAout:DISCRETE(fixed = true protected = true )  "sum of the enabling probabilities of the active output transitions" type: Real
         P2.enableOut.posTE:DISCRETE(fixed = true protected = true )  "possible enabled transition" type: Integer
         P2.enableOut.k:DISCRETE(fixed = true protected = true )  "iteration index" type: Integer
         P2.enableOut.nTAout:DISCRETE(fixed = true protected = true )  "number of active output transitions" type: Integer
         P2.enableOut.nremTAout:DISCRETE(fixed = true protected = true )  "number of remaining active output transitions" type: Integer
         P2.enableOut.arcWeightSum:DISCRETE(fixed = true protected = true )  "arc weight sum" type: Real
         P2.enableIn.posTE:DISCRETE(fixed = true protected = true )  "possible enabled transition" type: Integer
         P2.enableIn.k:DISCRETE(fixed = true protected = true )  "iteration index" type: Integer
         P2.enableIn.endWhile:DISCRETE(fixed = true protected = true )  type: Boolean
         P2.enableIn.sumEnablingProbTAin:DISCRETE(fixed = true protected = true )  "sum of the enabling probabilities of the active input transitions" type: Real
         P2.enableIn.nTAin:DISCRETE(fixed = true protected = true )  "number ofactive input transitions" type: Integer
         P2.enableIn.nremTAin:DISCRETE(fixed = true protected = true )  "number of remaining active input transitions" type: Integer
         P2.enableIn.Index:DISCRETE(fixed = true protected = true )  "priority Index" type: Integer
         P2.enableIn.arcWeightSum:DISCRETE(fixed = true protected = true )  "arc weight sum" type: Real
         P1.enableOut.posTE:DISCRETE(fixed = true protected = true )  "possible enabled transition" type: Integer
         P1.enableOut.k:DISCRETE(fixed = true protected = true )  "iteration index" type: Integer
         P1.enableOut.endWhile:DISCRETE(fixed = true protected = true )  type: Boolean
         P1.enableOut.sumEnablingProbTAout:DISCRETE(fixed = true protected = true )  "sum of the enabling probabilities of the active output transitions" type: Real
         P1.enableOut.nTAout:DISCRETE(fixed = true protected = true )  "number of active output transitions" type: Integer
         P1.enableOut.nremTAout:DISCRETE(fixed = true protected = true )  "number of remaining active output transitions" type: Integer
         P1.enableOut.Index:DISCRETE(fixed = true protected = true )  type: Integer
         P1.enableOut.arcWeightSum:DISCRETE(fixed = true protected = true )  "arc weight sum" type: Real
         P1.enableIn.posTE:DISCRETE(fixed = true protected = true )  "possible enabled transition" type: Integer
         P1.enableIn.k:DISCRETE(fixed = true protected = true )  "iteration index" type: Integer
         P1.enableIn.endWhile:DISCRETE(fixed = true protected = true )  type: Boolean
         P1.enableIn.sumEnablingProbTAin:DISCRETE(fixed = true protected = true )  "sum of the enabling probabilities of the active input transitions" type: Real
         P1.enableIn.nTAin:DISCRETE(fixed = true protected = true )  "number ofactive input transitions" type: Integer
         P1.enableIn.nremTAin:DISCRETE(fixed = true protected = true )  "number of remaining active input transitions" type: Integer
         P1.enableIn.Index:DISCRETE(fixed = true protected = true )  "priority Index" type: Integer
         P1.enableIn.arcWeightSum:DISCRETE(fixed = true protected = true )  "arc weight sum" type: Real
         P2.disMarksIn.anytrue:DISCRETE(fixed = true protected = true )  type: Boolean
         P2.disMarksOut.anytrue:DISCRETE(fixed = true protected = true )  type: Boolean
         P1.disMarksIn.anytrue:DISCRETE(fixed = true protected = true )  type: Boolean
         P1.disMarksOut.anytrue:DISCRETE(fixed = true protected = true )  type: Boolean
Notification: Model statistics after passing the back-end for initialization:
 * Number of independent subsystems: 96
 * Number of states: 0 ()
 * Number of discrete variables: 231 ($PRE.P2.enableOut.Index,P2.enableOut.Index,$PRE.P2.enableOut.endWhile,P2.enableOut.endWhile,$PRE.P2.enableOut.sumEnablingProbTAout,P2.enableOut.sumEnablingProbTAout,P2.enableOut.randNum,$PRE.P2.enableOut.randNum,P2.enableOut.state128[4],$PRE.P2.enableOut.state128[4],P2.enableOut.state128[3],$PRE.P2.enableOut.state128[3],P2.enableOut.state128[2],$PRE.P2.enableOut.state128[2],P2.enableOut.state128[1],$PRE.P2.enableOut.state128[1],$PRE.P2.enableOut.posTE,P2.enableOut.posTE,$PRE.P2.enableOut.k,P2.enableOut.k,$PRE.P2.enableOut.nTAout,P2.enableOut.nTAout,$PRE.P2.enableOut.nremTAout,P2.enableOut.nremTAout,$PRE.P2.enableOut.arcWeightSum,P2.enableOut.arcWeightSum,P2.delayPassedOut.numtrue,P2.delayPassedOut.anytrue,$whenCondition6,$PRE.P2.enableIn.posTE,P2.enableIn.posTE,$PRE.P2.enableIn.k,P2.enableIn.k,$PRE.P2.enableIn.endWhile,P2.enableIn.endWhile,P2.enableIn.randNum,$PRE.P2.enableIn.randNum,P2.enableIn.state128[4],$PRE.P2.enableIn.state128[4],P2.enableIn.state128[3],$PRE.P2.enableIn.state128[3],P2.enableIn.state128[2],$PRE.P2.enableIn.state128[2],P2.enableIn.state128[1],$PRE.P2.enableIn.state128[1],P2.enableIn.cumEnablingProb[1],$PRE.P2.enableIn.cumEnablingProb[1],$PRE.P2.enableIn.sumEnablingProbTAin,P2.enableIn.sumEnablingProbTAin,$PRE.P2.enableIn.nTAin,P2.enableIn.nTAin,$PRE.P2.enableIn.nremTAin,P2.enableIn.nremTAin,P2.enableIn.remTAin[1],$PRE.P2.enableIn.remTAin[1],$PRE.P2.enableIn.Index,P2.enableIn.Index,$PRE.P2.enableIn.arcWeightSum,P2.enableIn.arcWeightSum,P2.enableIn.disTAin[1],$PRE.P2.enableIn.disTAin[1],$PRE.P1.enableOut.posTE,P1.enableOut.posTE,$PRE.P1.enableOut.k,P1.enableOut.k,$PRE.P1.enableOut.endWhile,P1.enableOut.endWhile,P1.enableOut.randNum,$PRE.P1.enableOut.randNum,P1.enableOut.state128[4],$PRE.P1.enableOut.state128[4],P1.enableOut.state128[3],$PRE.P1.enableOut.state128[3],P1.enableOut.state128[2],$PRE.P1.enableOut.state128[2],P1.enableOut.state128[1],$PRE.P1.enableOut.state128[1],P1.enableOut.cumEnablingProb[1],$PRE.P1.enableOut.cumEnablingProb[1],$PRE.P1.enableOut.sumEnablingProbTAout,P1.enableOut.sumEnablingProbTAout,$PRE.P1.enableOut.nTAout,P1.enableOut.nTAout,$PRE.P1.enableOut.nremTAout,P1.enableOut.nremTAout,P1.enableOut.remTAout[1],$PRE.P1.enableOut.remTAout[1],$PRE.P1.enableOut.Index,P1.enableOut.Index,$PRE.P1.enableOut.arcWeightSum,P1.enableOut.arcWeightSum,P1.enableOut.disTAout[1],$PRE.P1.enableOut.disTAout[1],$PRE.P1.enableIn.posTE,P1.enableIn.posTE,$PRE.P1.enableIn.k,P1.enableIn.k,$PRE.P1.enableIn.endWhile,P1.enableIn.endWhile,P1.enableIn.randNum,$PRE.P1.enableIn.randNum,P1.enableIn.state128[4],$PRE.P1.enableIn.state128[4],P1.enableIn.state128[3],$PRE.P1.enableIn.state128[3],P1.enableIn.state128[2],$PRE.P1.enableIn.state128[2],P1.enableIn.state128[1],$PRE.P1.enableIn.state128[1],P1.enableIn.cumEnablingProb[1],$PRE.P1.enableIn.cumEnablingProb[1],$PRE.P1.enableIn.sumEnablingProbTAin,P1.enableIn.sumEnablingProbTAin,$PRE.P1.enableIn.nTAin,P1.enableIn.nTAin,$PRE.P1.enableIn.nremTAin,P1.enableIn.nremTAin,P1.enableIn.remTAin[1],$PRE.P1.enableIn.remTAin[1],$PRE.P1.enableIn.Index,P1.enableIn.Index,$PRE.P1.enableIn.arcWeightSum,P1.enableIn.arcWeightSum,P1.enableIn.disTAin[1],$PRE.P1.enableIn.disTAin[1],$PRE.P1.disMarksInOut,P1.outTransition[1].tokenInOut,$PRE.P2.disMarksIn.anytrue,$PRE.P2.disMarksOut.anytrue,P2.disMarksInOut,$whenCondition5,$PRE.P1.disMarksIn.anytrue,$PRE.P1.disMarksOut.anytrue,P1.disMarksInOut,$whenCondition4,P2.disMarksOut.numtrue,P2.disMarksOut.anytrue,P2.inTransition[1].disPlace,P2.inTransition[1].maxTokensint,P2.inTransition[1].tint,T1.outPlaces[2].disTransition,T1.outPlaces[2].enabledByInPlaces,P2.reStart,T1.firingCon,T1.outPlaces[1].disTransition,T1.outPlaces[1].enabledByInPlaces,P1.inTransition[1].disPlace,P1.inTransition[1].maxTokensint,P1.inTransition[1].tint,T1.inPlaces[1].disTransition,P1.outTransition[1].normalArc,P1.outTransition[1].testValueint,P1.outTransition[1].arcType,P1.outTransition[1].disPlace,P1.outTransition[1].minTokensint,P1.outTransition[1].tint,P1.reStart,P1.disMarksOut.vec[1],P1.disMarksOut.numtrue,P1.disMarksOut.anytrue,P1.disMarksIn.vec[1],P1.disMarksIn.numtrue,P1.disMarksIn.anytrue,P2.disMarksIn.vec[1],P2.disMarksIn.numtrue,P2.disMarksIn.anytrue,P1.delayPassedOut.vec[1],P1.delayPassedIn.vec[1],T1.activation.arcWeightIntIn[1],T1.activation.arcWeightIntOut[1],T1.activation.arcWeightIntOut[2],P2.delayPassedIn.vec[1],T1.activation.disPlaceOut[2],T1.activation.maxTokensInt[2],T1.activation.tIntOut[2],T1.activation.disPlaceOut[1],T1.activation.maxTokensInt[1],T1.activation.tIntOut[1],T1.activation.normalArc[1],T1.activation.testValueInt[1],T1.activation.arcType[1],T1.activation.disPlaceIn[1],T1.activation.minTokensInt[1],T1.activation.tIntIn[1],P2.emptying.numtrue,P2.emptying.anytrue,P2.feeding.numtrue,P2.feeding.anytrue,P2.feeding.vec[1],P2.delayPassedIn.numtrue,P2.delayPassedIn.anytrue,P2.enableIn.TEin[1],$PRE.P2.enableIn.TEin[1],P2.enableIn.TEin_[1],P2.enableIn.active[1],P2.fireIn[1],$PRE.P2.fireIn[1],T1.fire_,T1.activation.NoTokens,T1.activation.weaklyOutputActiveVec[2],T1.activation.weaklyOutputActiveVec[1],T1.activation.weaklyInputActiveVec[1],T1.activation.active,T1.activation.emptied[2],T1.activation.emptied[1],T1.activation.fed[1],P1.emptying.numtrue,P1.emptying.anytrue,P1.emptying.vec[1],P1.feeding.numtrue,P1.feeding.anytrue,P1.feeding.vec[1],P1.delayPassedIn.numtrue,P1.delayPassedIn.anytrue,P1.delayPassedOut.numtrue,P1.delayPassedOut.anytrue,P1.enableOut.TEout[1],$PRE.P1.enableOut.TEout[1],P1.enableOut.TEout_[1],P1.enableOut.TAout[1],P1.enableIn.TEin[1],$PRE.P1.enableIn.TEin[1],P1.enableIn.TEin_[1],P1.enableIn.active[1],P1.fireOut[1],$PRE.P1.fireOut[1],P1.fireIn[1],$PRE.P1.fireIn[1],$whenCondition3,$whenCondition2,$whenCondition1)
 * Number of discrete states: 0 ()
 * Number of clocked states: 0 ()
 * Top-level inputs: 0
Notification: Strong component statistics for initialization (240):
 * Single equations (assignments): 218
 * Array equations: 0
 * Algorithm blocks: 21
 * Record equations: 0
 * When equations: 0
 * If-equations: 0
 * Equation systems (not torn): 0
 * Torn equation systems: 1
 * Mixed (continuous/discrete) equation systems: 0
Notification: Torn system details for strict tearing set:
 * Linear torn systems (#iteration vars, #inner vars, density): 0 systems
 * Non-linear torn systems (#iteration vars, #inner vars): 1 system
   {(1,9)}
Notification: Performance of prepare postOptimizeDAE: time 0.001701/0.1669, allocations: 1.476 MB / 492.6 MB, free: 13.78 MB / 378.7 MB
Notification: Performance of postOpt lateInlineFunction (simulation): time 0.0004141/0.1673, allocations: 150.8 kB / 492.8 MB, free: 13.63 MB / 378.7 MB
Notification: Performance of postOpt wrapFunctionCalls (simulation): time 0.006574/0.1739, allocations: 4.367 MB / 497.1 MB, free: 9.164 MB / 378.7 MB
Notification: Performance of postOpt inlineArrayEqn (simulation): time 2.021e-05/0.1739, allocations: 8 kB / 497.1 MB, free: 9.156 MB / 378.7 MB
Notification: Performance of postOpt constantLinearSystem (simulation): time 6.673e-06/0.174, allocations: 3.984 kB / 497.1 MB, free: 9.152 MB / 378.7 MB
Notification: Performance of postOpt simplifysemiLinear (simulation): time 8.937e-06/0.174, allocations: 0.5625 kB / 497.1 MB, free: 9.152 MB / 378.7 MB
Notification: Performance of postOpt removeSimpleEquations (simulation): time 0.009303/0.1833, allocations: 6.413 MB / 0.4917 GB, free: 2.582 MB / 378.7 MB
Notification: Performance of postOpt simplifyComplexFunction (simulation): time 0.2169/0.4002, allocations: 4.218 MB / 0.4959 GB, free: 76.42 MB / 378.7 MB
Notification: Performance of postOpt solveSimpleEquations (simulation): time 0.0003136/0.4005, allocations: 53.33 kB / 0.4959 GB, free: 76.42 MB / 378.7 MB
Notification: Performance of postOpt tearingSystem (simulation): time 0.0006058/0.4011, allocations: 192.7 kB / 0.4961 GB, free: 76.41 MB / 378.7 MB
Notification: Performance of postOpt inputDerivativesUsed (simulation): time 0.0002207/0.4014, allocations: 86.08 kB / 0.4962 GB, free: 76.41 MB / 378.7 MB
Notification: Performance of postOpt calculateStrongComponentJacobians (simulation): time 0.0006691/0.402, allocations: 0.7923 MB / 0.497 GB, free: 75.89 MB / 378.7 MB
Notification: Performance of postOpt calculateStateSetsJacobians (simulation): time 1.643e-06/0.4021, allocations: 1.156 kB / 0.497 GB, free: 75.89 MB / 378.7 MB
Notification: Performance of postOpt symbolicJacobian (simulation): time 0.0103/0.4124, allocations: 6.512 MB / 0.5033 GB, free: 75.18 MB / 378.7 MB
Notification: Performance of postOpt removeConstants (simulation): time 0.0001391/0.4125, allocations: 176 kB / 0.5035 GB, free: 75.08 MB / 378.7 MB
Notification: Performance of postOpt simplifyTimeIndepFuncCalls (simulation): time 0.0004465/0.413, allocations: 157.3 kB / 0.5036 GB, free: 75.08 MB / 378.7 MB
Notification: Performance of postOpt simplifyAllExpressions (simulation): time 0.001246/0.4142, allocations: 143.9 kB / 0.5038 GB, free: 75.08 MB / 378.7 MB
Notification: Performance of postOpt findZeroCrossings (simulation): time 0.0006942/0.4149, allocations: 341.8 kB / 0.5041 GB, free: 75.08 MB / 378.7 MB
Notification: Performance of postOpt collapseArrayExpressions (simulation): time 0.0002501/0.4152, allocations: 103.5 kB / 0.5042 GB, free: 75.08 MB / 378.7 MB
Notification: Performance of sorting global known variables: time 0.0004774/0.4157, allocations: 384.5 kB / 0.5046 GB, free: 74.99 MB / 378.7 MB
Notification: Performance of sort global known variables: time 2.31e-07/0.4157, allocations: 0 / 0.5046 GB, free: 74.99 MB / 378.7 MB
Notification: Performance of remove unused functions: time 0.001806/0.4175, allocations: 0.5948 MB / 0.5051 GB, free: 74.98 MB / 378.7 MB
Notification: Model statistics after passing the back-end for simulation:
 * Number of independent subsystems: 2
 * Number of states: 2 (P1.t_,P2.t_)
 * Number of discrete variables: 119 (P2.disMarksInOut,$cse3[1],$whenCondition5,$whenCondition4,$whenCondition1,$whenCondition2,$whenCondition3,P1.outTransition[1].tokenInOut,P1.disMarksInOut,P1.fireIn[1],P1.fireOut[1],P1.enableIn.active[1],P1.enableIn.TEin_[1],P1.enableIn.state128[1],P1.enableIn.state128[2],P1.enableIn.state128[3],P1.enableIn.state128[4],P1.enableIn.TEin[1],P1.enableIn.disTAin[1],P1.enableIn.remTAin[1],P1.enableIn.cumEnablingProb[1],P1.enableIn.arcWeightSum,P1.enableIn.nremTAin,P1.enableIn.nTAin,P1.enableIn.k,P1.enableIn.posTE,P1.enableIn.randNum,P1.enableIn.sumEnablingProbTAin,P1.enableIn.endWhile,P1.enableIn.Index,P1.enableOut.TAout[1],P1.enableOut.TEout_[1],P1.enableOut.state128[1],P1.enableOut.state128[2],P1.enableOut.state128[3],P1.enableOut.state128[4],P1.enableOut.TEout[1],P1.enableOut.disTAout[1],P1.enableOut.remTAout[1],P1.enableOut.cumEnablingProb[1],P1.enableOut.arcWeightSum,P1.enableOut.nremTAout,P1.enableOut.nTAout,P1.enableOut.k,P1.enableOut.posTE,P1.enableOut.randNum,P1.enableOut.sumEnablingProbTAout,P1.enableOut.endWhile,P1.enableOut.Index,P1.delayPassedOut.anytrue,P1.delayPassedOut.numtrue,P1.delayPassedIn.anytrue,P1.delayPassedIn.numtrue,P1.disMarksOut.anytrue,P1.disMarksOut.numtrue,P1.disMarksIn.anytrue,P1.disMarksIn.numtrue,P1.feeding.vec[1],P1.feeding.anytrue,P1.feeding.numtrue,P1.emptying.vec[1],P1.emptying.anytrue,P1.emptying.numtrue,T1.activation.fed[1],T1.activation.emptied[1],T1.activation.emptied[2],T1.activation.active,T1.activation.weaklyInputActiveVec[1],T1.activation.weaklyOutputActiveVec[1],T1.activation.weaklyOutputActiveVec[2],T1.activation.NoTokens,T1.fire_,P2.fireIn[1],P2.enableIn.active[1],P2.enableIn.TEin_[1],P2.enableIn.state128[1],P2.enableIn.state128[2],P2.enableIn.state128[3],P2.enableIn.state128[4],P2.enableIn.TEin[1],P2.enableIn.disTAin[1],P2.enableIn.remTAin[1],P2.enableIn.cumEnablingProb[1],P2.enableIn.arcWeightSum,P2.enableIn.nremTAin,P2.enableIn.nTAin,P2.enableIn.k,P2.enableIn.posTE,P2.enableIn.randNum,P2.enableIn.sumEnablingProbTAin,P2.enableIn.endWhile,P2.enableIn.Index,P2.delayPassedIn.anytrue,P2.delayPassedIn.numtrue,P2.disMarksOut.anytrue,P2.disMarksOut.numtrue,P2.disMarksIn.anytrue,P2.disMarksIn.numtrue,P2.feeding.vec[1],P2.feeding.anytrue,P2.feeding.numtrue,P2.emptying.anytrue,P2.emptying.numtrue,$whenCondition6,P2.enableOut.state128[1],P2.enableOut.state128[2],P2.enableOut.state128[3],P2.enableOut.state128[4],P2.enableOut.arcWeightSum,P2.enableOut.nremTAout,P2.enableOut.nTAout,P2.enableOut.k,P2.enableOut.posTE,P2.enableOut.randNum,P2.enableOut.sumEnablingProbTAout,P2.enableOut.endWhile,P2.enableOut.Index,P2.delayPassedOut.anytrue,P2.delayPassedOut.numtrue)
 * Number of discrete states: 106 (P2.delayPassedOut.numtrue,P2.delayPassedOut.anytrue,P2.enableOut.Index,P2.enableOut.endWhile,P2.enableOut.sumEnablingProbTAout,P2.enableOut.state128[4],P2.enableOut.state128[3],P2.enableOut.state128[2],P2.enableOut.state128[1],P2.enableOut.randNum,P2.enableOut.posTE,P2.enableOut.k,P2.enableOut.nTAout,P2.enableOut.nremTAout,P2.enableOut.arcWeightSum,$whenCondition6,P1.disMarksInOut,P2.fireIn[1],P2.disMarksOut.anytrue,P2.disMarksIn.anytrue,P1.fireIn[1],P1.fireOut[1],P1.disMarksOut.anytrue,P1.disMarksIn.anytrue,P2.emptying.numtrue,P2.emptying.anytrue,P2.feeding.numtrue,P2.feeding.anytrue,P2.disMarksIn.numtrue,P2.disMarksOut.numtrue,P2.delayPassedIn.numtrue,P2.delayPassedIn.anytrue,P1.emptying.numtrue,P1.emptying.anytrue,P1.feeding.numtrue,P1.feeding.anytrue,T1.activation.weaklyOutputActiveVec[2],T1.activation.weaklyOutputActiveVec[1],T1.activation.weaklyInputActiveVec[1],T1.activation.active,T1.activation.NoTokens,P2.enableIn.TEin_[1],P2.enableIn.posTE,P2.enableIn.k,P2.enableIn.endWhile,P2.enableIn.state128[4],P2.enableIn.state128[3],P2.enableIn.state128[2],P2.enableIn.state128[1],P2.enableIn.randNum,P2.enableIn.cumEnablingProb[1],P2.enableIn.sumEnablingProbTAin,P2.enableIn.nTAin,P2.enableIn.nremTAin,P2.enableIn.remTAin[1],P2.enableIn.Index,P2.enableIn.arcWeightSum,P2.enableIn.disTAin[1],$whenCondition3,P2.enableIn.TEin[1],P1.disMarksIn.numtrue,P1.disMarksOut.numtrue,P1.delayPassedIn.numtrue,P1.delayPassedIn.anytrue,P1.delayPassedOut.numtrue,P1.delayPassedOut.anytrue,P1.enableOut.TEout_[1],P1.enableOut.posTE,P1.enableOut.k,P1.enableOut.endWhile,P1.enableOut.state128[4],P1.enableOut.state128[3],P1.enableOut.state128[2],P1.enableOut.state128[1],P1.enableOut.randNum,P1.enableOut.cumEnablingProb[1],P1.enableOut.sumEnablingProbTAout,P1.enableOut.nTAout,P1.enableOut.nremTAout,P1.enableOut.remTAout[1],P1.enableOut.Index,P1.enableOut.arcWeightSum,P1.enableOut.disTAout[1],$whenCondition2,P1.enableOut.TEout[1],P1.enableIn.TEin_[1],P1.enableIn.posTE,P1.enableIn.k,P1.enableIn.endWhile,P1.enableIn.state128[4],P1.enableIn.state128[3],P1.enableIn.state128[2],P1.enableIn.state128[1],P1.enableIn.randNum,P1.enableIn.cumEnablingProb[1],P1.enableIn.sumEnablingProbTAin,P1.enableIn.nTAin,P1.enableIn.nremTAin,P1.enableIn.remTAin[1],P1.enableIn.Index,P1.enableIn.arcWeightSum,P1.enableIn.disTAin[1],$whenCondition1,P1.enableIn.TEin[1],P2.disMarkChange,P1.disMarkChange)
 * Number of clocked states: 0 ()
 * Top-level inputs: 0
Notification: Strong component statistics for simulation (59):
 * Single equations (assignments): 40
 * Array equations: 1
 * Algorithm blocks: 17
 * Record equations: 0
 * When equations: 0
 * If-equations: 0
 * Equation systems (not torn): 0
 * Torn equation systems: 1
 * Mixed (continuous/discrete) equation systems: 0
Notification: Torn system details for strict tearing set:
 * Linear torn systems (#iteration vars, #inner vars, density): 0 systems
 * Non-linear torn systems (#iteration vars, #inner vars): 1 system
   {(1,11)}
Notification: Performance of Backend phase and start with SimCode phase: time 0.001042/0.4186, allocations: 498.1 kB / 0.5056 GB, free: 74.86 MB / 378.7 MB
Notification: Performance of simCode: created initialization part: time 0.006657/0.4252, allocations: 4.858 MB / 0.5104 GB, free: 73.12 MB / 378.7 MB
Notification: Performance of simCode: created event and clocks part: time 3.406e-06/0.4253, allocations: 0 / 0.5104 GB, free: 73.12 MB / 378.7 MB
Notification: Performance of simCode: created simulation system equations: time 0.004131/0.4294, allocations: 5.785 MB / 0.516 GB, free: 68.93 MB / 378.7 MB
Notification: Performance of simCode: created of all other equations (e.g. parameter, nominal, assert, etc): time 0.0009522/0.4304, allocations: 198.5 kB / 0.5162 GB, free: 68.89 MB / 378.7 MB
Notification: Performance of simCode: created linear, non-linear and system jacobian parts: time 0.004975/0.4354, allocations: 3.468 MB / 0.5196 GB, free: 66.01 MB / 378.7 MB
Notification: Performance of simCode: some other stuff during SimCode phase: time 0.0006591/0.436, allocations: 1.271 MB / 0.5208 GB, free: 64.73 MB / 378.7 MB
Notification: Performance of simCode: alias equations: time 0.0005669/0.4366, allocations: 260.9 kB / 0.5211 GB, free: 64.48 MB / 378.7 MB
Notification: Performance of simCode: all other stuff during SimCode phase: time 0.0001431/0.4368, allocations: 67.44 kB / 0.5211 GB, free: 64.42 MB / 378.7 MB
Notification: Performance of SimCode: time 3.61e-07/0.4368, allocations: 0 / 0.5211 GB, free: 64.42 MB / 378.7 MB
Notification: Performance of Templates: time 0.03353/0.4703, allocations: 25.33 MB / 0.5459 GB, free: 38.92 MB / 378.7 MB
make -j1 -f PNlib_2.2_PNlib.Examples.ConTest.LoopAndArcweight.makefile
(rm -f PNlib_2.2_PNlib.Examples.ConTest.LoopAndArcweight.pipe ; mkfifo PNlib_2.2_PNlib.Examples.ConTest.LoopAndArcweight.pipe ; head -c 1048576 < PNlib_2.2_PNlib.Examples.ConTest.LoopAndArcweight.pipe >> ../files/PNlib_2.2_PNlib.Examples.ConTest.LoopAndArcweight.sim & ./PNlib_2.2_PNlib.Examples.ConTest.LoopAndArcweight  -abortSlowSimulation -alarm=480  -emit_protected -lv LOG_STATS > PNlib_2.2_PNlib.Examples.ConTest.LoopAndArcweight.pipe 2>&1)
diffSimulationResults("PNlib_2.2_PNlib.Examples.ConTest.LoopAndArcweight_res.mat","/home/runner/work/PNlib/PNlib/ReferenceFiles/PNlib.Examples.ConTest.LoopAndArcweight.mat","../files/PNlib_2.2_PNlib.Examples.ConTest.LoopAndArcweight.diff",relTol=0.003,relTolDiffMinMax=0.003,rangeDelta=0.001)
Reference file matches
