Running: ./testmodel.py --libraries=/home/runner/.openmodelica/libraries/ --ompython_omhome= PNlib_2.2_PNlib.Examples.ConTest.Speed.conf.json
loadFile("/home/runner/.openmodelica/libraries/ModelicaServices 4.0.0+maint.om/package.mo", uses=false)
loadFile("/home/runner/.openmodelica/libraries/Complex 4.0.0+maint.om/package.mo", uses=false)
loadFile("/home/runner/.openmodelica/libraries/Modelica 4.0.0+maint.om/package.mo", uses=false)
loadFile("/home/runner/work/PNlib/PNlib/PNlib/package.mo", uses=false)
Using package PNlib with version 2.2 (/home/runner/work/PNlib/PNlib/PNlib/package.mo)
Using package Modelica with version 4.0.0 (/home/runner/.openmodelica/libraries/Modelica 4.0.0+maint.om/package.mo)
Using package Complex with version 4.0.0 (/home/runner/.openmodelica/libraries/Complex 4.0.0+maint.om/package.mo)
Using package ModelicaServices with version 4.0.0 (/home/runner/.openmodelica/libraries/ModelicaServices 4.0.0+maint.om/package.mo)
Running command: translateModel(PNlib.Examples.ConTest.Speed,tolerance=1e-06,outputFormat="mat",numberOfIntervals=5000,variableFilter="P1.t|P2.t|T1.fire|T1.instantaneousSpeed|T1.maximumSpeed|T2.fire|T2.instantaneousSpeed|T2.maximumSpeed|T3.fire|T3.instantaneousSpeed|T3.maximumSpeed|time",fileNamePrefix="PNlib_2.2_PNlib.Examples.ConTest.Speed")
translateModel(PNlib.Examples.ConTest.Speed,tolerance=1e-06,outputFormat="mat",numberOfIntervals=5000,variableFilter="P1.t|P2.t|T1.fire|T1.instantaneousSpeed|T1.maximumSpeed|T2.fire|T2.instantaneousSpeed|T2.maximumSpeed|T3.fire|T3.instantaneousSpeed|T3.maximumSpeed|time",fileNamePrefix="PNlib_2.2_PNlib.Examples.ConTest.Speed")
Notification: Performance of loadFile(/home/runner/.openmodelica/libraries/ModelicaServices 4.0.0+maint.om/package.mo): time 0.0009654/0.0009655, allocations: 97.52 kB / 15.6 MB, free: 5.266 MB / 13.93 MB
Notification: Performance of loadFile(/home/runner/.openmodelica/libraries/Complex 4.0.0+maint.om/package.mo): time 0.001044/0.001044, allocations: 179.7 kB / 16.51 MB, free: 4.641 MB / 13.93 MB
Notification: Performance of loadFile(/home/runner/.openmodelica/libraries/Modelica 4.0.0+maint.om/package.mo): time 1.635/1.635, allocations: 222.1 MB / 239.4 MB, free: 11.13 MB / 202.7 MB
Notification: Performance of loadFile(/home/runner/work/PNlib/PNlib/PNlib/package.mo): time 0.09419/0.09419, allocations: 16.57 MB / 306.2 MB, free: 10.61 MB / 250.7 MB
Notification: Performance of FrontEnd - loaded program: time 0.0004496/0.0004497, allocations: 13.31 kB / 370.6 MB, free: 44.88 MB / 298.7 MB
Notification: Performance of FrontEnd - Absyn->SCode: time 0.07566/0.07613, allocations: 53.46 MB / 424.1 MB, free: 5.977 MB / 298.7 MB
Notification: Performance of NFInst.instantiate(PNlib.Examples.ConTest.Speed): time 0.004254/0.08043, allocations: 3.515 MB / 427.6 MB, free: 2.453 MB / 298.7 MB
Notification: Performance of NFInst.instExpressions: time 0.004834/0.08529, allocations: 2.711 MB / 430.3 MB, free: 15.74 MB / 314.7 MB
Notification: Performance of NFInst.updateImplicitVariability: time 0.000766/0.08608, allocations: 19.94 kB / 430.3 MB, free: 15.72 MB / 314.7 MB
Notification: Performance of NFTyping.typeComponents: time 0.0008175/0.08692, allocations: 313.6 kB / 430.6 MB, free: 15.41 MB / 314.7 MB
Notification: Performance of NFTyping.typeBindings: time 0.001061/0.088, allocations: 293.7 kB / 430.9 MB, free: 15.12 MB / 314.7 MB
Notification: Performance of NFTyping.typeClassSections: time 0.002237/0.09025, allocations: 1.221 MB / 432.1 MB, free: 13.9 MB / 314.7 MB
Notification: Performance of NFFlatten.flatten: time 0.002565/0.09283, allocations: 3.32 MB / 435.4 MB, free: 10.58 MB / 314.7 MB
Notification: Performance of NFFlatten.resolveConnections: time 0.0005628/0.09341, allocations: 0.5295 MB / 436 MB, free: 10.02 MB / 314.7 MB
Notification: Performance of NFEvalConstants.evaluate: time 0.001152/0.09457, allocations: 1.297 MB / 437.3 MB, free: 8.719 MB / 314.7 MB
Notification: Performance of NFSimplifyModel.simplify: time 0.0007974/0.09538, allocations: 0.9409 MB / 438.2 MB, free: 7.773 MB / 314.7 MB
Notification: Performance of NFPackage.collectConstants: time 0.0002911/0.09569, allocations: 240 kB / 438.4 MB, free: 7.539 MB / 314.7 MB
Notification: Performance of NFFlatten.collectFunctions: time 0.0008962/0.09659, allocations: 0.601 MB / 439 MB, free: 6.938 MB / 314.7 MB
Notification: Performance of NFScalarize.scalarize: time 0.0003599/0.09696, allocations: 497.7 kB / 439.5 MB, free: 6.453 MB / 314.7 MB
Notification: Performance of NFVerifyModel.verify: time 0.0007785/0.09775, allocations: 1.046 MB / 440.6 MB, free: 5.402 MB / 314.7 MB
Notification: Performance of NFConvertDAE.convert: time 0.002175/0.09993, allocations: 2.63 MB / 443.2 MB, free: 2.766 MB / 314.7 MB
Notification: Performance of FrontEnd - DAE generated: time 3.476e-06/0.09995, allocations: 0 / 443.2 MB, free: 2.766 MB / 314.7 MB
Notification: Performance of FrontEnd: time 1.382e-06/0.09996, allocations: 0 / 443.2 MB, free: 2.766 MB / 314.7 MB
Notification: Performance of Transformations before backend: time 1.574e-05/0.09998, allocations: 0 / 443.2 MB, free: 2.766 MB / 314.7 MB
Notification: Model statistics after passing the front-end and creating the data structures used by the back-end:
 * Number of equations: 530
 * Number of variables: 530
Notification: Performance of Generate backend data structure: time 0.004776/0.1048, allocations: 2.752 MB / 446 MB, free: 15.82 MB / 330.7 MB
Notification: Performance of prepare preOptimizeDAE: time 5.276e-05/0.1048, allocations: 12.03 kB / 446 MB, free: 15.8 MB / 330.7 MB
Notification: Performance of preOpt normalInlineFunction (simulation): time 0.003364/0.1082, allocations: 402.4 kB / 446.4 MB, free: 15.41 MB / 330.7 MB
Notification: Performance of preOpt evaluateParameters (simulation): time 0.002568/0.1108, allocations: 0.876 MB / 447.2 MB, free: 14.49 MB / 330.7 MB
Notification: Performance of preOpt simplifyIfEquations (simulation): time 0.0009411/0.1118, allocations: 0.4958 MB / 447.7 MB, free: 13.92 MB / 330.7 MB
Notification: Performance of preOpt expandDerOperator (simulation): time 0.0003176/0.1121, allocations: 232 kB / 448 MB, free: 13.7 MB / 330.7 MB
Notification: Performance of preOpt clockPartitioning (simulation): time 0.005597/0.1177, allocations: 3.791 MB / 451.7 MB, free: 9.766 MB / 330.7 MB
Notification: Performance of preOpt findStateOrder (simulation): time 4.603e-05/0.1178, allocations: 3.938 kB / 451.7 MB, free: 9.762 MB / 330.7 MB
Notification: Performance of preOpt replaceEdgeChange (simulation): time 0.0002534/0.118, allocations: 112 kB / 451.9 MB, free: 9.652 MB / 330.7 MB
Notification: Performance of preOpt inlineArrayEqn (simulation): time 0.0003368/0.1184, allocations: 207.1 kB / 452.1 MB, free: 9.449 MB / 330.7 MB
Notification: Performance of preOpt removeEqualRHS (simulation): time 0.004436/0.1228, allocations: 2.753 MB / 454.8 MB, free: 6.691 MB / 330.7 MB
Notification: Performance of preOpt removeSimpleEquations (simulation): time 0.01042/0.1333, allocations: 7.579 MB / 462.4 MB, free: 14.88 MB / 346.7 MB
Notification: Performance of preOpt comSubExp (simulation): time 0.003982/0.1373, allocations: 3.626 MB / 466 MB, free: 11.2 MB / 346.7 MB
Notification: Performance of preOpt resolveLoops (simulation): time 0.003937/0.1412, allocations: 3.207 MB / 469.2 MB, free: 7.98 MB / 346.7 MB
Notification: Performance of preOpt evalFunc (simulation): time 0.003161/0.1444, allocations: 3.078 MB / 472.3 MB, free: 4.238 MB / 346.7 MB
Notification: Performance of preOpt encapsulateWhenConditions (simulation): time 0.004519/0.1489, allocations: 1.985 MB / 474.3 MB, free: 2.207 MB / 346.7 MB
Notification: Performance of pre-optimization done (n=177): time 4.819e-06/0.1489, allocations: 4 kB / 474.3 MB, free: 2.203 MB / 346.7 MB
Notification: Performance of matching and sorting (n=177): time 0.01376/0.1627, allocations: 6.373 MB / 480.7 MB, free: 11.69 MB / 362.7 MB
Notification: Performance of inlineWhenForInitialization (initialization): time 0.0004043/0.1632, allocations: 1.155 MB / 481.8 MB, free: 10.32 MB / 362.7 MB
Notification: Performance of selectInitializationVariablesDAE (initialization): time 0.001152/0.1643, allocations: 0.8544 MB / 482.7 MB, free: 9.457 MB / 362.7 MB
Notification: Performance of collectPreVariables (initialization): time 0.0001776/0.1645, allocations: 121.7 kB / 482.8 MB, free: 9.332 MB / 362.7 MB
Notification: Performance of collectInitialEqns (initialization): time 0.0003726/0.1649, allocations: 0.6474 MB / 483.4 MB, free: 8.672 MB / 362.7 MB
Notification: Performance of collectInitialBindings (initialization): time 0.0003436/0.1652, allocations: 482.2 kB / 483.9 MB, free: 8.195 MB / 362.7 MB
Notification: Performance of simplifyInitialFunctions (initialization): time 0.0009849/0.1662, allocations: 0.5717 MB / 484.5 MB, free: 7.617 MB / 362.7 MB
Notification: Performance of setup shared object (initialization): time 8.838e-05/0.1663, allocations: 337.9 kB / 484.8 MB, free: 7.281 MB / 362.7 MB
Notification: Performance of preBalanceInitialSystem (initialization): time 0.001791/0.1681, allocations: 1.09 MB / 485.9 MB, free: 6.188 MB / 362.7 MB
Notification: Performance of partitionIndependentBlocks (initialization): time 0.002245/0.1704, allocations: 1.965 MB / 487.9 MB, free: 3.832 MB / 362.7 MB
Notification: Performance of analyzeInitialSystem (initialization): time 0.005304/0.1757, allocations: 4.23 MB / 492.1 MB, free: 14.98 MB / 378.7 MB
Notification: Performance of solveInitialSystemEqSystem (initialization): time 2.34e-05/0.1758, allocations: 8 kB / 492.1 MB, free: 14.97 MB / 378.7 MB
Notification: Performance of matching and sorting (n=343) (initialization): time 0.006645/0.1824, allocations: 4.496 MB / 496.6 MB, free: 10.33 MB / 378.7 MB
Notification: Performance of prepare postOptimizeDAE: time 0.0002855/0.1827, allocations: 0.7685 MB / 497.4 MB, free: 9.422 MB / 378.7 MB
Notification: Performance of postOpt simplifyComplexFunction (initialization): time 0.003801/0.1865, allocations: 2.653 MB / 0.4883 GB, free: 6.68 MB / 378.7 MB
Notification: Performance of postOpt tearingSystem (initialization): time 0.001956/0.1885, allocations: 408.4 kB / 0.4887 GB, free: 6.277 MB / 378.7 MB
Notification: Performance of postOpt solveSimpleEquations (initialization): time 0.0009455/0.1895, allocations: 287.3 kB / 0.489 GB, free: 5.996 MB / 378.7 MB
Notification: Performance of postOpt calculateStrongComponentJacobians (initialization): time 0.0009705/0.1904, allocations: 0.9895 MB / 0.4899 GB, free: 4.984 MB / 378.7 MB
Notification: Performance of postOpt simplifyAllExpressions (initialization): time 0.001408/0.1919, allocations: 313.2 kB / 0.4902 GB, free: 4.676 MB / 378.7 MB
Notification: Performance of postOpt collapseArrayExpressions (initialization): time 0.0003932/0.1923, allocations: 148.2 kB / 0.4904 GB, free: 4.531 MB / 378.7 MB
Warning: Assuming fixed start value for the following 36 variables:
         P2.enableOut.Index:DISCRETE(fixed = true protected = true )  type: Integer
         P2.enableOut.endWhile:DISCRETE(fixed = true protected = true )  type: Boolean
         P2.enableOut.sumEnablingProbTAout:DISCRETE(fixed = true protected = true )  "sum of the enabling probabilities of the active output transitions" type: Real
         P2.enableOut.posTE:DISCRETE(fixed = true protected = true )  "possible enabled transition" type: Integer
         P2.enableOut.k:DISCRETE(fixed = true protected = true )  "iteration index" type: Integer
         P2.enableOut.nTAout:DISCRETE(fixed = true protected = true )  "number of active output transitions" type: Integer
         P2.enableOut.nremTAout:DISCRETE(fixed = true protected = true )  "number of remaining active output transitions" type: Integer
         P2.enableOut.arcWeightSum:DISCRETE(fixed = true protected = true )  "arc weight sum" type: Real
         P2.enableIn.posTE:DISCRETE(fixed = true protected = true )  "possible enabled transition" type: Integer
         P2.enableIn.k:DISCRETE(fixed = true protected = true )  "iteration index" type: Integer
         P2.enableIn.endWhile:DISCRETE(fixed = true protected = true )  type: Boolean
         P2.enableIn.sumEnablingProbTAin:DISCRETE(fixed = true protected = true )  "sum of the enabling probabilities of the active input transitions" type: Real
         P2.enableIn.nTAin:DISCRETE(fixed = true protected = true )  "number ofactive input transitions" type: Integer
         P2.enableIn.nremTAin:DISCRETE(fixed = true protected = true )  "number of remaining active input transitions" type: Integer
         P2.enableIn.Index:DISCRETE(fixed = true protected = true )  "priority Index" type: Integer
         P2.enableIn.arcWeightSum:DISCRETE(fixed = true protected = true )  "arc weight sum" type: Real
         P1.enableOut.posTE:DISCRETE(fixed = true protected = true )  "possible enabled transition" type: Integer
         P1.enableOut.k:DISCRETE(fixed = true protected = true )  "iteration index" type: Integer
         P1.enableOut.endWhile:DISCRETE(fixed = true protected = true )  type: Boolean
         P1.enableOut.sumEnablingProbTAout:DISCRETE(fixed = true protected = true )  "sum of the enabling probabilities of the active output transitions" type: Real
         P1.enableOut.nTAout:DISCRETE(fixed = true protected = true )  "number of active output transitions" type: Integer
         P1.enableOut.nremTAout:DISCRETE(fixed = true protected = true )  "number of remaining active output transitions" type: Integer
         P1.enableOut.Index:DISCRETE(fixed = true protected = true )  type: Integer
         P1.enableOut.arcWeightSum:DISCRETE(fixed = true protected = true )  "arc weight sum" type: Real
         P1.enableIn.posTE:DISCRETE(fixed = true protected = true )  "possible enabled transition" type: Integer
         P1.enableIn.k:DISCRETE(fixed = true protected = true )  "iteration index" type: Integer
         P1.enableIn.endWhile:DISCRETE(fixed = true protected = true )  type: Boolean
         P1.enableIn.sumEnablingProbTAin:DISCRETE(fixed = true protected = true )  "sum of the enabling probabilities of the active input transitions" type: Real
         P1.enableIn.nTAin:DISCRETE(fixed = true protected = true )  "number ofactive input transitions" type: Integer
         P1.enableIn.nremTAin:DISCRETE(fixed = true protected = true )  "number of remaining active input transitions" type: Integer
         P1.enableIn.Index:DISCRETE(fixed = true protected = true )  "priority Index" type: Integer
         P1.enableIn.arcWeightSum:DISCRETE(fixed = true protected = true )  "arc weight sum" type: Real
         P2.disMarksIn.anytrue:DISCRETE(fixed = true protected = true )  type: Boolean
         P2.disMarksOut.anytrue:DISCRETE(fixed = true protected = true )  type: Boolean
         P1.disMarksIn.anytrue:DISCRETE(fixed = true protected = true )  type: Boolean
         P1.disMarksOut.anytrue:DISCRETE(fixed = true protected = true )  type: Boolean
Notification: Model statistics after passing the back-end for initialization:
 * Number of independent subsystems: 117
 * Number of states: 0 ()
 * Number of discrete variables: 265 ($PRE.P2.enableOut.Index,P2.enableOut.Index,$PRE.P2.enableOut.endWhile,P2.enableOut.endWhile,$PRE.P2.enableOut.sumEnablingProbTAout,P2.enableOut.sumEnablingProbTAout,P2.enableOut.randNum,$PRE.P2.enableOut.randNum,P2.enableOut.state128[4],$PRE.P2.enableOut.state128[4],P2.enableOut.state128[3],$PRE.P2.enableOut.state128[3],P2.enableOut.state128[2],$PRE.P2.enableOut.state128[2],P2.enableOut.state128[1],$PRE.P2.enableOut.state128[1],$PRE.P2.enableOut.posTE,P2.enableOut.posTE,$PRE.P2.enableOut.k,P2.enableOut.k,$PRE.P2.enableOut.nTAout,P2.enableOut.nTAout,$PRE.P2.enableOut.nremTAout,P2.enableOut.nremTAout,$PRE.P2.enableOut.arcWeightSum,P2.enableOut.arcWeightSum,P2.delayPassedOut.numtrue,P2.delayPassedOut.anytrue,$whenCondition6,$PRE.P2.enableIn.posTE,P2.enableIn.posTE,$PRE.P2.enableIn.k,P2.enableIn.k,$PRE.P2.enableIn.endWhile,P2.enableIn.endWhile,P2.enableIn.randNum,$PRE.P2.enableIn.randNum,P2.enableIn.state128[4],$PRE.P2.enableIn.state128[4],P2.enableIn.state128[3],$PRE.P2.enableIn.state128[3],P2.enableIn.state128[2],$PRE.P2.enableIn.state128[2],P2.enableIn.state128[1],$PRE.P2.enableIn.state128[1],P2.enableIn.cumEnablingProb[1],$PRE.P2.enableIn.cumEnablingProb[1],$PRE.P2.enableIn.sumEnablingProbTAin,P2.enableIn.sumEnablingProbTAin,$PRE.P2.enableIn.nTAin,P2.enableIn.nTAin,$PRE.P2.enableIn.nremTAin,P2.enableIn.nremTAin,P2.enableIn.remTAin[1],$PRE.P2.enableIn.remTAin[1],$PRE.P2.enableIn.Index,P2.enableIn.Index,$PRE.P2.enableIn.arcWeightSum,P2.enableIn.arcWeightSum,P2.enableIn.disTAin[1],$PRE.P2.enableIn.disTAin[1],$PRE.P1.enableOut.posTE,P1.enableOut.posTE,$PRE.P1.enableOut.k,P1.enableOut.k,$PRE.P1.enableOut.endWhile,P1.enableOut.endWhile,P1.enableOut.randNum,$PRE.P1.enableOut.randNum,P1.enableOut.state128[4],$PRE.P1.enableOut.state128[4],P1.enableOut.state128[3],$PRE.P1.enableOut.state128[3],P1.enableOut.state128[2],$PRE.P1.enableOut.state128[2],P1.enableOut.state128[1],$PRE.P1.enableOut.state128[1],P1.enableOut.cumEnablingProb[1],$PRE.P1.enableOut.cumEnablingProb[1],$PRE.P1.enableOut.sumEnablingProbTAout,P1.enableOut.sumEnablingProbTAout,$PRE.P1.enableOut.nTAout,P1.enableOut.nTAout,$PRE.P1.enableOut.nremTAout,P1.enableOut.nremTAout,P1.enableOut.remTAout[1],$PRE.P1.enableOut.remTAout[1],$PRE.P1.enableOut.Index,P1.enableOut.Index,$PRE.P1.enableOut.arcWeightSum,P1.enableOut.arcWeightSum,P1.enableOut.disTAout[1],$PRE.P1.enableOut.disTAout[1],$PRE.P1.enableIn.posTE,P1.enableIn.posTE,$PRE.P1.enableIn.k,P1.enableIn.k,$PRE.P1.enableIn.endWhile,P1.enableIn.endWhile,P1.enableIn.randNum,$PRE.P1.enableIn.randNum,P1.enableIn.state128[4],$PRE.P1.enableIn.state128[4],P1.enableIn.state128[3],$PRE.P1.enableIn.state128[3],P1.enableIn.state128[2],$PRE.P1.enableIn.state128[2],P1.enableIn.state128[1],$PRE.P1.enableIn.state128[1],P1.enableIn.cumEnablingProb[2],$PRE.P1.enableIn.cumEnablingProb[2],P1.enableIn.cumEnablingProb[1],$PRE.P1.enableIn.cumEnablingProb[1],$PRE.P1.enableIn.sumEnablingProbTAin,P1.enableIn.sumEnablingProbTAin,$PRE.P1.enableIn.nTAin,P1.enableIn.nTAin,$PRE.P1.enableIn.nremTAin,P1.enableIn.nremTAin,P1.enableIn.remTAin[2],$PRE.P1.enableIn.remTAin[2],P1.enableIn.remTAin[1],$PRE.P1.enableIn.remTAin[1],$PRE.P1.enableIn.Index,P1.enableIn.Index,$PRE.P1.enableIn.arcWeightSum,P1.enableIn.arcWeightSum,P1.enableIn.disTAin[2],$PRE.P1.enableIn.disTAin[2],P1.enableIn.disTAin[1],$PRE.P1.enableIn.disTAin[1],T3.inPlaces[1].tokenInOut,$PRE.P1.disMarksInOut,$PRE.P2.disMarksIn.anytrue,$PRE.P2.disMarksOut.anytrue,P2.disMarksInOut,$whenCondition5,$PRE.P1.disMarksIn.anytrue,$PRE.P1.disMarksOut.anytrue,P1.disMarksInOut,$whenCondition4,P2.disMarksOut.numtrue,P2.disMarksOut.anytrue,P2.inTransition[1].disPlace,P2.inTransition[1].maxTokensint,P2.inTransition[1].tint,T3.outPlaces[1].disTransition,T3.outPlaces[1].enabledByInPlaces,P2.reStart,T3.firingCon,T3.inPlaces[1].disTransition,P1.outTransition[1].normalArc,P1.outTransition[1].testValueint,P1.outTransition[1].arcType,P1.outTransition[1].disPlace,P1.outTransition[1].minTokensint,P1.outTransition[1].tint,T2.firingCon,T2.outPlaces[1].disTransition,T2.outPlaces[1].enabledByInPlaces,P1.inTransition[2].disPlace,P1.inTransition[2].maxTokensint,P1.inTransition[2].tint,P1.inTransition[1].disPlace,P1.inTransition[1].maxTokensint,P1.inTransition[1].tint,T1.outPlaces[1].disTransition,T1.outPlaces[1].enabledByInPlaces,P1.reStart,T1.firingCon,P1.disMarksOut.vec[1],P1.disMarksOut.numtrue,P1.disMarksOut.anytrue,P1.disMarksIn.vec[1],P1.disMarksIn.vec[2],P1.disMarksIn.numtrue,P1.disMarksIn.anytrue,P2.disMarksIn.vec[1],P2.disMarksIn.numtrue,P2.disMarksIn.anytrue,T2.fire_,T1.fire_,T1.activation.arcWeightIntOut[1],P1.delayPassedOut.vec[1],P1.delayPassedIn.vec[1],P1.delayPassedIn.vec[2],T2.activation.arcWeightIntOut[1],T3.activation.arcWeightIntIn[1],T3.activation.arcWeightIntOut[1],P2.delayPassedIn.vec[1],T3.activation.disPlaceOut[1],T3.activation.maxTokensInt[1],T3.activation.tIntOut[1],T3.activation.normalArc[1],T3.activation.testValueInt[1],T3.activation.arcType[1],T3.activation.disPlaceIn[1],T3.activation.minTokensInt[1],T3.activation.tIntIn[1],T2.activation.disPlaceOut[1],T2.activation.maxTokensInt[1],T2.activation.tIntOut[1],T1.activation.disPlaceOut[1],T1.activation.maxTokensInt[1],T1.activation.tIntOut[1],P2.emptying.numtrue,P2.emptying.anytrue,P2.feeding.numtrue,P2.feeding.anytrue,P2.feeding.vec[1],P2.delayPassedIn.numtrue,P2.delayPassedIn.anytrue,P2.enableIn.TEin[1],$PRE.P2.enableIn.TEin[1],P2.enableIn.TEin_[1],P2.enableIn.active[1],P2.fireIn[1],$PRE.P2.fireIn[1],T3.fire_,T3.activation.NoTokens,T3.activation.weaklyOutputActiveVec[1],T3.activation.weaklyInputActiveVec[1],T3.activation.active,T3.activation.emptied[1],T3.activation.fed[1],T2.activation.NoTokens,T2.activation.weaklyOutputActiveVec[1],T2.activation.active,T2.activation.emptied[1],P1.emptying.numtrue,P1.emptying.anytrue,P1.emptying.vec[1],P1.feeding.numtrue,P1.feeding.anytrue,P1.feeding.vec[2],P1.feeding.vec[1],P1.delayPassedIn.numtrue,P1.delayPassedIn.anytrue,P1.delayPassedOut.numtrue,P1.delayPassedOut.anytrue,P1.enableOut.TEout[1],$PRE.P1.enableOut.TEout[1],P1.enableOut.TEout_[1],P1.enableOut.TAout[1],P1.enableIn.TEin[2],$PRE.P1.enableIn.TEin[2],P1.enableIn.TEin[1],$PRE.P1.enableIn.TEin[1],P1.enableIn.TEin_[2],P1.enableIn.TEin_[1],P1.enableIn.active[2],P1.enableIn.active[1],P1.fireOut[1],$PRE.P1.fireOut[1],P1.fireIn[2],$PRE.P1.fireIn[2],P1.fireIn[1],$PRE.P1.fireIn[1],T1.activation.NoTokens,T1.activation.weaklyOutputActiveVec[1],T1.activation.active,T1.activation.emptied[1],$whenCondition3,$whenCondition2,$whenCondition1)
 * Number of discrete states: 0 ()
 * Number of clocked states: 0 ()
 * Top-level inputs: 0
Notification: Strong component statistics for initialization (286):
 * Single equations (assignments): 262
 * Array equations: 0
 * Algorithm blocks: 23
 * Record equations: 0
 * When equations: 0
 * If-equations: 0
 * Equation systems (not torn): 0
 * Torn equation systems: 1
 * Mixed (continuous/discrete) equation systems: 0
Notification: Torn system details for strict tearing set:
 * Linear torn systems (#iteration vars, #inner vars, density): 0 systems
 * Non-linear torn systems (#iteration vars, #inner vars): 1 system
   {(3,14)}
Notification: Performance of prepare postOptimizeDAE: time 0.00174/0.194, allocations: 1.686 MB / 0.492 GB, free: 2.727 MB / 378.7 MB
Notification: Performance of postOpt lateInlineFunction (simulation): time 0.0006388/0.1947, allocations: 178.5 kB / 0.4922 GB, free: 2.551 MB / 378.7 MB
Notification: Performance of postOpt wrapFunctionCalls (simulation): time 0.2183/0.4129, allocations: 5.03 MB / 0.4971 GB, free: 75.6 MB / 378.7 MB
Notification: Performance of postOpt inlineArrayEqn (simulation): time 2.653e-05/0.413, allocations: 11.44 kB / 0.4971 GB, free: 75.6 MB / 378.7 MB
Notification: Performance of postOpt constantLinearSystem (simulation): time 8.135e-06/0.413, allocations: 0 / 0.4971 GB, free: 75.6 MB / 378.7 MB
Notification: Performance of postOpt simplifysemiLinear (simulation): time 1.258e-05/0.413, allocations: 5.25 kB / 0.4971 GB, free: 75.6 MB / 378.7 MB
Notification: Performance of postOpt removeSimpleEquations (simulation): time 0.01136/0.4244, allocations: 7.361 MB / 0.5043 GB, free: 74.73 MB / 378.7 MB
Notification: Performance of postOpt simplifyComplexFunction (simulation): time 0.00763/0.4321, allocations: 4.865 MB / 0.5091 GB, free: 73.58 MB / 378.7 MB
Notification: Performance of postOpt solveSimpleEquations (simulation): time 0.0003805/0.4325, allocations: 69.98 kB / 0.5091 GB, free: 73.57 MB / 378.7 MB
Notification: Performance of postOpt tearingSystem (simulation): time 0.001122/0.4336, allocations: 322.1 kB / 0.5094 GB, free: 73.53 MB / 378.7 MB
Notification: Performance of postOpt inputDerivativesUsed (simulation): time 0.0002373/0.4338, allocations: 103.3 kB / 0.5095 GB, free: 73.5 MB / 378.7 MB
Notification: Performance of postOpt calculateStrongComponentJacobians (simulation): time 0.000973/0.4348, allocations: 0.9544 MB / 0.5105 GB, free: 72.87 MB / 378.7 MB
Notification: Performance of postOpt calculateStateSetsJacobians (simulation): time 2.324e-06/0.4348, allocations: 0 / 0.5105 GB, free: 72.87 MB / 378.7 MB
Notification: Performance of postOpt symbolicJacobian (simulation): time 0.01041/0.4453, allocations: 7.455 MB / 0.5177 GB, free: 67.86 MB / 378.7 MB
Notification: Performance of postOpt removeConstants (simulation): time 0.000159/0.4454, allocations: 206 kB / 0.5179 GB, free: 67.7 MB / 378.7 MB
Notification: Performance of postOpt simplifyTimeIndepFuncCalls (simulation): time 0.0004727/0.4459, allocations: 175.9 kB / 0.5181 GB, free: 67.53 MB / 378.7 MB
Notification: Performance of postOpt simplifyAllExpressions (simulation): time 0.001371/0.4473, allocations: 164.4 kB / 0.5183 GB, free: 67.38 MB / 378.7 MB
Notification: Performance of postOpt findZeroCrossings (simulation): time 0.0006707/0.448, allocations: 383.4 kB / 0.5186 GB, free: 67 MB / 378.7 MB
Notification: Performance of postOpt collapseArrayExpressions (simulation): time 0.0002609/0.4483, allocations: 118.4 kB / 0.5187 GB, free: 66.89 MB / 378.7 MB
Notification: Performance of sorting global known variables: time 0.0005053/0.4488, allocations: 475 kB / 0.5192 GB, free: 66.43 MB / 378.7 MB
Notification: Performance of sort global known variables: time 1.8e-07/0.4488, allocations: 0 / 0.5192 GB, free: 66.43 MB / 378.7 MB
Notification: Performance of remove unused functions: time 0.001859/0.4506, allocations: 0.6851 MB / 0.5199 GB, free: 65.75 MB / 378.7 MB
Notification: Model statistics after passing the back-end for simulation:
 * Number of independent subsystems: 3
 * Number of states: 2 (P1.t_,P2.t_)
 * Number of discrete variables: 133 (P2.disMarksInOut,$cse4[1],$whenCondition5,$whenCondition4,$whenCondition1,$whenCondition2,$whenCondition3,T1.activation.emptied[1],T1.activation.active,T1.activation.weaklyOutputActiveVec[1],T1.activation.NoTokens,P1.disMarksInOut,P1.fireIn[1],P1.fireIn[2],P1.fireOut[1],P1.enableIn.active[1],P1.enableIn.active[2],P1.enableIn.TEin_[1],P1.enableIn.TEin_[2],P1.enableIn.state128[1],P1.enableIn.state128[2],P1.enableIn.state128[3],P1.enableIn.state128[4],P1.enableIn.TEin[1],P1.enableIn.TEin[2],P1.enableIn.disTAin[1],P1.enableIn.disTAin[2],P1.enableIn.remTAin[1],P1.enableIn.remTAin[2],P1.enableIn.cumEnablingProb[1],P1.enableIn.cumEnablingProb[2],P1.enableIn.arcWeightSum,P1.enableIn.nremTAin,P1.enableIn.nTAin,P1.enableIn.k,P1.enableIn.posTE,P1.enableIn.randNum,P1.enableIn.sumEnablingProbTAin,P1.enableIn.endWhile,P1.enableIn.Index,P1.enableOut.TAout[1],P1.enableOut.TEout_[1],P1.enableOut.state128[1],P1.enableOut.state128[2],P1.enableOut.state128[3],P1.enableOut.state128[4],P1.enableOut.TEout[1],P1.enableOut.disTAout[1],P1.enableOut.remTAout[1],P1.enableOut.cumEnablingProb[1],P1.enableOut.arcWeightSum,P1.enableOut.nremTAout,P1.enableOut.nTAout,P1.enableOut.k,P1.enableOut.posTE,P1.enableOut.randNum,P1.enableOut.sumEnablingProbTAout,P1.enableOut.endWhile,P1.enableOut.Index,P1.delayPassedOut.anytrue,P1.delayPassedOut.numtrue,P1.delayPassedIn.anytrue,P1.delayPassedIn.numtrue,P1.disMarksOut.anytrue,P1.disMarksOut.numtrue,P1.disMarksIn.anytrue,P1.disMarksIn.numtrue,P1.feeding.vec[1],P1.feeding.vec[2],P1.feeding.anytrue,P1.feeding.numtrue,P1.emptying.vec[1],P1.emptying.anytrue,P1.emptying.numtrue,T2.activation.emptied[1],T2.activation.active,T2.activation.weaklyOutputActiveVec[1],T2.activation.NoTokens,T3.inPlaces[1].tokenInOut,T3.activation.fed[1],T3.activation.emptied[1],T3.activation.active,T3.activation.weaklyInputActiveVec[1],T3.activation.weaklyOutputActiveVec[1],T3.activation.NoTokens,T3.fire_,P2.fireIn[1],P2.enableIn.active[1],P2.enableIn.TEin_[1],P2.enableIn.state128[1],P2.enableIn.state128[2],P2.enableIn.state128[3],P2.enableIn.state128[4],P2.enableIn.TEin[1],P2.enableIn.disTAin[1],P2.enableIn.remTAin[1],P2.enableIn.cumEnablingProb[1],P2.enableIn.arcWeightSum,P2.enableIn.nremTAin,P2.enableIn.nTAin,P2.enableIn.k,P2.enableIn.posTE,P2.enableIn.randNum,P2.enableIn.sumEnablingProbTAin,P2.enableIn.endWhile,P2.enableIn.Index,P2.delayPassedIn.anytrue,P2.delayPassedIn.numtrue,P2.disMarksOut.anytrue,P2.disMarksOut.numtrue,P2.disMarksIn.anytrue,P2.disMarksIn.numtrue,P2.feeding.vec[1],P2.feeding.anytrue,P2.feeding.numtrue,P2.emptying.anytrue,P2.emptying.numtrue,$whenCondition6,P2.enableOut.state128[1],P2.enableOut.state128[2],P2.enableOut.state128[3],P2.enableOut.state128[4],P2.enableOut.arcWeightSum,P2.enableOut.nremTAout,P2.enableOut.nTAout,P2.enableOut.k,P2.enableOut.posTE,P2.enableOut.randNum,P2.enableOut.sumEnablingProbTAout,P2.enableOut.endWhile,P2.enableOut.Index,P2.delayPassedOut.anytrue,P2.delayPassedOut.numtrue)
 * Number of discrete states: 117 (P2.delayPassedOut.numtrue,P2.delayPassedOut.anytrue,P2.enableOut.Index,P2.enableOut.endWhile,P2.enableOut.sumEnablingProbTAout,P2.enableOut.state128[4],P2.enableOut.state128[3],P2.enableOut.state128[2],P2.enableOut.state128[1],P2.enableOut.randNum,P2.enableOut.posTE,P2.enableOut.k,P2.enableOut.nTAout,P2.enableOut.nremTAout,P2.enableOut.arcWeightSum,$whenCondition6,P1.disMarksInOut,P2.fireIn[1],P2.disMarksOut.anytrue,P2.disMarksIn.anytrue,P1.fireIn[2],P1.fireIn[1],P1.fireOut[1],P1.disMarksOut.anytrue,P1.disMarksIn.anytrue,P2.emptying.numtrue,P2.emptying.anytrue,P2.feeding.numtrue,P2.feeding.anytrue,P2.disMarksIn.numtrue,P2.disMarksOut.numtrue,P2.delayPassedIn.numtrue,P2.delayPassedIn.anytrue,P1.emptying.numtrue,P1.emptying.anytrue,T2.activation.weaklyOutputActiveVec[1],T2.activation.active,T2.activation.NoTokens,P1.feeding.numtrue,P1.feeding.anytrue,T3.activation.weaklyOutputActiveVec[1],T3.activation.weaklyInputActiveVec[1],T3.activation.active,T3.activation.NoTokens,P2.enableIn.TEin_[1],P2.enableIn.posTE,P2.enableIn.k,P2.enableIn.endWhile,P2.enableIn.state128[4],P2.enableIn.state128[3],P2.enableIn.state128[2],P2.enableIn.state128[1],P2.enableIn.randNum,P2.enableIn.cumEnablingProb[1],P2.enableIn.sumEnablingProbTAin,P2.enableIn.nTAin,P2.enableIn.nremTAin,P2.enableIn.remTAin[1],P2.enableIn.Index,P2.enableIn.arcWeightSum,P2.enableIn.disTAin[1],$whenCondition3,P2.enableIn.TEin[1],P1.disMarksIn.numtrue,P1.disMarksOut.numtrue,P1.delayPassedIn.numtrue,P1.delayPassedIn.anytrue,P1.delayPassedOut.numtrue,P1.delayPassedOut.anytrue,P1.enableOut.TEout_[1],P1.enableOut.posTE,P1.enableOut.k,P1.enableOut.endWhile,P1.enableOut.state128[4],P1.enableOut.state128[3],P1.enableOut.state128[2],P1.enableOut.state128[1],P1.enableOut.randNum,P1.enableOut.cumEnablingProb[1],P1.enableOut.sumEnablingProbTAout,P1.enableOut.nTAout,P1.enableOut.nremTAout,P1.enableOut.remTAout[1],P1.enableOut.Index,P1.enableOut.arcWeightSum,P1.enableOut.disTAout[1],$whenCondition2,P1.enableOut.TEout[1],T1.activation.weaklyOutputActiveVec[1],T1.activation.active,T1.activation.NoTokens,P1.enableIn.TEin_[2],P1.enableIn.TEin_[1],P1.enableIn.posTE,P1.enableIn.k,P1.enableIn.endWhile,P1.enableIn.state128[4],P1.enableIn.state128[3],P1.enableIn.state128[2],P1.enableIn.state128[1],P1.enableIn.randNum,P1.enableIn.cumEnablingProb[2],P1.enableIn.cumEnablingProb[1],P1.enableIn.sumEnablingProbTAin,P1.enableIn.nTAin,P1.enableIn.nremTAin,P1.enableIn.remTAin[2],P1.enableIn.remTAin[1],P1.enableIn.Index,P1.enableIn.arcWeightSum,P1.enableIn.disTAin[2],P1.enableIn.disTAin[1],$whenCondition1,P1.enableIn.TEin[2],P1.enableIn.TEin[1],P2.disMarkChange,P1.disMarkChange)
 * Number of clocked states: 0 ()
 * Top-level inputs: 0
Notification: Strong component statistics for simulation (73):
 * Single equations (assignments): 52
 * Array equations: 1
 * Algorithm blocks: 19
 * Record equations: 0
 * When equations: 0
 * If-equations: 0
 * Equation systems (not torn): 0
 * Torn equation systems: 1
 * Mixed (continuous/discrete) equation systems: 0
Notification: Torn system details for strict tearing set:
 * Linear torn systems (#iteration vars, #inner vars, density): 0 systems
 * Non-linear torn systems (#iteration vars, #inner vars): 1 system
   {(3,17)}
Notification: Performance of Backend phase and start with SimCode phase: time 0.001046/0.4517, allocations: 0.5314 MB / 0.5204 GB, free: 65.29 MB / 378.7 MB
Notification: Performance of simCode: created initialization part: time 0.007022/0.4587, allocations: 5.669 MB / 0.5259 GB, free: 59.41 MB / 378.7 MB
Notification: Performance of simCode: created event and clocks part: time 3.927e-06/0.4588, allocations: 3.828 kB / 0.5259 GB, free: 59.41 MB / 378.7 MB
Notification: Performance of simCode: created simulation system equations: time 0.004805/0.4636, allocations: 6.636 MB / 0.5324 GB, free: 52.54 MB / 378.7 MB
Notification: Performance of simCode: created of all other equations (e.g. parameter, nominal, assert, etc): time 0.001018/0.4646, allocations: 223.1 kB / 0.5326 GB, free: 52.33 MB / 378.7 MB
Notification: Performance of simCode: created linear, non-linear and system jacobian parts: time 0.006761/0.4714, allocations: 4.318 MB / 0.5368 GB, free: 48.03 MB / 378.7 MB
Notification: Performance of simCode: some other stuff during SimCode phase: time 0.000936/0.4723, allocations: 1.439 MB / 0.5382 GB, free: 46.57 MB / 378.7 MB
Notification: Performance of simCode: alias equations: time 0.0007896/0.4731, allocations: 341.6 kB / 0.5386 GB, free: 46.24 MB / 378.7 MB
Notification: Performance of simCode: all other stuff during SimCode phase: time 0.0001952/0.4733, allocations: 83.42 kB / 0.5386 GB, free: 46.16 MB / 378.7 MB
Notification: Performance of SimCode: time 5.21e-07/0.4733, allocations: 4 kB / 0.5386 GB, free: 46.16 MB / 378.7 MB
Notification: Performance of Templates: time 0.04173/0.5151, allocations: 29.14 MB / 0.5671 GB, free: 16.86 MB / 378.7 MB
make -j1 -f PNlib_2.2_PNlib.Examples.ConTest.Speed.makefile
(rm -f PNlib_2.2_PNlib.Examples.ConTest.Speed.pipe ; mkfifo PNlib_2.2_PNlib.Examples.ConTest.Speed.pipe ; head -c 1048576 < PNlib_2.2_PNlib.Examples.ConTest.Speed.pipe >> ../files/PNlib_2.2_PNlib.Examples.ConTest.Speed.sim & ./PNlib_2.2_PNlib.Examples.ConTest.Speed  -abortSlowSimulation -alarm=480  -emit_protected -lv LOG_STATS > PNlib_2.2_PNlib.Examples.ConTest.Speed.pipe 2>&1)
diffSimulationResults("PNlib_2.2_PNlib.Examples.ConTest.Speed_res.mat","/home/runner/work/PNlib/PNlib/ReferenceFiles/PNlib.Examples.ConTest.Speed.mat","../files/PNlib_2.2_PNlib.Examples.ConTest.Speed.diff",relTol=0.003,relTolDiffMinMax=0.003,rangeDelta=0.001)
Reference file matches
