Running: ./testmodel.py --libraries=/home/runner/.openmodelica/libraries/ --ompython_omhome= PNlib_2.2_PNlib.Examples.Models.BicoloredPlaces.Aquarium.conf.json
loadFile("/home/runner/.openmodelica/libraries/ModelicaServices 4.0.0+maint.om/package.mo", uses=false)
loadFile("/home/runner/.openmodelica/libraries/Complex 4.0.0+maint.om/package.mo", uses=false)
loadFile("/home/runner/.openmodelica/libraries/Modelica 4.0.0+maint.om/package.mo", uses=false)
loadFile("/home/runner/work/PNlib/PNlib/PNlib/package.mo", uses=false)
Using package PNlib with version 2.2 (/home/runner/work/PNlib/PNlib/PNlib/package.mo)
Using package Modelica with version 4.0.0 (/home/runner/.openmodelica/libraries/Modelica 4.0.0+maint.om/package.mo)
Using package Complex with version 4.0.0 (/home/runner/.openmodelica/libraries/Complex 4.0.0+maint.om/package.mo)
Using package ModelicaServices with version 4.0.0 (/home/runner/.openmodelica/libraries/ModelicaServices 4.0.0+maint.om/package.mo)
Running command: translateModel(PNlib.Examples.Models.BicoloredPlaces.Aquarium,tolerance=1e-06,outputFormat="mat",numberOfIntervals=5000,variableFilter="P1.color.1.|P1.color.2.|P1.t|P2.color.1.|P2.color.2.|P2.t|ratio|t1.fire|t1.instantaneousSpeed|t1.maximumSpeed|t2.fire|t2.instantaneousSpeed|t2.maximumSpeed|time",fileNamePrefix="PNlib_2.2_PNlib.Examples.Models.BicoloredPlaces.Aquarium")
translateModel(PNlib.Examples.Models.BicoloredPlaces.Aquarium,tolerance=1e-06,outputFormat="mat",numberOfIntervals=5000,variableFilter="P1.color.1.|P1.color.2.|P1.t|P2.color.1.|P2.color.2.|P2.t|ratio|t1.fire|t1.instantaneousSpeed|t1.maximumSpeed|t2.fire|t2.instantaneousSpeed|t2.maximumSpeed|time",fileNamePrefix="PNlib_2.2_PNlib.Examples.Models.BicoloredPlaces.Aquarium")
Notification: Performance of loadFile(/home/runner/.openmodelica/libraries/ModelicaServices 4.0.0+maint.om/package.mo): time 0.001014/0.001014, allocations: 96.2 kB / 15.59 MB, free: 5.273 MB / 13.93 MB
Notification: Performance of loadFile(/home/runner/.openmodelica/libraries/Complex 4.0.0+maint.om/package.mo): time 0.001007/0.001007, allocations: 175.8 kB / 16.51 MB, free: 4.668 MB / 13.93 MB
Notification: Performance of loadFile(/home/runner/.openmodelica/libraries/Modelica 4.0.0+maint.om/package.mo): time 1.642/1.642, allocations: 222.1 MB / 239.4 MB, free: 11.1 MB / 202.7 MB
Notification: Performance of loadFile(/home/runner/work/PNlib/PNlib/PNlib/package.mo): time 0.09742/0.09742, allocations: 16.57 MB / 306.2 MB, free: 10.57 MB / 250.7 MB
Notification: Performance of FrontEnd - loaded program: time 0.0004535/0.0004536, allocations: 13.38 kB / 370.6 MB, free: 44.87 MB / 298.7 MB
Notification: Performance of FrontEnd - Absyn->SCode: time 0.07458/0.07505, allocations: 53.47 MB / 424.1 MB, free: 5.91 MB / 298.7 MB
Notification: Performance of NFInst.instantiate(PNlib.Examples.Models.BicoloredPlaces.Aquarium): time 0.005082/0.08018, allocations: 5.235 MB / 429.3 MB, free: 0.6562 MB / 298.7 MB
Notification: Performance of NFInst.instExpressions: time 0.006981/0.08718, allocations: 4.307 MB / 433.6 MB, free: 12.34 MB / 314.7 MB
Notification: Performance of NFInst.updateImplicitVariability: time 0.0006242/0.08782, allocations: 39.81 kB / 433.6 MB, free: 12.3 MB / 314.7 MB
Notification: Performance of NFTyping.typeComponents: time 0.0009739/0.08881, allocations: 0.5468 MB / 434.2 MB, free: 11.75 MB / 314.7 MB
Notification: Performance of NFTyping.typeBindings: time 0.001087/0.08992, allocations: 0.4925 MB / 434.7 MB, free: 11.26 MB / 314.7 MB
Notification: Performance of NFTyping.typeClassSections: time 0.002822/0.09275, allocations: 2.09 MB / 436.8 MB, free: 9.168 MB / 314.7 MB
Notification: Performance of NFFlatten.flatten: time 0.004599/0.09737, allocations: 6.38 MB / 443.2 MB, free: 2.781 MB / 314.7 MB
Notification: Performance of NFFlatten.resolveConnections: time 0.001951/0.09933, allocations: 2.062 MB / 445.2 MB, free: 0.6406 MB / 314.7 MB
Notification: Performance of NFEvalConstants.evaluate: time 0.002227/0.1016, allocations: 2.486 MB / 447.7 MB, free: 14.15 MB / 330.7 MB
Notification: Performance of NFSimplifyModel.simplify: time 0.00171/0.1033, allocations: 1.995 MB / 449.7 MB, free: 12.14 MB / 330.7 MB
Notification: Performance of NFPackage.collectConstants: time 0.0006744/0.104, allocations: 0.6094 MB / 450.3 MB, free: 11.54 MB / 330.7 MB
Notification: Performance of NFFlatten.collectFunctions: time 0.001299/0.1053, allocations: 0.976 MB / 451.3 MB, free: 10.56 MB / 330.7 MB
Notification: Performance of NFScalarize.scalarize: time 0.0007268/0.106, allocations: 1.032 MB / 452.3 MB, free: 9.523 MB / 330.7 MB
Notification: Performance of NFVerifyModel.verify: time 0.001781/0.1078, allocations: 2.284 MB / 454.6 MB, free: 7.23 MB / 330.7 MB
Notification: Performance of NFConvertDAE.convert: time 0.00461/0.1124, allocations: 6.519 MB / 461.1 MB, free: 0.6953 MB / 330.7 MB
Notification: Performance of FrontEnd - DAE generated: time 3.777e-06/0.1125, allocations: 0 / 461.1 MB, free: 0.6953 MB / 330.7 MB
Notification: Performance of FrontEnd: time 1.803e-06/0.1125, allocations: 4 kB / 461.1 MB, free: 0.6914 MB / 330.7 MB
Notification: Performance of Transformations before backend: time 2.745e-05/0.1125, allocations: 0 / 461.1 MB, free: 0.6914 MB / 330.7 MB
Notification: Model statistics after passing the front-end and creating the data structures used by the back-end:
 * Number of equations: 1091
 * Number of variables: 1091
Notification: Performance of Generate backend data structure: time 0.00688/0.1194, allocations: 5.153 MB / 466.3 MB, free: 11.22 MB / 346.7 MB
Notification: Performance of prepare preOptimizeDAE: time 3.865e-05/0.1194, allocations: 15.97 kB / 466.3 MB, free: 11.21 MB / 346.7 MB
Notification: Performance of preOpt normalInlineFunction (simulation): time 0.003791/0.1232, allocations: 0.7608 MB / 467.1 MB, free: 10.44 MB / 346.7 MB
Notification: Performance of preOpt evaluateParameters (simulation): time 0.002917/0.1262, allocations: 1.859 MB / 468.9 MB, free: 8.535 MB / 346.7 MB
Notification: Performance of preOpt simplifyIfEquations (simulation): time 0.0004896/0.1267, allocations: 0.8297 MB / 469.7 MB, free: 7.594 MB / 346.7 MB
Notification: Performance of preOpt expandDerOperator (simulation): time 0.0008007/0.1275, allocations: 463.8 kB / 470.2 MB, free: 7.141 MB / 346.7 MB
Notification: Performance of preOpt clockPartitioning (simulation): time 0.01206/0.1396, allocations: 7.885 MB / 478.1 MB, free: 15.06 MB / 362.7 MB
Notification: Performance of preOpt findStateOrder (simulation): time 0.0001052/0.1397, allocations: 7.938 kB / 478.1 MB, free: 15.05 MB / 362.7 MB
Notification: Performance of preOpt replaceEdgeChange (simulation): time 0.0005862/0.1403, allocations: 211.9 kB / 478.3 MB, free: 14.85 MB / 362.7 MB
Notification: Performance of preOpt inlineArrayEqn (simulation): time 0.0006687/0.1409, allocations: 386.8 kB / 478.7 MB, free: 14.47 MB / 362.7 MB
Notification: Performance of preOpt removeEqualRHS (simulation): time 0.009624/0.1506, allocations: 5.884 MB / 484.6 MB, free: 8.574 MB / 362.7 MB
Notification: Performance of preOpt removeSimpleEquations (simulation): time 0.01978/0.1704, allocations: 15.41 MB / 500 MB, free: 8.844 MB / 378.7 MB
Notification: Performance of preOpt comSubExp (simulation): time 0.007174/0.1776, allocations: 6.379 MB / 0.4945 GB, free: 2.434 MB / 378.7 MB
Notification: Performance of preOpt resolveLoops (simulation): time 0.2122/0.3898, allocations: 6.019 MB / 0.5004 GB, free: 72.47 MB / 378.7 MB
Notification: Performance of preOpt evalFunc (simulation): time 0.004554/0.3944, allocations: 8.662 MB / 0.5088 GB, free: 62.82 MB / 378.7 MB
Notification: Performance of preOpt encapsulateWhenConditions (simulation): time 0.005899/0.4003, allocations: 3.78 MB / 0.5125 GB, free: 62.45 MB / 378.7 MB
Notification: Performance of pre-optimization done (n=299): time 4.578e-06/0.4004, allocations: 5.422 kB / 0.5125 GB, free: 62.45 MB / 378.7 MB
Notification: Performance of matching and sorting (n=299): time 0.01987/0.4202, allocations: 11.96 MB / 0.5242 GB, free: 57.79 MB / 378.7 MB
Notification: Performance of inlineWhenForInitialization (initialization): time 0.0007757/0.421, allocations: 2.135 MB / 0.5263 GB, free: 55.63 MB / 378.7 MB
Notification: Performance of selectInitializationVariablesDAE (initialization): time 0.001661/0.4227, allocations: 1.463 MB / 0.5277 GB, free: 55.03 MB / 378.7 MB
Notification: Performance of collectPreVariables (initialization): time 0.0002846/0.423, allocations: 193.8 kB / 0.5279 GB, free: 54.92 MB / 378.7 MB
Notification: Performance of collectInitialEqns (initialization): time 0.0007558/0.4238, allocations: 1.247 MB / 0.5291 GB, free: 53.95 MB / 378.7 MB
Notification: Performance of collectInitialBindings (initialization): time 0.0005511/0.4243, allocations: 0.7861 MB / 0.5299 GB, free: 53.26 MB / 378.7 MB
Notification: Performance of simplifyInitialFunctions (initialization): time 0.001143/0.4255, allocations: 0.9652 MB / 0.5308 GB, free: 52.29 MB / 378.7 MB
Notification: Performance of setup shared object (initialization): time 3.613e-05/0.4255, allocations: 301.1 kB / 0.5311 GB, free: 51.99 MB / 378.7 MB
Notification: Performance of preBalanceInitialSystem (initialization): time 0.002819/0.4283, allocations: 2.001 MB / 0.5331 GB, free: 49.98 MB / 378.7 MB
Notification: Performance of partitionIndependentBlocks (initialization): time 0.003366/0.4317, allocations: 3.402 MB / 0.5364 GB, free: 46.01 MB / 378.7 MB
Notification: Performance of analyzeInitialSystem (initialization): time 0.006563/0.4383, allocations: 7.529 MB / 0.5437 GB, free: 37.52 MB / 378.7 MB
Notification: Performance of solveInitialSystemEqSystem (initialization): time 2.594e-05/0.4383, allocations: 12 kB / 0.5437 GB, free: 37.5 MB / 378.7 MB
Notification: Performance of matching and sorting (n=567) (initialization): time 0.009216/0.4476, allocations: 7.499 MB / 0.5511 GB, free: 29.76 MB / 378.7 MB
Notification: Performance of prepare postOptimizeDAE: time 0.0004992/0.4481, allocations: 1.39 MB / 0.5524 GB, free: 28.11 MB / 378.7 MB
Notification: Performance of postOpt simplifyComplexFunction (initialization): time 0.005075/0.4532, allocations: 3.981 MB / 0.5563 GB, free: 23.99 MB / 378.7 MB
Notification: Performance of postOpt tearingSystem (initialization): time 0.003542/0.4567, allocations: 0.8609 MB / 0.5572 GB, free: 23.13 MB / 378.7 MB
Notification: Performance of postOpt solveSimpleEquations (initialization): time 0.001482/0.4582, allocations: 470.8 kB / 0.5576 GB, free: 22.67 MB / 378.7 MB
Notification: Performance of postOpt calculateStrongComponentJacobians (initialization): time 0.00121/0.4594, allocations: 1.231 MB / 0.5588 GB, free: 21.41 MB / 378.7 MB
Notification: Performance of postOpt simplifyAllExpressions (initialization): time 0.001933/0.4614, allocations: 491.6 kB / 0.5593 GB, free: 20.93 MB / 378.7 MB
Notification: Performance of postOpt collapseArrayExpressions (initialization): time 0.0003364/0.4617, allocations: 228 kB / 0.5595 GB, free: 20.71 MB / 378.7 MB
Warning: Assuming fixed start value for the following 72 variables:
         P2.place2.enableIn.posTE:DISCRETE(fixed = true protected = true )  "possible enabled transition" type: Integer
         P2.place2.enableIn.k:DISCRETE(fixed = true protected = true )  "iteration index" type: Integer
         P2.place2.enableIn.endWhile:DISCRETE(fixed = true protected = true )  type: Boolean
         P2.place2.enableIn.sumEnablingProbTAin:DISCRETE(fixed = true protected = true )  "sum of the enabling probabilities of the active input transitions" type: Real
         P2.place2.enableIn.nTAin:DISCRETE(fixed = true protected = true )  "number ofactive input transitions" type: Integer
         P2.place2.enableIn.nremTAin:DISCRETE(fixed = true protected = true )  "number of remaining active input transitions" type: Integer
         P2.place2.enableIn.Index:DISCRETE(fixed = true protected = true )  "priority Index" type: Integer
         P2.place2.enableIn.arcWeightSum:DISCRETE(fixed = true protected = true )  "arc weight sum" type: Real
         P2.place1.enableIn.posTE:DISCRETE(fixed = true protected = true )  "possible enabled transition" type: Integer
         P2.place1.enableIn.k:DISCRETE(fixed = true protected = true )  "iteration index" type: Integer
         P2.place1.enableIn.endWhile:DISCRETE(fixed = true protected = true )  type: Boolean
         P2.place1.enableIn.sumEnablingProbTAin:DISCRETE(fixed = true protected = true )  "sum of the enabling probabilities of the active input transitions" type: Real
         P2.place1.enableIn.nTAin:DISCRETE(fixed = true protected = true )  "number ofactive input transitions" type: Integer
         P2.place1.enableIn.nremTAin:DISCRETE(fixed = true protected = true )  "number of remaining active input transitions" type: Integer
         P2.place1.enableIn.Index:DISCRETE(fixed = true protected = true )  "priority Index" type: Integer
         P2.place1.enableIn.arcWeightSum:DISCRETE(fixed = true protected = true )  "arc weight sum" type: Real
         P1.place2.enableOut.posTE:DISCRETE(fixed = true protected = true )  "possible enabled transition" type: Integer
         P1.place2.enableOut.k:DISCRETE(fixed = true protected = true )  "iteration index" type: Integer
         P1.place2.enableOut.endWhile:DISCRETE(fixed = true protected = true )  type: Boolean
         P1.place2.enableOut.sumEnablingProbTAout:DISCRETE(fixed = true protected = true )  "sum of the enabling probabilities of the active output transitions" type: Real
         P1.place2.enableOut.nTAout:DISCRETE(fixed = true protected = true )  "number of active output transitions" type: Integer
         P1.place2.enableOut.nremTAout:DISCRETE(fixed = true protected = true )  "number of remaining active output transitions" type: Integer
         P1.place2.enableOut.Index:DISCRETE(fixed = true protected = true )  type: Integer
         P1.place2.enableOut.arcWeightSum:DISCRETE(fixed = true protected = true )  "arc weight sum" type: Real
         P1.place2.enableIn.posTE:DISCRETE(fixed = true protected = true )  "possible enabled transition" type: Integer
         P1.place2.enableIn.k:DISCRETE(fixed = true protected = true )  "iteration index" type: Integer
         P1.place2.enableIn.endWhile:DISCRETE(fixed = true protected = true )  type: Boolean
         P1.place2.enableIn.sumEnablingProbTAin:DISCRETE(fixed = true protected = true )  "sum of the enabling probabilities of the active input transitions" type: Real
         P1.place2.enableIn.nTAin:DISCRETE(fixed = true protected = true )  "number ofactive input transitions" type: Integer
         P1.place2.enableIn.nremTAin:DISCRETE(fixed = true protected = true )  "number of remaining active input transitions" type: Integer
         P1.place2.enableIn.Index:DISCRETE(fixed = true protected = true )  "priority Index" type: Integer
         P1.place2.enableIn.arcWeightSum:DISCRETE(fixed = true protected = true )  "arc weight sum" type: Real
         P1.place1.enableOut.posTE:DISCRETE(fixed = true protected = true )  "possible enabled transition" type: Integer
         P1.place1.enableOut.k:DISCRETE(fixed = true protected = true )  "iteration index" type: Integer
         P1.place1.enableOut.endWhile:DISCRETE(fixed = true protected = true )  type: Boolean
         P1.place1.enableOut.sumEnablingProbTAout:DISCRETE(fixed = true protected = true )  "sum of the enabling probabilities of the active output transitions" type: Real
         P1.place1.enableOut.nTAout:DISCRETE(fixed = true protected = true )  "number of active output transitions" type: Integer
         P1.place1.enableOut.nremTAout:DISCRETE(fixed = true protected = true )  "number of remaining active output transitions" type: Integer
         P1.place1.enableOut.Index:DISCRETE(fixed = true protected = true )  type: Integer
         P1.place1.enableOut.arcWeightSum:DISCRETE(fixed = true protected = true )  "arc weight sum" type: Real
         P1.place1.enableIn.posTE:DISCRETE(fixed = true protected = true )  "possible enabled transition" type: Integer
         P1.place1.enableIn.k:DISCRETE(fixed = true protected = true )  "iteration index" type: Integer
         P1.place1.enableIn.endWhile:DISCRETE(fixed = true protected = true )  type: Boolean
         P1.place1.enableIn.sumEnablingProbTAin:DISCRETE(fixed = true protected = true )  "sum of the enabling probabilities of the active input transitions" type: Real
         P1.place1.enableIn.nTAin:DISCRETE(fixed = true protected = true )  "number ofactive input transitions" type: Integer
         P1.place1.enableIn.nremTAin:DISCRETE(fixed = true protected = true )  "number of remaining active input transitions" type: Integer
         P1.place1.enableIn.Index:DISCRETE(fixed = true protected = true )  "priority Index" type: Integer
         P1.place1.enableIn.arcWeightSum:DISCRETE(fixed = true protected = true )  "arc weight sum" type: Real
         P2.place2.disMarksIn.anytrue:DISCRETE(fixed = true protected = true )  type: Boolean
         P2.place2.disMarksOut.anytrue:DISCRETE(fixed = true protected = true )  type: Boolean
         P2.place1.disMarksIn.anytrue:DISCRETE(fixed = true protected = true )  type: Boolean
         P2.place1.disMarksOut.anytrue:DISCRETE(fixed = true protected = true )  type: Boolean
         P1.place2.disMarksIn.anytrue:DISCRETE(fixed = true protected = true )  type: Boolean
         P1.place2.disMarksOut.anytrue:DISCRETE(fixed = true protected = true )  type: Boolean
         P1.place1.disMarksIn.anytrue:DISCRETE(fixed = true protected = true )  type: Boolean
         P1.place1.disMarksOut.anytrue:DISCRETE(fixed = true protected = true )  type: Boolean
         P2.place2.enableOut.Index:DISCRETE(fixed = true protected = true )  type: Integer
         P2.place2.enableOut.endWhile:DISCRETE(fixed = true protected = true )  type: Boolean
         P2.place2.enableOut.sumEnablingProbTAout:DISCRETE(fixed = true protected = true )  "sum of the enabling probabilities of the active output transitions" type: Real
         P2.place2.enableOut.posTE:DISCRETE(fixed = true protected = true )  "possible enabled transition" type: Integer
         P2.place2.enableOut.k:DISCRETE(fixed = true protected = true )  "iteration index" type: Integer
         P2.place2.enableOut.nTAout:DISCRETE(fixed = true protected = true )  "number of active output transitions" type: Integer
         P2.place2.enableOut.nremTAout:DISCRETE(fixed = true protected = true )  "number of remaining active output transitions" type: Integer
         P2.place2.enableOut.arcWeightSum:DISCRETE(fixed = true protected = true )  "arc weight sum" type: Real
         P2.place1.enableOut.Index:DISCRETE(fixed = true protected = true )  type: Integer
         P2.place1.enableOut.endWhile:DISCRETE(fixed = true protected = true )  type: Boolean
         P2.place1.enableOut.sumEnablingProbTAout:DISCRETE(fixed = true protected = true )  "sum of the enabling probabilities of the active output transitions" type: Real
         P2.place1.enableOut.posTE:DISCRETE(fixed = true protected = true )  "possible enabled transition" type: Integer
         P2.place1.enableOut.k:DISCRETE(fixed = true protected = true )  "iteration index" type: Integer
         P2.place1.enableOut.nTAout:DISCRETE(fixed = true protected = true )  "number of active output transitions" type: Integer
         P2.place1.enableOut.nremTAout:DISCRETE(fixed = true protected = true )  "number of remaining active output transitions" type: Integer
         P2.place1.enableOut.arcWeightSum:DISCRETE(fixed = true protected = true )  "arc weight sum" type: Real
Notification: Model statistics after passing the back-end for initialization:
 * Number of independent subsystems: 184
 * Number of states: 0 ()
 * Number of discrete variables: 462 ($PRE.P2.place2.enableIn.posTE,P2.place2.enableIn.posTE,$PRE.P2.place2.enableIn.k,P2.place2.enableIn.k,$PRE.P2.place2.enableIn.endWhile,P2.place2.enableIn.endWhile,P2.place2.enableIn.randNum,$PRE.P2.place2.enableIn.randNum,P2.place2.enableIn.state128[4],$PRE.P2.place2.enableIn.state128[4],P2.place2.enableIn.state128[3],$PRE.P2.place2.enableIn.state128[3],P2.place2.enableIn.state128[2],$PRE.P2.place2.enableIn.state128[2],P2.place2.enableIn.state128[1],$PRE.P2.place2.enableIn.state128[1],P2.place2.enableIn.cumEnablingProb[1],$PRE.P2.place2.enableIn.cumEnablingProb[1],$PRE.P2.place2.enableIn.sumEnablingProbTAin,P2.place2.enableIn.sumEnablingProbTAin,$PRE.P2.place2.enableIn.nTAin,P2.place2.enableIn.nTAin,$PRE.P2.place2.enableIn.nremTAin,P2.place2.enableIn.nremTAin,P2.place2.enableIn.remTAin[1],$PRE.P2.place2.enableIn.remTAin[1],$PRE.P2.place2.enableIn.Index,P2.place2.enableIn.Index,$PRE.P2.place2.enableIn.arcWeightSum,P2.place2.enableIn.arcWeightSum,P2.place2.enableIn.disTAin[1],$PRE.P2.place2.enableIn.disTAin[1],$PRE.P2.place1.enableIn.posTE,P2.place1.enableIn.posTE,$PRE.P2.place1.enableIn.k,P2.place1.enableIn.k,$PRE.P2.place1.enableIn.endWhile,P2.place1.enableIn.endWhile,P2.place1.enableIn.randNum,$PRE.P2.place1.enableIn.randNum,P2.place1.enableIn.state128[4],$PRE.P2.place1.enableIn.state128[4],P2.place1.enableIn.state128[3],$PRE.P2.place1.enableIn.state128[3],P2.place1.enableIn.state128[2],$PRE.P2.place1.enableIn.state128[2],P2.place1.enableIn.state128[1],$PRE.P2.place1.enableIn.state128[1],P2.place1.enableIn.cumEnablingProb[1],$PRE.P2.place1.enableIn.cumEnablingProb[1],$PRE.P2.place1.enableIn.sumEnablingProbTAin,P2.place1.enableIn.sumEnablingProbTAin,$PRE.P2.place1.enableIn.nTAin,P2.place1.enableIn.nTAin,$PRE.P2.place1.enableIn.nremTAin,P2.place1.enableIn.nremTAin,P2.place1.enableIn.remTAin[1],$PRE.P2.place1.enableIn.remTAin[1],$PRE.P2.place1.enableIn.Index,P2.place1.enableIn.Index,$PRE.P2.place1.enableIn.arcWeightSum,P2.place1.enableIn.arcWeightSum,P2.place1.enableIn.disTAin[1],$PRE.P2.place1.enableIn.disTAin[1],$PRE.P1.place2.enableOut.posTE,P1.place2.enableOut.posTE,$PRE.P1.place2.enableOut.k,P1.place2.enableOut.k,$PRE.P1.place2.enableOut.endWhile,P1.place2.enableOut.endWhile,P1.place2.enableOut.randNum,$PRE.P1.place2.enableOut.randNum,P1.place2.enableOut.state128[4],$PRE.P1.place2.enableOut.state128[4],P1.place2.enableOut.state128[3],$PRE.P1.place2.enableOut.state128[3],P1.place2.enableOut.state128[2],$PRE.P1.place2.enableOut.state128[2],P1.place2.enableOut.state128[1],$PRE.P1.place2.enableOut.state128[1],P1.place2.enableOut.cumEnablingProb[1],$PRE.P1.place2.enableOut.cumEnablingProb[1],$PRE.P1.place2.enableOut.sumEnablingProbTAout,P1.place2.enableOut.sumEnablingProbTAout,$PRE.P1.place2.enableOut.nTAout,P1.place2.enableOut.nTAout,$PRE.P1.place2.enableOut.nremTAout,P1.place2.enableOut.nremTAout,P1.place2.enableOut.remTAout[1],$PRE.P1.place2.enableOut.remTAout[1],$PRE.P1.place2.enableOut.Index,P1.place2.enableOut.Index,$PRE.P1.place2.enableOut.arcWeightSum,P1.place2.enableOut.arcWeightSum,P1.place2.enableOut.disTAout[1],$PRE.P1.place2.enableOut.disTAout[1],$PRE.P1.place2.enableIn.posTE,P1.place2.enableIn.posTE,$PRE.P1.place2.enableIn.k,P1.place2.enableIn.k,$PRE.P1.place2.enableIn.endWhile,P1.place2.enableIn.endWhile,P1.place2.enableIn.randNum,$PRE.P1.place2.enableIn.randNum,P1.place2.enableIn.state128[4],$PRE.P1.place2.enableIn.state128[4],P1.place2.enableIn.state128[3],$PRE.P1.place2.enableIn.state128[3],P1.place2.enableIn.state128[2],$PRE.P1.place2.enableIn.state128[2],P1.place2.enableIn.state128[1],$PRE.P1.place2.enableIn.state128[1],P1.place2.enableIn.cumEnablingProb[1],$PRE.P1.place2.enableIn.cumEnablingProb[1],$PRE.P1.place2.enableIn.sumEnablingProbTAin,P1.place2.enableIn.sumEnablingProbTAin,$PRE.P1.place2.enableIn.nTAin,P1.place2.enableIn.nTAin,$PRE.P1.place2.enableIn.nremTAin,P1.place2.enableIn.nremTAin,P1.place2.enableIn.remTAin[1],$PRE.P1.place2.enableIn.remTAin[1],$PRE.P1.place2.enableIn.Index,P1.place2.enableIn.Index,$PRE.P1.place2.enableIn.arcWeightSum,P1.place2.enableIn.arcWeightSum,P1.place2.enableIn.disTAin[1],$PRE.P1.place2.enableIn.disTAin[1],$PRE.P1.place1.enableOut.posTE,P1.place1.enableOut.posTE,$PRE.P1.place1.enableOut.k,P1.place1.enableOut.k,$PRE.P1.place1.enableOut.endWhile,P1.place1.enableOut.endWhile,P1.place1.enableOut.randNum,$PRE.P1.place1.enableOut.randNum,P1.place1.enableOut.state128[4],$PRE.P1.place1.enableOut.state128[4],P1.place1.enableOut.state128[3],$PRE.P1.place1.enableOut.state128[3],P1.place1.enableOut.state128[2],$PRE.P1.place1.enableOut.state128[2],P1.place1.enableOut.state128[1],$PRE.P1.place1.enableOut.state128[1],P1.place1.enableOut.cumEnablingProb[1],$PRE.P1.place1.enableOut.cumEnablingProb[1],$PRE.P1.place1.enableOut.sumEnablingProbTAout,P1.place1.enableOut.sumEnablingProbTAout,$PRE.P1.place1.enableOut.nTAout,P1.place1.enableOut.nTAout,$PRE.P1.place1.enableOut.nremTAout,P1.place1.enableOut.nremTAout,P1.place1.enableOut.remTAout[1],$PRE.P1.place1.enableOut.remTAout[1],$PRE.P1.place1.enableOut.Index,P1.place1.enableOut.Index,$PRE.P1.place1.enableOut.arcWeightSum,P1.place1.enableOut.arcWeightSum,P1.place1.enableOut.disTAout[1],$PRE.P1.place1.enableOut.disTAout[1],$PRE.P1.place1.enableIn.posTE,P1.place1.enableIn.posTE,$PRE.P1.place1.enableIn.k,P1.place1.enableIn.k,$PRE.P1.place1.enableIn.endWhile,P1.place1.enableIn.endWhile,P1.place1.enableIn.randNum,$PRE.P1.place1.enableIn.randNum,P1.place1.enableIn.state128[4],$PRE.P1.place1.enableIn.state128[4],P1.place1.enableIn.state128[3],$PRE.P1.place1.enableIn.state128[3],P1.place1.enableIn.state128[2],$PRE.P1.place1.enableIn.state128[2],P1.place1.enableIn.state128[1],$PRE.P1.place1.enableIn.state128[1],P1.place1.enableIn.cumEnablingProb[1],$PRE.P1.place1.enableIn.cumEnablingProb[1],$PRE.P1.place1.enableIn.sumEnablingProbTAin,P1.place1.enableIn.sumEnablingProbTAin,$PRE.P1.place1.enableIn.nTAin,P1.place1.enableIn.nTAin,$PRE.P1.place1.enableIn.nremTAin,P1.place1.enableIn.nremTAin,P1.place1.enableIn.remTAin[1],$PRE.P1.place1.enableIn.remTAin[1],$PRE.P1.place1.enableIn.Index,P1.place1.enableIn.Index,$PRE.P1.place1.enableIn.arcWeightSum,P1.place1.enableIn.arcWeightSum,P1.place1.enableIn.disTAin[1],$PRE.P1.place1.enableIn.disTAin[1],$PRE.P1.place2.disMarksInOut,P1.outTransition[1,2].tokenInOut,$PRE.P1.place1.disMarksInOut,P1.outTransition[1,1].tokenInOut,$PRE.P2.place2.disMarksIn.anytrue,$PRE.P2.place2.disMarksOut.anytrue,P2.place2.disMarksInOut,$whenCondition12,$PRE.P2.place1.disMarksIn.anytrue,$PRE.P2.place1.disMarksOut.anytrue,P2.place1.disMarksInOut,$whenCondition11,$PRE.P1.place2.disMarksIn.anytrue,$PRE.P1.place2.disMarksOut.anytrue,P1.place2.disMarksInOut,$whenCondition10,$PRE.P1.place1.disMarksIn.anytrue,$PRE.P1.place1.disMarksOut.anytrue,P1.place1.disMarksInOut,$whenCondition9,P2.place2.disMarksOut.numtrue,P2.place2.disMarksOut.anytrue,P2.place1.disMarksOut.numtrue,P2.place1.disMarksOut.anytrue,$PRE.P2.place2.enableOut.Index,P2.place2.enableOut.Index,$PRE.P2.place2.enableOut.endWhile,P2.place2.enableOut.endWhile,$PRE.P2.place2.enableOut.sumEnablingProbTAout,P2.place2.enableOut.sumEnablingProbTAout,P2.place2.enableOut.randNum,$PRE.P2.place2.enableOut.randNum,P2.place2.enableOut.state128[4],$PRE.P2.place2.enableOut.state128[4],P2.place2.enableOut.state128[3],$PRE.P2.place2.enableOut.state128[3],P2.place2.enableOut.state128[2],$PRE.P2.place2.enableOut.state128[2],P2.place2.enableOut.state128[1],$PRE.P2.place2.enableOut.state128[1],$PRE.P2.place2.enableOut.posTE,P2.place2.enableOut.posTE,$PRE.P2.place2.enableOut.k,P2.place2.enableOut.k,$PRE.P2.place2.enableOut.nTAout,P2.place2.enableOut.nTAout,$PRE.P2.place2.enableOut.nremTAout,P2.place2.enableOut.nremTAout,$PRE.P2.place2.enableOut.arcWeightSum,P2.place2.enableOut.arcWeightSum,P2.place2.delayPassedOut.numtrue,P2.place2.delayPassedOut.anytrue,$whenCondition2,$PRE.P2.place1.enableOut.Index,P2.place1.enableOut.Index,$PRE.P2.place1.enableOut.endWhile,P2.place1.enableOut.endWhile,$PRE.P2.place1.enableOut.sumEnablingProbTAout,P2.place1.enableOut.sumEnablingProbTAout,P2.place1.enableOut.randNum,$PRE.P2.place1.enableOut.randNum,P2.place1.enableOut.state128[4],$PRE.P2.place1.enableOut.state128[4],P2.place1.enableOut.state128[3],$PRE.P2.place1.enableOut.state128[3],P2.place1.enableOut.state128[2],$PRE.P2.place1.enableOut.state128[2],P2.place1.enableOut.state128[1],$PRE.P2.place1.enableOut.state128[1],$PRE.P2.place1.enableOut.posTE,P2.place1.enableOut.posTE,$PRE.P2.place1.enableOut.k,P2.place1.enableOut.k,$PRE.P2.place1.enableOut.nTAout,P2.place1.enableOut.nTAout,$PRE.P2.place1.enableOut.nremTAout,P2.place1.enableOut.nremTAout,$PRE.P2.place1.enableOut.arcWeightSum,P2.place1.enableOut.arcWeightSum,P2.place1.delayPassedOut.numtrue,P2.place1.delayPassedOut.anytrue,$whenCondition1,t2.transition_.firingCon,t2.transition_.outPlaces[2].disTransition,t2.transition_.outPlaces[2].enabledByInPlaces,P2.place2.inTransition[1].disPlace,P2.place2.inTransition[1].maxTokensint,P2.place2.inTransition[1].tint,t2.transition_.outPlaces[1].disTransition,t2.transition_.outPlaces[1].enabledByInPlaces,P2.place1.inTransition[1].disPlace,P2.place1.inTransition[1].maxTokensint,P2.place1.inTransition[1].tint,t2.transition_.inPlaces[2].disTransition,P1.place2.outTransition[1].normalArc,P1.place2.outTransition[1].testValueint,P1.place2.outTransition[1].arcType,P1.place2.outTransition[1].disPlace,P1.place2.outTransition[1].minTokensint,P1.place2.outTransition[1].tint,t2.transition_.inPlaces[1].disTransition,P1.place1.outTransition[1].normalArc,P1.place1.outTransition[1].testValueint,P1.place1.outTransition[1].arcType,P1.place1.outTransition[1].disPlace,P1.place1.outTransition[1].minTokensint,P1.place1.outTransition[1].tint,t1.transition_.firingCon,t1.transition_.outPlaces[2].disTransition,t1.transition_.outPlaces[2].enabledByInPlaces,P1.place2.inTransition[1].disPlace,P1.place2.inTransition[1].maxTokensint,P1.place2.inTransition[1].tint,t1.transition_.outPlaces[1].disTransition,t1.transition_.outPlaces[1].enabledByInPlaces,P1.place1.inTransition[1].disPlace,P1.place1.inTransition[1].maxTokensint,P1.place1.inTransition[1].tint,P2.place2.reStart,P2.place1.reStart,P1.place2.reStart,P1.place1.reStart,P1.place1.disMarksOut.vec[1],P1.place1.disMarksOut.numtrue,P1.place1.disMarksOut.anytrue,P1.place1.disMarksIn.vec[1],P1.place1.disMarksIn.numtrue,P1.place1.disMarksIn.anytrue,P1.place2.disMarksOut.vec[1],P1.place2.disMarksOut.numtrue,P1.place2.disMarksOut.anytrue,P1.place2.disMarksIn.vec[1],P1.place2.disMarksIn.numtrue,P1.place2.disMarksIn.anytrue,P2.place1.disMarksIn.vec[1],P2.place1.disMarksIn.numtrue,P2.place1.disMarksIn.anytrue,P2.place2.disMarksIn.vec[1],P2.place2.disMarksIn.numtrue,P2.place2.disMarksIn.anytrue,t1.transition_.fire_,P1.place1.delayPassedOut.vec[1],P1.place1.delayPassedIn.vec[1],P1.place2.delayPassedOut.vec[1],P1.place2.delayPassedIn.vec[1],P2.place1.delayPassedIn.vec[1],P2.place2.delayPassedIn.vec[1],t1.transition_.activation.arcWeightIntOut[1],t1.transition_.activation.arcWeightIntOut[2],t2.transition_.activation.arcWeightIntIn[1],t2.transition_.activation.arcWeightIntIn[2],t2.transition_.activation.arcWeightIntOut[1],t2.transition_.activation.arcWeightIntOut[2],t2.transition_.activation.disPlaceOut[2],t2.transition_.activation.maxTokensInt[2],t2.transition_.activation.tIntOut[2],t2.transition_.activation.disPlaceOut[1],t2.transition_.activation.maxTokensInt[1],t2.transition_.activation.tIntOut[1],t2.transition_.activation.normalArc[2],t2.transition_.activation.testValueInt[2],t2.transition_.activation.arcType[2],t2.transition_.activation.disPlaceIn[2],t2.transition_.activation.minTokensInt[2],t2.transition_.activation.tIntIn[2],t2.transition_.activation.normalArc[1],t2.transition_.activation.testValueInt[1],t2.transition_.activation.arcType[1],t2.transition_.activation.disPlaceIn[1],t2.transition_.activation.minTokensInt[1],t2.transition_.activation.tIntIn[1],t1.transition_.activation.disPlaceOut[2],t1.transition_.activation.maxTokensInt[2],t1.transition_.activation.tIntOut[2],t1.transition_.activation.disPlaceOut[1],t1.transition_.activation.maxTokensInt[1],t1.transition_.activation.tIntOut[1],t2.transition_.fire_,t2.transition_.activation.NoTokens,t2.transition_.activation.weaklyOutputActiveVec[2],t2.transition_.activation.weaklyOutputActiveVec[1],t2.transition_.activation.weaklyInputActiveVec[2],t2.transition_.activation.weaklyInputActiveVec[1],t2.transition_.activation.active,t2.transition_.activation.emptied[2],t2.transition_.activation.emptied[1],t2.transition_.activation.fed[2],t2.transition_.activation.fed[1],t1.transition_.activation.NoTokens,t1.transition_.activation.weaklyOutputActiveVec[2],t1.transition_.activation.weaklyOutputActiveVec[1],t1.transition_.activation.active,t1.transition_.activation.emptied[2],t1.transition_.activation.emptied[1],P2.place2.emptying.numtrue,P2.place2.emptying.anytrue,P2.place2.feeding.numtrue,P2.place2.feeding.anytrue,P2.place2.feeding.vec[1],P2.place2.delayPassedIn.numtrue,P2.place2.delayPassedIn.anytrue,P2.place2.enableIn.TEin[1],$PRE.P2.place2.enableIn.TEin[1],P2.place2.enableIn.TEin_[1],P2.place2.enableIn.active[1],P2.place2.fireIn[1],$PRE.P2.place2.fireIn[1],P2.place1.emptying.numtrue,P2.place1.emptying.anytrue,P2.place1.feeding.numtrue,P2.place1.feeding.anytrue,P2.place1.feeding.vec[1],P2.place1.delayPassedIn.numtrue,P2.place1.delayPassedIn.anytrue,P2.place1.enableIn.TEin[1],$PRE.P2.place1.enableIn.TEin[1],P2.place1.enableIn.TEin_[1],P2.place1.enableIn.active[1],P2.place1.fireIn[1],$PRE.P2.place1.fireIn[1],P1.place2.emptying.numtrue,P1.place2.emptying.anytrue,P1.place2.emptying.vec[1],P1.place2.feeding.numtrue,P1.place2.feeding.anytrue,P1.place2.feeding.vec[1],P1.place2.delayPassedIn.numtrue,P1.place2.delayPassedIn.anytrue,P1.place2.delayPassedOut.numtrue,P1.place2.delayPassedOut.anytrue,P1.place2.enableOut.TEout[1],$PRE.P1.place2.enableOut.TEout[1],P1.place2.enableOut.TEout_[1],P1.place2.enableOut.TAout[1],P1.place2.enableIn.TEin[1],$PRE.P1.place2.enableIn.TEin[1],P1.place2.enableIn.TEin_[1],P1.place2.enableIn.active[1],P1.place2.fireOut[1],$PRE.P1.place2.fireOut[1],P1.place2.fireIn[1],$PRE.P1.place2.fireIn[1],P1.place1.emptying.numtrue,P1.place1.emptying.anytrue,P1.place1.emptying.vec[1],P1.place1.feeding.numtrue,P1.place1.feeding.anytrue,P1.place1.feeding.vec[1],P1.place1.delayPassedIn.numtrue,P1.place1.delayPassedIn.anytrue,P1.place1.delayPassedOut.numtrue,P1.place1.delayPassedOut.anytrue,P1.place1.enableOut.TEout[1],$PRE.P1.place1.enableOut.TEout[1],P1.place1.enableOut.TEout_[1],P1.place1.enableOut.TAout[1],P1.place1.enableIn.TEin[1],$PRE.P1.place1.enableIn.TEin[1],P1.place1.enableIn.TEin_[1],P1.place1.enableIn.active[1],P1.place1.fireOut[1],$PRE.P1.place1.fireOut[1],P1.place1.fireIn[1],$PRE.P1.place1.fireIn[1],$whenCondition8,$whenCondition7,$whenCondition6,$whenCondition5,$whenCondition4,$whenCondition3)
 * Number of discrete states: 0 ()
 * Number of clocked states: 0 ()
 * Top-level inputs: 0
Notification: Strong component statistics for initialization (477):
 * Single equations (assignments): 434
 * Array equations: 0
 * Algorithm blocks: 42
 * Record equations: 0
 * When equations: 0
 * If-equations: 0
 * Equation systems (not torn): 0
 * Torn equation systems: 1
 * Mixed (continuous/discrete) equation systems: 0
Notification: Torn system details for strict tearing set:
 * Linear torn systems (#iteration vars, #inner vars, density): 0 systems
 * Non-linear torn systems (#iteration vars, #inner vars): 1 system
   {(3,16)}
Notification: Performance of prepare postOptimizeDAE: time 0.003294/0.465, allocations: 3.316 MB / 0.5627 GB, free: 17.22 MB / 378.7 MB
Notification: Performance of postOpt lateInlineFunction (simulation): time 0.0007822/0.4658, allocations: 289.7 kB / 0.563 GB, free: 16.93 MB / 378.7 MB
Notification: Performance of postOpt wrapFunctionCalls (simulation): time 0.01345/0.4793, allocations: 9.619 MB / 0.5724 GB, free: 7.082 MB / 378.7 MB
Notification: Performance of postOpt inlineArrayEqn (simulation): time 2.384e-05/0.4793, allocations: 15.98 kB / 0.5724 GB, free: 7.066 MB / 378.7 MB
Notification: Performance of postOpt constantLinearSystem (simulation): time 7.915e-06/0.4793, allocations: 8 kB / 0.5724 GB, free: 7.059 MB / 378.7 MB
Notification: Performance of postOpt simplifysemiLinear (simulation): time 1.468e-05/0.4793, allocations: 3.984 kB / 0.5724 GB, free: 7.055 MB / 378.7 MB
Notification: Performance of postOpt removeSimpleEquations (simulation): time 0.01953/0.4989, allocations: 14.75 MB / 0.5868 GB, free: 8.059 MB / 394.7 MB
Notification: Performance of postOpt simplifyComplexFunction (simulation): time 0.01407/0.513, allocations: 9.296 MB / 0.5959 GB, free: 14.54 MB / 410.7 MB
Notification: Performance of postOpt solveSimpleEquations (simulation): time 0.0006002/0.5136, allocations: 115.8 kB / 0.596 GB, free: 14.43 MB / 410.7 MB
Notification: Performance of postOpt tearingSystem (simulation): time 0.001377/0.515, allocations: 0.5727 MB / 0.5966 GB, free: 13.85 MB / 410.7 MB
Notification: Performance of postOpt inputDerivativesUsed (simulation): time 0.0003768/0.5154, allocations: 180.3 kB / 0.5968 GB, free: 13.68 MB / 410.7 MB
Notification: Performance of postOpt calculateStrongComponentJacobians (simulation): time 0.001354/0.5167, allocations: 1.2 MB / 0.5979 GB, free: 12.45 MB / 410.7 MB
Notification: Performance of postOpt calculateStateSetsJacobians (simulation): time 1.964e-06/0.5167, allocations: 0 / 0.5979 GB, free: 12.45 MB / 410.7 MB
Notification: Performance of postOpt symbolicJacobian (simulation): time 0.02232/0.5391, allocations: 14.23 MB / 0.6118 GB, free: 13.95 MB / 426.7 MB
Notification: Performance of postOpt removeConstants (simulation): time 0.0002543/0.5393, allocations: 290.2 kB / 0.6121 GB, free: 13.64 MB / 426.7 MB
Notification: Performance of postOpt simplifyTimeIndepFuncCalls (simulation): time 0.0008519/0.5402, allocations: 359.9 kB / 0.6124 GB, free: 13.29 MB / 426.7 MB
Notification: Performance of postOpt simplifyAllExpressions (simulation): time 0.002073/0.5423, allocations: 271.8 kB / 0.6127 GB, free: 13.03 MB / 426.7 MB
Notification: Performance of postOpt findZeroCrossings (simulation): time 0.001011/0.5433, allocations: 0.6646 MB / 0.6134 GB, free: 12.37 MB / 426.7 MB
Notification: Performance of postOpt collapseArrayExpressions (simulation): time 0.0006383/0.544, allocations: 198.9 kB / 0.6135 GB, free: 12.18 MB / 426.7 MB
Notification: Performance of sorting global known variables: time 0.0009159/0.5449, allocations: 0.7659 MB / 0.6143 GB, free: 11.4 MB / 426.7 MB
Notification: Performance of sort global known variables: time 1.61e-07/0.5449, allocations: 0 / 0.6143 GB, free: 11.4 MB / 426.7 MB
Notification: Performance of remove unused functions: time 0.003239/0.5481, allocations: 1.205 MB / 0.6155 GB, free: 10.2 MB / 426.7 MB
Notification: Model statistics after passing the back-end for simulation:
 * Number of independent subsystems: 3
 * Number of states: 4 (P1.place1.t_,P1.place2.t_,P2.place1.t_,P2.place2.t_)
 * Number of discrete variables: 237 ($whenCondition1,P2.place1.enableOut.state128[1],P2.place1.enableOut.state128[2],P2.place1.enableOut.state128[3],P2.place1.enableOut.state128[4],P2.place1.enableOut.arcWeightSum,P2.place1.enableOut.nremTAout,P2.place1.enableOut.nTAout,P2.place1.enableOut.k,P2.place1.enableOut.posTE,P2.place1.enableOut.randNum,P2.place1.enableOut.sumEnablingProbTAout,P2.place1.enableOut.endWhile,P2.place1.enableOut.Index,P2.place1.delayPassedOut.anytrue,P2.place1.delayPassedOut.numtrue,$whenCondition2,P2.place2.enableOut.state128[1],P2.place2.enableOut.state128[2],P2.place2.enableOut.state128[3],P2.place2.enableOut.state128[4],P2.place2.enableOut.arcWeightSum,P2.place2.enableOut.nremTAout,P2.place2.enableOut.nTAout,P2.place2.enableOut.k,P2.place2.enableOut.posTE,P2.place2.enableOut.randNum,P2.place2.enableOut.sumEnablingProbTAout,P2.place2.enableOut.endWhile,P2.place2.enableOut.Index,P2.place2.delayPassedOut.anytrue,P2.place2.delayPassedOut.numtrue,P2.place1.disMarksInOut,P2.place2.disMarksInOut,$cse6[1],$cse6[2],$whenCondition12,$whenCondition11,$whenCondition10,$whenCondition9,$whenCondition3,$whenCondition4,$whenCondition5,$whenCondition6,$whenCondition7,$whenCondition8,P1.outTransition[1,1].tokenInOut,P1.outTransition[1,2].tokenInOut,P1.place1.disMarksInOut,P1.place1.fireIn[1],P1.place1.fireOut[1],P1.place1.enableIn.active[1],P1.place1.enableIn.TEin_[1],P1.place1.enableIn.state128[1],P1.place1.enableIn.state128[2],P1.place1.enableIn.state128[3],P1.place1.enableIn.state128[4],P1.place1.enableIn.TEin[1],P1.place1.enableIn.disTAin[1],P1.place1.enableIn.remTAin[1],P1.place1.enableIn.cumEnablingProb[1],P1.place1.enableIn.arcWeightSum,P1.place1.enableIn.nremTAin,P1.place1.enableIn.nTAin,P1.place1.enableIn.k,P1.place1.enableIn.posTE,P1.place1.enableIn.randNum,P1.place1.enableIn.sumEnablingProbTAin,P1.place1.enableIn.endWhile,P1.place1.enableIn.Index,P1.place1.enableOut.TAout[1],P1.place1.enableOut.TEout_[1],P1.place1.enableOut.state128[1],P1.place1.enableOut.state128[2],P1.place1.enableOut.state128[3],P1.place1.enableOut.state128[4],P1.place1.enableOut.TEout[1],P1.place1.enableOut.disTAout[1],P1.place1.enableOut.remTAout[1],P1.place1.enableOut.cumEnablingProb[1],P1.place1.enableOut.arcWeightSum,P1.place1.enableOut.nremTAout,P1.place1.enableOut.nTAout,P1.place1.enableOut.k,P1.place1.enableOut.posTE,P1.place1.enableOut.randNum,P1.place1.enableOut.sumEnablingProbTAout,P1.place1.enableOut.endWhile,P1.place1.enableOut.Index,P1.place1.delayPassedOut.anytrue,P1.place1.delayPassedOut.numtrue,P1.place1.delayPassedIn.anytrue,P1.place1.delayPassedIn.numtrue,P1.place1.disMarksOut.anytrue,P1.place1.disMarksOut.numtrue,P1.place1.disMarksIn.anytrue,P1.place1.disMarksIn.numtrue,P1.place1.feeding.vec[1],P1.place1.feeding.anytrue,P1.place1.feeding.numtrue,P1.place1.emptying.vec[1],P1.place1.emptying.anytrue,P1.place1.emptying.numtrue,P1.place2.disMarksInOut,P1.place2.fireIn[1],P1.place2.fireOut[1],P1.place2.enableIn.active[1],P1.place2.enableIn.TEin_[1],P1.place2.enableIn.state128[1],P1.place2.enableIn.state128[2],P1.place2.enableIn.state128[3],P1.place2.enableIn.state128[4],P1.place2.enableIn.TEin[1],P1.place2.enableIn.disTAin[1],P1.place2.enableIn.remTAin[1],P1.place2.enableIn.cumEnablingProb[1],P1.place2.enableIn.arcWeightSum,P1.place2.enableIn.nremTAin,P1.place2.enableIn.nTAin,P1.place2.enableIn.k,P1.place2.enableIn.posTE,P1.place2.enableIn.randNum,P1.place2.enableIn.sumEnablingProbTAin,P1.place2.enableIn.endWhile,P1.place2.enableIn.Index,P1.place2.enableOut.TAout[1],P1.place2.enableOut.TEout_[1],P1.place2.enableOut.state128[1],P1.place2.enableOut.state128[2],P1.place2.enableOut.state128[3],P1.place2.enableOut.state128[4],P1.place2.enableOut.TEout[1],P1.place2.enableOut.disTAout[1],P1.place2.enableOut.remTAout[1],P1.place2.enableOut.cumEnablingProb[1],P1.place2.enableOut.arcWeightSum,P1.place2.enableOut.nremTAout,P1.place2.enableOut.nTAout,P1.place2.enableOut.k,P1.place2.enableOut.posTE,P1.place2.enableOut.randNum,P1.place2.enableOut.sumEnablingProbTAout,P1.place2.enableOut.endWhile,P1.place2.enableOut.Index,P1.place2.delayPassedOut.anytrue,P1.place2.delayPassedOut.numtrue,P1.place2.delayPassedIn.anytrue,P1.place2.delayPassedIn.numtrue,P1.place2.disMarksOut.anytrue,P1.place2.disMarksOut.numtrue,P1.place2.disMarksIn.anytrue,P1.place2.disMarksIn.numtrue,P1.place2.feeding.vec[1],P1.place2.feeding.anytrue,P1.place2.feeding.numtrue,P1.place2.emptying.vec[1],P1.place2.emptying.anytrue,P1.place2.emptying.numtrue,P2.place1.fireIn[1],P2.place1.enableIn.active[1],P2.place1.enableIn.TEin_[1],P2.place1.enableIn.state128[1],P2.place1.enableIn.state128[2],P2.place1.enableIn.state128[3],P2.place1.enableIn.state128[4],P2.place1.enableIn.TEin[1],P2.place1.enableIn.disTAin[1],P2.place1.enableIn.remTAin[1],P2.place1.enableIn.cumEnablingProb[1],P2.place1.enableIn.arcWeightSum,P2.place1.enableIn.nremTAin,P2.place1.enableIn.nTAin,P2.place1.enableIn.k,P2.place1.enableIn.posTE,P2.place1.enableIn.randNum,P2.place1.enableIn.sumEnablingProbTAin,P2.place1.enableIn.endWhile,P2.place1.enableIn.Index,P2.place1.delayPassedIn.anytrue,P2.place1.delayPassedIn.numtrue,P2.place1.disMarksOut.anytrue,P2.place1.disMarksOut.numtrue,P2.place1.disMarksIn.anytrue,P2.place1.disMarksIn.numtrue,P2.place1.feeding.vec[1],P2.place1.feeding.anytrue,P2.place1.feeding.numtrue,P2.place1.emptying.anytrue,P2.place1.emptying.numtrue,P2.place2.fireIn[1],P2.place2.enableIn.active[1],P2.place2.enableIn.TEin_[1],P2.place2.enableIn.state128[1],P2.place2.enableIn.state128[2],P2.place2.enableIn.state128[3],P2.place2.enableIn.state128[4],P2.place2.enableIn.TEin[1],P2.place2.enableIn.disTAin[1],P2.place2.enableIn.remTAin[1],P2.place2.enableIn.cumEnablingProb[1],P2.place2.enableIn.arcWeightSum,P2.place2.enableIn.nremTAin,P2.place2.enableIn.nTAin,P2.place2.enableIn.k,P2.place2.enableIn.posTE,P2.place2.enableIn.randNum,P2.place2.enableIn.sumEnablingProbTAin,P2.place2.enableIn.endWhile,P2.place2.enableIn.Index,P2.place2.delayPassedIn.anytrue,P2.place2.delayPassedIn.numtrue,P2.place2.disMarksOut.anytrue,P2.place2.disMarksOut.numtrue,P2.place2.disMarksIn.anytrue,P2.place2.disMarksIn.numtrue,P2.place2.feeding.vec[1],P2.place2.feeding.anytrue,P2.place2.feeding.numtrue,P2.place2.emptying.anytrue,P2.place2.emptying.numtrue,t1.transition_.activation.emptied[1],t1.transition_.activation.emptied[2],t1.transition_.activation.active,t1.transition_.activation.weaklyOutputActiveVec[1],t1.transition_.activation.weaklyOutputActiveVec[2],t1.transition_.activation.NoTokens,t2.transition_.activation.fed[1],t2.transition_.activation.fed[2],t2.transition_.activation.emptied[1],t2.transition_.activation.emptied[2],t2.transition_.activation.active,t2.transition_.activation.weaklyInputActiveVec[1],t2.transition_.activation.weaklyInputActiveVec[2],t2.transition_.activation.weaklyOutputActiveVec[1],t2.transition_.activation.weaklyOutputActiveVec[2],t2.transition_.activation.NoTokens,t2.transition_.fire_)
 * Number of discrete states: 212 (P1.place2.disMarksInOut,P1.place1.disMarksInOut,P2.place2.fireIn[1],P2.place2.disMarksOut.anytrue,P2.place2.disMarksIn.anytrue,P2.place1.fireIn[1],P2.place1.disMarksOut.anytrue,P2.place1.disMarksIn.anytrue,P1.place2.fireIn[1],P1.place2.fireOut[1],P1.place2.disMarksOut.anytrue,P1.place2.disMarksIn.anytrue,P1.place1.fireIn[1],P1.place1.fireOut[1],P1.place1.disMarksOut.anytrue,P1.place1.disMarksIn.anytrue,P2.place2.emptying.numtrue,P2.place2.emptying.anytrue,P2.place2.feeding.numtrue,P2.place2.feeding.anytrue,P2.place2.disMarksIn.numtrue,P2.place2.disMarksOut.numtrue,P2.place2.delayPassedIn.numtrue,P2.place2.delayPassedIn.anytrue,P2.place1.emptying.numtrue,P2.place1.emptying.anytrue,P2.place1.feeding.numtrue,P2.place1.feeding.anytrue,P2.place1.disMarksIn.numtrue,P2.place1.disMarksOut.numtrue,P2.place1.delayPassedIn.numtrue,P2.place1.delayPassedIn.anytrue,P1.place2.emptying.numtrue,P1.place2.emptying.anytrue,P1.place2.feeding.numtrue,P1.place2.feeding.anytrue,P1.place2.disMarksIn.numtrue,P1.place2.disMarksOut.numtrue,P1.place2.delayPassedIn.numtrue,P1.place2.delayPassedIn.anytrue,P1.place2.delayPassedOut.numtrue,P1.place2.delayPassedOut.anytrue,P1.place1.emptying.numtrue,P1.place1.emptying.anytrue,t1.transition_.activation.weaklyOutputActiveVec[2],t1.transition_.activation.weaklyOutputActiveVec[1],t1.transition_.activation.active,t1.transition_.activation.NoTokens,P1.place2.enableIn.TEin_[1],P1.place2.enableIn.posTE,P1.place2.enableIn.k,P1.place2.enableIn.endWhile,P1.place2.enableIn.state128[4],P1.place2.enableIn.state128[3],P1.place2.enableIn.state128[2],P1.place2.enableIn.state128[1],P1.place2.enableIn.randNum,P1.place2.enableIn.cumEnablingProb[1],P1.place2.enableIn.sumEnablingProbTAin,P1.place2.enableIn.nTAin,P1.place2.enableIn.nremTAin,P1.place2.enableIn.remTAin[1],P1.place2.enableIn.Index,P1.place2.enableIn.arcWeightSum,P1.place2.enableIn.disTAin[1],$whenCondition5,P1.place2.enableIn.TEin[1],P1.place1.feeding.numtrue,P1.place1.feeding.anytrue,t2.transition_.activation.weaklyOutputActiveVec[2],t2.transition_.activation.weaklyOutputActiveVec[1],t2.transition_.activation.weaklyInputActiveVec[2],t2.transition_.activation.weaklyInputActiveVec[1],t2.transition_.activation.active,t2.transition_.activation.NoTokens,P2.place2.enableIn.TEin_[1],P2.place2.enableIn.posTE,P2.place2.enableIn.k,P2.place2.enableIn.endWhile,P2.place2.enableIn.state128[4],P2.place2.enableIn.state128[3],P2.place2.enableIn.state128[2],P2.place2.enableIn.state128[1],P2.place2.enableIn.randNum,P2.place2.enableIn.cumEnablingProb[1],P2.place2.enableIn.sumEnablingProbTAin,P2.place2.enableIn.nTAin,P2.place2.enableIn.nremTAin,P2.place2.enableIn.remTAin[1],P2.place2.enableIn.Index,P2.place2.enableIn.arcWeightSum,P2.place2.enableIn.disTAin[1],$whenCondition8,P2.place2.enableIn.TEin[1],P2.place1.enableIn.TEin_[1],P2.place1.enableIn.posTE,P2.place1.enableIn.k,P2.place1.enableIn.endWhile,P2.place1.enableIn.state128[4],P2.place1.enableIn.state128[3],P2.place1.enableIn.state128[2],P2.place1.enableIn.state128[1],P2.place1.enableIn.randNum,P2.place1.enableIn.cumEnablingProb[1],P2.place1.enableIn.sumEnablingProbTAin,P2.place1.enableIn.nTAin,P2.place1.enableIn.nremTAin,P2.place1.enableIn.remTAin[1],P2.place1.enableIn.Index,P2.place1.enableIn.arcWeightSum,P2.place1.enableIn.disTAin[1],$whenCondition7,P2.place1.enableIn.TEin[1],P1.place2.enableOut.TEout_[1],P1.place2.enableOut.posTE,P1.place2.enableOut.k,P1.place2.enableOut.endWhile,P1.place2.enableOut.state128[4],P1.place2.enableOut.state128[3],P1.place2.enableOut.state128[2],P1.place2.enableOut.state128[1],P1.place2.enableOut.randNum,P1.place2.enableOut.cumEnablingProb[1],P1.place2.enableOut.sumEnablingProbTAout,P1.place2.enableOut.nTAout,P1.place2.enableOut.nremTAout,P1.place2.enableOut.remTAout[1],P1.place2.enableOut.Index,P1.place2.enableOut.arcWeightSum,P1.place2.enableOut.disTAout[1],$whenCondition6,P1.place2.enableOut.TEout[1],P1.place1.disMarksIn.numtrue,P1.place1.disMarksOut.numtrue,P1.place1.delayPassedIn.numtrue,P1.place1.delayPassedIn.anytrue,P1.place1.delayPassedOut.numtrue,P1.place1.delayPassedOut.anytrue,P1.place1.enableOut.TEout_[1],P1.place1.enableOut.posTE,P1.place1.enableOut.k,P1.place1.enableOut.endWhile,P1.place1.enableOut.state128[4],P1.place1.enableOut.state128[3],P1.place1.enableOut.state128[2],P1.place1.enableOut.state128[1],P1.place1.enableOut.randNum,P1.place1.enableOut.cumEnablingProb[1],P1.place1.enableOut.sumEnablingProbTAout,P1.place1.enableOut.nTAout,P1.place1.enableOut.nremTAout,P1.place1.enableOut.remTAout[1],P1.place1.enableOut.Index,P1.place1.enableOut.arcWeightSum,P1.place1.enableOut.disTAout[1],$whenCondition4,P1.place1.enableOut.TEout[1],P1.place1.enableIn.TEin_[1],P1.place1.enableIn.posTE,P1.place1.enableIn.k,P1.place1.enableIn.endWhile,P1.place1.enableIn.state128[4],P1.place1.enableIn.state128[3],P1.place1.enableIn.state128[2],P1.place1.enableIn.state128[1],P1.place1.enableIn.randNum,P1.place1.enableIn.cumEnablingProb[1],P1.place1.enableIn.sumEnablingProbTAin,P1.place1.enableIn.nTAin,P1.place1.enableIn.nremTAin,P1.place1.enableIn.remTAin[1],P1.place1.enableIn.Index,P1.place1.enableIn.arcWeightSum,P1.place1.enableIn.disTAin[1],$whenCondition3,P1.place1.enableIn.TEin[1],P2.place2.disMarkChange,P2.place1.disMarkChange,P1.place2.disMarkChange,P1.place1.disMarkChange,P2.place2.delayPassedOut.numtrue,P2.place2.delayPassedOut.anytrue,P2.place2.enableOut.Index,P2.place2.enableOut.endWhile,P2.place2.enableOut.sumEnablingProbTAout,P2.place2.enableOut.state128[4],P2.place2.enableOut.state128[3],P2.place2.enableOut.state128[2],P2.place2.enableOut.state128[1],P2.place2.enableOut.randNum,P2.place2.enableOut.posTE,P2.place2.enableOut.k,P2.place2.enableOut.nTAout,P2.place2.enableOut.nremTAout,P2.place2.enableOut.arcWeightSum,$whenCondition2,P2.place1.delayPassedOut.numtrue,P2.place1.delayPassedOut.anytrue,P2.place1.enableOut.Index,P2.place1.enableOut.endWhile,P2.place1.enableOut.sumEnablingProbTAout,P2.place1.enableOut.state128[4],P2.place1.enableOut.state128[3],P2.place1.enableOut.state128[2],P2.place1.enableOut.state128[1],P2.place1.enableOut.randNum,P2.place1.enableOut.posTE,P2.place1.enableOut.k,P2.place1.enableOut.nTAout,P2.place1.enableOut.nremTAout,P2.place1.enableOut.arcWeightSum,$whenCondition1)
 * Number of clocked states: 0 ()
 * Top-level inputs: 0
Notification: Strong component statistics for simulation (120):
 * Single equations (assignments): 84
 * Array equations: 1
 * Algorithm blocks: 34
 * Record equations: 0
 * When equations: 0
 * If-equations: 0
 * Equation systems (not torn): 0
 * Torn equation systems: 1
 * Mixed (continuous/discrete) equation systems: 0
Notification: Torn system details for strict tearing set:
 * Linear torn systems (#iteration vars, #inner vars, density): 0 systems
 * Non-linear torn systems (#iteration vars, #inner vars): 1 system
   {(3,21)}
Notification: Performance of Backend phase and start with SimCode phase: time 0.00132/0.5495, allocations: 0.8593 MB / 0.6163 GB, free: 9.359 MB / 426.7 MB
Notification: Performance of simCode: created initialization part: time 0.0156/0.5651, allocations: 10.95 MB / 0.627 GB, free: 13.88 MB / 442.7 MB
Notification: Performance of simCode: created event and clocks part: time 4.8e-06/0.5651, allocations: 4.938 kB / 0.627 GB, free: 13.87 MB / 442.7 MB
Notification: Performance of simCode: created simulation system equations: time 0.01003/0.5751, allocations: 12.27 MB / 0.639 GB, free: 1.16 MB / 442.7 MB
Notification: Performance of simCode: created of all other equations (e.g. parameter, nominal, assert, etc): time 0.001744/0.5769, allocations: 379.5 kB / 0.6394 GB, free: 0.793 MB / 442.7 MB
Notification: Performance of simCode: created linear, non-linear and system jacobian parts: time 0.01421/0.5911, allocations: 9.014 MB / 0.6482 GB, free: 7.762 MB / 458.7 MB
Notification: Performance of simCode: some other stuff during SimCode phase: time 0.001877/0.593, allocations: 2.33 MB / 0.6504 GB, free: 5.402 MB / 458.7 MB
Notification: Performance of simCode: alias equations: time 0.001329/0.5944, allocations: 0.5393 MB / 0.651 GB, free: 4.859 MB / 458.7 MB
Notification: Performance of simCode: all other stuff during SimCode phase: time 0.0003073/0.5947, allocations: 143.4 kB / 0.6511 GB, free: 4.719 MB / 458.7 MB
Notification: Performance of SimCode: time 6.32e-07/0.5947, allocations: 3.938 kB / 0.6511 GB, free: 4.715 MB / 458.7 MB
Notification: Performance of Templates: time 0.2766/0.8713, allocations: 51.5 MB / 0.7014 GB, free: 141.5 MB / 474.7 MB
make -j1 -f PNlib_2.2_PNlib.Examples.Models.BicoloredPlaces.Aquarium.makefile
(rm -f PNlib_2.2_PNlib.Examples.Models.BicoloredPlaces.Aquarium.pipe ; mkfifo PNlib_2.2_PNlib.Examples.Models.BicoloredPlaces.Aquarium.pipe ; head -c 1048576 < PNlib_2.2_PNlib.Examples.Models.BicoloredPlaces.Aquarium.pipe >> ../files/PNlib_2.2_PNlib.Examples.Models.BicoloredPlaces.Aquarium.sim & ./PNlib_2.2_PNlib.Examples.Models.BicoloredPlaces.Aquarium  -abortSlowSimulation -alarm=480  -emit_protected -lv LOG_STATS > PNlib_2.2_PNlib.Examples.Models.BicoloredPlaces.Aquarium.pipe 2>&1)
diffSimulationResults("PNlib_2.2_PNlib.Examples.Models.BicoloredPlaces.Aquarium_res.mat","/home/runner/work/PNlib/PNlib/ReferenceFiles/PNlib.Examples.Models.BicoloredPlaces.Aquarium.mat","../files/PNlib_2.2_PNlib.Examples.Models.BicoloredPlaces.Aquarium.diff",relTol=0.003,relTolDiffMinMax=0.003,rangeDelta=0.001)
Reference file matches
