Running: ./testmodel.py --libraries=/home/runner/.openmodelica/libraries/ --ompython_omhome= PNlib_2.2_PNlib.Examples.ConTest.SinglePC.conf.json
loadFile("/home/runner/.openmodelica/libraries/ModelicaServices 4.0.0+maint.om/package.mo", uses=false)
loadFile("/home/runner/.openmodelica/libraries/Complex 4.0.0+maint.om/package.mo", uses=false)
loadFile("/home/runner/.openmodelica/libraries/Modelica 4.0.0+maint.om/package.mo", uses=false)
loadFile("/home/runner/work/PNlib/PNlib/PNlib/package.mo", uses=false)
Using package PNlib with version 2.2 (/home/runner/work/PNlib/PNlib/PNlib/package.mo)
Using package Modelica with version 4.0.0 (/home/runner/.openmodelica/libraries/Modelica 4.0.0+maint.om/package.mo)
Using package Complex with version 4.0.0 (/home/runner/.openmodelica/libraries/Complex 4.0.0+maint.om/package.mo)
Using package ModelicaServices with version 4.0.0 (/home/runner/.openmodelica/libraries/ModelicaServices 4.0.0+maint.om/package.mo)
Running command: translateModel(PNlib.Examples.ConTest.SinglePC,tolerance=1e-06,outputFormat="mat",numberOfIntervals=5000,variableFilter="P1.t|time",fileNamePrefix="PNlib_2.2_PNlib.Examples.ConTest.SinglePC")
translateModel(PNlib.Examples.ConTest.SinglePC,tolerance=1e-06,outputFormat="mat",numberOfIntervals=5000,variableFilter="P1.t|time",fileNamePrefix="PNlib_2.2_PNlib.Examples.ConTest.SinglePC")
Notification: Performance of loadFile(/home/runner/.openmodelica/libraries/ModelicaServices 4.0.0+maint.om/package.mo): time 0.001004/0.001004, allocations: 99.27 kB / 15.59 MB, free: 4.785 MB / 13.93 MB
Notification: Performance of loadFile(/home/runner/.openmodelica/libraries/Complex 4.0.0+maint.om/package.mo): time 0.001001/0.001001, allocations: 178.5 kB / 16.51 MB, free: 4.348 MB / 13.93 MB
Notification: Performance of loadFile(/home/runner/.openmodelica/libraries/Modelica 4.0.0+maint.om/package.mo): time 1.631/1.631, allocations: 222.1 MB / 239.4 MB, free: 11.11 MB / 202.7 MB
Notification: Performance of loadFile(/home/runner/work/PNlib/PNlib/PNlib/package.mo): time 0.09444/0.09444, allocations: 16.57 MB / 306.2 MB, free: 10.6 MB / 250.7 MB
Notification: Performance of FrontEnd - loaded program: time 0.0004474/0.0004474, allocations: 16.38 kB / 370.6 MB, free: 44.89 MB / 298.7 MB
Notification: Performance of FrontEnd - Absyn->SCode: time 0.0773/0.07776, allocations: 53.47 MB / 424.1 MB, free: 5.969 MB / 298.7 MB
Notification: Performance of NFInst.instantiate(PNlib.Examples.ConTest.SinglePC): time 0.002392/0.08019, allocations: 1.511 MB / 425.6 MB, free: 4.461 MB / 298.7 MB
Notification: Performance of NFInst.instExpressions: time 0.002151/0.08235, allocations: 1.361 MB / 426.9 MB, free: 3.102 MB / 298.7 MB
Notification: Performance of NFInst.updateImplicitVariability: time 0.0001737/0.08254, allocations: 7.938 kB / 426.9 MB, free: 3.094 MB / 298.7 MB
Notification: Performance of NFTyping.typeComponents: time 0.0001884/0.08275, allocations: 83.44 kB / 427 MB, free: 3.012 MB / 298.7 MB
Notification: Performance of NFTyping.typeBindings: time 0.0001944/0.08295, allocations: 55.45 kB / 427.1 MB, free: 2.957 MB / 298.7 MB
Notification: Performance of NFTyping.typeClassSections: time 0.001091/0.08405, allocations: 0.5798 MB / 427.7 MB, free: 2.379 MB / 298.7 MB
Notification: Performance of NFFlatten.flatten: time 0.0006862/0.08475, allocations: 0.9986 MB / 428.7 MB, free: 1.379 MB / 298.7 MB
Notification: Performance of NFFlatten.resolveConnections: time 7.62e-05/0.08484, allocations: 49.33 kB / 428.7 MB, free: 1.328 MB / 298.7 MB
Notification: Performance of NFEvalConstants.evaluate: time 0.0002349/0.08508, allocations: 343.1 kB / 429 MB, free: 0.9922 MB / 298.7 MB
Notification: Performance of NFSimplifyModel.simplify: time 0.0001982/0.08529, allocations: 143 kB / 429.2 MB, free: 0.8516 MB / 298.7 MB
Notification: Performance of NFPackage.collectConstants: time 3.733e-05/0.08533, allocations: 20 kB / 429.2 MB, free: 0.832 MB / 298.7 MB
Notification: Performance of NFFlatten.collectFunctions: time 0.0003078/0.08565, allocations: 259.6 kB / 429.4 MB, free: 0.5781 MB / 298.7 MB
Notification: Performance of NFScalarize.scalarize: time 7.837e-05/0.08573, allocations: 51.77 kB / 429.5 MB, free: 0.5273 MB / 298.7 MB
Notification: Performance of NFVerifyModel.verify: time 9.149e-05/0.08583, allocations: 119.3 kB / 429.6 MB, free: 420 kB / 298.7 MB
Notification: Performance of NFConvertDAE.convert: time 0.0004338/0.08627, allocations: 438.8 kB / 430 MB, free: 15.98 MB / 314.7 MB
Notification: Performance of FrontEnd - DAE generated: time 2.836e-06/0.08629, allocations: 0 / 430 MB, free: 15.98 MB / 314.7 MB
Notification: Performance of FrontEnd: time 9.02e-07/0.0863, allocations: 0 / 430 MB, free: 15.98 MB / 314.7 MB
Notification: Performance of Transformations before backend: time 6.021e-06/0.08631, allocations: 0 / 430 MB, free: 15.98 MB / 314.7 MB
Notification: Model statistics after passing the front-end and creating the data structures used by the back-end:
 * Number of equations: 65
 * Number of variables: 65
Notification: Performance of Generate backend data structure: time 0.00128/0.08759, allocations: 0.8936 MB / 430.9 MB, free: 14.98 MB / 314.7 MB
Notification: Performance of prepare preOptimizeDAE: time 3.265e-05/0.08763, allocations: 12.03 kB / 431 MB, free: 14.96 MB / 314.7 MB
Notification: Performance of preOpt normalInlineFunction (simulation): time 0.0001605/0.0878, allocations: 36.56 kB / 431 MB, free: 14.93 MB / 314.7 MB
Notification: Performance of preOpt evaluateParameters (simulation): time 0.0002114/0.08802, allocations: 247.8 kB / 431.2 MB, free: 14.65 MB / 314.7 MB
Notification: Performance of preOpt simplifyIfEquations (simulation): time 2.386e-05/0.08805, allocations: 20.31 kB / 431.2 MB, free: 14.63 MB / 314.7 MB
Notification: Performance of preOpt expandDerOperator (simulation): time 3.762e-05/0.0881, allocations: 20.38 kB / 431.3 MB, free: 14.61 MB / 314.7 MB
Notification: Performance of preOpt clockPartitioning (simulation): time 0.0004769/0.08858, allocations: 333.6 kB / 431.6 MB, free: 14.23 MB / 314.7 MB
Notification: Performance of preOpt findStateOrder (simulation): time 1.408e-05/0.08861, allocations: 3.938 kB / 431.6 MB, free: 14.23 MB / 314.7 MB
Notification: Performance of preOpt replaceEdgeChange (simulation): time 2.809e-05/0.08864, allocations: 19.98 kB / 431.6 MB, free: 14.21 MB / 314.7 MB
Notification: Performance of preOpt inlineArrayEqn (simulation): time 7.484e-06/0.08866, allocations: 4 kB / 431.6 MB, free: 14.21 MB / 314.7 MB
Notification: Performance of preOpt removeEqualRHS (simulation): time 0.0003848/0.08905, allocations: 167.7 kB / 431.8 MB, free: 14.04 MB / 314.7 MB
Notification: Performance of preOpt removeSimpleEquations (simulation): time 0.001327/0.09038, allocations: 1.58 MB / 433.4 MB, free: 12.37 MB / 314.7 MB
Notification: Performance of preOpt comSubExp (simulation): time 0.0004813/0.09088, allocations: 300.9 kB / 433.7 MB, free: 12.03 MB / 314.7 MB
Notification: Performance of preOpt resolveLoops (simulation): time 0.0002272/0.09112, allocations: 192.3 kB / 433.8 MB, free: 11.82 MB / 314.7 MB
Notification: Performance of preOpt evalFunc (simulation): time 0.001813/0.09294, allocations: 2.646 MB / 436.5 MB, free: 8.605 MB / 314.7 MB
Notification: Performance of preOpt encapsulateWhenConditions (simulation): time 0.0003583/0.09332, allocations: 317.2 kB / 436.8 MB, free: 8.258 MB / 314.7 MB
Notification: Performance of pre-optimization done (n=47): time 2.275e-06/0.09334, allocations: 4 kB / 436.8 MB, free: 8.254 MB / 314.7 MB
Notification: Performance of matching and sorting (n=47): time 0.0009799/0.09432, allocations: 0.6895 MB / 437.5 MB, free: 7.512 MB / 314.7 MB
Notification: Performance of inlineWhenForInitialization (initialization): time 0.0002998/0.09464, allocations: 492.8 kB / 438 MB, free: 6.926 MB / 314.7 MB
Notification: Performance of selectInitializationVariablesDAE (initialization): time 0.0001877/0.09484, allocations: 248.8 kB / 438.2 MB, free: 6.672 MB / 314.7 MB
Notification: Performance of collectPreVariables (initialization): time 4.666e-05/0.0949, allocations: 49.7 kB / 438.3 MB, free: 6.617 MB / 314.7 MB
Notification: Performance of collectInitialEqns (initialization): time 7.212e-05/0.09497, allocations: 141 kB / 438.4 MB, free: 6.473 MB / 314.7 MB
Notification: Performance of collectInitialBindings (initialization): time 8.386e-05/0.09507, allocations: 126.5 kB / 438.5 MB, free: 6.348 MB / 314.7 MB
Notification: Performance of simplifyInitialFunctions (initialization): time 0.00013/0.0952, allocations: 106.1 kB / 438.6 MB, free: 6.238 MB / 314.7 MB
Notification: Performance of setup shared object (initialization): time 5.666e-05/0.09527, allocations: 358.7 kB / 439 MB, free: 5.879 MB / 314.7 MB
Notification: Performance of preBalanceInitialSystem (initialization): time 0.0002864/0.09556, allocations: 161.4 kB / 439.1 MB, free: 5.723 MB / 314.7 MB
Notification: Performance of partitionIndependentBlocks (initialization): time 0.0005321/0.0961, allocations: 407.7 kB / 439.5 MB, free: 5.219 MB / 314.7 MB
Notification: Performance of analyzeInitialSystem (initialization): time 0.0009691/0.09708, allocations: 1.183 MB / 440.7 MB, free: 3.816 MB / 314.7 MB
Notification: Performance of solveInitialSystemEqSystem (initialization): time 6.332e-06/0.0971, allocations: 4 kB / 440.7 MB, free: 3.812 MB / 314.7 MB
Notification: Performance of matching and sorting (n=85) (initialization): time 0.001331/0.09844, allocations: 0.9698 MB / 441.7 MB, free: 2.777 MB / 314.7 MB
Notification: Performance of prepare postOptimizeDAE: time 8.956e-05/0.09854, allocations: 305 kB / 442 MB, free: 2.418 MB / 314.7 MB
Notification: Performance of postOpt simplifyComplexFunction (initialization): time 1.019e-05/0.09856, allocations: 8 kB / 442 MB, free: 2.41 MB / 314.7 MB
Notification: Performance of postOpt tearingSystem (initialization): time 1.891e-05/0.09859, allocations: 12 kB / 442 MB, free: 2.398 MB / 314.7 MB
Notification: Performance of postOpt solveSimpleEquations (initialization): time 0.0002607/0.09885, allocations: 71.83 kB / 442.1 MB, free: 2.328 MB / 314.7 MB
Notification: Performance of postOpt calculateStrongComponentJacobians (initialization): time 1.74e-05/0.09888, allocations: 16.47 kB / 442.1 MB, free: 2.312 MB / 314.7 MB
Notification: Performance of postOpt simplifyAllExpressions (initialization): time 0.0002658/0.09915, allocations: 71.42 kB / 442.2 MB, free: 2.242 MB / 314.7 MB
Notification: Performance of postOpt collapseArrayExpressions (initialization): time 7.187e-05/0.09923, allocations: 36 kB / 442.2 MB, free: 2.207 MB / 314.7 MB
Warning: Assuming fixed start value for the following 18 variables:
         P1.enableOut.Index:DISCRETE(fixed = true protected = true )  type: Integer
         P1.enableOut.endWhile:DISCRETE(fixed = true protected = true )  type: Boolean
         P1.enableOut.sumEnablingProbTAout:DISCRETE(fixed = true protected = true )  "sum of the enabling probabilities of the active output transitions" type: Real
         P1.enableOut.posTE:DISCRETE(fixed = true protected = true )  "possible enabled transition" type: Integer
         P1.enableOut.k:DISCRETE(fixed = true protected = true )  "iteration index" type: Integer
         P1.enableOut.nTAout:DISCRETE(fixed = true protected = true )  "number of active output transitions" type: Integer
         P1.enableOut.nremTAout:DISCRETE(fixed = true protected = true )  "number of remaining active output transitions" type: Integer
         P1.enableOut.arcWeightSum:DISCRETE(fixed = true protected = true )  "arc weight sum" type: Real
         P1.disMarksIn.anytrue:DISCRETE(fixed = true protected = true )  type: Boolean
         P1.disMarksOut.anytrue:DISCRETE(fixed = true protected = true )  type: Boolean
         P1.enableIn.Index:DISCRETE(fixed = true protected = true )  "priority Index" type: Integer
         P1.enableIn.endWhile:DISCRETE(fixed = true protected = true )  type: Boolean
         P1.enableIn.sumEnablingProbTAin:DISCRETE(fixed = true protected = true )  "sum of the enabling probabilities of the active input transitions" type: Real
         P1.enableIn.posTE:DISCRETE(fixed = true protected = true )  "possible enabled transition" type: Integer
         P1.enableIn.k:DISCRETE(fixed = true protected = true )  "iteration index" type: Integer
         P1.enableIn.nTAin:DISCRETE(fixed = true protected = true )  "number ofactive input transitions" type: Integer
         P1.enableIn.nremTAin:DISCRETE(fixed = true protected = true )  "number of remaining active input transitions" type: Integer
         P1.enableIn.arcWeightSum:DISCRETE(fixed = true protected = true )  "arc weight sum" type: Real
Notification: Model statistics after passing the back-end for initialization:
 * Number of independent subsystems: 35
 * Number of states: 0 ()
 * Number of discrete variables: 71 ($PRE.P1.enableOut.Index,P1.enableOut.Index,$PRE.P1.enableOut.endWhile,P1.enableOut.endWhile,$PRE.P1.enableOut.sumEnablingProbTAout,P1.enableOut.sumEnablingProbTAout,P1.enableOut.randNum,$PRE.P1.enableOut.randNum,P1.enableOut.state128[4],$PRE.P1.enableOut.state128[4],P1.enableOut.state128[3],$PRE.P1.enableOut.state128[3],P1.enableOut.state128[2],$PRE.P1.enableOut.state128[2],P1.enableOut.state128[1],$PRE.P1.enableOut.state128[1],$PRE.P1.enableOut.posTE,P1.enableOut.posTE,$PRE.P1.enableOut.k,P1.enableOut.k,$PRE.P1.enableOut.nTAout,P1.enableOut.nTAout,$PRE.P1.enableOut.nremTAout,P1.enableOut.nremTAout,$PRE.P1.enableOut.arcWeightSum,P1.enableOut.arcWeightSum,P1.delayPassedOut.numtrue,P1.delayPassedOut.anytrue,$whenCondition3,$PRE.P1.disMarksIn.anytrue,$PRE.P1.disMarksOut.anytrue,P1.disMarksInOut,$whenCondition2,P1.disMarksIn.numtrue,P1.disMarksIn.anytrue,P1.disMarksOut.numtrue,P1.disMarksOut.anytrue,$PRE.P1.enableIn.Index,P1.enableIn.Index,$PRE.P1.enableIn.endWhile,P1.enableIn.endWhile,$PRE.P1.enableIn.sumEnablingProbTAin,P1.enableIn.sumEnablingProbTAin,P1.enableIn.randNum,$PRE.P1.enableIn.randNum,P1.enableIn.state128[4],$PRE.P1.enableIn.state128[4],P1.enableIn.state128[3],$PRE.P1.enableIn.state128[3],P1.enableIn.state128[2],$PRE.P1.enableIn.state128[2],P1.enableIn.state128[1],$PRE.P1.enableIn.state128[1],$PRE.P1.enableIn.posTE,P1.enableIn.posTE,$PRE.P1.enableIn.k,P1.enableIn.k,$PRE.P1.enableIn.nTAin,P1.enableIn.nTAin,$PRE.P1.enableIn.nremTAin,P1.enableIn.nremTAin,$PRE.P1.enableIn.arcWeightSum,P1.enableIn.arcWeightSum,P1.delayPassedIn.numtrue,P1.delayPassedIn.anytrue,$whenCondition1,P1.emptying.numtrue,P1.emptying.anytrue,P1.feeding.numtrue,P1.feeding.anytrue,P1.reStart)
 * Number of discrete states: 0 ()
 * Number of clocked states: 0 ()
 * Top-level inputs: 0
Notification: Strong component statistics for initialization (71):
 * Single equations (assignments): 61
 * Array equations: 0
 * Algorithm blocks: 10
 * Record equations: 0
 * When equations: 0
 * If-equations: 0
 * Equation systems (not torn): 0
 * Torn equation systems: 0
 * Mixed (continuous/discrete) equation systems: 0
Notification: Performance of prepare postOptimizeDAE: time 0.0004019/0.09965, allocations: 0.5229 MB / 442.7 MB, free: 1.625 MB / 314.7 MB
Notification: Performance of postOpt lateInlineFunction (simulation): time 7.169e-05/0.09973, allocations: 43.62 kB / 442.8 MB, free: 1.582 MB / 314.7 MB
Notification: Performance of postOpt wrapFunctionCalls (simulation): time 0.0004833/0.1002, allocations: 270.9 kB / 443 MB, free: 1.297 MB / 314.7 MB
Notification: Performance of postOpt inlineArrayEqn (simulation): time 5.942e-06/0.1002, allocations: 8 kB / 443 MB, free: 1.289 MB / 314.7 MB
Notification: Performance of postOpt constantLinearSystem (simulation): time 8.916e-06/0.1003, allocations: 4 kB / 443 MB, free: 1.285 MB / 314.7 MB
Notification: Performance of postOpt simplifysemiLinear (simulation): time 4.409e-06/0.1003, allocations: 0 / 443 MB, free: 1.285 MB / 314.7 MB
Notification: Performance of postOpt removeSimpleEquations (simulation): time 0.001083/0.1014, allocations: 0.6848 MB / 443.7 MB, free: 0.5312 MB / 314.7 MB
Notification: Performance of postOpt simplifyComplexFunction (simulation): time 2.825e-06/0.1014, allocations: 0 / 443.7 MB, free: 0.5312 MB / 314.7 MB
Notification: Performance of postOpt solveSimpleEquations (simulation): time 0.0001144/0.1015, allocations: 15.98 kB / 443.7 MB, free: 0.5156 MB / 314.7 MB
Notification: Performance of postOpt tearingSystem (simulation): time 8.837e-06/0.1015, allocations: 8 kB / 443.8 MB, free: 0.5078 MB / 314.7 MB
Notification: Performance of postOpt inputDerivativesUsed (simulation): time 4.427e-05/0.1016, allocations: 19.98 kB / 443.8 MB, free: 500 kB / 314.7 MB
Notification: Performance of postOpt calculateStrongComponentJacobians (simulation): time 6.392e-06/0.1016, allocations: 7.938 kB / 443.8 MB, free: 492 kB / 314.7 MB
Notification: Performance of postOpt calculateStateSetsJacobians (simulation): time 1.563e-06/0.1016, allocations: 0 / 443.8 MB, free: 492 kB / 314.7 MB
Notification: Performance of postOpt symbolicJacobian (simulation): time 0.001818/0.1034, allocations: 1.025 MB / 444.8 MB, free: 15.38 MB / 330.7 MB
Notification: Performance of postOpt removeConstants (simulation): time 0.0001009/0.1035, allocations: 116.6 kB / 444.9 MB, free: 15.25 MB / 330.7 MB
Notification: Performance of postOpt simplifyTimeIndepFuncCalls (simulation): time 0.0001199/0.1037, allocations: 47.98 kB / 445 MB, free: 15.2 MB / 330.7 MB
Notification: Performance of postOpt simplifyAllExpressions (simulation): time 0.0002053/0.1039, allocations: 23.92 kB / 445 MB, free: 15.18 MB / 330.7 MB
Notification: Performance of postOpt findZeroCrossings (simulation): time 7.91e-05/0.104, allocations: 15.98 kB / 445 MB, free: 15.16 MB / 330.7 MB
Notification: Performance of postOpt collapseArrayExpressions (simulation): time 4.936e-05/0.104, allocations: 23.98 kB / 445 MB, free: 15.14 MB / 330.7 MB
Notification: Performance of sorting global known variables: time 0.0001761/0.1042, allocations: 164.5 kB / 445.2 MB, free: 14.98 MB / 330.7 MB
Notification: Performance of sort global known variables: time 2.255e-06/0.1042, allocations: 0 / 445.2 MB, free: 14.98 MB / 330.7 MB
Notification: Performance of remove unused functions: time 0.000764/0.105, allocations: 163.9 kB / 445.4 MB, free: 14.82 MB / 330.7 MB
Notification: Model statistics after passing the back-end for simulation:
 * Number of independent subsystems: 5
 * Number of states: 1 (P1.t_)
 * Number of discrete variables: 42 (P1.feeding.anytrue,P1.feeding.numtrue,P1.emptying.anytrue,P1.emptying.numtrue,$whenCondition1,P1.enableIn.state128[1],P1.enableIn.state128[2],P1.enableIn.state128[3],P1.enableIn.state128[4],P1.enableIn.arcWeightSum,P1.enableIn.nremTAin,P1.enableIn.nTAin,P1.enableIn.k,P1.enableIn.posTE,P1.enableIn.randNum,P1.enableIn.sumEnablingProbTAin,P1.enableIn.endWhile,P1.enableIn.Index,P1.delayPassedIn.anytrue,P1.delayPassedIn.numtrue,P1.disMarksInOut,$whenCondition2,P1.disMarksOut.anytrue,P1.disMarksOut.numtrue,P1.disMarksIn.anytrue,P1.disMarksIn.numtrue,$whenCondition3,P1.enableOut.state128[1],P1.enableOut.state128[2],P1.enableOut.state128[3],P1.enableOut.state128[4],P1.enableOut.arcWeightSum,P1.enableOut.nremTAout,P1.enableOut.nTAout,P1.enableOut.k,P1.enableOut.posTE,P1.enableOut.randNum,P1.enableOut.sumEnablingProbTAout,P1.enableOut.endWhile,P1.enableOut.Index,P1.delayPassedOut.anytrue,P1.delayPassedOut.numtrue)
 * Number of discrete states: 41 (P1.delayPassedOut.numtrue,P1.delayPassedOut.anytrue,P1.enableOut.Index,P1.enableOut.endWhile,P1.enableOut.sumEnablingProbTAout,P1.enableOut.state128[4],P1.enableOut.state128[3],P1.enableOut.state128[2],P1.enableOut.state128[1],P1.enableOut.randNum,P1.enableOut.posTE,P1.enableOut.k,P1.enableOut.nTAout,P1.enableOut.nremTAout,P1.enableOut.arcWeightSum,$whenCondition3,P1.disMarksOut.anytrue,P1.disMarksIn.anytrue,P1.disMarksIn.numtrue,P1.disMarksOut.numtrue,P1.disMarkChange,P1.delayPassedIn.numtrue,P1.delayPassedIn.anytrue,P1.enableIn.Index,P1.enableIn.endWhile,P1.enableIn.sumEnablingProbTAin,P1.enableIn.state128[4],P1.enableIn.state128[3],P1.enableIn.state128[2],P1.enableIn.state128[1],P1.enableIn.randNum,P1.enableIn.posTE,P1.enableIn.k,P1.enableIn.nTAin,P1.enableIn.nremTAin,P1.enableIn.arcWeightSum,$whenCondition1,P1.emptying.numtrue,P1.emptying.anytrue,P1.feeding.numtrue,P1.feeding.anytrue)
 * Number of clocked states: 0 ()
 * Top-level inputs: 0
Notification: Strong component statistics for simulation (15):
 * Single equations (assignments): 7
 * Array equations: 0
 * Algorithm blocks: 8
 * Record equations: 0
 * When equations: 0
 * If-equations: 0
 * Equation systems (not torn): 0
 * Torn equation systems: 0
 * Mixed (continuous/discrete) equation systems: 0
Notification: Performance of Backend phase and start with SimCode phase: time 0.0008643/0.1059, allocations: 280.8 kB / 445.6 MB, free: 14.54 MB / 330.7 MB
Notification: Performance of simCode: created initialization part: time 0.001014/0.1069, allocations: 1.09 MB / 446.7 MB, free: 13.33 MB / 330.7 MB
Notification: Performance of simCode: created event and clocks part: time 2.875e-06/0.1069, allocations: 0 / 446.7 MB, free: 13.33 MB / 330.7 MB
Notification: Performance of simCode: created simulation system equations: time 0.0008252/0.1077, allocations: 0.9951 MB / 447.7 MB, free: 12.23 MB / 330.7 MB
Notification: Performance of simCode: created of all other equations (e.g. parameter, nominal, assert, etc): time 0.0007693/0.1085, allocations: 50.91 kB / 447.8 MB, free: 12.19 MB / 330.7 MB
Notification: Performance of simCode: created linear, non-linear and system jacobian parts: time 0.001178/0.1097, allocations: 0.5865 MB / 448.3 MB, free: 11.56 MB / 330.7 MB
Notification: Performance of simCode: some other stuff during SimCode phase: time 0.0001846/0.1099, allocations: 0.7683 MB / 449.1 MB, free: 10.77 MB / 330.7 MB
Notification: Performance of simCode: alias equations: time 0.0001255/0.11, allocations: 47.31 kB / 449.2 MB, free: 10.72 MB / 330.7 MB
Notification: Performance of simCode: all other stuff during SimCode phase: time 5.055e-05/0.1101, allocations: 23.44 kB / 449.2 MB, free: 10.7 MB / 330.7 MB
Notification: Performance of SimCode: time 4.1e-07/0.1101, allocations: 0 / 449.2 MB, free: 10.7 MB / 330.7 MB
Notification: Performance of Templates: time 0.01539/0.1255, allocations: 5.131 MB / 454.3 MB, free: 5.578 MB / 330.7 MB
make -j1 -f PNlib_2.2_PNlib.Examples.ConTest.SinglePC.makefile
(rm -f PNlib_2.2_PNlib.Examples.ConTest.SinglePC.pipe ; mkfifo PNlib_2.2_PNlib.Examples.ConTest.SinglePC.pipe ; head -c 1048576 < PNlib_2.2_PNlib.Examples.ConTest.SinglePC.pipe >> ../files/PNlib_2.2_PNlib.Examples.ConTest.SinglePC.sim & ./PNlib_2.2_PNlib.Examples.ConTest.SinglePC  -abortSlowSimulation -alarm=480  -emit_protected -lv LOG_STATS > PNlib_2.2_PNlib.Examples.ConTest.SinglePC.pipe 2>&1)
diffSimulationResults("PNlib_2.2_PNlib.Examples.ConTest.SinglePC_res.mat","/home/runner/work/PNlib/PNlib/ReferenceFiles/PNlib.Examples.ConTest.SinglePC.mat","../files/PNlib_2.2_PNlib.Examples.ConTest.SinglePC.diff",relTol=0.003,relTolDiffMinMax=0.003,rangeDelta=0.001)
Reference file matches
