Running: ./testmodel.py --libraries=/home/runner/.openmodelica/libraries/ --ompython_omhome= PNlib_2.2_PNlib.Examples.ConTest.ConflictLoop.conf.json
loadFile("/home/runner/.openmodelica/libraries/ModelicaServices 4.0.0+maint.om/package.mo", uses=false)
loadFile("/home/runner/.openmodelica/libraries/Complex 4.0.0+maint.om/package.mo", uses=false)
loadFile("/home/runner/.openmodelica/libraries/Modelica 4.0.0+maint.om/package.mo", uses=false)
loadFile("/home/runner/work/PNlib/PNlib/PNlib/package.mo", uses=false)
Using package PNlib with version 2.2 (/home/runner/work/PNlib/PNlib/PNlib/package.mo)
Using package Modelica with version 4.0.0 (/home/runner/.openmodelica/libraries/Modelica 4.0.0+maint.om/package.mo)
Using package Complex with version 4.0.0 (/home/runner/.openmodelica/libraries/Complex 4.0.0+maint.om/package.mo)
Using package ModelicaServices with version 4.0.0 (/home/runner/.openmodelica/libraries/ModelicaServices 4.0.0+maint.om/package.mo)
Running command: translateModel(PNlib.Examples.ConTest.ConflictLoop,tolerance=1e-06,outputFormat="mat",numberOfIntervals=5000,variableFilter="P1.t|P2.t|P3.t|T1.fire|T1.instantaneousSpeed|T1.maximumSpeed|T2.fire|T2.instantaneousSpeed|T2.maximumSpeed|T3.fire|T3.instantaneousSpeed|T3.maximumSpeed|time",fileNamePrefix="PNlib_2.2_PNlib.Examples.ConTest.ConflictLoop")
translateModel(PNlib.Examples.ConTest.ConflictLoop,tolerance=1e-06,outputFormat="mat",numberOfIntervals=5000,variableFilter="P1.t|P2.t|P3.t|T1.fire|T1.instantaneousSpeed|T1.maximumSpeed|T2.fire|T2.instantaneousSpeed|T2.maximumSpeed|T3.fire|T3.instantaneousSpeed|T3.maximumSpeed|time",fileNamePrefix="PNlib_2.2_PNlib.Examples.ConTest.ConflictLoop")
Notification: Performance of loadFile(/home/runner/.openmodelica/libraries/ModelicaServices 4.0.0+maint.om/package.mo): time 0.001011/0.001011, allocations: 100.9 kB / 15.6 MB, free: 5.273 MB / 13.93 MB
Notification: Performance of loadFile(/home/runner/.openmodelica/libraries/Complex 4.0.0+maint.om/package.mo): time 0.001008/0.001008, allocations: 175.8 kB / 16.51 MB, free: 4.668 MB / 13.93 MB
Notification: Performance of loadFile(/home/runner/.openmodelica/libraries/Modelica 4.0.0+maint.om/package.mo): time 1.647/1.647, allocations: 222.1 MB / 239.4 MB, free: 11.1 MB / 202.7 MB
Notification: Performance of loadFile(/home/runner/work/PNlib/PNlib/PNlib/package.mo): time 0.09367/0.09367, allocations: 16.58 MB / 306.2 MB, free: 10.58 MB / 250.7 MB
Notification: Performance of FrontEnd - loaded program: time 0.0004566/0.0004567, allocations: 10.56 kB / 370.6 MB, free: 44.88 MB / 298.7 MB
Notification: Performance of FrontEnd - Absyn->SCode: time 0.07849/0.07896, allocations: 53.47 MB / 424.1 MB, free: 5.945 MB / 298.7 MB
Notification: Performance of NFInst.instantiate(PNlib.Examples.ConTest.ConflictLoop): time 0.004554/0.08356, allocations: 4.227 MB / 428.3 MB, free: 1.703 MB / 298.7 MB
Notification: Performance of NFInst.instExpressions: time 0.0063/0.08988, allocations: 3.304 MB / 431.6 MB, free: 14.39 MB / 314.7 MB
Notification: Performance of NFInst.updateImplicitVariability: time 0.0007539/0.09067, allocations: 23.94 kB / 431.6 MB, free: 14.37 MB / 314.7 MB
Notification: Performance of NFTyping.typeComponents: time 0.000912/0.09162, allocations: 408.7 kB / 432 MB, free: 13.97 MB / 314.7 MB
Notification: Performance of NFTyping.typeBindings: time 0.001014/0.09265, allocations: 412.7 kB / 432.4 MB, free: 13.56 MB / 314.7 MB
Notification: Performance of NFTyping.typeClassSections: time 0.002917/0.09558, allocations: 1.554 MB / 434 MB, free: 12.01 MB / 314.7 MB
Notification: Performance of NFFlatten.flatten: time 0.00346/0.09905, allocations: 4.697 MB / 438.7 MB, free: 7.309 MB / 314.7 MB
Notification: Performance of NFFlatten.resolveConnections: time 0.0008769/0.09995, allocations: 0.9081 MB / 439.6 MB, free: 6.352 MB / 314.7 MB
Notification: Performance of NFEvalConstants.evaluate: time 0.001321/0.1013, allocations: 1.823 MB / 441.4 MB, free: 4.523 MB / 314.7 MB
Notification: Performance of NFSimplifyModel.simplify: time 0.001351/0.1026, allocations: 1.579 MB / 443 MB, free: 2.938 MB / 314.7 MB
Notification: Performance of NFPackage.collectConstants: time 0.0005078/0.1032, allocations: 440 kB / 443.4 MB, free: 2.508 MB / 314.7 MB
Notification: Performance of NFFlatten.collectFunctions: time 0.00119/0.1044, allocations: 0.7846 MB / 444.2 MB, free: 1.723 MB / 314.7 MB
Notification: Performance of NFScalarize.scalarize: time 0.000561/0.1049, allocations: 0.7982 MB / 445 MB, free: 0.9219 MB / 314.7 MB
Notification: Performance of NFVerifyModel.verify: time 0.001928/0.1069, allocations: 1.848 MB / 446.8 MB, free: 15.07 MB / 330.7 MB
Notification: Performance of NFConvertDAE.convert: time 0.003565/0.1105, allocations: 4.442 MB / 451.3 MB, free: 10.61 MB / 330.7 MB
Notification: Performance of FrontEnd - DAE generated: time 4.388e-06/0.1105, allocations: 0 / 451.3 MB, free: 10.61 MB / 330.7 MB
Notification: Performance of FrontEnd: time 1.512e-06/0.1105, allocations: 0 / 451.3 MB, free: 10.61 MB / 330.7 MB
Notification: Performance of Transformations before backend: time 2.282e-05/0.1105, allocations: 0 / 451.3 MB, free: 10.61 MB / 330.7 MB
Notification: Model statistics after passing the front-end and creating the data structures used by the back-end:
 * Number of equations: 895
 * Number of variables: 895
Notification: Performance of Generate backend data structure: time 0.005534/0.1161, allocations: 4.242 MB / 455.5 MB, free: 6.109 MB / 330.7 MB
Notification: Performance of prepare preOptimizeDAE: time 3.792e-05/0.1161, allocations: 12.03 kB / 455.5 MB, free: 6.098 MB / 330.7 MB
Notification: Performance of preOpt normalInlineFunction (simulation): time 0.003755/0.1199, allocations: 0.7039 MB / 456.2 MB, free: 5.391 MB / 330.7 MB
Notification: Performance of preOpt evaluateParameters (simulation): time 0.002272/0.1221, allocations: 1.4 MB / 457.6 MB, free: 3.945 MB / 330.7 MB
Notification: Performance of preOpt simplifyIfEquations (simulation): time 0.0006664/0.1228, allocations: 0.8607 MB / 458.5 MB, free: 2.953 MB / 330.7 MB
Notification: Performance of preOpt expandDerOperator (simulation): time 0.0005366/0.1234, allocations: 407.9 kB / 458.9 MB, free: 2.555 MB / 330.7 MB
Notification: Performance of preOpt clockPartitioning (simulation): time 0.01037/0.1338, allocations: 6.811 MB / 465.7 MB, free: 11.59 MB / 346.7 MB
Notification: Performance of preOpt findStateOrder (simulation): time 6.891e-05/0.1338, allocations: 7.938 kB / 465.7 MB, free: 11.58 MB / 346.7 MB
Notification: Performance of preOpt replaceEdgeChange (simulation): time 0.0004229/0.1343, allocations: 195.9 kB / 465.9 MB, free: 11.39 MB / 346.7 MB
Notification: Performance of preOpt inlineArrayEqn (simulation): time 0.0005351/0.1348, allocations: 369.4 kB / 466.3 MB, free: 11.02 MB / 346.7 MB
Notification: Performance of preOpt removeEqualRHS (simulation): time 0.007931/0.1428, allocations: 5.078 MB / 471.4 MB, free: 5.934 MB / 346.7 MB
Notification: Performance of preOpt removeSimpleEquations (simulation): time 0.01728/0.1601, allocations: 11.58 MB / 482.9 MB, free: 10.11 MB / 362.7 MB
Notification: Performance of preOpt comSubExp (simulation): time 0.0069/0.167, allocations: 6.677 MB / 489.6 MB, free: 3.363 MB / 362.7 MB
Notification: Performance of preOpt resolveLoops (simulation): time 0.006478/0.1735, allocations: 6.131 MB / 495.7 MB, free: 13.22 MB / 378.7 MB
Notification: Performance of preOpt evalFunc (simulation): time 0.0001555/0.1737, allocations: 45.2 kB / 495.8 MB, free: 13.18 MB / 378.7 MB
Notification: Performance of preOpt encapsulateWhenConditions (simulation): time 0.00484/0.1785, allocations: 3.458 MB / 499.2 MB, free: 9.656 MB / 378.7 MB
Notification: Performance of pre-optimization done (n=276): time 4.679e-06/0.1785, allocations: 4 kB / 499.2 MB, free: 9.652 MB / 378.7 MB
Notification: Performance of matching and sorting (n=276): time 0.2324/0.411, allocations: 11.41 MB / 0.4987 GB, free: 75.28 MB / 378.7 MB
Notification: Performance of inlineWhenForInitialization (initialization): time 0.0009913/0.412, allocations: 1.795 MB / 0.5004 GB, free: 73.71 MB / 378.7 MB
Notification: Performance of selectInitializationVariablesDAE (initialization): time 0.001831/0.4138, allocations: 1.33 MB / 0.5017 GB, free: 73.57 MB / 378.7 MB
Notification: Performance of collectPreVariables (initialization): time 0.0003967/0.4143, allocations: 171.4 kB / 0.5019 GB, free: 73.54 MB / 378.7 MB
Notification: Performance of collectInitialEqns (initialization): time 0.0006954/0.415, allocations: 1.043 MB / 0.5029 GB, free: 73.05 MB / 378.7 MB
Notification: Performance of collectInitialBindings (initialization): time 0.0006131/0.4156, allocations: 0.7412 MB / 0.5036 GB, free: 72.66 MB / 378.7 MB
Notification: Performance of simplifyInitialFunctions (initialization): time 0.001425/0.417, allocations: 0.9477 MB / 0.5046 GB, free: 72.61 MB / 378.7 MB
Notification: Performance of setup shared object (initialization): time 8.178e-05/0.4171, allocations: 351.6 kB / 0.5049 GB, free: 72.3 MB / 378.7 MB
Notification: Performance of preBalanceInitialSystem (initialization): time 0.003412/0.4205, allocations: 2.069 MB / 0.5069 GB, free: 72.29 MB / 378.7 MB
Notification: Performance of partitionIndependentBlocks (initialization): time 0.004174/0.4247, allocations: 3.463 MB / 0.5103 GB, free: 70.67 MB / 378.7 MB
Notification: Performance of analyzeInitialSystem (initialization): time 0.007311/0.432, allocations: 6.814 MB / 0.517 GB, free: 65.96 MB / 378.7 MB
Notification: Performance of solveInitialSystemEqSystem (initialization): time 5.999e-05/0.4321, allocations: 11.66 kB / 0.517 GB, free: 65.96 MB / 378.7 MB
Notification: Performance of matching and sorting (n=551) (initialization): time 0.01022/0.4423, allocations: 7.526 MB / 0.5243 GB, free: 61.71 MB / 378.7 MB
Notification: Performance of prepare postOptimizeDAE: time 0.0004703/0.4428, allocations: 1.164 MB / 0.5255 GB, free: 60.34 MB / 378.7 MB
Notification: Performance of postOpt simplifyComplexFunction (initialization): time 0.006759/0.4496, allocations: 4.807 MB / 0.5302 GB, free: 55.41 MB / 378.7 MB
Notification: Performance of postOpt tearingSystem (initialization): time 0.003374/0.453, allocations: 0.7501 MB / 0.5309 GB, free: 54.66 MB / 378.7 MB
Notification: Performance of postOpt solveSimpleEquations (initialization): time 0.001626/0.4546, allocations: 462.8 kB / 0.5313 GB, free: 54.21 MB / 378.7 MB
Notification: Performance of postOpt calculateStrongComponentJacobians (initialization): time 0.001324/0.456, allocations: 1.272 MB / 0.5326 GB, free: 52.91 MB / 378.7 MB
Notification: Performance of postOpt simplifyAllExpressions (initialization): time 0.002553/0.4585, allocations: 0.523 MB / 0.5331 GB, free: 52.39 MB / 378.7 MB
Notification: Performance of postOpt collapseArrayExpressions (initialization): time 0.000348/0.4589, allocations: 239.9 kB / 0.5333 GB, free: 52.15 MB / 378.7 MB
Warning: Assuming fixed start value for the following 54 variables:
         P3.enableOut.posTE:DISCRETE(fixed = true protected = true )  "possible enabled transition" type: Integer
         P3.enableOut.k:DISCRETE(fixed = true protected = true )  "iteration index" type: Integer
         P3.enableOut.endWhile:DISCRETE(fixed = true protected = true )  type: Boolean
         P3.enableOut.sumEnablingProbTAout:DISCRETE(fixed = true protected = true )  "sum of the enabling probabilities of the active output transitions" type: Real
         P3.enableOut.nTAout:DISCRETE(fixed = true protected = true )  "number of active output transitions" type: Integer
         P3.enableOut.nremTAout:DISCRETE(fixed = true protected = true )  "number of remaining active output transitions" type: Integer
         P3.enableOut.Index:DISCRETE(fixed = true protected = true )  type: Integer
         P3.enableOut.arcWeightSum:DISCRETE(fixed = true protected = true )  "arc weight sum" type: Real
         P3.enableIn.posTE:DISCRETE(fixed = true protected = true )  "possible enabled transition" type: Integer
         P3.enableIn.k:DISCRETE(fixed = true protected = true )  "iteration index" type: Integer
         P3.enableIn.endWhile:DISCRETE(fixed = true protected = true )  type: Boolean
         P3.enableIn.sumEnablingProbTAin:DISCRETE(fixed = true protected = true )  "sum of the enabling probabilities of the active input transitions" type: Real
         P3.enableIn.nTAin:DISCRETE(fixed = true protected = true )  "number ofactive input transitions" type: Integer
         P3.enableIn.nremTAin:DISCRETE(fixed = true protected = true )  "number of remaining active input transitions" type: Integer
         P3.enableIn.Index:DISCRETE(fixed = true protected = true )  "priority Index" type: Integer
         P3.enableIn.arcWeightSum:DISCRETE(fixed = true protected = true )  "arc weight sum" type: Real
         P2.enableOut.posTE:DISCRETE(fixed = true protected = true )  "possible enabled transition" type: Integer
         P2.enableOut.k:DISCRETE(fixed = true protected = true )  "iteration index" type: Integer
         P2.enableOut.endWhile:DISCRETE(fixed = true protected = true )  type: Boolean
         P2.enableOut.sumEnablingProbTAout:DISCRETE(fixed = true protected = true )  "sum of the enabling probabilities of the active output transitions" type: Real
         P2.enableOut.nTAout:DISCRETE(fixed = true protected = true )  "number of active output transitions" type: Integer
         P2.enableOut.nremTAout:DISCRETE(fixed = true protected = true )  "number of remaining active output transitions" type: Integer
         P2.enableOut.Index:DISCRETE(fixed = true protected = true )  type: Integer
         P2.enableOut.arcWeightSum:DISCRETE(fixed = true protected = true )  "arc weight sum" type: Real
         P2.enableIn.posTE:DISCRETE(fixed = true protected = true )  "possible enabled transition" type: Integer
         P2.enableIn.k:DISCRETE(fixed = true protected = true )  "iteration index" type: Integer
         P2.enableIn.endWhile:DISCRETE(fixed = true protected = true )  type: Boolean
         P2.enableIn.sumEnablingProbTAin:DISCRETE(fixed = true protected = true )  "sum of the enabling probabilities of the active input transitions" type: Real
         P2.enableIn.nTAin:DISCRETE(fixed = true protected = true )  "number ofactive input transitions" type: Integer
         P2.enableIn.nremTAin:DISCRETE(fixed = true protected = true )  "number of remaining active input transitions" type: Integer
         P2.enableIn.Index:DISCRETE(fixed = true protected = true )  "priority Index" type: Integer
         P2.enableIn.arcWeightSum:DISCRETE(fixed = true protected = true )  "arc weight sum" type: Real
         P1.enableOut.posTE:DISCRETE(fixed = true protected = true )  "possible enabled transition" type: Integer
         P1.enableOut.k:DISCRETE(fixed = true protected = true )  "iteration index" type: Integer
         P1.enableOut.endWhile:DISCRETE(fixed = true protected = true )  type: Boolean
         P1.enableOut.sumEnablingProbTAout:DISCRETE(fixed = true protected = true )  "sum of the enabling probabilities of the active output transitions" type: Real
         P1.enableOut.nTAout:DISCRETE(fixed = true protected = true )  "number of active output transitions" type: Integer
         P1.enableOut.nremTAout:DISCRETE(fixed = true protected = true )  "number of remaining active output transitions" type: Integer
         P1.enableOut.Index:DISCRETE(fixed = true protected = true )  type: Integer
         P1.enableOut.arcWeightSum:DISCRETE(fixed = true protected = true )  "arc weight sum" type: Real
         P1.enableIn.posTE:DISCRETE(fixed = true protected = true )  "possible enabled transition" type: Integer
         P1.enableIn.k:DISCRETE(fixed = true protected = true )  "iteration index" type: Integer
         P1.enableIn.endWhile:DISCRETE(fixed = true protected = true )  type: Boolean
         P1.enableIn.sumEnablingProbTAin:DISCRETE(fixed = true protected = true )  "sum of the enabling probabilities of the active input transitions" type: Real
         P1.enableIn.nTAin:DISCRETE(fixed = true protected = true )  "number ofactive input transitions" type: Integer
         P1.enableIn.nremTAin:DISCRETE(fixed = true protected = true )  "number of remaining active input transitions" type: Integer
         P1.enableIn.Index:DISCRETE(fixed = true protected = true )  "priority Index" type: Integer
         P1.enableIn.arcWeightSum:DISCRETE(fixed = true protected = true )  "arc weight sum" type: Real
         P3.disMarksIn.anytrue:DISCRETE(fixed = true protected = true )  type: Boolean
         P3.disMarksOut.anytrue:DISCRETE(fixed = true protected = true )  type: Boolean
         P2.disMarksIn.anytrue:DISCRETE(fixed = true protected = true )  type: Boolean
         P2.disMarksOut.anytrue:DISCRETE(fixed = true protected = true )  type: Boolean
         P1.disMarksIn.anytrue:DISCRETE(fixed = true protected = true )  type: Boolean
         P1.disMarksOut.anytrue:DISCRETE(fixed = true protected = true )  type: Boolean
Notification: Model statistics after passing the back-end for initialization:
 * Number of independent subsystems: 185
 * Number of states: 0 ()
 * Number of discrete variables: 434 ($PRE.P3.enableOut.posTE,P3.enableOut.posTE,$PRE.P3.enableOut.k,P3.enableOut.k,$PRE.P3.enableOut.endWhile,P3.enableOut.endWhile,P3.enableOut.randNum,$PRE.P3.enableOut.randNum,P3.enableOut.state128[4],$PRE.P3.enableOut.state128[4],P3.enableOut.state128[3],$PRE.P3.enableOut.state128[3],P3.enableOut.state128[2],$PRE.P3.enableOut.state128[2],P3.enableOut.state128[1],$PRE.P3.enableOut.state128[1],P3.enableOut.cumEnablingProb[1],$PRE.P3.enableOut.cumEnablingProb[1],$PRE.P3.enableOut.sumEnablingProbTAout,P3.enableOut.sumEnablingProbTAout,$PRE.P3.enableOut.nTAout,P3.enableOut.nTAout,$PRE.P3.enableOut.nremTAout,P3.enableOut.nremTAout,P3.enableOut.remTAout[1],$PRE.P3.enableOut.remTAout[1],$PRE.P3.enableOut.Index,P3.enableOut.Index,$PRE.P3.enableOut.arcWeightSum,P3.enableOut.arcWeightSum,P3.enableOut.disTAout[1],$PRE.P3.enableOut.disTAout[1],$PRE.P3.enableIn.posTE,P3.enableIn.posTE,$PRE.P3.enableIn.k,P3.enableIn.k,$PRE.P3.enableIn.endWhile,P3.enableIn.endWhile,P3.enableIn.randNum,$PRE.P3.enableIn.randNum,P3.enableIn.state128[4],$PRE.P3.enableIn.state128[4],P3.enableIn.state128[3],$PRE.P3.enableIn.state128[3],P3.enableIn.state128[2],$PRE.P3.enableIn.state128[2],P3.enableIn.state128[1],$PRE.P3.enableIn.state128[1],P3.enableIn.cumEnablingProb[1],$PRE.P3.enableIn.cumEnablingProb[1],$PRE.P3.enableIn.sumEnablingProbTAin,P3.enableIn.sumEnablingProbTAin,$PRE.P3.enableIn.nTAin,P3.enableIn.nTAin,$PRE.P3.enableIn.nremTAin,P3.enableIn.nremTAin,P3.enableIn.remTAin[1],$PRE.P3.enableIn.remTAin[1],$PRE.P3.enableIn.Index,P3.enableIn.Index,$PRE.P3.enableIn.arcWeightSum,P3.enableIn.arcWeightSum,P3.enableIn.disTAin[1],$PRE.P3.enableIn.disTAin[1],$PRE.P2.enableOut.posTE,P2.enableOut.posTE,$PRE.P2.enableOut.k,P2.enableOut.k,$PRE.P2.enableOut.endWhile,P2.enableOut.endWhile,P2.enableOut.randNum,$PRE.P2.enableOut.randNum,P2.enableOut.state128[4],$PRE.P2.enableOut.state128[4],P2.enableOut.state128[3],$PRE.P2.enableOut.state128[3],P2.enableOut.state128[2],$PRE.P2.enableOut.state128[2],P2.enableOut.state128[1],$PRE.P2.enableOut.state128[1],P2.enableOut.cumEnablingProb[1],$PRE.P2.enableOut.cumEnablingProb[1],$PRE.P2.enableOut.sumEnablingProbTAout,P2.enableOut.sumEnablingProbTAout,$PRE.P2.enableOut.nTAout,P2.enableOut.nTAout,$PRE.P2.enableOut.nremTAout,P2.enableOut.nremTAout,P2.enableOut.remTAout[1],$PRE.P2.enableOut.remTAout[1],$PRE.P2.enableOut.Index,P2.enableOut.Index,$PRE.P2.enableOut.arcWeightSum,P2.enableOut.arcWeightSum,P2.enableOut.disTAout[1],$PRE.P2.enableOut.disTAout[1],$PRE.P2.enableIn.posTE,P2.enableIn.posTE,$PRE.P2.enableIn.k,P2.enableIn.k,$PRE.P2.enableIn.endWhile,P2.enableIn.endWhile,P2.enableIn.randNum,$PRE.P2.enableIn.randNum,P2.enableIn.state128[4],$PRE.P2.enableIn.state128[4],P2.enableIn.state128[3],$PRE.P2.enableIn.state128[3],P2.enableIn.state128[2],$PRE.P2.enableIn.state128[2],P2.enableIn.state128[1],$PRE.P2.enableIn.state128[1],P2.enableIn.cumEnablingProb[1],$PRE.P2.enableIn.cumEnablingProb[1],$PRE.P2.enableIn.sumEnablingProbTAin,P2.enableIn.sumEnablingProbTAin,$PRE.P2.enableIn.nTAin,P2.enableIn.nTAin,$PRE.P2.enableIn.nremTAin,P2.enableIn.nremTAin,P2.enableIn.remTAin[1],$PRE.P2.enableIn.remTAin[1],$PRE.P2.enableIn.Index,P2.enableIn.Index,$PRE.P2.enableIn.arcWeightSum,P2.enableIn.arcWeightSum,P2.enableIn.disTAin[1],$PRE.P2.enableIn.disTAin[1],$PRE.P1.enableOut.posTE,P1.enableOut.posTE,$PRE.P1.enableOut.k,P1.enableOut.k,$PRE.P1.enableOut.endWhile,P1.enableOut.endWhile,P1.enableOut.randNum,$PRE.P1.enableOut.randNum,P1.enableOut.state128[4],$PRE.P1.enableOut.state128[4],P1.enableOut.state128[3],$PRE.P1.enableOut.state128[3],P1.enableOut.state128[2],$PRE.P1.enableOut.state128[2],P1.enableOut.state128[1],$PRE.P1.enableOut.state128[1],P1.enableOut.cumEnablingProb[2],$PRE.P1.enableOut.cumEnablingProb[2],P1.enableOut.cumEnablingProb[1],$PRE.P1.enableOut.cumEnablingProb[1],$PRE.P1.enableOut.sumEnablingProbTAout,P1.enableOut.sumEnablingProbTAout,$PRE.P1.enableOut.nTAout,P1.enableOut.nTAout,$PRE.P1.enableOut.nremTAout,P1.enableOut.nremTAout,P1.enableOut.remTAout[2],$PRE.P1.enableOut.remTAout[2],P1.enableOut.remTAout[1],$PRE.P1.enableOut.remTAout[1],$PRE.P1.enableOut.Index,P1.enableOut.Index,$PRE.P1.enableOut.arcWeightSum,P1.enableOut.arcWeightSum,P1.enableOut.disTAout[2],$PRE.P1.enableOut.disTAout[2],P1.enableOut.disTAout[1],$PRE.P1.enableOut.disTAout[1],$PRE.P1.enableIn.posTE,P1.enableIn.posTE,$PRE.P1.enableIn.k,P1.enableIn.k,$PRE.P1.enableIn.endWhile,P1.enableIn.endWhile,P1.enableIn.randNum,$PRE.P1.enableIn.randNum,P1.enableIn.state128[4],$PRE.P1.enableIn.state128[4],P1.enableIn.state128[3],$PRE.P1.enableIn.state128[3],P1.enableIn.state128[2],$PRE.P1.enableIn.state128[2],P1.enableIn.state128[1],$PRE.P1.enableIn.state128[1],P1.enableIn.cumEnablingProb[1],$PRE.P1.enableIn.cumEnablingProb[1],$PRE.P1.enableIn.sumEnablingProbTAin,P1.enableIn.sumEnablingProbTAin,$PRE.P1.enableIn.nTAin,P1.enableIn.nTAin,$PRE.P1.enableIn.nremTAin,P1.enableIn.nremTAin,P1.enableIn.remTAin[1],$PRE.P1.enableIn.remTAin[1],$PRE.P1.enableIn.Index,P1.enableIn.Index,$PRE.P1.enableIn.arcWeightSum,P1.enableIn.arcWeightSum,P1.enableIn.disTAin[1],$PRE.P1.enableIn.disTAin[1],$PRE.P3.disMarksInOut,P3.outTransition[1].tokenInOut,$PRE.P2.disMarksInOut,P2.outTransition[1].tokenInOut,$PRE.P1.disMarksInOut,P1.outTransition[1].tokenInOut,T3.inPlaces[1].tokenInOut,$PRE.P3.disMarksIn.anytrue,$PRE.P3.disMarksOut.anytrue,P3.disMarksInOut,$whenCondition9,$PRE.P2.disMarksIn.anytrue,$PRE.P2.disMarksOut.anytrue,P2.disMarksInOut,$whenCondition8,$PRE.P1.disMarksIn.anytrue,$PRE.P1.disMarksOut.anytrue,P1.disMarksInOut,$whenCondition7,P3.outTransition[1].normalArc,P3.outTransition[1].testValueint,P3.outTransition[1].arcType,P3.outTransition[1].disPlace,P3.outTransition[1].minTokensint,P3.outTransition[1].tint,T1.inPlaces[2].disTransition,P3.inTransition[1].disPlace,P3.inTransition[1].maxTokensint,P3.inTransition[1].tint,T3.outPlaces[1].disTransition,T3.outPlaces[1].enabledByInPlaces,P3.reStart,P2.outTransition[1].normalArc,P2.outTransition[1].testValueint,P2.outTransition[1].arcType,P2.outTransition[1].disPlace,P2.outTransition[1].minTokensint,P2.outTransition[1].tint,T1.inPlaces[1].disTransition,P2.inTransition[1].disPlace,P2.inTransition[1].maxTokensint,P2.inTransition[1].tint,T2.outPlaces[1].disTransition,T2.outPlaces[1].enabledByInPlaces,P2.reStart,P1.outTransition[2].normalArc,P1.outTransition[2].testValueint,P1.outTransition[2].arcType,P1.outTransition[2].disPlace,P1.outTransition[2].minTokensint,P1.outTransition[2].tint,T3.inPlaces[1].disTransition,P1.outTransition[1].normalArc,P1.outTransition[1].testValueint,P1.outTransition[1].arcType,P1.outTransition[1].disPlace,P1.outTransition[1].minTokensint,P1.outTransition[1].tint,T2.inPlaces[1].disTransition,P1.inTransition[1].disPlace,P1.inTransition[1].maxTokensint,P1.inTransition[1].tint,T1.outPlaces[1].disTransition,T1.outPlaces[1].enabledByInPlaces,P1.reStart,T3.firingCon,T2.firingCon,T1.firingCon,P1.disMarksOut.vec[1],P1.disMarksOut.vec[2],P1.disMarksOut.numtrue,P1.disMarksOut.anytrue,P1.disMarksIn.vec[1],P1.disMarksIn.numtrue,P1.disMarksIn.anytrue,P2.disMarksOut.vec[1],P2.disMarksOut.numtrue,P2.disMarksOut.anytrue,P2.disMarksIn.vec[1],P2.disMarksIn.numtrue,P2.disMarksIn.anytrue,P3.disMarksOut.vec[1],P3.disMarksOut.numtrue,P3.disMarksOut.anytrue,P3.disMarksIn.vec[1],P3.disMarksIn.numtrue,P3.disMarksIn.anytrue,T1.activation.arcWeightIntIn[1],T1.activation.arcWeightIntIn[2],T1.activation.arcWeightIntOut[1],T2.activation.arcWeightIntIn[1],T2.activation.arcWeightIntOut[1],T3.activation.arcWeightIntIn[1],T3.activation.arcWeightIntOut[1],P1.delayPassedOut.vec[1],P1.delayPassedOut.vec[2],P1.delayPassedIn.vec[1],P2.delayPassedOut.vec[1],P2.delayPassedIn.vec[1],P3.delayPassedOut.vec[1],P3.delayPassedIn.vec[1],T1.activation.normalArc[2],T1.activation.testValueInt[2],T1.activation.arcType[2],T1.activation.disPlaceIn[2],T1.activation.minTokensInt[2],T1.activation.tIntIn[2],T3.activation.disPlaceOut[1],T3.activation.maxTokensInt[1],T3.activation.tIntOut[1],T1.activation.normalArc[1],T1.activation.testValueInt[1],T1.activation.arcType[1],T1.activation.disPlaceIn[1],T1.activation.minTokensInt[1],T1.activation.tIntIn[1],T2.activation.disPlaceOut[1],T2.activation.maxTokensInt[1],T2.activation.tIntOut[1],T3.activation.normalArc[1],T3.activation.testValueInt[1],T3.activation.arcType[1],T3.activation.disPlaceIn[1],T3.activation.minTokensInt[1],T3.activation.tIntIn[1],T2.activation.normalArc[1],T2.activation.testValueInt[1],T2.activation.arcType[1],T2.activation.disPlaceIn[1],T2.activation.minTokensInt[1],T2.activation.tIntIn[1],T1.activation.disPlaceOut[1],T1.activation.maxTokensInt[1],T1.activation.tIntOut[1],P3.emptying.numtrue,P3.emptying.anytrue,P3.emptying.vec[1],P3.feeding.numtrue,P3.feeding.anytrue,P3.feeding.vec[1],P3.delayPassedIn.numtrue,P3.delayPassedIn.anytrue,P3.delayPassedOut.numtrue,P3.delayPassedOut.anytrue,P3.enableOut.TEout[1],$PRE.P3.enableOut.TEout[1],P3.enableOut.TEout_[1],P3.enableOut.TAout[1],P3.enableIn.TEin[1],$PRE.P3.enableIn.TEin[1],P3.enableIn.TEin_[1],P3.enableIn.active[1],P3.fireOut[1],$PRE.P3.fireOut[1],P3.fireIn[1],$PRE.P3.fireIn[1],P2.emptying.numtrue,P2.emptying.anytrue,P2.emptying.vec[1],P2.feeding.numtrue,P2.feeding.anytrue,P2.feeding.vec[1],P2.delayPassedIn.numtrue,P2.delayPassedIn.anytrue,P2.delayPassedOut.numtrue,P2.delayPassedOut.anytrue,P2.enableOut.TEout[1],$PRE.P2.enableOut.TEout[1],P2.enableOut.TEout_[1],P2.enableOut.TAout[1],P2.enableIn.TEin[1],$PRE.P2.enableIn.TEin[1],P2.enableIn.TEin_[1],P2.enableIn.active[1],P2.fireOut[1],$PRE.P2.fireOut[1],P2.fireIn[1],$PRE.P2.fireIn[1],P1.emptying.numtrue,P1.emptying.anytrue,P1.emptying.vec[2],P1.emptying.vec[1],P1.feeding.numtrue,P1.feeding.anytrue,P1.feeding.vec[1],P1.delayPassedIn.numtrue,P1.delayPassedIn.anytrue,P1.delayPassedOut.numtrue,P1.delayPassedOut.anytrue,P1.enableOut.TEout[2],$PRE.P1.enableOut.TEout[2],P1.enableOut.TEout[1],$PRE.P1.enableOut.TEout[1],P1.enableOut.TEout_[2],P1.enableOut.TEout_[1],P1.enableOut.TAout[2],P1.enableOut.TAout[1],P1.enableIn.TEin[1],$PRE.P1.enableIn.TEin[1],P1.enableIn.TEin_[1],P1.enableIn.active[1],P1.fireOut[2],$PRE.P1.fireOut[2],P1.fireOut[1],$PRE.P1.fireOut[1],P1.fireIn[1],$PRE.P1.fireIn[1],T3.fire_,T3.activation.NoTokens,T3.activation.weaklyOutputActiveVec[1],T3.activation.weaklyInputActiveVec[1],T3.activation.active,T3.activation.emptied[1],T3.activation.fed[1],T2.fire_,T2.activation.NoTokens,T2.activation.weaklyOutputActiveVec[1],T2.activation.weaklyInputActiveVec[1],T2.activation.active,T2.activation.emptied[1],T2.activation.fed[1],T1.fire_,T1.activation.NoTokens,T1.activation.weaklyOutputActiveVec[1],T1.activation.weaklyInputActiveVec[2],T1.activation.weaklyInputActiveVec[1],T1.activation.active,T1.activation.emptied[1],T1.activation.fed[2],T1.activation.fed[1],$whenCondition6,$whenCondition5,$whenCondition4,$whenCondition3,$whenCondition2,$whenCondition1)
 * Number of discrete states: 0 ()
 * Number of clocked states: 0 ()
 * Top-level inputs: 0
Notification: Strong component statistics for initialization (465):
 * Single equations (assignments): 431
 * Array equations: 0
 * Algorithm blocks: 33
 * Record equations: 0
 * When equations: 0
 * If-equations: 0
 * Equation systems (not torn): 0
 * Torn equation systems: 1
 * Mixed (continuous/discrete) equation systems: 0
Notification: Torn system details for strict tearing set:
 * Linear torn systems (#iteration vars, #inner vars, density): 0 systems
 * Non-linear torn systems (#iteration vars, #inner vars): 1 system
   {(5,19)}
Notification: Performance of prepare postOptimizeDAE: time 0.003079/0.462, allocations: 2.662 MB / 0.5359 GB, free: 49.36 MB / 378.7 MB
Notification: Performance of postOpt lateInlineFunction (simulation): time 0.0008511/0.4629, allocations: 282.4 kB / 0.5362 GB, free: 49.08 MB / 378.7 MB
Notification: Performance of postOpt wrapFunctionCalls (simulation): time 0.0132/0.4761, allocations: 9.3 MB / 0.5453 GB, free: 39.59 MB / 378.7 MB
Notification: Performance of postOpt inlineArrayEqn (simulation): time 3.301e-05/0.4761, allocations: 16 kB / 0.5453 GB, free: 39.57 MB / 378.7 MB
Notification: Performance of postOpt constantLinearSystem (simulation): time 7.465e-06/0.4761, allocations: 0 / 0.5453 GB, free: 39.57 MB / 378.7 MB
Notification: Performance of postOpt simplifysemiLinear (simulation): time 1.534e-05/0.4762, allocations: 7.969 kB / 0.5453 GB, free: 39.56 MB / 378.7 MB
Notification: Performance of postOpt removeSimpleEquations (simulation): time 0.01576/0.4919, allocations: 12.25 MB / 0.5572 GB, free: 27.08 MB / 378.7 MB
Notification: Performance of postOpt simplifyComplexFunction (simulation): time 0.01234/0.5043, allocations: 9.114 MB / 0.5661 GB, free: 17.77 MB / 378.7 MB
Notification: Performance of postOpt solveSimpleEquations (simulation): time 0.0005102/0.5049, allocations: 111.8 kB / 0.5663 GB, free: 17.66 MB / 378.7 MB
Notification: Performance of postOpt tearingSystem (simulation): time 0.001548/0.5064, allocations: 0.5282 MB / 0.5668 GB, free: 17.14 MB / 378.7 MB
Notification: Performance of postOpt inputDerivativesUsed (simulation): time 0.0003715/0.5068, allocations: 167.9 kB / 0.5669 GB, free: 16.97 MB / 378.7 MB
Notification: Performance of postOpt calculateStrongComponentJacobians (simulation): time 0.001258/0.5081, allocations: 1.228 MB / 0.5681 GB, free: 15.73 MB / 378.7 MB
Notification: Performance of postOpt calculateStateSetsJacobians (simulation): time 1.903e-06/0.5081, allocations: 0 / 0.5681 GB, free: 15.73 MB / 378.7 MB
Notification: Performance of postOpt symbolicJacobian (simulation): time 0.01925/0.5273, allocations: 13.48 MB / 0.5813 GB, free: 2.016 MB / 378.7 MB
Notification: Performance of postOpt removeConstants (simulation): time 0.0002775/0.5276, allocations: 258.4 kB / 0.5815 GB, free: 1.742 MB / 378.7 MB
Notification: Performance of postOpt simplifyTimeIndepFuncCalls (simulation): time 0.0007566/0.5284, allocations: 287.9 kB / 0.5818 GB, free: 1.461 MB / 378.7 MB
Notification: Performance of postOpt simplifyAllExpressions (simulation): time 0.002447/0.5309, allocations: 314.6 kB / 0.5821 GB, free: 1.156 MB / 378.7 MB
Notification: Performance of postOpt findZeroCrossings (simulation): time 0.001474/0.5323, allocations: 0.9828 MB / 0.5831 GB, free: 180 kB / 378.7 MB
Notification: Performance of postOpt collapseArrayExpressions (simulation): time 0.0004623/0.5328, allocations: 195.6 kB / 0.5833 GB, free: 15.98 MB / 394.7 MB
Notification: Performance of sorting global known variables: time 0.001089/0.5339, allocations: 0.6825 MB / 0.5839 GB, free: 15.3 MB / 394.7 MB
Notification: Performance of sort global known variables: time 3.51e-07/0.5339, allocations: 4 kB / 0.5839 GB, free: 15.29 MB / 394.7 MB
Notification: Performance of remove unused functions: time 0.003405/0.5373, allocations: 1.12 MB / 0.585 GB, free: 14.18 MB / 394.7 MB
Notification: Model statistics after passing the back-end for simulation:
 * Number of independent subsystems: 2
 * Number of states: 3 (P1.t_,P2.t_,P3.t_)
 * Number of discrete variables: 213 ($cse5[1],$cse5[2],$cse6[1],$cse7[1],$whenCondition9,$whenCondition8,$whenCondition7,$whenCondition1,$whenCondition2,$whenCondition3,$whenCondition4,$whenCondition5,$whenCondition6,T1.activation.fed[1],T1.activation.fed[2],T1.activation.emptied[1],T1.activation.active,T1.activation.weaklyInputActiveVec[1],T1.activation.weaklyInputActiveVec[2],T1.activation.weaklyOutputActiveVec[1],T1.activation.NoTokens,T1.fire_,T2.activation.fed[1],T2.activation.emptied[1],T2.activation.active,T2.activation.weaklyInputActiveVec[1],T2.activation.weaklyOutputActiveVec[1],T2.activation.NoTokens,T2.fire_,T3.inPlaces[1].tokenInOut,T3.activation.fed[1],T3.activation.emptied[1],T3.activation.active,T3.activation.weaklyInputActiveVec[1],T3.activation.weaklyOutputActiveVec[1],T3.activation.NoTokens,T3.fire_,P1.outTransition[1].tokenInOut,P1.disMarksInOut,P1.fireIn[1],P1.fireOut[1],P1.fireOut[2],P1.enableIn.active[1],P1.enableIn.TEin_[1],P1.enableIn.state128[1],P1.enableIn.state128[2],P1.enableIn.state128[3],P1.enableIn.state128[4],P1.enableIn.TEin[1],P1.enableIn.disTAin[1],P1.enableIn.remTAin[1],P1.enableIn.cumEnablingProb[1],P1.enableIn.arcWeightSum,P1.enableIn.nremTAin,P1.enableIn.nTAin,P1.enableIn.k,P1.enableIn.posTE,P1.enableIn.randNum,P1.enableIn.sumEnablingProbTAin,P1.enableIn.endWhile,P1.enableIn.Index,P1.enableOut.TAout[1],P1.enableOut.TAout[2],P1.enableOut.TEout_[1],P1.enableOut.TEout_[2],P1.enableOut.state128[1],P1.enableOut.state128[2],P1.enableOut.state128[3],P1.enableOut.state128[4],P1.enableOut.TEout[1],P1.enableOut.TEout[2],P1.enableOut.disTAout[1],P1.enableOut.disTAout[2],P1.enableOut.remTAout[1],P1.enableOut.remTAout[2],P1.enableOut.cumEnablingProb[1],P1.enableOut.cumEnablingProb[2],P1.enableOut.arcWeightSum,P1.enableOut.nremTAout,P1.enableOut.nTAout,P1.enableOut.k,P1.enableOut.posTE,P1.enableOut.randNum,P1.enableOut.sumEnablingProbTAout,P1.enableOut.endWhile,P1.enableOut.Index,P1.delayPassedOut.anytrue,P1.delayPassedOut.numtrue,P1.delayPassedIn.anytrue,P1.delayPassedIn.numtrue,P1.disMarksOut.anytrue,P1.disMarksOut.numtrue,P1.disMarksIn.anytrue,P1.disMarksIn.numtrue,P1.feeding.vec[1],P1.feeding.anytrue,P1.feeding.numtrue,P1.emptying.vec[1],P1.emptying.vec[2],P1.emptying.anytrue,P1.emptying.numtrue,P2.outTransition[1].tokenInOut,P2.disMarksInOut,P2.fireIn[1],P2.fireOut[1],P2.enableIn.active[1],P2.enableIn.TEin_[1],P2.enableIn.state128[1],P2.enableIn.state128[2],P2.enableIn.state128[3],P2.enableIn.state128[4],P2.enableIn.TEin[1],P2.enableIn.disTAin[1],P2.enableIn.remTAin[1],P2.enableIn.cumEnablingProb[1],P2.enableIn.arcWeightSum,P2.enableIn.nremTAin,P2.enableIn.nTAin,P2.enableIn.k,P2.enableIn.posTE,P2.enableIn.randNum,P2.enableIn.sumEnablingProbTAin,P2.enableIn.endWhile,P2.enableIn.Index,P2.enableOut.TAout[1],P2.enableOut.TEout_[1],P2.enableOut.state128[1],P2.enableOut.state128[2],P2.enableOut.state128[3],P2.enableOut.state128[4],P2.enableOut.TEout[1],P2.enableOut.disTAout[1],P2.enableOut.remTAout[1],P2.enableOut.cumEnablingProb[1],P2.enableOut.arcWeightSum,P2.enableOut.nremTAout,P2.enableOut.nTAout,P2.enableOut.k,P2.enableOut.posTE,P2.enableOut.randNum,P2.enableOut.sumEnablingProbTAout,P2.enableOut.endWhile,P2.enableOut.Index,P2.delayPassedOut.anytrue,P2.delayPassedOut.numtrue,P2.delayPassedIn.anytrue,P2.delayPassedIn.numtrue,P2.disMarksOut.anytrue,P2.disMarksOut.numtrue,P2.disMarksIn.anytrue,P2.disMarksIn.numtrue,P2.feeding.vec[1],P2.feeding.anytrue,P2.feeding.numtrue,P2.emptying.vec[1],P2.emptying.anytrue,P2.emptying.numtrue,P3.outTransition[1].tokenInOut,P3.disMarksInOut,P3.fireIn[1],P3.fireOut[1],P3.enableIn.active[1],P3.enableIn.TEin_[1],P3.enableIn.state128[1],P3.enableIn.state128[2],P3.enableIn.state128[3],P3.enableIn.state128[4],P3.enableIn.TEin[1],P3.enableIn.disTAin[1],P3.enableIn.remTAin[1],P3.enableIn.cumEnablingProb[1],P3.enableIn.arcWeightSum,P3.enableIn.nremTAin,P3.enableIn.nTAin,P3.enableIn.k,P3.enableIn.posTE,P3.enableIn.randNum,P3.enableIn.sumEnablingProbTAin,P3.enableIn.endWhile,P3.enableIn.Index,P3.enableOut.TAout[1],P3.enableOut.TEout_[1],P3.enableOut.state128[1],P3.enableOut.state128[2],P3.enableOut.state128[3],P3.enableOut.state128[4],P3.enableOut.TEout[1],P3.enableOut.disTAout[1],P3.enableOut.remTAout[1],P3.enableOut.cumEnablingProb[1],P3.enableOut.arcWeightSum,P3.enableOut.nremTAout,P3.enableOut.nTAout,P3.enableOut.k,P3.enableOut.posTE,P3.enableOut.randNum,P3.enableOut.sumEnablingProbTAout,P3.enableOut.endWhile,P3.enableOut.Index,P3.delayPassedOut.anytrue,P3.delayPassedOut.numtrue,P3.delayPassedIn.anytrue,P3.delayPassedIn.numtrue,P3.disMarksOut.anytrue,P3.disMarksOut.numtrue,P3.disMarksIn.anytrue,P3.disMarksIn.numtrue,P3.feeding.vec[1],P3.feeding.anytrue,P3.feeding.numtrue,P3.emptying.vec[1],P3.emptying.anytrue,P3.emptying.numtrue)
 * Number of discrete states: 181 (P3.disMarksInOut,P2.disMarksInOut,P1.disMarksInOut,P3.fireIn[1],P3.fireOut[1],P3.disMarksOut.anytrue,P3.disMarksIn.anytrue,P2.fireIn[1],P2.fireOut[1],P2.disMarksOut.anytrue,P2.disMarksIn.anytrue,P1.fireIn[1],P1.fireOut[2],P1.fireOut[1],P1.disMarksOut.anytrue,P1.disMarksIn.anytrue,P3.emptying.numtrue,P3.emptying.anytrue,P3.feeding.numtrue,P3.feeding.anytrue,P3.disMarksIn.numtrue,P3.disMarksOut.numtrue,P3.delayPassedIn.numtrue,P3.delayPassedIn.anytrue,P3.delayPassedOut.numtrue,P3.delayPassedOut.anytrue,P2.emptying.numtrue,P2.emptying.anytrue,P2.feeding.numtrue,P2.feeding.anytrue,P2.disMarksIn.numtrue,P2.disMarksOut.numtrue,P2.delayPassedIn.numtrue,P2.delayPassedIn.anytrue,P2.delayPassedOut.numtrue,P2.delayPassedOut.anytrue,P1.emptying.numtrue,P1.emptying.anytrue,P1.feeding.numtrue,P1.feeding.anytrue,P1.disMarksIn.numtrue,P1.disMarksOut.numtrue,P1.delayPassedIn.numtrue,P1.delayPassedIn.anytrue,P1.delayPassedOut.numtrue,P1.delayPassedOut.anytrue,T3.activation.weaklyOutputActiveVec[1],T3.activation.weaklyInputActiveVec[1],T3.activation.active,T3.activation.NoTokens,P3.enableIn.TEin_[1],P3.enableIn.posTE,P3.enableIn.k,P3.enableIn.endWhile,P3.enableIn.state128[4],P3.enableIn.state128[3],P3.enableIn.state128[2],P3.enableIn.state128[1],P3.enableIn.randNum,P3.enableIn.cumEnablingProb[1],P3.enableIn.sumEnablingProbTAin,P3.enableIn.nTAin,P3.enableIn.nremTAin,P3.enableIn.remTAin[1],P3.enableIn.Index,P3.enableIn.arcWeightSum,P3.enableIn.disTAin[1],$whenCondition5,P3.enableIn.TEin[1],T2.activation.weaklyOutputActiveVec[1],T2.activation.weaklyInputActiveVec[1],T2.activation.active,T2.activation.NoTokens,P2.enableIn.TEin_[1],P2.enableIn.posTE,P2.enableIn.k,P2.enableIn.endWhile,P2.enableIn.state128[4],P2.enableIn.state128[3],P2.enableIn.state128[2],P2.enableIn.state128[1],P2.enableIn.randNum,P2.enableIn.cumEnablingProb[1],P2.enableIn.sumEnablingProbTAin,P2.enableIn.nTAin,P2.enableIn.nremTAin,P2.enableIn.remTAin[1],P2.enableIn.Index,P2.enableIn.arcWeightSum,P2.enableIn.disTAin[1],$whenCondition3,P2.enableIn.TEin[1],P1.enableOut.TEout_[2],P1.enableOut.TEout_[1],P1.enableOut.posTE,P1.enableOut.k,P1.enableOut.endWhile,P1.enableOut.state128[4],P1.enableOut.state128[3],P1.enableOut.state128[2],P1.enableOut.state128[1],P1.enableOut.randNum,P1.enableOut.cumEnablingProb[2],P1.enableOut.cumEnablingProb[1],P1.enableOut.sumEnablingProbTAout,P1.enableOut.nTAout,P1.enableOut.nremTAout,P1.enableOut.remTAout[2],P1.enableOut.remTAout[1],P1.enableOut.Index,P1.enableOut.arcWeightSum,P1.enableOut.disTAout[2],P1.enableOut.disTAout[1],$whenCondition2,P1.enableOut.TEout[2],P1.enableOut.TEout[1],T1.activation.weaklyOutputActiveVec[1],T1.activation.weaklyInputActiveVec[2],T1.activation.weaklyInputActiveVec[1],T1.activation.active,T1.activation.NoTokens,P1.enableIn.TEin_[1],P1.enableIn.posTE,P1.enableIn.k,P1.enableIn.endWhile,P1.enableIn.state128[4],P1.enableIn.state128[3],P1.enableIn.state128[2],P1.enableIn.state128[1],P1.enableIn.randNum,P1.enableIn.cumEnablingProb[1],P1.enableIn.sumEnablingProbTAin,P1.enableIn.nTAin,P1.enableIn.nremTAin,P1.enableIn.remTAin[1],P1.enableIn.Index,P1.enableIn.arcWeightSum,P1.enableIn.disTAin[1],$whenCondition1,P1.enableIn.TEin[1],P3.enableOut.TEout_[1],P3.enableOut.posTE,P3.enableOut.k,P3.enableOut.endWhile,P3.enableOut.state128[4],P3.enableOut.state128[3],P3.enableOut.state128[2],P3.enableOut.state128[1],P3.enableOut.randNum,P3.enableOut.cumEnablingProb[1],P3.enableOut.sumEnablingProbTAout,P3.enableOut.nTAout,P3.enableOut.nremTAout,P3.enableOut.remTAout[1],P3.enableOut.Index,P3.enableOut.arcWeightSum,P3.enableOut.disTAout[1],$whenCondition6,P3.enableOut.TEout[1],P2.enableOut.TEout_[1],P2.enableOut.posTE,P2.enableOut.k,P2.enableOut.endWhile,P2.enableOut.state128[4],P2.enableOut.state128[3],P2.enableOut.state128[2],P2.enableOut.state128[1],P2.enableOut.randNum,P2.enableOut.cumEnablingProb[1],P2.enableOut.sumEnablingProbTAout,P2.enableOut.nTAout,P2.enableOut.nremTAout,P2.enableOut.remTAout[1],P2.enableOut.Index,P2.enableOut.arcWeightSum,P2.enableOut.disTAout[1],$whenCondition4,P2.enableOut.TEout[1],P3.disMarkChange,P2.disMarkChange,P1.disMarkChange)
 * Number of clocked states: 0 ()
 * Top-level inputs: 0
Notification: Strong component statistics for simulation (118):
 * Single equations (assignments): 87
 * Array equations: 3
 * Algorithm blocks: 27
 * Record equations: 0
 * When equations: 0
 * If-equations: 0
 * Equation systems (not torn): 0
 * Torn equation systems: 1
 * Mixed (continuous/discrete) equation systems: 0
Notification: Torn system details for strict tearing set:
 * Linear torn systems (#iteration vars, #inner vars, density): 0 systems
 * Non-linear torn systems (#iteration vars, #inner vars): 1 system
   {(5,23)}
Notification: Performance of Backend phase and start with SimCode phase: time 0.001442/0.5388, allocations: 0.7068 MB / 0.5857 GB, free: 13.46 MB / 394.7 MB
Notification: Performance of simCode: created initialization part: time 0.01492/0.5537, allocations: 10.73 MB / 0.5962 GB, free: 2.309 MB / 394.7 MB
Notification: Performance of simCode: created event and clocks part: time 7.734e-06/0.5538, allocations: 1.812 kB / 0.5962 GB, free: 2.309 MB / 394.7 MB
Notification: Performance of simCode: created simulation system equations: time 0.01084/0.5646, allocations: 11.74 MB / 0.6077 GB, free: 6.223 MB / 410.7 MB
Notification: Performance of simCode: created of all other equations (e.g. parameter, nominal, assert, etc): time 0.00158/0.5662, allocations: 365.2 kB / 0.608 GB, free: 5.875 MB / 410.7 MB
Notification: Performance of simCode: created linear, non-linear and system jacobian parts: time 0.0124/0.5786, allocations: 7.765 MB / 0.6156 GB, free: 14.08 MB / 426.7 MB
Notification: Performance of simCode: some other stuff during SimCode phase: time 0.001459/0.5801, allocations: 1.987 MB / 0.6175 GB, free: 12.06 MB / 426.7 MB
Notification: Performance of simCode: alias equations: time 0.001534/0.5816, allocations: 0.5461 MB / 0.6181 GB, free: 11.51 MB / 426.7 MB
Notification: Performance of simCode: all other stuff during SimCode phase: time 0.0002732/0.5819, allocations: 139.4 kB / 0.6182 GB, free: 11.38 MB / 426.7 MB
Notification: Performance of SimCode: time 6.21e-07/0.5819, allocations: 0 / 0.6182 GB, free: 11.38 MB / 426.7 MB
Notification: Performance of Templates: time 0.07529/0.6572, allocations: 50.47 MB / 0.6675 GB, free: 8.414 MB / 474.7 MB
make -j1 -f PNlib_2.2_PNlib.Examples.ConTest.ConflictLoop.makefile
(rm -f PNlib_2.2_PNlib.Examples.ConTest.ConflictLoop.pipe ; mkfifo PNlib_2.2_PNlib.Examples.ConTest.ConflictLoop.pipe ; head -c 1048576 < PNlib_2.2_PNlib.Examples.ConTest.ConflictLoop.pipe >> ../files/PNlib_2.2_PNlib.Examples.ConTest.ConflictLoop.sim & ./PNlib_2.2_PNlib.Examples.ConTest.ConflictLoop  -abortSlowSimulation -alarm=480  -emit_protected -lv LOG_STATS > PNlib_2.2_PNlib.Examples.ConTest.ConflictLoop.pipe 2>&1)
diffSimulationResults("PNlib_2.2_PNlib.Examples.ConTest.ConflictLoop_res.mat","/home/runner/work/PNlib/PNlib/ReferenceFiles/PNlib.Examples.ConTest.ConflictLoop.mat","../files/PNlib_2.2_PNlib.Examples.ConTest.ConflictLoop.diff",relTol=0.003,relTolDiffMinMax=0.003,rangeDelta=0.001)
Reference file matches
