Running: ./testmodel.py --libraries=/home/runner/.openmodelica/libraries/ --ompython_omhome= PNlib_2.2_PNlib.Examples.ConTest.ZeroPlace.conf.json
loadFile("/home/runner/.openmodelica/libraries/ModelicaServices 4.0.0+maint.om/package.mo", uses=false)
loadFile("/home/runner/.openmodelica/libraries/Complex 4.0.0+maint.om/package.mo", uses=false)
loadFile("/home/runner/.openmodelica/libraries/Modelica 4.0.0+maint.om/package.mo", uses=false)
loadFile("/home/runner/work/PNlib/PNlib/PNlib/package.mo", uses=false)
Using package PNlib with version 2.2 (/home/runner/work/PNlib/PNlib/PNlib/package.mo)
Using package Modelica with version 4.0.0 (/home/runner/.openmodelica/libraries/Modelica 4.0.0+maint.om/package.mo)
Using package Complex with version 4.0.0 (/home/runner/.openmodelica/libraries/Complex 4.0.0+maint.om/package.mo)
Using package ModelicaServices with version 4.0.0 (/home/runner/.openmodelica/libraries/ModelicaServices 4.0.0+maint.om/package.mo)
Running command: translateModel(PNlib.Examples.ConTest.ZeroPlace,tolerance=1e-06,outputFormat="mat",numberOfIntervals=5000,variableFilter="P1.t|P2.t|T1.fire|T1.instantaneousSpeed|T1.maximumSpeed|T2.fire|T2.instantaneousSpeed|T2.maximumSpeed|time",fileNamePrefix="PNlib_2.2_PNlib.Examples.ConTest.ZeroPlace")
translateModel(PNlib.Examples.ConTest.ZeroPlace,tolerance=1e-06,outputFormat="mat",numberOfIntervals=5000,variableFilter="P1.t|P2.t|T1.fire|T1.instantaneousSpeed|T1.maximumSpeed|T2.fire|T2.instantaneousSpeed|T2.maximumSpeed|time",fileNamePrefix="PNlib_2.2_PNlib.Examples.ConTest.ZeroPlace")
Notification: Performance of loadFile(/home/runner/.openmodelica/libraries/ModelicaServices 4.0.0+maint.om/package.mo): time 0.0009722/0.0009725, allocations: 93.2 kB / 15.59 MB, free: 5.227 MB / 13.93 MB
Notification: Performance of loadFile(/home/runner/.openmodelica/libraries/Complex 4.0.0+maint.om/package.mo): time 0.0009932/0.0009932, allocations: 176.4 kB / 16.51 MB, free: 4.648 MB / 13.93 MB
Notification: Performance of loadFile(/home/runner/.openmodelica/libraries/Modelica 4.0.0+maint.om/package.mo): time 1.635/1.635, allocations: 222.1 MB / 239.4 MB, free: 11.09 MB / 202.7 MB
Notification: Performance of loadFile(/home/runner/work/PNlib/PNlib/PNlib/package.mo): time 0.0934/0.0934, allocations: 16.58 MB / 306.2 MB, free: 10.57 MB / 250.7 MB
Notification: Performance of FrontEnd - loaded program: time 0.0004899/0.00049, allocations: 10 kB / 370.6 MB, free: 44.99 MB / 298.7 MB
Notification: Performance of FrontEnd - Absyn->SCode: time 0.0771/0.07761, allocations: 53.47 MB / 424.1 MB, free: 5.941 MB / 298.7 MB
Notification: Performance of NFInst.instantiate(PNlib.Examples.ConTest.ZeroPlace): time 0.003614/0.08125, allocations: 3.109 MB / 427.2 MB, free: 2.828 MB / 298.7 MB
Notification: Performance of NFInst.instExpressions: time 0.00379/0.08506, allocations: 2.489 MB / 429.7 MB, free: 348 kB / 298.7 MB
Notification: Performance of NFInst.updateImplicitVariability: time 0.0003533/0.08543, allocations: 19.94 kB / 429.7 MB, free: 328 kB / 298.7 MB
Notification: Performance of NFTyping.typeComponents: time 0.0004516/0.08589, allocations: 265.9 kB / 429.9 MB, free: 60 kB / 298.7 MB
Notification: Performance of NFTyping.typeBindings: time 0.0007807/0.08669, allocations: 258 kB / 430.2 MB, free: 15.8 MB / 314.7 MB
Notification: Performance of NFTyping.typeClassSections: time 0.002376/0.08907, allocations: 1.126 MB / 431.3 MB, free: 14.68 MB / 314.7 MB
Notification: Performance of NFFlatten.flatten: time 0.002493/0.09158, allocations: 2.918 MB / 434.2 MB, free: 11.76 MB / 314.7 MB
Notification: Performance of NFFlatten.resolveConnections: time 0.0004302/0.09202, allocations: 391.8 kB / 434.6 MB, free: 11.36 MB / 314.7 MB
Notification: Performance of NFEvalConstants.evaluate: time 0.000924/0.09296, allocations: 1.118 MB / 435.7 MB, free: 10.23 MB / 314.7 MB
Notification: Performance of NFSimplifyModel.simplify: time 0.0007308/0.0937, allocations: 0.8243 MB / 436.6 MB, free: 9.406 MB / 314.7 MB
Notification: Performance of NFPackage.collectConstants: time 0.0002604/0.09397, allocations: 216 kB / 436.8 MB, free: 9.195 MB / 314.7 MB
Notification: Performance of NFFlatten.collectFunctions: time 0.0007356/0.09472, allocations: 0.5854 MB / 437.4 MB, free: 8.609 MB / 314.7 MB
Notification: Performance of NFScalarize.scalarize: time 0.000476/0.09521, allocations: 394.7 kB / 437.7 MB, free: 8.223 MB / 314.7 MB
Notification: Performance of NFVerifyModel.verify: time 0.0006965/0.09591, allocations: 0.9218 MB / 438.7 MB, free: 7.297 MB / 314.7 MB
Notification: Performance of NFConvertDAE.convert: time 0.001855/0.09777, allocations: 2.322 MB / 441 MB, free: 4.969 MB / 314.7 MB
Notification: Performance of FrontEnd - DAE generated: time 4.579e-06/0.09779, allocations: 0 / 441 MB, free: 4.969 MB / 314.7 MB
Notification: Performance of FrontEnd: time 1.483e-06/0.0978, allocations: 0 / 441 MB, free: 4.969 MB / 314.7 MB
Notification: Performance of Transformations before backend: time 1.388e-05/0.09782, allocations: 0 / 441 MB, free: 4.969 MB / 314.7 MB
Notification: Model statistics after passing the front-end and creating the data structures used by the back-end:
 * Number of equations: 430
 * Number of variables: 430
Notification: Performance of Generate backend data structure: time 0.002939/0.1008, allocations: 2.451 MB / 443.4 MB, free: 2.328 MB / 314.7 MB
Notification: Performance of prepare preOptimizeDAE: time 3.507e-05/0.1008, allocations: 12.03 kB / 443.4 MB, free: 2.316 MB / 314.7 MB
Notification: Performance of preOpt normalInlineFunction (simulation): time 0.002102/0.1029, allocations: 362.8 kB / 443.8 MB, free: 1.961 MB / 314.7 MB
Notification: Performance of preOpt evaluateParameters (simulation): time 0.001111/0.104, allocations: 0.7825 MB / 444.6 MB, free: 1.137 MB / 314.7 MB
Notification: Performance of preOpt simplifyIfEquations (simulation): time 0.000298/0.1044, allocations: 402 kB / 445 MB, free: 0.6875 MB / 314.7 MB
Notification: Performance of preOpt expandDerOperator (simulation): time 0.0002895/0.1047, allocations: 203.3 kB / 445.2 MB, free: 0.4922 MB / 314.7 MB
Notification: Performance of preOpt clockPartitioning (simulation): time 0.005394/0.1101, allocations: 3.162 MB / 448.3 MB, free: 13.22 MB / 330.7 MB
Notification: Performance of preOpt findStateOrder (simulation): time 4.096e-05/0.1101, allocations: 7.844 kB / 448.3 MB, free: 13.21 MB / 330.7 MB
Notification: Performance of preOpt replaceEdgeChange (simulation): time 0.0002279/0.1104, allocations: 91.95 kB / 448.4 MB, free: 13.12 MB / 330.7 MB
Notification: Performance of preOpt inlineArrayEqn (simulation): time 0.0004323/0.1108, allocations: 158.4 kB / 448.6 MB, free: 12.97 MB / 330.7 MB
Notification: Performance of preOpt removeEqualRHS (simulation): time 0.003928/0.1147, allocations: 2.275 MB / 450.9 MB, free: 10.68 MB / 330.7 MB
Notification: Performance of preOpt removeSimpleEquations (simulation): time 0.008048/0.1228, allocations: 6.318 MB / 457.2 MB, free: 4.164 MB / 330.7 MB
Notification: Performance of preOpt comSubExp (simulation): time 0.003376/0.1262, allocations: 3.045 MB / 460.2 MB, free: 1.078 MB / 330.7 MB
Notification: Performance of preOpt resolveLoops (simulation): time 0.003349/0.1296, allocations: 2.746 MB / 463 MB, free: 14.32 MB / 346.7 MB
Notification: Performance of preOpt evalFunc (simulation): time 0.00369/0.1333, allocations: 5.998 MB / 469 MB, free: 7.012 MB / 346.7 MB
Notification: Performance of preOpt encapsulateWhenConditions (simulation): time 0.002592/0.1359, allocations: 1.751 MB / 470.7 MB, free: 5.219 MB / 346.7 MB
Notification: Performance of pre-optimization done (n=154): time 3.136e-06/0.1359, allocations: 0 / 470.7 MB, free: 5.219 MB / 346.7 MB
Notification: Performance of matching and sorting (n=154): time 0.01049/0.1464, allocations: 5.745 MB / 476.5 MB, free: 15.34 MB / 362.7 MB
Notification: Performance of inlineWhenForInitialization (initialization): time 0.0006403/0.1471, allocations: 1.114 MB / 477.6 MB, free: 14.02 MB / 362.7 MB
Notification: Performance of selectInitializationVariablesDAE (initialization): time 0.000764/0.1478, allocations: 0.7165 MB / 478.3 MB, free: 13.29 MB / 362.7 MB
Notification: Performance of collectPreVariables (initialization): time 0.0001538/0.148, allocations: 109.7 kB / 478.4 MB, free: 13.17 MB / 362.7 MB
Notification: Performance of collectInitialEqns (initialization): time 0.000514/0.1485, allocations: 0.5386 MB / 478.9 MB, free: 12.62 MB / 362.7 MB
Notification: Performance of collectInitialBindings (initialization): time 0.0002962/0.1488, allocations: 418.9 kB / 479.4 MB, free: 12.21 MB / 362.7 MB
Notification: Performance of simplifyInitialFunctions (initialization): time 0.0006112/0.1494, allocations: 484 kB / 479.8 MB, free: 11.73 MB / 362.7 MB
Notification: Performance of setup shared object (initialization): time 4.949e-05/0.1495, allocations: 338 kB / 480.2 MB, free: 11.39 MB / 362.7 MB
Notification: Performance of preBalanceInitialSystem (initialization): time 0.001637/0.1511, allocations: 0.9372 MB / 481.1 MB, free: 10.45 MB / 362.7 MB
Notification: Performance of partitionIndependentBlocks (initialization): time 0.001971/0.1531, allocations: 1.675 MB / 482.8 MB, free: 8.438 MB / 362.7 MB
Notification: Performance of analyzeInitialSystem (initialization): time 0.003722/0.1569, allocations: 3.759 MB / 486.5 MB, free: 4.133 MB / 362.7 MB
Notification: Performance of solveInitialSystemEqSystem (initialization): time 1.501e-05/0.1569, allocations: 11.94 kB / 486.5 MB, free: 4.121 MB / 362.7 MB
Notification: Performance of matching and sorting (n=296) (initialization): time 0.005925/0.1628, allocations: 3.969 MB / 490.5 MB, free: 4 kB / 362.7 MB
Notification: Performance of prepare postOptimizeDAE: time 0.0005083/0.1634, allocations: 0.7278 MB / 491.2 MB, free: 15.14 MB / 378.7 MB
Notification: Performance of postOpt simplifyComplexFunction (initialization): time 0.003262/0.1666, allocations: 2.246 MB / 493.5 MB, free: 12.82 MB / 378.7 MB
Notification: Performance of postOpt tearingSystem (initialization): time 0.001155/0.1678, allocations: 280.9 kB / 493.8 MB, free: 12.54 MB / 378.7 MB
Notification: Performance of postOpt solveSimpleEquations (initialization): time 0.0008345/0.1686, allocations: 247.4 kB / 494 MB, free: 12.3 MB / 378.7 MB
Notification: Performance of postOpt calculateStrongComponentJacobians (initialization): time 0.000894/0.1696, allocations: 0.8515 MB / 494.8 MB, free: 11.43 MB / 378.7 MB
Notification: Performance of postOpt simplifyAllExpressions (initialization): time 0.001155/0.1707, allocations: 277.6 kB / 495.1 MB, free: 11.15 MB / 378.7 MB
Notification: Performance of postOpt collapseArrayExpressions (initialization): time 0.0001866/0.1709, allocations: 116 kB / 495.2 MB, free: 11.04 MB / 378.7 MB
Warning: Assuming fixed start value for the following 36 variables:
         P2.enableOut.Index:DISCRETE(fixed = true protected = true )  type: Integer
         P2.enableOut.endWhile:DISCRETE(fixed = true protected = true )  type: Boolean
         P2.enableOut.sumEnablingProbTAout:DISCRETE(fixed = true protected = true )  "sum of the enabling probabilities of the active output transitions" type: Real
         P2.enableOut.posTE:DISCRETE(fixed = true protected = true )  "possible enabled transition" type: Integer
         P2.enableOut.k:DISCRETE(fixed = true protected = true )  "iteration index" type: Integer
         P2.enableOut.nTAout:DISCRETE(fixed = true protected = true )  "number of active output transitions" type: Integer
         P2.enableOut.nremTAout:DISCRETE(fixed = true protected = true )  "number of remaining active output transitions" type: Integer
         P2.enableOut.arcWeightSum:DISCRETE(fixed = true protected = true )  "arc weight sum" type: Real
         P2.enableIn.posTE:DISCRETE(fixed = true protected = true )  "possible enabled transition" type: Integer
         P2.enableIn.k:DISCRETE(fixed = true protected = true )  "iteration index" type: Integer
         P2.enableIn.endWhile:DISCRETE(fixed = true protected = true )  type: Boolean
         P2.enableIn.sumEnablingProbTAin:DISCRETE(fixed = true protected = true )  "sum of the enabling probabilities of the active input transitions" type: Real
         P2.enableIn.nTAin:DISCRETE(fixed = true protected = true )  "number ofactive input transitions" type: Integer
         P2.enableIn.nremTAin:DISCRETE(fixed = true protected = true )  "number of remaining active input transitions" type: Integer
         P2.enableIn.Index:DISCRETE(fixed = true protected = true )  "priority Index" type: Integer
         P2.enableIn.arcWeightSum:DISCRETE(fixed = true protected = true )  "arc weight sum" type: Real
         P1.enableOut.posTE:DISCRETE(fixed = true protected = true )  "possible enabled transition" type: Integer
         P1.enableOut.k:DISCRETE(fixed = true protected = true )  "iteration index" type: Integer
         P1.enableOut.endWhile:DISCRETE(fixed = true protected = true )  type: Boolean
         P1.enableOut.sumEnablingProbTAout:DISCRETE(fixed = true protected = true )  "sum of the enabling probabilities of the active output transitions" type: Real
         P1.enableOut.nTAout:DISCRETE(fixed = true protected = true )  "number of active output transitions" type: Integer
         P1.enableOut.nremTAout:DISCRETE(fixed = true protected = true )  "number of remaining active output transitions" type: Integer
         P1.enableOut.Index:DISCRETE(fixed = true protected = true )  type: Integer
         P1.enableOut.arcWeightSum:DISCRETE(fixed = true protected = true )  "arc weight sum" type: Real
         P1.enableIn.posTE:DISCRETE(fixed = true protected = true )  "possible enabled transition" type: Integer
         P1.enableIn.k:DISCRETE(fixed = true protected = true )  "iteration index" type: Integer
         P1.enableIn.endWhile:DISCRETE(fixed = true protected = true )  type: Boolean
         P1.enableIn.sumEnablingProbTAin:DISCRETE(fixed = true protected = true )  "sum of the enabling probabilities of the active input transitions" type: Real
         P1.enableIn.nTAin:DISCRETE(fixed = true protected = true )  "number ofactive input transitions" type: Integer
         P1.enableIn.nremTAin:DISCRETE(fixed = true protected = true )  "number of remaining active input transitions" type: Integer
         P1.enableIn.Index:DISCRETE(fixed = true protected = true )  "priority Index" type: Integer
         P1.enableIn.arcWeightSum:DISCRETE(fixed = true protected = true )  "arc weight sum" type: Real
         P2.disMarksIn.anytrue:DISCRETE(fixed = true protected = true )  type: Boolean
         P2.disMarksOut.anytrue:DISCRETE(fixed = true protected = true )  type: Boolean
         P1.disMarksIn.anytrue:DISCRETE(fixed = true protected = true )  type: Boolean
         P1.disMarksOut.anytrue:DISCRETE(fixed = true protected = true )  type: Boolean
Notification: Model statistics after passing the back-end for initialization:
 * Number of independent subsystems: 100
 * Number of states: 0 ()
 * Number of discrete variables: 235 ($PRE.P2.enableOut.Index,P2.enableOut.Index,$PRE.P2.enableOut.endWhile,P2.enableOut.endWhile,$PRE.P2.enableOut.sumEnablingProbTAout,P2.enableOut.sumEnablingProbTAout,P2.enableOut.randNum,$PRE.P2.enableOut.randNum,P2.enableOut.state128[4],$PRE.P2.enableOut.state128[4],P2.enableOut.state128[3],$PRE.P2.enableOut.state128[3],P2.enableOut.state128[2],$PRE.P2.enableOut.state128[2],P2.enableOut.state128[1],$PRE.P2.enableOut.state128[1],$PRE.P2.enableOut.posTE,P2.enableOut.posTE,$PRE.P2.enableOut.k,P2.enableOut.k,$PRE.P2.enableOut.nTAout,P2.enableOut.nTAout,$PRE.P2.enableOut.nremTAout,P2.enableOut.nremTAout,$PRE.P2.enableOut.arcWeightSum,P2.enableOut.arcWeightSum,P2.delayPassedOut.numtrue,P2.delayPassedOut.anytrue,$whenCondition6,$PRE.P2.enableIn.posTE,P2.enableIn.posTE,$PRE.P2.enableIn.k,P2.enableIn.k,$PRE.P2.enableIn.endWhile,P2.enableIn.endWhile,P2.enableIn.randNum,$PRE.P2.enableIn.randNum,P2.enableIn.state128[4],$PRE.P2.enableIn.state128[4],P2.enableIn.state128[3],$PRE.P2.enableIn.state128[3],P2.enableIn.state128[2],$PRE.P2.enableIn.state128[2],P2.enableIn.state128[1],$PRE.P2.enableIn.state128[1],P2.enableIn.cumEnablingProb[1],$PRE.P2.enableIn.cumEnablingProb[1],$PRE.P2.enableIn.sumEnablingProbTAin,P2.enableIn.sumEnablingProbTAin,$PRE.P2.enableIn.nTAin,P2.enableIn.nTAin,$PRE.P2.enableIn.nremTAin,P2.enableIn.nremTAin,P2.enableIn.remTAin[1],$PRE.P2.enableIn.remTAin[1],$PRE.P2.enableIn.Index,P2.enableIn.Index,$PRE.P2.enableIn.arcWeightSum,P2.enableIn.arcWeightSum,P2.enableIn.disTAin[1],$PRE.P2.enableIn.disTAin[1],$PRE.P1.enableOut.posTE,P1.enableOut.posTE,$PRE.P1.enableOut.k,P1.enableOut.k,$PRE.P1.enableOut.endWhile,P1.enableOut.endWhile,P1.enableOut.randNum,$PRE.P1.enableOut.randNum,P1.enableOut.state128[4],$PRE.P1.enableOut.state128[4],P1.enableOut.state128[3],$PRE.P1.enableOut.state128[3],P1.enableOut.state128[2],$PRE.P1.enableOut.state128[2],P1.enableOut.state128[1],$PRE.P1.enableOut.state128[1],P1.enableOut.cumEnablingProb[1],$PRE.P1.enableOut.cumEnablingProb[1],$PRE.P1.enableOut.sumEnablingProbTAout,P1.enableOut.sumEnablingProbTAout,$PRE.P1.enableOut.nTAout,P1.enableOut.nTAout,$PRE.P1.enableOut.nremTAout,P1.enableOut.nremTAout,P1.enableOut.remTAout[1],$PRE.P1.enableOut.remTAout[1],$PRE.P1.enableOut.Index,P1.enableOut.Index,$PRE.P1.enableOut.arcWeightSum,P1.enableOut.arcWeightSum,P1.enableOut.disTAout[1],$PRE.P1.enableOut.disTAout[1],$PRE.P1.enableIn.posTE,P1.enableIn.posTE,$PRE.P1.enableIn.k,P1.enableIn.k,$PRE.P1.enableIn.endWhile,P1.enableIn.endWhile,P1.enableIn.randNum,$PRE.P1.enableIn.randNum,P1.enableIn.state128[4],$PRE.P1.enableIn.state128[4],P1.enableIn.state128[3],$PRE.P1.enableIn.state128[3],P1.enableIn.state128[2],$PRE.P1.enableIn.state128[2],P1.enableIn.state128[1],$PRE.P1.enableIn.state128[1],P1.enableIn.cumEnablingProb[1],$PRE.P1.enableIn.cumEnablingProb[1],$PRE.P1.enableIn.sumEnablingProbTAin,P1.enableIn.sumEnablingProbTAin,$PRE.P1.enableIn.nTAin,P1.enableIn.nTAin,$PRE.P1.enableIn.nremTAin,P1.enableIn.nremTAin,P1.enableIn.remTAin[1],$PRE.P1.enableIn.remTAin[1],$PRE.P1.enableIn.Index,P1.enableIn.Index,$PRE.P1.enableIn.arcWeightSum,P1.enableIn.arcWeightSum,P1.enableIn.disTAin[1],$PRE.P1.enableIn.disTAin[1],$PRE.P1.disMarksInOut,P1.outTransition[1].tokenInOut,$PRE.P2.disMarksIn.anytrue,$PRE.P2.disMarksOut.anytrue,P2.disMarksInOut,$whenCondition5,$PRE.P1.disMarksIn.anytrue,$PRE.P1.disMarksOut.anytrue,P1.disMarksInOut,$whenCondition4,P2.disMarksOut.numtrue,P2.disMarksOut.anytrue,P2.inTransition[1].disPlace,P2.inTransition[1].maxTokensint,P2.inTransition[1].tint,T2.outPlaces[1].disTransition,T2.outPlaces[1].enabledByInPlaces,P2.reStart,T2.firingCon,T2.inPlaces[1].disTransition,P1.outTransition[1].normalArc,P1.outTransition[1].testValueint,P1.outTransition[1].arcType,P1.outTransition[1].disPlace,P1.outTransition[1].minTokensint,P1.outTransition[1].tint,P1.inTransition[1].disPlace,P1.inTransition[1].maxTokensint,P1.inTransition[1].tint,T1.outPlaces[1].disTransition,T1.outPlaces[1].enabledByInPlaces,P1.reStart,T1.firingCon,P1.disMarksOut.vec[1],P1.disMarksOut.numtrue,P1.disMarksOut.anytrue,P1.disMarksIn.vec[1],P1.disMarksIn.numtrue,P1.disMarksIn.anytrue,P2.disMarksIn.vec[1],P2.disMarksIn.numtrue,P2.disMarksIn.anytrue,T1.fire_,T1.activation.arcWeightIntOut[1],P1.delayPassedOut.vec[1],P1.delayPassedIn.vec[1],T2.activation.arcWeightIntIn[1],T2.activation.arcWeightIntOut[1],P2.delayPassedIn.vec[1],T2.activation.disPlaceOut[1],T2.activation.maxTokensInt[1],T2.activation.tIntOut[1],T2.activation.normalArc[1],T2.activation.testValueInt[1],T2.activation.arcType[1],T2.activation.disPlaceIn[1],T2.activation.minTokensInt[1],T2.activation.tIntIn[1],T1.activation.disPlaceOut[1],T1.activation.maxTokensInt[1],T1.activation.tIntOut[1],P2.emptying.numtrue,P2.emptying.anytrue,P2.feeding.numtrue,P2.feeding.anytrue,P2.feeding.vec[1],P2.delayPassedIn.numtrue,P2.delayPassedIn.anytrue,P2.enableIn.TEin[1],$PRE.P2.enableIn.TEin[1],P2.enableIn.TEin_[1],P2.enableIn.active[1],P2.fireIn[1],$PRE.P2.fireIn[1],T2.fire_,T2.activation.NoTokens,T2.activation.weaklyOutputActiveVec[1],T2.activation.weaklyInputActiveVec[1],T2.activation.active,T2.activation.emptied[1],T2.activation.fed[1],P1.emptying.numtrue,P1.emptying.anytrue,P1.emptying.vec[1],P1.feeding.numtrue,P1.feeding.anytrue,P1.feeding.vec[1],P1.delayPassedIn.numtrue,P1.delayPassedIn.anytrue,P1.delayPassedOut.numtrue,P1.delayPassedOut.anytrue,P1.enableOut.TEout[1],$PRE.P1.enableOut.TEout[1],P1.enableOut.TEout_[1],P1.enableOut.TAout[1],P1.enableIn.TEin[1],$PRE.P1.enableIn.TEin[1],P1.enableIn.TEin_[1],P1.enableIn.active[1],P1.fireOut[1],$PRE.P1.fireOut[1],P1.fireIn[1],$PRE.P1.fireIn[1],T1.activation.NoTokens,T1.activation.weaklyOutputActiveVec[1],T1.activation.active,T1.activation.emptied[1],$whenCondition3,$whenCondition2,$whenCondition1)
 * Number of discrete states: 0 ()
 * Number of clocked states: 0 ()
 * Top-level inputs: 0
Notification: Strong component statistics for initialization (248):
 * Single equations (assignments): 225
 * Array equations: 0
 * Algorithm blocks: 22
 * Record equations: 0
 * When equations: 0
 * If-equations: 0
 * Equation systems (not torn): 0
 * Torn equation systems: 1
 * Mixed (continuous/discrete) equation systems: 0
Notification: Torn system details for strict tearing set:
 * Linear torn systems (#iteration vars, #inner vars, density): 0 systems
 * Non-linear torn systems (#iteration vars, #inner vars): 1 system
   {(3,9)}
Notification: Performance of prepare postOptimizeDAE: time 0.001774/0.1727, allocations: 1.519 MB / 496.8 MB, free: 9.398 MB / 378.7 MB
Notification: Performance of postOpt lateInlineFunction (simulation): time 0.0004163/0.1731, allocations: 154.9 kB / 496.9 MB, free: 9.246 MB / 378.7 MB
Notification: Performance of postOpt wrapFunctionCalls (simulation): time 0.007199/0.1803, allocations: 4.699 MB / 0.4898 GB, free: 4.441 MB / 378.7 MB
Notification: Performance of postOpt inlineArrayEqn (simulation): time 2.208e-05/0.1804, allocations: 11.94 kB / 0.4899 GB, free: 4.43 MB / 378.7 MB
Notification: Performance of postOpt constantLinearSystem (simulation): time 6.092e-06/0.1804, allocations: 0 / 0.4899 GB, free: 4.43 MB / 378.7 MB
Notification: Performance of postOpt simplifysemiLinear (simulation): time 1.098e-05/0.1804, allocations: 7.984 kB / 0.4899 GB, free: 4.422 MB / 378.7 MB
Notification: Performance of postOpt removeSimpleEquations (simulation): time 0.2238/0.4042, allocations: 6.727 MB / 0.4964 GB, free: 75.95 MB / 378.7 MB
Notification: Performance of postOpt simplifyComplexFunction (simulation): time 0.007177/0.4114, allocations: 4.575 MB / 0.5009 GB, free: 75.37 MB / 378.7 MB
Notification: Performance of postOpt solveSimpleEquations (simulation): time 0.0003319/0.4118, allocations: 58.56 kB / 0.501 GB, free: 75.37 MB / 378.7 MB
Notification: Performance of postOpt tearingSystem (simulation): time 0.0007864/0.4126, allocations: 214.5 kB / 0.5012 GB, free: 75.36 MB / 378.7 MB
Notification: Performance of postOpt inputDerivativesUsed (simulation): time 0.0002592/0.4129, allocations: 94.91 kB / 0.5013 GB, free: 75.36 MB / 378.7 MB
Notification: Performance of postOpt calculateStrongComponentJacobians (simulation): time 0.0007808/0.4137, allocations: 0.8161 MB / 0.5021 GB, free: 74.84 MB / 378.7 MB
Notification: Performance of postOpt calculateStateSetsJacobians (simulation): time 2.054e-06/0.4137, allocations: 0 / 0.5021 GB, free: 74.84 MB / 378.7 MB
Notification: Performance of postOpt symbolicJacobian (simulation): time 0.0136/0.4273, allocations: 6.86 MB / 0.5087 GB, free: 73.78 MB / 378.7 MB
Notification: Performance of postOpt removeConstants (simulation): time 0.0002339/0.4276, allocations: 179.4 kB / 0.5089 GB, free: 73.68 MB / 378.7 MB
Notification: Performance of postOpt simplifyTimeIndepFuncCalls (simulation): time 0.0007065/0.4283, allocations: 163.7 kB / 0.5091 GB, free: 73.63 MB / 378.7 MB
Notification: Performance of postOpt simplifyAllExpressions (simulation): time 0.001822/0.4301, allocations: 156.4 kB / 0.5092 GB, free: 73.62 MB / 378.7 MB
Notification: Performance of postOpt findZeroCrossings (simulation): time 0.0009757/0.4311, allocations: 352.9 kB / 0.5096 GB, free: 73.52 MB / 378.7 MB
Notification: Performance of postOpt collapseArrayExpressions (simulation): time 0.000378/0.4315, allocations: 102.9 kB / 0.5097 GB, free: 73.5 MB / 378.7 MB
Notification: Performance of sorting global known variables: time 0.0006828/0.4322, allocations: 409.4 kB / 0.5101 GB, free: 73.32 MB / 378.7 MB
Notification: Performance of sort global known variables: time 2.6e-07/0.4322, allocations: 0 / 0.5101 GB, free: 73.32 MB / 378.7 MB
Notification: Performance of remove unused functions: time 0.002749/0.435, allocations: 0.6129 MB / 0.5106 GB, free: 73.26 MB / 378.7 MB
Notification: Model statistics after passing the back-end for simulation:
 * Number of independent subsystems: 2
 * Number of states: 2 (P1.t_,P2.t_)
 * Number of discrete variables: 121 (P2.disMarksInOut,$cse3[1],$whenCondition5,$whenCondition4,$whenCondition1,$whenCondition2,$whenCondition3,T1.activation.emptied[1],T1.activation.active,T1.activation.weaklyOutputActiveVec[1],T1.activation.NoTokens,P1.outTransition[1].tokenInOut,P1.disMarksInOut,P1.fireIn[1],P1.fireOut[1],P1.enableIn.active[1],P1.enableIn.TEin_[1],P1.enableIn.state128[1],P1.enableIn.state128[2],P1.enableIn.state128[3],P1.enableIn.state128[4],P1.enableIn.TEin[1],P1.enableIn.disTAin[1],P1.enableIn.remTAin[1],P1.enableIn.cumEnablingProb[1],P1.enableIn.arcWeightSum,P1.enableIn.nremTAin,P1.enableIn.nTAin,P1.enableIn.k,P1.enableIn.posTE,P1.enableIn.randNum,P1.enableIn.sumEnablingProbTAin,P1.enableIn.endWhile,P1.enableIn.Index,P1.enableOut.TAout[1],P1.enableOut.TEout_[1],P1.enableOut.state128[1],P1.enableOut.state128[2],P1.enableOut.state128[3],P1.enableOut.state128[4],P1.enableOut.TEout[1],P1.enableOut.disTAout[1],P1.enableOut.remTAout[1],P1.enableOut.cumEnablingProb[1],P1.enableOut.arcWeightSum,P1.enableOut.nremTAout,P1.enableOut.nTAout,P1.enableOut.k,P1.enableOut.posTE,P1.enableOut.randNum,P1.enableOut.sumEnablingProbTAout,P1.enableOut.endWhile,P1.enableOut.Index,P1.delayPassedOut.anytrue,P1.delayPassedOut.numtrue,P1.delayPassedIn.anytrue,P1.delayPassedIn.numtrue,P1.disMarksOut.anytrue,P1.disMarksOut.numtrue,P1.disMarksIn.anytrue,P1.disMarksIn.numtrue,P1.feeding.vec[1],P1.feeding.anytrue,P1.feeding.numtrue,P1.emptying.vec[1],P1.emptying.anytrue,P1.emptying.numtrue,T2.activation.fed[1],T2.activation.emptied[1],T2.activation.active,T2.activation.weaklyInputActiveVec[1],T2.activation.weaklyOutputActiveVec[1],T2.activation.NoTokens,T2.fire_,P2.fireIn[1],P2.enableIn.active[1],P2.enableIn.TEin_[1],P2.enableIn.state128[1],P2.enableIn.state128[2],P2.enableIn.state128[3],P2.enableIn.state128[4],P2.enableIn.TEin[1],P2.enableIn.disTAin[1],P2.enableIn.remTAin[1],P2.enableIn.cumEnablingProb[1],P2.enableIn.arcWeightSum,P2.enableIn.nremTAin,P2.enableIn.nTAin,P2.enableIn.k,P2.enableIn.posTE,P2.enableIn.randNum,P2.enableIn.sumEnablingProbTAin,P2.enableIn.endWhile,P2.enableIn.Index,P2.delayPassedIn.anytrue,P2.delayPassedIn.numtrue,P2.disMarksOut.anytrue,P2.disMarksOut.numtrue,P2.disMarksIn.anytrue,P2.disMarksIn.numtrue,P2.feeding.vec[1],P2.feeding.anytrue,P2.feeding.numtrue,P2.emptying.anytrue,P2.emptying.numtrue,$whenCondition6,P2.enableOut.state128[1],P2.enableOut.state128[2],P2.enableOut.state128[3],P2.enableOut.state128[4],P2.enableOut.arcWeightSum,P2.enableOut.nremTAout,P2.enableOut.nTAout,P2.enableOut.k,P2.enableOut.posTE,P2.enableOut.randNum,P2.enableOut.sumEnablingProbTAout,P2.enableOut.endWhile,P2.enableOut.Index,P2.delayPassedOut.anytrue,P2.delayPassedOut.numtrue)
 * Number of discrete states: 108 (P2.delayPassedOut.numtrue,P2.delayPassedOut.anytrue,P2.enableOut.Index,P2.enableOut.endWhile,P2.enableOut.sumEnablingProbTAout,P2.enableOut.state128[4],P2.enableOut.state128[3],P2.enableOut.state128[2],P2.enableOut.state128[1],P2.enableOut.randNum,P2.enableOut.posTE,P2.enableOut.k,P2.enableOut.nTAout,P2.enableOut.nremTAout,P2.enableOut.arcWeightSum,$whenCondition6,P1.disMarksInOut,P2.fireIn[1],P2.disMarksOut.anytrue,P2.disMarksIn.anytrue,P1.fireIn[1],P1.fireOut[1],P1.disMarksOut.anytrue,P1.disMarksIn.anytrue,P2.emptying.numtrue,P2.emptying.anytrue,P2.feeding.numtrue,P2.feeding.anytrue,P2.disMarksIn.numtrue,P2.disMarksOut.numtrue,P2.delayPassedIn.numtrue,P2.delayPassedIn.anytrue,P1.emptying.numtrue,P1.emptying.anytrue,P1.feeding.numtrue,P1.feeding.anytrue,T2.activation.weaklyOutputActiveVec[1],T2.activation.weaklyInputActiveVec[1],T2.activation.active,T2.activation.NoTokens,P2.enableIn.TEin_[1],P2.enableIn.posTE,P2.enableIn.k,P2.enableIn.endWhile,P2.enableIn.state128[4],P2.enableIn.state128[3],P2.enableIn.state128[2],P2.enableIn.state128[1],P2.enableIn.randNum,P2.enableIn.cumEnablingProb[1],P2.enableIn.sumEnablingProbTAin,P2.enableIn.nTAin,P2.enableIn.nremTAin,P2.enableIn.remTAin[1],P2.enableIn.Index,P2.enableIn.arcWeightSum,P2.enableIn.disTAin[1],$whenCondition3,P2.enableIn.TEin[1],P1.disMarksIn.numtrue,P1.disMarksOut.numtrue,P1.delayPassedIn.numtrue,P1.delayPassedIn.anytrue,P1.delayPassedOut.numtrue,P1.delayPassedOut.anytrue,P1.enableOut.TEout_[1],P1.enableOut.posTE,P1.enableOut.k,P1.enableOut.endWhile,P1.enableOut.state128[4],P1.enableOut.state128[3],P1.enableOut.state128[2],P1.enableOut.state128[1],P1.enableOut.randNum,P1.enableOut.cumEnablingProb[1],P1.enableOut.sumEnablingProbTAout,P1.enableOut.nTAout,P1.enableOut.nremTAout,P1.enableOut.remTAout[1],P1.enableOut.Index,P1.enableOut.arcWeightSum,P1.enableOut.disTAout[1],$whenCondition2,P1.enableOut.TEout[1],T1.activation.weaklyOutputActiveVec[1],T1.activation.active,T1.activation.NoTokens,P1.enableIn.TEin_[1],P1.enableIn.posTE,P1.enableIn.k,P1.enableIn.endWhile,P1.enableIn.state128[4],P1.enableIn.state128[3],P1.enableIn.state128[2],P1.enableIn.state128[1],P1.enableIn.randNum,P1.enableIn.cumEnablingProb[1],P1.enableIn.sumEnablingProbTAin,P1.enableIn.nTAin,P1.enableIn.nremTAin,P1.enableIn.remTAin[1],P1.enableIn.Index,P1.enableIn.arcWeightSum,P1.enableIn.disTAin[1],$whenCondition1,P1.enableIn.TEin[1],P2.disMarkChange,P1.disMarkChange)
 * Number of clocked states: 0 ()
 * Top-level inputs: 0
Notification: Strong component statistics for simulation (62):
 * Single equations (assignments): 42
 * Array equations: 1
 * Algorithm blocks: 18
 * Record equations: 0
 * When equations: 0
 * If-equations: 0
 * Equation systems (not torn): 0
 * Torn equation systems: 1
 * Mixed (continuous/discrete) equation systems: 0
Notification: Torn system details for strict tearing set:
 * Linear torn systems (#iteration vars, #inner vars, density): 0 systems
 * Non-linear torn systems (#iteration vars, #inner vars): 1 system
   {(3,11)}
Notification: Performance of Backend phase and start with SimCode phase: time 0.001379/0.4364, allocations: 0.4896 MB / 0.5111 GB, free: 73.09 MB / 378.7 MB
Notification: Performance of simCode: created initialization part: time 0.006011/0.4424, allocations: 4.977 MB / 0.516 GB, free: 69.42 MB / 378.7 MB
Notification: Performance of simCode: created event and clocks part: time 3.827e-06/0.4424, allocations: 4 kB / 0.516 GB, free: 69.41 MB / 378.7 MB
Notification: Performance of simCode: created simulation system equations: time 0.004228/0.4467, allocations: 5.86 MB / 0.5217 GB, free: 63.38 MB / 378.7 MB
Notification: Performance of simCode: created of all other equations (e.g. parameter, nominal, assert, etc): time 0.0009445/0.4476, allocations: 203.7 kB / 0.5219 GB, free: 63.18 MB / 378.7 MB
Notification: Performance of simCode: created linear, non-linear and system jacobian parts: time 0.005282/0.4529, allocations: 3.512 MB / 0.5253 GB, free: 59.7 MB / 378.7 MB
Notification: Performance of simCode: some other stuff during SimCode phase: time 0.0006895/0.4536, allocations: 1.317 MB / 0.5266 GB, free: 58.37 MB / 378.7 MB
Notification: Performance of simCode: alias equations: time 0.0006294/0.4543, allocations: 266.6 kB / 0.5269 GB, free: 58.12 MB / 378.7 MB
Notification: Performance of simCode: all other stuff during SimCode phase: time 0.0001557/0.4544, allocations: 71.42 kB / 0.5269 GB, free: 58.05 MB / 378.7 MB
Notification: Performance of SimCode: time 7.41e-07/0.4544, allocations: 0 / 0.5269 GB, free: 58.05 MB / 378.7 MB
Notification: Performance of Templates: time 0.03635/0.4908, allocations: 26.5 MB / 0.5528 GB, free: 31.38 MB / 378.7 MB
make -j1 -f PNlib_2.2_PNlib.Examples.ConTest.ZeroPlace.makefile
(rm -f PNlib_2.2_PNlib.Examples.ConTest.ZeroPlace.pipe ; mkfifo PNlib_2.2_PNlib.Examples.ConTest.ZeroPlace.pipe ; head -c 1048576 < PNlib_2.2_PNlib.Examples.ConTest.ZeroPlace.pipe >> ../files/PNlib_2.2_PNlib.Examples.ConTest.ZeroPlace.sim & ./PNlib_2.2_PNlib.Examples.ConTest.ZeroPlace  -abortSlowSimulation -alarm=480  -emit_protected -lv LOG_STATS > PNlib_2.2_PNlib.Examples.ConTest.ZeroPlace.pipe 2>&1)
diffSimulationResults("PNlib_2.2_PNlib.Examples.ConTest.ZeroPlace_res.mat","/home/runner/work/PNlib/PNlib/ReferenceFiles/PNlib.Examples.ConTest.ZeroPlace.mat","../files/PNlib_2.2_PNlib.Examples.ConTest.ZeroPlace.diff",relTol=0.003,relTolDiffMinMax=0.003,rangeDelta=0.001)
Reference file matches
