Running: ./testmodel.py --libraries=/home/runner/.openmodelica/libraries/ --ompython_omhome= PNlib_2.2_PNlib.Examples.ConTest.SingleTC.conf.json
loadFile("/home/runner/.openmodelica/libraries/ModelicaServices 4.0.0+maint.om/package.mo", uses=false)
loadFile("/home/runner/.openmodelica/libraries/Complex 4.0.0+maint.om/package.mo", uses=false)
loadFile("/home/runner/.openmodelica/libraries/Modelica 4.0.0+maint.om/package.mo", uses=false)
loadFile("/home/runner/work/PNlib/PNlib/PNlib/package.mo", uses=false)
Using package PNlib with version 2.2 (/home/runner/work/PNlib/PNlib/PNlib/package.mo)
Using package Modelica with version 4.0.0 (/home/runner/.openmodelica/libraries/Modelica 4.0.0+maint.om/package.mo)
Using package Complex with version 4.0.0 (/home/runner/.openmodelica/libraries/Complex 4.0.0+maint.om/package.mo)
Using package ModelicaServices with version 4.0.0 (/home/runner/.openmodelica/libraries/ModelicaServices 4.0.0+maint.om/package.mo)
Running command: translateModel(PNlib.Examples.ConTest.SingleTC,tolerance=1e-06,outputFormat="mat",numberOfIntervals=5000,variableFilter="T1.fire|T1.instantaneousSpeed|T1.maximumSpeed|time",fileNamePrefix="PNlib_2.2_PNlib.Examples.ConTest.SingleTC")
translateModel(PNlib.Examples.ConTest.SingleTC,tolerance=1e-06,outputFormat="mat",numberOfIntervals=5000,variableFilter="T1.fire|T1.instantaneousSpeed|T1.maximumSpeed|time",fileNamePrefix="PNlib_2.2_PNlib.Examples.ConTest.SingleTC")
Notification: Performance of loadFile(/home/runner/.openmodelica/libraries/ModelicaServices 4.0.0+maint.om/package.mo): time 0.0009386/0.0009386, allocations: 98.14 kB / 15.59 MB, free: 5.242 MB / 13.93 MB
Notification: Performance of loadFile(/home/runner/.openmodelica/libraries/Complex 4.0.0+maint.om/package.mo): time 0.001002/0.001002, allocations: 183.4 kB / 16.51 MB, free: 4.648 MB / 13.93 MB
Notification: Performance of loadFile(/home/runner/.openmodelica/libraries/Modelica 4.0.0+maint.om/package.mo): time 1.654/1.654, allocations: 222.1 MB / 239.4 MB, free: 11.12 MB / 202.7 MB
Notification: Performance of loadFile(/home/runner/work/PNlib/PNlib/PNlib/package.mo): time 0.09444/0.09444, allocations: 16.58 MB / 306.2 MB, free: 10.61 MB / 250.7 MB
Notification: Performance of FrontEnd - loaded program: time 0.0004876/0.0004876, allocations: 16.34 kB / 370.6 MB, free: 44.95 MB / 298.7 MB
Notification: Performance of FrontEnd - Absyn->SCode: time 0.07882/0.07933, allocations: 53.47 MB / 424.1 MB, free: 5.984 MB / 298.7 MB
Notification: Performance of NFInst.instantiate(PNlib.Examples.ConTest.SingleTC): time 0.002248/0.08161, allocations: 1.057 MB / 425.1 MB, free: 4.922 MB / 298.7 MB
Notification: Performance of NFInst.instExpressions: time 0.0007438/0.08238, allocations: 387.2 kB / 425.5 MB, free: 4.543 MB / 298.7 MB
Notification: Performance of NFInst.updateImplicitVariability: time 0.0001066/0.0825, allocations: 3.938 kB / 425.5 MB, free: 4.539 MB / 298.7 MB
Notification: Performance of NFTyping.typeComponents: time 0.0001561/0.08267, allocations: 47.72 kB / 425.5 MB, free: 4.492 MB / 298.7 MB
Notification: Performance of NFTyping.typeBindings: time 0.0002661/0.08295, allocations: 47.64 kB / 425.6 MB, free: 4.445 MB / 298.7 MB
Notification: Performance of NFTyping.typeClassSections: time 0.0002266/0.08318, allocations: 119.8 kB / 425.7 MB, free: 4.328 MB / 298.7 MB
Notification: Performance of NFFlatten.flatten: time 0.00027/0.08347, allocations: 323.3 kB / 426 MB, free: 4.012 MB / 298.7 MB
Notification: Performance of NFFlatten.resolveConnections: time 6.253e-05/0.08354, allocations: 16.41 kB / 426 MB, free: 3.996 MB / 298.7 MB
Notification: Performance of NFEvalConstants.evaluate: time 0.0001174/0.08366, allocations: 147.6 kB / 426.2 MB, free: 3.852 MB / 298.7 MB
Notification: Performance of NFSimplifyModel.simplify: time 8.254e-05/0.08375, allocations: 43.55 kB / 426.2 MB, free: 3.809 MB / 298.7 MB
Notification: Performance of NFPackage.collectConstants: time 2.022e-05/0.08378, allocations: 8 kB / 426.2 MB, free: 3.801 MB / 298.7 MB
Notification: Performance of NFFlatten.collectFunctions: time 0.0001252/0.08391, allocations: 67.92 kB / 426.3 MB, free: 3.734 MB / 298.7 MB
Notification: Performance of NFScalarize.scalarize: time 6.667e-05/0.08399, allocations: 27.8 kB / 426.3 MB, free: 3.707 MB / 298.7 MB
Notification: Performance of NFVerifyModel.verify: time 4.434e-05/0.08404, allocations: 31.75 kB / 426.4 MB, free: 3.676 MB / 298.7 MB
Notification: Performance of NFConvertDAE.convert: time 0.0001674/0.08421, allocations: 111.7 kB / 426.5 MB, free: 3.566 MB / 298.7 MB
Notification: Performance of FrontEnd - DAE generated: time 3.928e-06/0.08423, allocations: 0 / 426.5 MB, free: 3.566 MB / 298.7 MB
Notification: Performance of FrontEnd: time 1.673e-06/0.08423, allocations: 0 / 426.5 MB, free: 3.566 MB / 298.7 MB
Notification: Performance of Transformations before backend: time 5.69e-06/0.08425, allocations: 3.562 kB / 426.5 MB, free: 3.566 MB / 298.7 MB
Notification: Model statistics after passing the front-end and creating the data structures used by the back-end:
 * Number of equations: 15
 * Number of variables: 15
Notification: Performance of Generate backend data structure: time 0.0004038/0.08466, allocations: 433 kB / 426.9 MB, free: 3.09 MB / 298.7 MB
Notification: Performance of prepare preOptimizeDAE: time 3.326e-05/0.0847, allocations: 15.97 kB / 426.9 MB, free: 3.074 MB / 298.7 MB
Notification: Performance of preOpt normalInlineFunction (simulation): time 4.366e-05/0.08475, allocations: 12.75 kB / 426.9 MB, free: 3.062 MB / 298.7 MB
Notification: Performance of preOpt evaluateParameters (simulation): time 0.0001428/0.0849, allocations: 197.4 kB / 427.1 MB, free: 2.832 MB / 298.7 MB
Notification: Performance of preOpt simplifyIfEquations (simulation): time 1.984e-05/0.08492, allocations: 8.359 kB / 427.1 MB, free: 2.824 MB / 298.7 MB
Notification: Performance of preOpt expandDerOperator (simulation): time 4.384e-05/0.08497, allocations: 11.94 kB / 427.1 MB, free: 2.812 MB / 298.7 MB
Notification: Performance of preOpt clockPartitioning (simulation): time 0.0001752/0.08516, allocations: 97.97 kB / 427.2 MB, free: 2.695 MB / 298.7 MB
Notification: Performance of preOpt findStateOrder (simulation): time 9.378e-06/0.08517, allocations: 0 / 427.2 MB, free: 2.695 MB / 298.7 MB
Notification: Performance of preOpt replaceEdgeChange (simulation): time 1.4e-05/0.08519, allocations: 8 kB / 427.2 MB, free: 2.688 MB / 298.7 MB
Notification: Performance of preOpt inlineArrayEqn (simulation): time 4.859e-06/0.08521, allocations: 3.938 kB / 427.2 MB, free: 2.684 MB / 298.7 MB
Notification: Performance of preOpt removeEqualRHS (simulation): time 0.0001021/0.08531, allocations: 47.91 kB / 427.3 MB, free: 2.637 MB / 298.7 MB
Notification: Performance of preOpt removeSimpleEquations (simulation): time 0.0006093/0.08593, allocations: 0.8237 MB / 428.1 MB, free: 1.711 MB / 298.7 MB
Notification: Performance of preOpt comSubExp (simulation): time 0.0001605/0.0861, allocations: 50.5 kB / 428.2 MB, free: 1.652 MB / 298.7 MB
Notification: Performance of preOpt resolveLoops (simulation): time 3.821e-05/0.08615, allocations: 21.05 kB / 428.2 MB, free: 1.629 MB / 298.7 MB
Notification: Performance of preOpt evalFunc (simulation): time 2.038e-05/0.08618, allocations: 4 kB / 428.2 MB, free: 1.625 MB / 298.7 MB
Notification: Performance of preOpt encapsulateWhenConditions (simulation): time 1.341e-05/0.0862, allocations: 30.56 kB / 428.2 MB, free: 1.586 MB / 298.7 MB
Notification: Performance of pre-optimization done (n=6): time 1.323e-06/0.08621, allocations: 0 / 428.2 MB, free: 1.586 MB / 298.7 MB
Notification: Performance of matching and sorting (n=6): time 0.0002225/0.08643, allocations: 131.1 kB / 428.3 MB, free: 1.445 MB / 298.7 MB
Notification: Performance of inlineWhenForInitialization (initialization): time 2.417e-05/0.08647, allocations: 77.11 kB / 428.4 MB, free: 1.352 MB / 298.7 MB
Notification: Performance of selectInitializationVariablesDAE (initialization): time 0.000119/0.0866, allocations: 170.2 kB / 428.6 MB, free: 1.176 MB / 298.7 MB
Notification: Performance of collectPreVariables (initialization): time 8.817e-06/0.08661, allocations: 25.7 kB / 428.6 MB, free: 1.145 MB / 298.7 MB
Notification: Performance of collectInitialEqns (initialization): time 5.451e-05/0.08667, allocations: 119.9 kB / 428.7 MB, free: 1.023 MB / 298.7 MB
Notification: Performance of collectInitialBindings (initialization): time 1.256e-05/0.08669, allocations: 11.8 kB / 428.7 MB, free: 1.012 MB / 298.7 MB
Notification: Performance of simplifyInitialFunctions (initialization): time 5.061e-05/0.08675, allocations: 37.61 kB / 428.8 MB, free: 0.9688 MB / 298.7 MB
Notification: Performance of setup shared object (initialization): time 5.149e-05/0.0868, allocations: 322.8 kB / 429.1 MB, free: 0.6445 MB / 298.7 MB
Notification: Performance of preBalanceInitialSystem (initialization): time 5.158e-05/0.08686, allocations: 23.98 kB / 429.1 MB, free: 0.6211 MB / 298.7 MB
Notification: Performance of partitionIndependentBlocks (initialization): time 5.757e-05/0.08693, allocations: 56.33 kB / 429.2 MB, free: 0.5508 MB / 298.7 MB
Notification: Performance of analyzeInitialSystem (initialization): time 0.000113/0.08705, allocations: 127.6 kB / 429.3 MB, free: 408 kB / 298.7 MB
Notification: Performance of solveInitialSystemEqSystem (initialization): time 2.194e-06/0.08706, allocations: 0 / 429.3 MB, free: 408 kB / 298.7 MB
Notification: Performance of matching and sorting (n=12) (initialization): time 0.0001865/0.08725, allocations: 147.1 kB / 429.4 MB, free: 248 kB / 298.7 MB
Notification: Performance of prepare postOptimizeDAE: time 2.42e-05/0.08729, allocations: 29.7 kB / 429.5 MB, free: 212 kB / 298.7 MB
Notification: Performance of postOpt simplifyComplexFunction (initialization): time 5.07e-06/0.0873, allocations: 4 kB / 429.5 MB, free: 208 kB / 298.7 MB
Notification: Performance of postOpt tearingSystem (initialization): time 1.353e-05/0.08732, allocations: 3.938 kB / 429.5 MB, free: 204 kB / 298.7 MB
Notification: Performance of postOpt solveSimpleEquations (initialization): time 6.886e-05/0.08739, allocations: 16.23 kB / 429.5 MB, free: 188 kB / 298.7 MB
Notification: Performance of postOpt calculateStrongComponentJacobians (initialization): time 6.021e-06/0.08741, allocations: 3.938 kB / 429.5 MB, free: 184 kB / 298.7 MB
Notification: Performance of postOpt simplifyAllExpressions (initialization): time 4.965e-05/0.08746, allocations: 15.84 kB / 429.5 MB, free: 168 kB / 298.7 MB
Notification: Performance of postOpt collapseArrayExpressions (initialization): time 1.385e-05/0.08748, allocations: 11.5 kB / 429.5 MB, free: 160 kB / 298.7 MB
Notification: Model statistics after passing the back-end for initialization:
 * Number of independent subsystems: 5
 * Number of states: 0 ()
 * Number of discrete variables: 5 (T1.firingCon,T1.fire_,T1.activation.NoTokens,T1.activation.active,T1.fire)
 * Number of discrete states: 0 ()
 * Number of clocked states: 0 ()
 * Top-level inputs: 0
Notification: Strong component statistics for initialization (11):
 * Single equations (assignments): 10
 * Array equations: 0
 * Algorithm blocks: 1
 * Record equations: 0
 * When equations: 0
 * If-equations: 0
 * Equation systems (not torn): 0
 * Torn equation systems: 0
 * Mixed (continuous/discrete) equation systems: 0
Notification: Performance of prepare postOptimizeDAE: time 0.0001202/0.08761, allocations: 155.5 kB / 429.7 MB, free: 15.99 MB / 314.7 MB
Notification: Performance of postOpt lateInlineFunction (simulation): time 4.294e-05/0.08766, allocations: 11.91 kB / 429.7 MB, free: 15.98 MB / 314.7 MB
Notification: Performance of postOpt wrapFunctionCalls (simulation): time 0.0002456/0.08791, allocations: 129.4 kB / 429.8 MB, free: 15.84 MB / 314.7 MB
Notification: Performance of postOpt inlineArrayEqn (simulation): time 2.816e-06/0.08793, allocations: 0 / 429.8 MB, free: 15.84 MB / 314.7 MB
Notification: Performance of postOpt constantLinearSystem (simulation): time 3.476e-06/0.08794, allocations: 0 / 429.8 MB, free: 15.84 MB / 314.7 MB
Notification: Performance of postOpt simplifysemiLinear (simulation): time 2.394e-06/0.08795, allocations: 0 / 429.8 MB, free: 15.84 MB / 314.7 MB
Notification: Performance of postOpt removeSimpleEquations (simulation): time 0.0001966/0.08815, allocations: 189.6 kB / 430 MB, free: 15.61 MB / 314.7 MB
Notification: Performance of postOpt simplifyComplexFunction (simulation): time 1.252e-06/0.08816, allocations: 0 / 430 MB, free: 15.61 MB / 314.7 MB
Notification: Performance of postOpt solveSimpleEquations (simulation): time 2.863e-05/0.0882, allocations: 8 kB / 430 MB, free: 15.6 MB / 314.7 MB
Notification: Performance of postOpt tearingSystem (simulation): time 2.043e-06/0.0882, allocations: 0 / 430 MB, free: 15.6 MB / 314.7 MB
Notification: Performance of postOpt inputDerivativesUsed (simulation): time 1.203e-05/0.08822, allocations: 7.938 kB / 430 MB, free: 15.59 MB / 314.7 MB
Notification: Performance of postOpt calculateStrongComponentJacobians (simulation): time 1.473e-06/0.08823, allocations: 0 / 430 MB, free: 15.59 MB / 314.7 MB
Notification: Performance of postOpt calculateStateSetsJacobians (simulation): time 8.52e-07/0.08823, allocations: 0 / 430 MB, free: 15.59 MB / 314.7 MB
Notification: Performance of postOpt symbolicJacobian (simulation): time 0.0001903/0.08843, allocations: 122.7 kB / 430.1 MB, free: 15.45 MB / 314.7 MB
Notification: Performance of postOpt removeConstants (simulation): time 6.662e-05/0.08851, allocations: 92.86 kB / 430.2 MB, free: 15.34 MB / 314.7 MB
Notification: Performance of postOpt simplifyTimeIndepFuncCalls (simulation): time 3.007e-05/0.08854, allocations: 11.92 kB / 430.2 MB, free: 15.32 MB / 314.7 MB
Notification: Performance of postOpt simplifyAllExpressions (simulation): time 2.72e-05/0.08858, allocations: 4 kB / 430.2 MB, free: 15.32 MB / 314.7 MB
Notification: Performance of postOpt findZeroCrossings (simulation): time 2.797e-05/0.08862, allocations: 4 kB / 430.2 MB, free: 15.32 MB / 314.7 MB
Notification: Performance of postOpt collapseArrayExpressions (simulation): time 5.039e-06/0.08863, allocations: 3.938 kB / 430.2 MB, free: 15.31 MB / 314.7 MB
Notification: Performance of sorting global known variables: time 0.000124/0.08876, allocations: 127.8 kB / 430.4 MB, free: 15.19 MB / 314.7 MB
Notification: Performance of sort global known variables: time 1.9e-07/0.08876, allocations: 0 / 430.4 MB, free: 15.19 MB / 314.7 MB
Notification: Performance of remove unused functions: time 0.0003282/0.0891, allocations: 27.98 kB / 430.4 MB, free: 15.16 MB / 314.7 MB
Notification: Model statistics after passing the back-end for simulation:
 * Number of independent subsystems: 1
 * Number of states: 0 ()
 * Number of discrete variables: 3 (T1.fire,T1.activation.active,T1.activation.NoTokens)
 * Number of discrete states: 2 (T1.activation.active,T1.activation.NoTokens)
 * Number of clocked states: 0 ()
 * Top-level inputs: 0
Notification: Strong component statistics for simulation (4):
 * Single equations (assignments): 3
 * Array equations: 0
 * Algorithm blocks: 1
 * Record equations: 0
 * When equations: 0
 * If-equations: 0
 * Equation systems (not torn): 0
 * Torn equation systems: 0
 * Mixed (continuous/discrete) equation systems: 0
Notification: Performance of Backend phase and start with SimCode phase: time 0.0001594/0.08927, allocations: 107.2 kB / 430.5 MB, free: 15.04 MB / 314.7 MB
Notification: Performance of simCode: created initialization part: time 0.0002505/0.08953, allocations: 115.5 kB / 430.6 MB, free: 14.92 MB / 314.7 MB
Notification: Performance of simCode: created event and clocks part: time 1.964e-06/0.08955, allocations: 4 kB / 430.6 MB, free: 14.91 MB / 314.7 MB
Notification: Performance of simCode: created simulation system equations: time 8.074e-05/0.08963, allocations: 71.39 kB / 430.7 MB, free: 14.83 MB / 314.7 MB
Notification: Performance of simCode: created of all other equations (e.g. parameter, nominal, assert, etc): time 0.000238/0.08988, allocations: 10.19 kB / 430.7 MB, free: 14.82 MB / 314.7 MB
Notification: Performance of simCode: created linear, non-linear and system jacobian parts: time 0.0005401/0.09043, allocations: 245.7 kB / 430.9 MB, free: 14.56 MB / 314.7 MB
Notification: Performance of simCode: some other stuff during SimCode phase: time 0.0003477/0.09079, allocations: 0.7042 MB / 431.6 MB, free: 13.83 MB / 314.7 MB
Notification: Performance of simCode: alias equations: time 0.0001063/0.09091, allocations: 52.28 kB / 431.7 MB, free: 13.78 MB / 314.7 MB
Notification: Performance of simCode: all other stuff during SimCode phase: time 3.393e-05/0.09095, allocations: 19.42 kB / 431.7 MB, free: 13.76 MB / 314.7 MB
Notification: Performance of SimCode: time 4.11e-07/0.09096, allocations: 3.469 kB / 431.7 MB, free: 13.76 MB / 314.7 MB
Notification: Performance of Templates: time 0.00373/0.09469, allocations: 0.8714 MB / 432.6 MB, free: 12.89 MB / 314.7 MB
make -j1 -f PNlib_2.2_PNlib.Examples.ConTest.SingleTC.makefile
(rm -f PNlib_2.2_PNlib.Examples.ConTest.SingleTC.pipe ; mkfifo PNlib_2.2_PNlib.Examples.ConTest.SingleTC.pipe ; head -c 1048576 < PNlib_2.2_PNlib.Examples.ConTest.SingleTC.pipe >> ../files/PNlib_2.2_PNlib.Examples.ConTest.SingleTC.sim & ./PNlib_2.2_PNlib.Examples.ConTest.SingleTC  -abortSlowSimulation -alarm=480  -emit_protected -lv LOG_STATS > PNlib_2.2_PNlib.Examples.ConTest.SingleTC.pipe 2>&1)
diffSimulationResults("PNlib_2.2_PNlib.Examples.ConTest.SingleTC_res.mat","/home/runner/work/PNlib/PNlib/ReferenceFiles/PNlib.Examples.ConTest.SingleTC.mat","../files/PNlib_2.2_PNlib.Examples.ConTest.SingleTC.diff",relTol=0.003,relTolDiffMinMax=0.003,rangeDelta=0.001)
Reference file matches
