Running: ./testmodel.py --libraries=/home/runner/.openmodelica/libraries/ --ompython_omhome= PNlib_2.2_PNlib.Examples.ConTest.TCtoPCfunction.conf.json
loadFile("/home/runner/.openmodelica/libraries/ModelicaServices 4.0.0+maint.om/package.mo", uses=false)
loadFile("/home/runner/.openmodelica/libraries/Complex 4.0.0+maint.om/package.mo", uses=false)
loadFile("/home/runner/.openmodelica/libraries/Modelica 4.0.0+maint.om/package.mo", uses=false)
loadFile("/home/runner/work/PNlib/PNlib/PNlib/package.mo", uses=false)
Using package PNlib with version 2.2 (/home/runner/work/PNlib/PNlib/PNlib/package.mo)
Using package Modelica with version 4.0.0 (/home/runner/.openmodelica/libraries/Modelica 4.0.0+maint.om/package.mo)
Using package Complex with version 4.0.0 (/home/runner/.openmodelica/libraries/Complex 4.0.0+maint.om/package.mo)
Using package ModelicaServices with version 4.0.0 (/home/runner/.openmodelica/libraries/ModelicaServices 4.0.0+maint.om/package.mo)
Running command: translateModel(PNlib.Examples.ConTest.TCtoPCfunction,tolerance=1e-06,outputFormat="mat",numberOfIntervals=5000,variableFilter="P1.t|T1.fire|T1.instantaneousSpeed|T1.maximumSpeed|time",fileNamePrefix="PNlib_2.2_PNlib.Examples.ConTest.TCtoPCfunction")
translateModel(PNlib.Examples.ConTest.TCtoPCfunction,tolerance=1e-06,outputFormat="mat",numberOfIntervals=5000,variableFilter="P1.t|T1.fire|T1.instantaneousSpeed|T1.maximumSpeed|time",fileNamePrefix="PNlib_2.2_PNlib.Examples.ConTest.TCtoPCfunction")
Notification: Performance of loadFile(/home/runner/.openmodelica/libraries/ModelicaServices 4.0.0+maint.om/package.mo): time 0.001268/0.001269, allocations: 99.56 kB / 15.59 MB, free: 5.234 MB / 13.93 MB
Notification: Performance of loadFile(/home/runner/.openmodelica/libraries/Complex 4.0.0+maint.om/package.mo): time 0.001565/0.001565, allocations: 179.7 kB / 16.51 MB, free: 4.645 MB / 13.93 MB
Notification: Performance of loadFile(/home/runner/.openmodelica/libraries/Modelica 4.0.0+maint.om/package.mo): time 1.667/1.667, allocations: 222.1 MB / 239.4 MB, free: 11.14 MB / 202.7 MB
Notification: Performance of loadFile(/home/runner/work/PNlib/PNlib/PNlib/package.mo): time 0.1031/0.1031, allocations: 16.57 MB / 306.2 MB, free: 10.61 MB / 250.7 MB
Notification: Performance of FrontEnd - loaded program: time 0.0006057/0.0006058, allocations: 15.28 kB / 370.6 MB, free: 44.87 MB / 298.7 MB
Notification: Performance of FrontEnd - Absyn->SCode: time 0.0791/0.07973, allocations: 53.46 MB / 424.1 MB, free: 5.98 MB / 298.7 MB
Notification: Performance of NFInst.instantiate(PNlib.Examples.ConTest.TCtoPCfunction): time 0.00286/0.08263, allocations: 1.992 MB / 426 MB, free: 3.984 MB / 298.7 MB
Notification: Performance of NFInst.instExpressions: time 0.002562/0.08521, allocations: 1.684 MB / 427.7 MB, free: 2.301 MB / 298.7 MB
Notification: Performance of NFInst.updateImplicitVariability: time 0.0002168/0.08544, allocations: 11.94 kB / 427.7 MB, free: 2.289 MB / 298.7 MB
Notification: Performance of NFTyping.typeComponents: time 0.0002802/0.08573, allocations: 127 kB / 427.9 MB, free: 2.164 MB / 298.7 MB
Notification: Performance of NFTyping.typeBindings: time 0.0004247/0.08617, allocations: 123 kB / 428 MB, free: 2.043 MB / 298.7 MB
Notification: Performance of NFTyping.typeClassSections: time 0.001195/0.08737, allocations: 0.7043 MB / 428.7 MB, free: 1.34 MB / 298.7 MB
Notification: Performance of NFFlatten.flatten: time 0.001031/0.08842, allocations: 1.405 MB / 430.1 MB, free: 15.93 MB / 314.7 MB
Notification: Performance of NFFlatten.resolveConnections: time 0.0002946/0.08873, allocations: 155.9 kB / 430.3 MB, free: 15.78 MB / 314.7 MB
Notification: Performance of NFEvalConstants.evaluate: time 0.000617/0.08935, allocations: 0.5298 MB / 430.8 MB, free: 15.25 MB / 314.7 MB
Notification: Performance of NFSimplifyModel.simplify: time 0.0006826/0.09004, allocations: 330.3 kB / 431.1 MB, free: 14.92 MB / 314.7 MB
Notification: Performance of NFPackage.collectConstants: time 0.000109/0.09016, allocations: 76 kB / 431.2 MB, free: 14.85 MB / 314.7 MB
Notification: Performance of NFFlatten.collectFunctions: time 0.0005624/0.09073, allocations: 459.4 kB / 431.6 MB, free: 14.4 MB / 314.7 MB
Notification: Performance of NFScalarize.scalarize: time 0.0001662/0.09091, allocations: 159.4 kB / 431.8 MB, free: 14.24 MB / 314.7 MB
Notification: Performance of NFVerifyModel.verify: time 0.0002942/0.09122, allocations: 342.4 kB / 432.1 MB, free: 13.91 MB / 314.7 MB
Notification: Performance of NFConvertDAE.convert: time 0.001033/0.09226, allocations: 1.048 MB / 433.2 MB, free: 12.86 MB / 314.7 MB
Notification: Performance of FrontEnd - DAE generated: time 4.178e-06/0.09227, allocations: 0 / 433.2 MB, free: 12.86 MB / 314.7 MB
Notification: Performance of FrontEnd: time 1.864e-06/0.09228, allocations: 4 kB / 433.2 MB, free: 12.85 MB / 314.7 MB
Notification: Performance of Transformations before backend: time 9.267e-06/0.0923, allocations: 0 / 433.2 MB, free: 12.85 MB / 314.7 MB
Notification: Model statistics after passing the front-end and creating the data structures used by the back-end:
 * Number of equations: 165
 * Number of variables: 165
Notification: Performance of Generate backend data structure: time 0.001433/0.09374, allocations: 1.255 MB / 434.4 MB, free: 11.48 MB / 314.7 MB
Notification: Performance of prepare preOptimizeDAE: time 3.321e-05/0.09378, allocations: 12.03 kB / 434.4 MB, free: 11.47 MB / 314.7 MB
Notification: Performance of preOpt normalInlineFunction (simulation): time 0.0007469/0.09453, allocations: 136 kB / 434.6 MB, free: 11.34 MB / 314.7 MB
Notification: Performance of preOpt evaluateParameters (simulation): time 0.0007117/0.09526, allocations: 411 kB / 435 MB, free: 10.89 MB / 314.7 MB
Notification: Performance of preOpt simplifyIfEquations (simulation): time 0.0001229/0.09539, allocations: 142.7 kB / 435.1 MB, free: 10.73 MB / 314.7 MB
Notification: Performance of preOpt expandDerOperator (simulation): time 0.0001205/0.09552, allocations: 71.84 kB / 435.2 MB, free: 10.67 MB / 314.7 MB
Notification: Performance of preOpt clockPartitioning (simulation): time 0.001637/0.09717, allocations: 1.13 MB / 436.3 MB, free: 9.484 MB / 314.7 MB
Notification: Performance of preOpt findStateOrder (simulation): time 2.318e-05/0.0972, allocations: 0 / 436.3 MB, free: 9.484 MB / 314.7 MB
Notification: Performance of preOpt replaceEdgeChange (simulation): time 8.95e-05/0.0973, allocations: 39.92 kB / 436.3 MB, free: 9.445 MB / 314.7 MB
Notification: Performance of preOpt inlineArrayEqn (simulation): time 9.726e-05/0.0974, allocations: 56.95 kB / 436.4 MB, free: 9.391 MB / 314.7 MB
Notification: Performance of preOpt removeEqualRHS (simulation): time 0.001535/0.09895, allocations: 0.7692 MB / 437.2 MB, free: 8.621 MB / 314.7 MB
Notification: Performance of preOpt removeSimpleEquations (simulation): time 0.00332/0.1023, allocations: 2.819 MB / 440 MB, free: 5.668 MB / 314.7 MB
Notification: Performance of preOpt comSubExp (simulation): time 0.001448/0.1037, allocations: 1.095 MB / 441.1 MB, free: 4.555 MB / 314.7 MB
Notification: Performance of preOpt resolveLoops (simulation): time 0.0009512/0.1047, allocations: 0.9671 MB / 442.1 MB, free: 3.582 MB / 314.7 MB
Notification: Performance of preOpt evalFunc (simulation): time 0.002053/0.1068, allocations: 2.872 MB / 444.9 MB, free: 84 kB / 314.7 MB
Notification: Performance of preOpt encapsulateWhenConditions (simulation): time 0.001219/0.108, allocations: 0.688 MB / 445.6 MB, free: 15.37 MB / 330.7 MB
Notification: Performance of pre-optimization done (n=68): time 2.475e-06/0.108, allocations: 0 / 445.6 MB, free: 15.37 MB / 330.7 MB
Notification: Performance of matching and sorting (n=68): time 0.003705/0.1117, allocations: 2.158 MB / 447.8 MB, free: 13.12 MB / 330.7 MB
Notification: Performance of inlineWhenForInitialization (initialization): time 0.0001625/0.1119, allocations: 0.536 MB / 448.3 MB, free: 12.48 MB / 330.7 MB
Notification: Performance of selectInitializationVariablesDAE (initialization): time 0.0003242/0.1123, allocations: 368 kB / 448.7 MB, free: 12.11 MB / 330.7 MB
Notification: Performance of collectPreVariables (initialization): time 6.897e-05/0.1123, allocations: 61.69 kB / 448.7 MB, free: 12.04 MB / 330.7 MB
Notification: Performance of collectInitialEqns (initialization): time 0.0003012/0.1126, allocations: 252.3 kB / 449 MB, free: 11.79 MB / 330.7 MB
Notification: Performance of collectInitialBindings (initialization): time 0.0001281/0.1128, allocations: 181.8 kB / 449.2 MB, free: 11.61 MB / 330.7 MB
Notification: Performance of simplifyInitialFunctions (initialization): time 0.0002501/0.113, allocations: 202.5 kB / 449.3 MB, free: 11.41 MB / 330.7 MB
Notification: Performance of setup shared object (initialization): time 7.061e-05/0.1131, allocations: 366.7 kB / 449.7 MB, free: 11.04 MB / 330.7 MB
Notification: Performance of preBalanceInitialSystem (initialization): time 0.0005542/0.1137, allocations: 337.8 kB / 450 MB, free: 10.71 MB / 330.7 MB
Notification: Performance of partitionIndependentBlocks (initialization): time 0.0006631/0.1143, allocations: 0.6304 MB / 450.7 MB, free: 9.941 MB / 330.7 MB
Notification: Performance of analyzeInitialSystem (initialization): time 0.00161/0.116, allocations: 1.614 MB / 452.3 MB, free: 8.078 MB / 330.7 MB
Notification: Performance of solveInitialSystemEqSystem (initialization): time 7.223e-06/0.116, allocations: 4 kB / 452.3 MB, free: 8.074 MB / 330.7 MB
Notification: Performance of matching and sorting (n=125) (initialization): time 0.0022/0.1182, allocations: 1.558 MB / 453.8 MB, free: 6.438 MB / 330.7 MB
Notification: Performance of prepare postOptimizeDAE: time 0.0001267/0.1183, allocations: 362.6 kB / 454.2 MB, free: 6.016 MB / 330.7 MB
Notification: Performance of postOpt simplifyComplexFunction (initialization): time 0.001423/0.1198, allocations: 0.7438 MB / 454.9 MB, free: 5.242 MB / 330.7 MB
Notification: Performance of postOpt tearingSystem (initialization): time 0.0003972/0.1202, allocations: 84.78 kB / 455 MB, free: 5.156 MB / 330.7 MB
Notification: Performance of postOpt solveSimpleEquations (initialization): time 0.0003824/0.1206, allocations: 103.7 kB / 455.1 MB, free: 5.055 MB / 330.7 MB
Notification: Performance of postOpt calculateStrongComponentJacobians (initialization): time 0.000368/0.121, allocations: 0.6147 MB / 455.7 MB, free: 4.414 MB / 330.7 MB
Notification: Performance of postOpt simplifyAllExpressions (initialization): time 0.0004345/0.1214, allocations: 107.2 kB / 455.8 MB, free: 4.309 MB / 330.7 MB
Notification: Performance of postOpt collapseArrayExpressions (initialization): time 8.52e-05/0.1215, allocations: 51.98 kB / 455.9 MB, free: 4.258 MB / 330.7 MB
Warning: Assuming fixed start value for the following 18 variables:
         P1.enableOut.Index:DISCRETE(fixed = true protected = true )  type: Integer
         P1.enableOut.endWhile:DISCRETE(fixed = true protected = true )  type: Boolean
         P1.enableOut.sumEnablingProbTAout:DISCRETE(fixed = true protected = true )  "sum of the enabling probabilities of the active output transitions" type: Real
         P1.enableOut.posTE:DISCRETE(fixed = true protected = true )  "possible enabled transition" type: Integer
         P1.enableOut.k:DISCRETE(fixed = true protected = true )  "iteration index" type: Integer
         P1.enableOut.nTAout:DISCRETE(fixed = true protected = true )  "number of active output transitions" type: Integer
         P1.enableOut.nremTAout:DISCRETE(fixed = true protected = true )  "number of remaining active output transitions" type: Integer
         P1.enableOut.arcWeightSum:DISCRETE(fixed = true protected = true )  "arc weight sum" type: Real
         P1.enableIn.posTE:DISCRETE(fixed = true protected = true )  "possible enabled transition" type: Integer
         P1.enableIn.k:DISCRETE(fixed = true protected = true )  "iteration index" type: Integer
         P1.enableIn.endWhile:DISCRETE(fixed = true protected = true )  type: Boolean
         P1.enableIn.sumEnablingProbTAin:DISCRETE(fixed = true protected = true )  "sum of the enabling probabilities of the active input transitions" type: Real
         P1.enableIn.nTAin:DISCRETE(fixed = true protected = true )  "number ofactive input transitions" type: Integer
         P1.enableIn.nremTAin:DISCRETE(fixed = true protected = true )  "number of remaining active input transitions" type: Integer
         P1.enableIn.Index:DISCRETE(fixed = true protected = true )  "priority Index" type: Integer
         P1.enableIn.arcWeightSum:DISCRETE(fixed = true protected = true )  "arc weight sum" type: Real
         P1.disMarksIn.anytrue:DISCRETE(fixed = true protected = true )  type: Boolean
         P1.disMarksOut.anytrue:DISCRETE(fixed = true protected = true )  type: Boolean
Notification: Model statistics after passing the back-end for initialization:
 * Number of independent subsystems: 42
 * Number of states: 0 ()
 * Number of discrete variables: 101 ($PRE.P1.enableOut.Index,P1.enableOut.Index,$PRE.P1.enableOut.endWhile,P1.enableOut.endWhile,$PRE.P1.enableOut.sumEnablingProbTAout,P1.enableOut.sumEnablingProbTAout,P1.enableOut.randNum,$PRE.P1.enableOut.randNum,P1.enableOut.state128[4],$PRE.P1.enableOut.state128[4],P1.enableOut.state128[3],$PRE.P1.enableOut.state128[3],P1.enableOut.state128[2],$PRE.P1.enableOut.state128[2],P1.enableOut.state128[1],$PRE.P1.enableOut.state128[1],$PRE.P1.enableOut.posTE,P1.enableOut.posTE,$PRE.P1.enableOut.k,P1.enableOut.k,$PRE.P1.enableOut.nTAout,P1.enableOut.nTAout,$PRE.P1.enableOut.nremTAout,P1.enableOut.nremTAout,$PRE.P1.enableOut.arcWeightSum,P1.enableOut.arcWeightSum,P1.delayPassedOut.numtrue,P1.delayPassedOut.anytrue,$whenCondition3,$PRE.P1.enableIn.posTE,P1.enableIn.posTE,$PRE.P1.enableIn.k,P1.enableIn.k,$PRE.P1.enableIn.endWhile,P1.enableIn.endWhile,P1.enableIn.randNum,$PRE.P1.enableIn.randNum,P1.enableIn.state128[4],$PRE.P1.enableIn.state128[4],P1.enableIn.state128[3],$PRE.P1.enableIn.state128[3],P1.enableIn.state128[2],$PRE.P1.enableIn.state128[2],P1.enableIn.state128[1],$PRE.P1.enableIn.state128[1],P1.enableIn.cumEnablingProb[1],$PRE.P1.enableIn.cumEnablingProb[1],$PRE.P1.enableIn.sumEnablingProbTAin,P1.enableIn.sumEnablingProbTAin,$PRE.P1.enableIn.nTAin,P1.enableIn.nTAin,$PRE.P1.enableIn.nremTAin,P1.enableIn.nremTAin,P1.enableIn.remTAin[1],$PRE.P1.enableIn.remTAin[1],$PRE.P1.enableIn.Index,P1.enableIn.Index,$PRE.P1.enableIn.arcWeightSum,P1.enableIn.arcWeightSum,P1.enableIn.disTAin[1],$PRE.P1.enableIn.disTAin[1],$PRE.P1.disMarksIn.anytrue,$PRE.P1.disMarksOut.anytrue,P1.disMarksInOut,$whenCondition2,P1.disMarksOut.numtrue,P1.disMarksOut.anytrue,P1.inTransition[1].disPlace,P1.inTransition[1].maxTokensint,P1.inTransition[1].tint,T1.outPlaces[1].disTransition,T1.outPlaces[1].enabledByInPlaces,P1.reStart,T1.firingCon,P1.disMarksIn.vec[1],P1.disMarksIn.numtrue,P1.disMarksIn.anytrue,T1.fire_,T1.activation.arcWeightIntOut[1],P1.delayPassedIn.vec[1],T1.activation.disPlaceOut[1],T1.activation.maxTokensInt[1],T1.activation.tIntOut[1],P1.emptying.numtrue,P1.emptying.anytrue,P1.feeding.numtrue,P1.feeding.anytrue,P1.feeding.vec[1],P1.delayPassedIn.numtrue,P1.delayPassedIn.anytrue,P1.enableIn.TEin[1],$PRE.P1.enableIn.TEin[1],P1.enableIn.TEin_[1],P1.enableIn.active[1],P1.fireIn[1],$PRE.P1.fireIn[1],T1.activation.NoTokens,T1.activation.weaklyOutputActiveVec[1],T1.activation.active,T1.activation.emptied[1],$whenCondition1)
 * Number of discrete states: 0 ()
 * Number of clocked states: 0 ()
 * Top-level inputs: 0
Notification: Strong component statistics for initialization (105):
 * Single equations (assignments): 93
 * Array equations: 0
 * Algorithm blocks: 11
 * Record equations: 0
 * When equations: 0
 * If-equations: 0
 * Equation systems (not torn): 0
 * Torn equation systems: 1
 * Mixed (continuous/discrete) equation systems: 0
Notification: Torn system details for strict tearing set:
 * Linear torn systems (#iteration vars, #inner vars, density): 0 systems
 * Non-linear torn systems (#iteration vars, #inner vars): 1 system
   {(1,3)}
Notification: Performance of prepare postOptimizeDAE: time 0.0008126/0.1223, allocations: 0.7189 MB / 456.6 MB, free: 3.477 MB / 330.7 MB
Notification: Performance of postOpt lateInlineFunction (simulation): time 0.0001657/0.1225, allocations: 75.36 kB / 456.7 MB, free: 3.402 MB / 330.7 MB
Notification: Performance of postOpt wrapFunctionCalls (simulation): time 0.002661/0.1252, allocations: 1.671 MB / 458.4 MB, free: 1.676 MB / 330.7 MB
Notification: Performance of postOpt inlineArrayEqn (simulation): time 8.886e-06/0.1252, allocations: 4 kB / 458.4 MB, free: 1.672 MB / 330.7 MB
Notification: Performance of postOpt constantLinearSystem (simulation): time 4.899e-06/0.1252, allocations: 0 / 458.4 MB, free: 1.672 MB / 330.7 MB
Notification: Performance of postOpt simplifysemiLinear (simulation): time 8.737e-06/0.1252, allocations: 7.984 kB / 458.4 MB, free: 1.664 MB / 330.7 MB
Notification: Performance of postOpt removeSimpleEquations (simulation): time 0.004718/0.1299, allocations: 2.55 MB / 460.9 MB, free: 15.01 MB / 346.7 MB
Notification: Performance of postOpt simplifyComplexFunction (simulation): time 0.00246/0.1324, allocations: 1.566 MB / 462.5 MB, free: 13.39 MB / 346.7 MB
Notification: Performance of postOpt solveSimpleEquations (simulation): time 0.0001676/0.1326, allocations: 35.91 kB / 462.5 MB, free: 13.36 MB / 346.7 MB
Notification: Performance of postOpt tearingSystem (simulation): time 0.0002084/0.1328, allocations: 56.81 kB / 462.6 MB, free: 13.3 MB / 346.7 MB
Notification: Performance of postOpt inputDerivativesUsed (simulation): time 9.089e-05/0.1329, allocations: 43.97 kB / 462.6 MB, free: 13.25 MB / 346.7 MB
Notification: Performance of postOpt calculateStrongComponentJacobians (simulation): time 0.0005012/0.1334, allocations: 0.6109 MB / 463.2 MB, free: 12.62 MB / 346.7 MB
Notification: Performance of postOpt calculateStateSetsJacobians (simulation): time 1.723e-06/0.1334, allocations: 0 / 463.2 MB, free: 12.62 MB / 346.7 MB
Notification: Performance of postOpt symbolicJacobian (simulation): time 0.003888/0.1373, allocations: 2.612 MB / 465.8 MB, free: 9.926 MB / 346.7 MB
Notification: Performance of postOpt removeConstants (simulation): time 6.105e-05/0.1374, allocations: 128.4 kB / 466 MB, free: 9.781 MB / 346.7 MB
Notification: Performance of postOpt simplifyTimeIndepFuncCalls (simulation): time 0.0001746/0.1376, allocations: 67.97 kB / 466 MB, free: 9.715 MB / 346.7 MB
Notification: Performance of postOpt simplifyAllExpressions (simulation): time 0.0004561/0.1381, allocations: 47.97 kB / 466.1 MB, free: 9.668 MB / 346.7 MB
Notification: Performance of postOpt findZeroCrossings (simulation): time 0.0001762/0.1383, allocations: 63.94 kB / 466.1 MB, free: 9.605 MB / 346.7 MB
Notification: Performance of postOpt collapseArrayExpressions (simulation): time 0.0001058/0.1384, allocations: 43.97 kB / 466.2 MB, free: 9.562 MB / 346.7 MB
Notification: Performance of sorting global known variables: time 0.0001868/0.1386, allocations: 219.1 kB / 466.4 MB, free: 9.352 MB / 346.7 MB
Notification: Performance of sort global known variables: time 1.6e-07/0.1386, allocations: 8 kB / 466.4 MB, free: 9.344 MB / 346.7 MB
Notification: Performance of remove unused functions: time 0.0009536/0.1395, allocations: 295.6 kB / 466.7 MB, free: 9.055 MB / 346.7 MB
Notification: Model statistics after passing the back-end for simulation:
 * Number of independent subsystems: 2
 * Number of states: 1 (P1.t_)
 * Number of discrete variables: 54 (P1.disMarksInOut,$whenCondition2,$whenCondition1,T1.activation.emptied[1],T1.activation.active,T1.activation.weaklyOutputActiveVec[1],T1.activation.NoTokens,P1.fireIn[1],P1.enableIn.active[1],P1.enableIn.TEin_[1],P1.enableIn.state128[1],P1.enableIn.state128[2],P1.enableIn.state128[3],P1.enableIn.state128[4],P1.enableIn.TEin[1],P1.enableIn.disTAin[1],P1.enableIn.remTAin[1],P1.enableIn.cumEnablingProb[1],P1.enableIn.arcWeightSum,P1.enableIn.nremTAin,P1.enableIn.nTAin,P1.enableIn.k,P1.enableIn.posTE,P1.enableIn.randNum,P1.enableIn.sumEnablingProbTAin,P1.enableIn.endWhile,P1.enableIn.Index,P1.delayPassedIn.anytrue,P1.delayPassedIn.numtrue,P1.disMarksOut.anytrue,P1.disMarksOut.numtrue,P1.disMarksIn.anytrue,P1.disMarksIn.numtrue,P1.feeding.vec[1],P1.feeding.anytrue,P1.feeding.numtrue,P1.emptying.anytrue,P1.emptying.numtrue,$whenCondition3,P1.enableOut.state128[1],P1.enableOut.state128[2],P1.enableOut.state128[3],P1.enableOut.state128[4],P1.enableOut.arcWeightSum,P1.enableOut.nremTAout,P1.enableOut.nTAout,P1.enableOut.k,P1.enableOut.posTE,P1.enableOut.randNum,P1.enableOut.sumEnablingProbTAout,P1.enableOut.endWhile,P1.enableOut.Index,P1.delayPassedOut.anytrue,P1.delayPassedOut.numtrue)
 * Number of discrete states: 50 (P1.delayPassedOut.numtrue,P1.delayPassedOut.anytrue,P1.enableOut.Index,P1.enableOut.endWhile,P1.enableOut.sumEnablingProbTAout,P1.enableOut.state128[4],P1.enableOut.state128[3],P1.enableOut.state128[2],P1.enableOut.state128[1],P1.enableOut.randNum,P1.enableOut.posTE,P1.enableOut.k,P1.enableOut.nTAout,P1.enableOut.nremTAout,P1.enableOut.arcWeightSum,$whenCondition3,P1.fireIn[1],P1.disMarksOut.anytrue,P1.disMarksIn.anytrue,P1.emptying.numtrue,P1.emptying.anytrue,P1.feeding.numtrue,P1.feeding.anytrue,P1.disMarksIn.numtrue,P1.disMarksOut.numtrue,P1.delayPassedIn.numtrue,P1.delayPassedIn.anytrue,T1.activation.weaklyOutputActiveVec[1],T1.activation.active,T1.activation.NoTokens,P1.enableIn.TEin_[1],P1.enableIn.posTE,P1.enableIn.k,P1.enableIn.endWhile,P1.enableIn.state128[4],P1.enableIn.state128[3],P1.enableIn.state128[2],P1.enableIn.state128[1],P1.enableIn.randNum,P1.enableIn.cumEnablingProb[1],P1.enableIn.sumEnablingProbTAin,P1.enableIn.nTAin,P1.enableIn.nremTAin,P1.enableIn.remTAin[1],P1.enableIn.Index,P1.enableIn.arcWeightSum,P1.enableIn.disTAin[1],$whenCondition1,P1.enableIn.TEin[1],P1.disMarkChange)
 * Number of clocked states: 0 ()
 * Top-level inputs: 0
Notification: Strong component statistics for simulation (27):
 * Single equations (assignments): 17
 * Array equations: 0
 * Algorithm blocks: 9
 * Record equations: 0
 * When equations: 0
 * If-equations: 0
 * Equation systems (not torn): 0
 * Torn equation systems: 1
 * Mixed (continuous/discrete) equation systems: 0
Notification: Torn system details for strict tearing set:
 * Linear torn systems (#iteration vars, #inner vars, density): 0 systems
 * Non-linear torn systems (#iteration vars, #inner vars): 1 system
   {(1,4)}
Notification: Performance of Backend phase and start with SimCode phase: time 0.0008633/0.1404, allocations: 345 kB / 467 MB, free: 8.707 MB / 346.7 MB
Notification: Performance of simCode: created initialization part: time 0.002312/0.1427, allocations: 1.87 MB / 468.9 MB, free: 6.695 MB / 346.7 MB
Notification: Performance of simCode: created event and clocks part: time 2.936e-06/0.1427, allocations: 0 / 468.9 MB, free: 6.695 MB / 346.7 MB
Notification: Performance of simCode: created simulation system equations: time 0.001855/0.1446, allocations: 2.301 MB / 471.2 MB, free: 4.277 MB / 346.7 MB
Notification: Performance of simCode: created of all other equations (e.g. parameter, nominal, assert, etc): time 0.0005655/0.1452, allocations: 95.95 kB / 471.3 MB, free: 4.195 MB / 346.7 MB
Notification: Performance of simCode: created linear, non-linear and system jacobian parts: time 0.00247/0.1477, allocations: 1.387 MB / 472.7 MB, free: 2.773 MB / 346.7 MB
Notification: Performance of simCode: some other stuff during SimCode phase: time 0.0003195/0.148, allocations: 0.9182 MB / 473.6 MB, free: 1.832 MB / 346.7 MB
Notification: Performance of simCode: alias equations: time 0.0002952/0.1483, allocations: 124.2 kB / 473.7 MB, free: 1.711 MB / 346.7 MB
Notification: Performance of simCode: all other stuff during SimCode phase: time 9.214e-05/0.1484, allocations: 39.42 kB / 473.8 MB, free: 1.672 MB / 346.7 MB
Notification: Performance of SimCode: time 3.41e-07/0.1484, allocations: 4 kB / 473.8 MB, free: 1.668 MB / 346.7 MB
Notification: Performance of Templates: time 0.01829/0.1667, allocations: 10.96 MB / 484.7 MB, free: 6.668 MB / 362.7 MB
make -j1 -f PNlib_2.2_PNlib.Examples.ConTest.TCtoPCfunction.makefile
(rm -f PNlib_2.2_PNlib.Examples.ConTest.TCtoPCfunction.pipe ; mkfifo PNlib_2.2_PNlib.Examples.ConTest.TCtoPCfunction.pipe ; head -c 1048576 < PNlib_2.2_PNlib.Examples.ConTest.TCtoPCfunction.pipe >> ../files/PNlib_2.2_PNlib.Examples.ConTest.TCtoPCfunction.sim & ./PNlib_2.2_PNlib.Examples.ConTest.TCtoPCfunction  -abortSlowSimulation -alarm=480  -emit_protected -lv LOG_STATS > PNlib_2.2_PNlib.Examples.ConTest.TCtoPCfunction.pipe 2>&1)
diffSimulationResults("PNlib_2.2_PNlib.Examples.ConTest.TCtoPCfunction_res.mat","/home/runner/work/PNlib/PNlib/ReferenceFiles/PNlib.Examples.ConTest.TCtoPCfunction.mat","../files/PNlib_2.2_PNlib.Examples.ConTest.TCtoPCfunction.diff",relTol=0.003,relTolDiffMinMax=0.003,rangeDelta=0.001)
Reference file matches
