Running: ./testmodel.py --libraries=/home/runner/.openmodelica/libraries/ --ompython_omhome= PNlib_2.2_PNlib.Examples.ConTest.PCtoTCfunction.conf.json
loadFile("/home/runner/.openmodelica/libraries/ModelicaServices 4.0.0+maint.om/package.mo", uses=false)
loadFile("/home/runner/.openmodelica/libraries/Complex 4.0.0+maint.om/package.mo", uses=false)
loadFile("/home/runner/.openmodelica/libraries/Modelica 4.0.0+maint.om/package.mo", uses=false)
loadFile("/home/runner/work/PNlib/PNlib/PNlib/package.mo", uses=false)
Using package PNlib with version 2.2 (/home/runner/work/PNlib/PNlib/PNlib/package.mo)
Using package Modelica with version 4.0.0 (/home/runner/.openmodelica/libraries/Modelica 4.0.0+maint.om/package.mo)
Using package Complex with version 4.0.0 (/home/runner/.openmodelica/libraries/Complex 4.0.0+maint.om/package.mo)
Using package ModelicaServices with version 4.0.0 (/home/runner/.openmodelica/libraries/ModelicaServices 4.0.0+maint.om/package.mo)
Running command: translateModel(PNlib.Examples.ConTest.PCtoTCfunction,tolerance=1e-06,outputFormat="mat",numberOfIntervals=5000,variableFilter="P1.t|T1.fire|T1.instantaneousSpeed|T1.maximumSpeed|time",fileNamePrefix="PNlib_2.2_PNlib.Examples.ConTest.PCtoTCfunction")
translateModel(PNlib.Examples.ConTest.PCtoTCfunction,tolerance=1e-06,outputFormat="mat",numberOfIntervals=5000,variableFilter="P1.t|T1.fire|T1.instantaneousSpeed|T1.maximumSpeed|time",fileNamePrefix="PNlib_2.2_PNlib.Examples.ConTest.PCtoTCfunction")
Notification: Performance of loadFile(/home/runner/.openmodelica/libraries/ModelicaServices 4.0.0+maint.om/package.mo): time 0.001024/0.001024, allocations: 95.75 kB / 15.59 MB, free: 5.242 MB / 13.93 MB
Notification: Performance of loadFile(/home/runner/.openmodelica/libraries/Complex 4.0.0+maint.om/package.mo): time 0.001026/0.001026, allocations: 179.7 kB / 16.51 MB, free: 4.645 MB / 13.93 MB
Notification: Performance of loadFile(/home/runner/.openmodelica/libraries/Modelica 4.0.0+maint.om/package.mo): time 1.673/1.673, allocations: 222.1 MB / 239.4 MB, free: 11.09 MB / 202.7 MB
Notification: Performance of loadFile(/home/runner/work/PNlib/PNlib/PNlib/package.mo): time 0.09611/0.09611, allocations: 16.58 MB / 306.2 MB, free: 10.56 MB / 250.7 MB
Notification: Performance of FrontEnd - loaded program: time 0.0004585/0.0004586, allocations: 13.72 kB / 370.6 MB, free: 44.88 MB / 298.7 MB
Notification: Performance of FrontEnd - Absyn->SCode: time 0.07776/0.07824, allocations: 53.47 MB / 424.1 MB, free: 5.902 MB / 298.7 MB
Notification: Performance of NFInst.instantiate(PNlib.Examples.ConTest.PCtoTCfunction): time 0.002943/0.08122, allocations: 1.994 MB / 426.1 MB, free: 3.906 MB / 298.7 MB
Notification: Performance of NFInst.instExpressions: time 0.002796/0.08406, allocations: 1.689 MB / 427.7 MB, free: 2.219 MB / 298.7 MB
Notification: Performance of NFInst.updateImplicitVariability: time 0.0002438/0.08432, allocations: 11.94 kB / 427.8 MB, free: 2.207 MB / 298.7 MB
Notification: Performance of NFTyping.typeComponents: time 0.0003122/0.08465, allocations: 127 kB / 427.9 MB, free: 2.082 MB / 298.7 MB
Notification: Performance of NFTyping.typeBindings: time 0.0004474/0.08511, allocations: 127 kB / 428 MB, free: 1.957 MB / 298.7 MB
Notification: Performance of NFTyping.typeClassSections: time 0.001305/0.08643, allocations: 0.7045 MB / 428.7 MB, free: 1.254 MB / 298.7 MB
Notification: Performance of NFFlatten.flatten: time 0.001098/0.08754, allocations: 1.416 MB / 430.1 MB, free: 15.83 MB / 314.7 MB
Notification: Performance of NFFlatten.resolveConnections: time 0.0003188/0.08787, allocations: 165.6 kB / 430.3 MB, free: 15.66 MB / 314.7 MB
Notification: Performance of NFEvalConstants.evaluate: time 0.0007093/0.08859, allocations: 0.5415 MB / 430.8 MB, free: 15.12 MB / 314.7 MB
Notification: Performance of NFSimplifyModel.simplify: time 0.0004172/0.08902, allocations: 362.2 kB / 431.2 MB, free: 14.76 MB / 314.7 MB
Notification: Performance of NFPackage.collectConstants: time 0.0001211/0.08915, allocations: 91.94 kB / 431.3 MB, free: 14.67 MB / 314.7 MB
Notification: Performance of NFFlatten.collectFunctions: time 0.0007121/0.08987, allocations: 483.4 kB / 431.7 MB, free: 14.2 MB / 314.7 MB
Notification: Performance of NFScalarize.scalarize: time 0.000164/0.09005, allocations: 163.4 kB / 431.9 MB, free: 14.04 MB / 314.7 MB
Notification: Performance of NFVerifyModel.verify: time 0.0003511/0.09041, allocations: 402.2 kB / 432.3 MB, free: 13.64 MB / 314.7 MB
Notification: Performance of NFConvertDAE.convert: time 0.001169/0.0916, allocations: 1.161 MB / 433.5 MB, free: 12.48 MB / 314.7 MB
Notification: Performance of FrontEnd - DAE generated: time 4.428e-06/0.09162, allocations: 4 kB / 433.5 MB, free: 12.48 MB / 314.7 MB
Notification: Performance of FrontEnd: time 1.262e-06/0.09163, allocations: 0 / 433.5 MB, free: 12.48 MB / 314.7 MB
Notification: Performance of Transformations before backend: time 1.332e-05/0.09165, allocations: 0 / 433.5 MB, free: 12.48 MB / 314.7 MB
Notification: Model statistics after passing the front-end and creating the data structures used by the back-end:
 * Number of equations: 180
 * Number of variables: 180
Notification: Performance of Generate backend data structure: time 0.001804/0.09346, allocations: 1.321 MB / 434.8 MB, free: 11.04 MB / 314.7 MB
Notification: Performance of prepare preOptimizeDAE: time 3.721e-05/0.09351, allocations: 16.03 kB / 434.8 MB, free: 11.02 MB / 314.7 MB
Notification: Performance of preOpt normalInlineFunction (simulation): time 0.0007916/0.09431, allocations: 140 kB / 434.9 MB, free: 10.89 MB / 314.7 MB
Notification: Performance of preOpt evaluateParameters (simulation): time 0.0005517/0.09487, allocations: 431 kB / 435.4 MB, free: 10.43 MB / 314.7 MB
Notification: Performance of preOpt simplifyIfEquations (simulation): time 0.0001385/0.09502, allocations: 150.5 kB / 435.5 MB, free: 10.26 MB / 314.7 MB
Notification: Performance of preOpt expandDerOperator (simulation): time 0.000134/0.09517, allocations: 83.98 kB / 435.6 MB, free: 10.18 MB / 314.7 MB
Notification: Performance of preOpt clockPartitioning (simulation): time 0.002173/0.09735, allocations: 1.338 MB / 436.9 MB, free: 8.785 MB / 314.7 MB
Notification: Performance of preOpt findStateOrder (simulation): time 2.363e-05/0.09739, allocations: 0 / 436.9 MB, free: 8.785 MB / 314.7 MB
Notification: Performance of preOpt replaceEdgeChange (simulation): time 0.0001074/0.0975, allocations: 39.98 kB / 437 MB, free: 8.746 MB / 314.7 MB
Notification: Performance of preOpt inlineArrayEqn (simulation): time 0.0001071/0.09762, allocations: 65.25 kB / 437 MB, free: 8.684 MB / 314.7 MB
Notification: Performance of preOpt removeEqualRHS (simulation): time 0.001649/0.09927, allocations: 0.9418 MB / 438 MB, free: 7.742 MB / 314.7 MB
Notification: Performance of preOpt removeSimpleEquations (simulation): time 0.003879/0.1032, allocations: 2.96 MB / 440.9 MB, free: 4.668 MB / 314.7 MB
Notification: Performance of preOpt comSubExp (simulation): time 0.001712/0.1049, allocations: 1.25 MB / 442.2 MB, free: 3.402 MB / 314.7 MB
Notification: Performance of preOpt resolveLoops (simulation): time 0.001573/0.1065, allocations: 1.131 MB / 443.3 MB, free: 2.266 MB / 314.7 MB
Notification: Performance of preOpt evalFunc (simulation): time 0.002816/0.1093, allocations: 2.956 MB / 446.3 MB, free: 14.66 MB / 330.7 MB
Notification: Performance of preOpt encapsulateWhenConditions (simulation): time 0.001483/0.1108, allocations: 0.8013 MB / 447.1 MB, free: 13.84 MB / 330.7 MB
Notification: Performance of pre-optimization done (n=70): time 2.855e-06/0.1108, allocations: 3.281 kB / 447.1 MB, free: 13.84 MB / 330.7 MB
Notification: Performance of matching and sorting (n=70): time 0.004186/0.115, allocations: 2.514 MB / 449.6 MB, free: 11.23 MB / 330.7 MB
Notification: Performance of inlineWhenForInitialization (initialization): time 0.0001948/0.1152, allocations: 0.5558 MB / 450.1 MB, free: 10.57 MB / 330.7 MB
Notification: Performance of selectInitializationVariablesDAE (initialization): time 0.000597/0.1159, allocations: 396 kB / 450.5 MB, free: 10.17 MB / 330.7 MB
Notification: Performance of collectPreVariables (initialization): time 8.307e-05/0.116, allocations: 65.69 kB / 450.6 MB, free: 10.1 MB / 330.7 MB
Notification: Performance of collectInitialEqns (initialization): time 0.0001606/0.1161, allocations: 284 kB / 450.9 MB, free: 9.816 MB / 330.7 MB
Notification: Performance of collectInitialBindings (initialization): time 0.0001428/0.1163, allocations: 185.8 kB / 451 MB, free: 9.633 MB / 330.7 MB
Notification: Performance of simplifyInitialFunctions (initialization): time 0.0003135/0.1166, allocations: 222.5 kB / 451.3 MB, free: 9.41 MB / 330.7 MB
Notification: Performance of setup shared object (initialization): time 7.567e-05/0.1167, allocations: 370.8 kB / 451.6 MB, free: 9.039 MB / 330.7 MB
Notification: Performance of preBalanceInitialSystem (initialization): time 0.0008035/0.1175, allocations: 474 kB / 452.1 MB, free: 8.578 MB / 330.7 MB
Notification: Performance of partitionIndependentBlocks (initialization): time 0.001056/0.1186, allocations: 0.8078 MB / 452.9 MB, free: 7.613 MB / 330.7 MB
Notification: Performance of analyzeInitialSystem (initialization): time 0.001895/0.1205, allocations: 1.766 MB / 454.7 MB, free: 5.582 MB / 330.7 MB
Notification: Performance of solveInitialSystemEqSystem (initialization): time 1.088e-05/0.1205, allocations: 4 kB / 454.7 MB, free: 5.578 MB / 330.7 MB
Notification: Performance of matching and sorting (n=134) (initialization): time 0.003362/0.1239, allocations: 1.933 MB / 456.6 MB, free: 3.57 MB / 330.7 MB
Notification: Performance of prepare postOptimizeDAE: time 0.0001469/0.124, allocations: 378.6 kB / 457 MB, free: 3.133 MB / 330.7 MB
Notification: Performance of postOpt simplifyComplexFunction (initialization): time 0.001952/0.126, allocations: 1.071 MB / 458 MB, free: 2.027 MB / 330.7 MB
Notification: Performance of postOpt tearingSystem (initialization): time 0.000402/0.1264, allocations: 84.92 kB / 458.1 MB, free: 1.941 MB / 330.7 MB
Notification: Performance of postOpt solveSimpleEquations (initialization): time 0.0004369/0.1269, allocations: 111.8 kB / 458.2 MB, free: 1.832 MB / 330.7 MB
Notification: Performance of postOpt calculateStrongComponentJacobians (initialization): time 0.0004164/0.1273, allocations: 0.6186 MB / 458.9 MB, free: 1.188 MB / 330.7 MB
Notification: Performance of postOpt simplifyAllExpressions (initialization): time 0.0006223/0.1279, allocations: 134.9 kB / 459 MB, free: 1.055 MB / 330.7 MB
Notification: Performance of postOpt collapseArrayExpressions (initialization): time 0.0001023/0.128, allocations: 55.98 kB / 459 MB, free: 1 MB / 330.7 MB
Warning: Assuming fixed start value for the following 18 variables:
         P1.enableOut.posTE:DISCRETE(fixed = true protected = true )  "possible enabled transition" type: Integer
         P1.enableOut.k:DISCRETE(fixed = true protected = true )  "iteration index" type: Integer
         P1.enableOut.endWhile:DISCRETE(fixed = true protected = true )  type: Boolean
         P1.enableOut.sumEnablingProbTAout:DISCRETE(fixed = true protected = true )  "sum of the enabling probabilities of the active output transitions" type: Real
         P1.enableOut.nTAout:DISCRETE(fixed = true protected = true )  "number of active output transitions" type: Integer
         P1.enableOut.nremTAout:DISCRETE(fixed = true protected = true )  "number of remaining active output transitions" type: Integer
         P1.enableOut.Index:DISCRETE(fixed = true protected = true )  type: Integer
         P1.enableOut.arcWeightSum:DISCRETE(fixed = true protected = true )  "arc weight sum" type: Real
         P1.disMarksIn.anytrue:DISCRETE(fixed = true protected = true )  type: Boolean
         P1.disMarksOut.anytrue:DISCRETE(fixed = true protected = true )  type: Boolean
         P1.enableIn.Index:DISCRETE(fixed = true protected = true )  "priority Index" type: Integer
         P1.enableIn.endWhile:DISCRETE(fixed = true protected = true )  type: Boolean
         P1.enableIn.sumEnablingProbTAin:DISCRETE(fixed = true protected = true )  "sum of the enabling probabilities of the active input transitions" type: Real
         P1.enableIn.posTE:DISCRETE(fixed = true protected = true )  "possible enabled transition" type: Integer
         P1.enableIn.k:DISCRETE(fixed = true protected = true )  "iteration index" type: Integer
         P1.enableIn.nTAin:DISCRETE(fixed = true protected = true )  "number ofactive input transitions" type: Integer
         P1.enableIn.nremTAin:DISCRETE(fixed = true protected = true )  "number of remaining active input transitions" type: Integer
         P1.enableIn.arcWeightSum:DISCRETE(fixed = true protected = true )  "arc weight sum" type: Real
Notification: Model statistics after passing the back-end for initialization:
 * Number of independent subsystems: 46
 * Number of states: 0 ()
 * Number of discrete variables: 108 ($PRE.P1.enableOut.posTE,P1.enableOut.posTE,$PRE.P1.enableOut.k,P1.enableOut.k,$PRE.P1.enableOut.endWhile,P1.enableOut.endWhile,P1.enableOut.randNum,$PRE.P1.enableOut.randNum,P1.enableOut.state128[4],$PRE.P1.enableOut.state128[4],P1.enableOut.state128[3],$PRE.P1.enableOut.state128[3],P1.enableOut.state128[2],$PRE.P1.enableOut.state128[2],P1.enableOut.state128[1],$PRE.P1.enableOut.state128[1],P1.enableOut.cumEnablingProb[1],$PRE.P1.enableOut.cumEnablingProb[1],$PRE.P1.enableOut.sumEnablingProbTAout,P1.enableOut.sumEnablingProbTAout,$PRE.P1.enableOut.nTAout,P1.enableOut.nTAout,$PRE.P1.enableOut.nremTAout,P1.enableOut.nremTAout,P1.enableOut.remTAout[1],$PRE.P1.enableOut.remTAout[1],$PRE.P1.enableOut.Index,P1.enableOut.Index,$PRE.P1.enableOut.arcWeightSum,P1.enableOut.arcWeightSum,P1.enableOut.disTAout[1],$PRE.P1.enableOut.disTAout[1],$PRE.P1.disMarksInOut,P1.outTransition[1].tokenInOut,$PRE.P1.disMarksIn.anytrue,$PRE.P1.disMarksOut.anytrue,P1.disMarksInOut,$whenCondition3,P1.disMarksIn.numtrue,P1.disMarksIn.anytrue,$PRE.P1.enableIn.Index,P1.enableIn.Index,$PRE.P1.enableIn.endWhile,P1.enableIn.endWhile,$PRE.P1.enableIn.sumEnablingProbTAin,P1.enableIn.sumEnablingProbTAin,P1.enableIn.randNum,$PRE.P1.enableIn.randNum,P1.enableIn.state128[4],$PRE.P1.enableIn.state128[4],P1.enableIn.state128[3],$PRE.P1.enableIn.state128[3],P1.enableIn.state128[2],$PRE.P1.enableIn.state128[2],P1.enableIn.state128[1],$PRE.P1.enableIn.state128[1],$PRE.P1.enableIn.posTE,P1.enableIn.posTE,$PRE.P1.enableIn.k,P1.enableIn.k,$PRE.P1.enableIn.nTAin,P1.enableIn.nTAin,$PRE.P1.enableIn.nremTAin,P1.enableIn.nremTAin,$PRE.P1.enableIn.arcWeightSum,P1.enableIn.arcWeightSum,P1.delayPassedIn.numtrue,P1.delayPassedIn.anytrue,$whenCondition1,T1.firingCon,T1.inPlaces[1].disTransition,P1.outTransition[1].normalArc,P1.outTransition[1].testValueint,P1.outTransition[1].arcType,P1.outTransition[1].disPlace,P1.outTransition[1].minTokensint,P1.outTransition[1].tint,P1.reStart,P1.disMarksOut.vec[1],P1.disMarksOut.numtrue,P1.disMarksOut.anytrue,P1.delayPassedOut.vec[1],T1.activation.arcWeightIntIn[1],T1.activation.normalArc[1],T1.activation.testValueInt[1],T1.activation.arcType[1],T1.activation.disPlaceIn[1],T1.activation.minTokensInt[1],T1.activation.tIntIn[1],T1.fire_,T1.activation.NoTokens,T1.activation.weaklyInputActiveVec[1],T1.activation.active,T1.activation.fed[1],P1.emptying.numtrue,P1.emptying.anytrue,P1.emptying.vec[1],P1.feeding.numtrue,P1.feeding.anytrue,P1.delayPassedOut.numtrue,P1.delayPassedOut.anytrue,P1.enableOut.TEout[1],$PRE.P1.enableOut.TEout[1],P1.enableOut.TEout_[1],P1.enableOut.TAout[1],P1.fireOut[1],$PRE.P1.fireOut[1],$whenCondition2)
 * Number of discrete states: 0 ()
 * Number of clocked states: 0 ()
 * Top-level inputs: 0
Notification: Strong component statistics for initialization (114):
 * Single equations (assignments): 102
 * Array equations: 0
 * Algorithm blocks: 11
 * Record equations: 0
 * When equations: 0
 * If-equations: 0
 * Equation systems (not torn): 0
 * Torn equation systems: 1
 * Mixed (continuous/discrete) equation systems: 0
Notification: Torn system details for strict tearing set:
 * Linear torn systems (#iteration vars, #inner vars, density): 0 systems
 * Non-linear torn systems (#iteration vars, #inner vars): 1 system
   {(1,3)}
Notification: Performance of prepare postOptimizeDAE: time 0.0008496/0.1289, allocations: 0.76 MB / 459.8 MB, free: 176 kB / 330.7 MB
Notification: Performance of postOpt lateInlineFunction (simulation): time 0.0002477/0.1292, allocations: 71.44 kB / 459.9 MB, free: 104 kB / 330.7 MB
Notification: Performance of postOpt wrapFunctionCalls (simulation): time 0.004841/0.134, allocations: 1.984 MB / 461.9 MB, free: 14.07 MB / 346.7 MB
Notification: Performance of postOpt inlineArrayEqn (simulation): time 2.268e-05/0.1341, allocations: 15.88 kB / 461.9 MB, free: 14.05 MB / 346.7 MB
Notification: Performance of postOpt constantLinearSystem (simulation): time 8.876e-06/0.1341, allocations: 4 kB / 461.9 MB, free: 14.05 MB / 346.7 MB
Notification: Performance of postOpt simplifysemiLinear (simulation): time 1.059e-05/0.1341, allocations: 7.922 kB / 461.9 MB, free: 14.04 MB / 346.7 MB
Notification: Performance of postOpt removeSimpleEquations (simulation): time 0.00596/0.1401, allocations: 2.7 MB / 464.6 MB, free: 11.23 MB / 346.7 MB
Notification: Performance of postOpt simplifyComplexFunction (simulation): time 0.004586/0.1447, allocations: 1.872 MB / 466.5 MB, free: 9.305 MB / 346.7 MB
Notification: Performance of postOpt solveSimpleEquations (simulation): time 0.0002666/0.145, allocations: 23.97 kB / 466.5 MB, free: 9.281 MB / 346.7 MB
Notification: Performance of postOpt tearingSystem (simulation): time 0.0003427/0.1453, allocations: 72.69 kB / 466.5 MB, free: 9.207 MB / 346.7 MB
Notification: Performance of postOpt inputDerivativesUsed (simulation): time 0.0001664/0.1455, allocations: 39.98 kB / 466.6 MB, free: 9.168 MB / 346.7 MB
Notification: Performance of postOpt calculateStrongComponentJacobians (simulation): time 0.0006223/0.1462, allocations: 0.6071 MB / 467.2 MB, free: 8.535 MB / 346.7 MB
Notification: Performance of postOpt calculateStateSetsJacobians (simulation): time 2.214e-06/0.1462, allocations: 4.062 kB / 467.2 MB, free: 8.531 MB / 346.7 MB
Notification: Performance of postOpt symbolicJacobian (simulation): time 0.00465/0.1508, allocations: 3.033 MB / 470.2 MB, free: 5.422 MB / 346.7 MB
Notification: Performance of postOpt removeConstants (simulation): time 8.33e-05/0.1509, allocations: 128.4 kB / 470.4 MB, free: 5.277 MB / 346.7 MB
Notification: Performance of postOpt simplifyTimeIndepFuncCalls (simulation): time 0.0002029/0.1512, allocations: 71.98 kB / 470.4 MB, free: 5.207 MB / 346.7 MB
Notification: Performance of postOpt simplifyAllExpressions (simulation): time 0.0006762/0.1518, allocations: 75.98 kB / 470.5 MB, free: 5.133 MB / 346.7 MB
Notification: Performance of postOpt findZeroCrossings (simulation): time 0.0006395/0.1525, allocations: 251.8 kB / 470.7 MB, free: 4.887 MB / 346.7 MB
Notification: Performance of postOpt collapseArrayExpressions (simulation): time 0.0001162/0.1526, allocations: 51.95 kB / 470.8 MB, free: 4.836 MB / 346.7 MB
Notification: Performance of sorting global known variables: time 0.0002195/0.1529, allocations: 235 kB / 471 MB, free: 4.605 MB / 346.7 MB
Notification: Performance of sort global known variables: time 1.6e-07/0.1529, allocations: 0 / 471 MB, free: 4.605 MB / 346.7 MB
Notification: Performance of remove unused functions: time 0.001115/0.154, allocations: 335.5 kB / 471.4 MB, free: 4.277 MB / 346.7 MB
Notification: Model statistics after passing the back-end for simulation:
 * Number of independent subsystems: 2
 * Number of states: 1 (P1.t_)
 * Number of discrete variables: 57 ($whenCondition1,P1.enableIn.state128[1],P1.enableIn.state128[2],P1.enableIn.state128[3],P1.enableIn.state128[4],P1.enableIn.arcWeightSum,P1.enableIn.nremTAin,P1.enableIn.nTAin,P1.enableIn.k,P1.enableIn.posTE,P1.enableIn.randNum,P1.enableIn.sumEnablingProbTAin,P1.enableIn.endWhile,P1.enableIn.Index,P1.delayPassedIn.anytrue,P1.delayPassedIn.numtrue,$cse2[1],$whenCondition3,$whenCondition2,P1.outTransition[1].tokenInOut,P1.disMarksInOut,P1.fireOut[1],P1.enableOut.TAout[1],P1.enableOut.TEout_[1],P1.enableOut.state128[1],P1.enableOut.state128[2],P1.enableOut.state128[3],P1.enableOut.state128[4],P1.enableOut.TEout[1],P1.enableOut.disTAout[1],P1.enableOut.remTAout[1],P1.enableOut.cumEnablingProb[1],P1.enableOut.arcWeightSum,P1.enableOut.nremTAout,P1.enableOut.nTAout,P1.enableOut.k,P1.enableOut.posTE,P1.enableOut.randNum,P1.enableOut.sumEnablingProbTAout,P1.enableOut.endWhile,P1.enableOut.Index,P1.delayPassedOut.anytrue,P1.delayPassedOut.numtrue,P1.disMarksOut.anytrue,P1.disMarksOut.numtrue,P1.disMarksIn.anytrue,P1.disMarksIn.numtrue,P1.feeding.anytrue,P1.feeding.numtrue,P1.emptying.vec[1],P1.emptying.anytrue,P1.emptying.numtrue,T1.activation.fed[1],T1.activation.active,T1.activation.weaklyInputActiveVec[1],T1.activation.NoTokens,T1.fire_)
 * Number of discrete states: 51 (P1.disMarksInOut,P1.fireOut[1],P1.disMarksOut.anytrue,P1.disMarksIn.anytrue,P1.emptying.numtrue,P1.emptying.anytrue,P1.feeding.numtrue,P1.feeding.anytrue,T1.activation.weaklyInputActiveVec[1],T1.activation.active,T1.activation.NoTokens,P1.disMarksIn.numtrue,P1.disMarksOut.numtrue,P1.delayPassedOut.numtrue,P1.delayPassedOut.anytrue,P1.enableOut.TEout_[1],P1.enableOut.posTE,P1.enableOut.k,P1.enableOut.endWhile,P1.enableOut.state128[4],P1.enableOut.state128[3],P1.enableOut.state128[2],P1.enableOut.state128[1],P1.enableOut.randNum,P1.enableOut.cumEnablingProb[1],P1.enableOut.sumEnablingProbTAout,P1.enableOut.nTAout,P1.enableOut.nremTAout,P1.enableOut.remTAout[1],P1.enableOut.Index,P1.enableOut.arcWeightSum,P1.enableOut.disTAout[1],$whenCondition2,P1.enableOut.TEout[1],P1.disMarkChange,P1.delayPassedIn.numtrue,P1.delayPassedIn.anytrue,P1.enableIn.Index,P1.enableIn.endWhile,P1.enableIn.sumEnablingProbTAin,P1.enableIn.state128[4],P1.enableIn.state128[3],P1.enableIn.state128[2],P1.enableIn.state128[1],P1.enableIn.randNum,P1.enableIn.posTE,P1.enableIn.k,P1.enableIn.nTAin,P1.enableIn.nremTAin,P1.enableIn.arcWeightSum,$whenCondition1)
 * Number of clocked states: 0 ()
 * Top-level inputs: 0
Notification: Strong component statistics for simulation (30):
 * Single equations (assignments): 19
 * Array equations: 1
 * Algorithm blocks: 9
 * Record equations: 0
 * When equations: 0
 * If-equations: 0
 * Equation systems (not torn): 0
 * Torn equation systems: 1
 * Mixed (continuous/discrete) equation systems: 0
Notification: Torn system details for strict tearing set:
 * Linear torn systems (#iteration vars, #inner vars, density): 0 systems
 * Non-linear torn systems (#iteration vars, #inner vars): 1 system
   {(1,4)}
Notification: Performance of Backend phase and start with SimCode phase: time 0.0007367/0.1547, allocations: 356.5 kB / 471.7 MB, free: 3.93 MB / 346.7 MB
Notification: Performance of simCode: created initialization part: time 0.002997/0.1577, allocations: 2.279 MB / 474 MB, free: 1.508 MB / 346.7 MB
Notification: Performance of simCode: created event and clocks part: time 3.235e-06/0.1578, allocations: 0 / 474 MB, free: 1.508 MB / 346.7 MB
Notification: Performance of simCode: created simulation system equations: time 0.002921/0.1607, allocations: 2.516 MB / 476.5 MB, free: 14.88 MB / 362.7 MB
Notification: Performance of simCode: created of all other equations (e.g. parameter, nominal, assert, etc): time 0.0006987/0.1614, allocations: 95.44 kB / 476.6 MB, free: 14.79 MB / 362.7 MB
Notification: Performance of simCode: created linear, non-linear and system jacobian parts: time 0.003054/0.1645, allocations: 1.572 MB / 478.2 MB, free: 13.18 MB / 362.7 MB
Notification: Performance of simCode: some other stuff during SimCode phase: time 0.0003502/0.1648, allocations: 0.9338 MB / 479.1 MB, free: 12.23 MB / 362.7 MB
Notification: Performance of simCode: alias equations: time 0.0003409/0.1652, allocations: 140.6 kB / 479.2 MB, free: 12.09 MB / 362.7 MB
Notification: Performance of simCode: all other stuff during SimCode phase: time 0.0003199/0.1655, allocations: 55.34 kB / 479.3 MB, free: 12.04 MB / 362.7 MB
Notification: Performance of SimCode: time 6.82e-07/0.1655, allocations: 4 kB / 479.3 MB, free: 12.03 MB / 362.7 MB
Notification: Performance of Templates: time 0.02216/0.1877, allocations: 13.37 MB / 492.7 MB, free: 14.58 MB / 378.7 MB
make -j1 -f PNlib_2.2_PNlib.Examples.ConTest.PCtoTCfunction.makefile
(rm -f PNlib_2.2_PNlib.Examples.ConTest.PCtoTCfunction.pipe ; mkfifo PNlib_2.2_PNlib.Examples.ConTest.PCtoTCfunction.pipe ; head -c 1048576 < PNlib_2.2_PNlib.Examples.ConTest.PCtoTCfunction.pipe >> ../files/PNlib_2.2_PNlib.Examples.ConTest.PCtoTCfunction.sim & ./PNlib_2.2_PNlib.Examples.ConTest.PCtoTCfunction  -abortSlowSimulation -alarm=480  -emit_protected -lv LOG_STATS > PNlib_2.2_PNlib.Examples.ConTest.PCtoTCfunction.pipe 2>&1)
diffSimulationResults("PNlib_2.2_PNlib.Examples.ConTest.PCtoTCfunction_res.mat","/home/runner/work/PNlib/PNlib/ReferenceFiles/PNlib.Examples.ConTest.PCtoTCfunction.mat","../files/PNlib_2.2_PNlib.Examples.ConTest.PCtoTCfunction.diff",relTol=0.003,relTolDiffMinMax=0.003,rangeDelta=0.001)
Reference file matches
