Running: ./testmodel.py --libraries=/home/runner/.openmodelica/libraries/ --ompython_omhome= PNlib_2.2_PNlib.Examples.ConTest.TCtoPC.conf.json
loadFile("/home/runner/.openmodelica/libraries/ModelicaServices 4.0.0+maint.om/package.mo", uses=false)
loadFile("/home/runner/.openmodelica/libraries/Complex 4.0.0+maint.om/package.mo", uses=false)
loadFile("/home/runner/.openmodelica/libraries/Modelica 4.0.0+maint.om/package.mo", uses=false)
loadFile("/home/runner/work/PNlib/PNlib/PNlib/package.mo", uses=false)
Using package PNlib with version 2.2 (/home/runner/work/PNlib/PNlib/PNlib/package.mo)
Using package Modelica with version 4.0.0 (/home/runner/.openmodelica/libraries/Modelica 4.0.0+maint.om/package.mo)
Using package Complex with version 4.0.0 (/home/runner/.openmodelica/libraries/Complex 4.0.0+maint.om/package.mo)
Using package ModelicaServices with version 4.0.0 (/home/runner/.openmodelica/libraries/ModelicaServices 4.0.0+maint.om/package.mo)
Running command: translateModel(PNlib.Examples.ConTest.TCtoPC,tolerance=1e-06,outputFormat="mat",numberOfIntervals=5000,variableFilter="P1.t|T1.fire|T1.instantaneousSpeed|T1.maximumSpeed|time",fileNamePrefix="PNlib_2.2_PNlib.Examples.ConTest.TCtoPC")
translateModel(PNlib.Examples.ConTest.TCtoPC,tolerance=1e-06,outputFormat="mat",numberOfIntervals=5000,variableFilter="P1.t|T1.fire|T1.instantaneousSpeed|T1.maximumSpeed|time",fileNamePrefix="PNlib_2.2_PNlib.Examples.ConTest.TCtoPC")
Notification: Performance of loadFile(/home/runner/.openmodelica/libraries/ModelicaServices 4.0.0+maint.om/package.mo): time 0.001018/0.001018, allocations: 98.52 kB / 15.6 MB, free: 5.277 MB / 13.93 MB
Notification: Performance of loadFile(/home/runner/.openmodelica/libraries/Complex 4.0.0+maint.om/package.mo): time 0.0009849/0.0009849, allocations: 179.7 kB / 16.51 MB, free: 4.668 MB / 13.93 MB
Notification: Performance of loadFile(/home/runner/.openmodelica/libraries/Modelica 4.0.0+maint.om/package.mo): time 1.692/1.692, allocations: 222.1 MB / 239.4 MB, free: 11.12 MB / 202.7 MB
Notification: Performance of loadFile(/home/runner/work/PNlib/PNlib/PNlib/package.mo): time 0.09448/0.09448, allocations: 16.58 MB / 306.2 MB, free: 10.6 MB / 250.7 MB
Notification: Performance of FrontEnd - loaded program: time 0.0004533/0.0004533, allocations: 13.17 kB / 370.6 MB, free: 44.78 MB / 298.7 MB
Notification: Performance of FrontEnd - Absyn->SCode: time 0.0757/0.07617, allocations: 53.47 MB / 424.1 MB, free: 6 MB / 298.7 MB
Notification: Performance of NFInst.instantiate(PNlib.Examples.ConTest.TCtoPC): time 0.00297/0.07919, allocations: 1.984 MB / 426.1 MB, free: 4.008 MB / 298.7 MB
Notification: Performance of NFInst.instExpressions: time 0.002656/0.08186, allocations: 1.685 MB / 427.7 MB, free: 2.324 MB / 298.7 MB
Notification: Performance of NFInst.updateImplicitVariability: time 0.0002185/0.08209, allocations: 11.94 kB / 427.7 MB, free: 2.312 MB / 298.7 MB
Notification: Performance of NFTyping.typeComponents: time 0.0002876/0.0824, allocations: 131 kB / 427.9 MB, free: 2.184 MB / 298.7 MB
Notification: Performance of NFTyping.typeBindings: time 0.0004306/0.08284, allocations: 123 kB / 428 MB, free: 2.062 MB / 298.7 MB
Notification: Performance of NFTyping.typeClassSections: time 0.001198/0.08405, allocations: 0.6967 MB / 428.7 MB, free: 1.367 MB / 298.7 MB
Notification: Performance of NFFlatten.flatten: time 0.001044/0.08511, allocations: 1.416 MB / 430.1 MB, free: 15.95 MB / 314.7 MB
Notification: Performance of NFFlatten.resolveConnections: time 0.0002813/0.0854, allocations: 143.9 kB / 430.3 MB, free: 15.8 MB / 314.7 MB
Notification: Performance of NFEvalConstants.evaluate: time 0.0006896/0.0861, allocations: 0.5298 MB / 430.8 MB, free: 15.27 MB / 314.7 MB
Notification: Performance of NFSimplifyModel.simplify: time 0.0003673/0.08648, allocations: 334.3 kB / 431.1 MB, free: 14.95 MB / 314.7 MB
Notification: Performance of NFPackage.collectConstants: time 0.0001121/0.0866, allocations: 76 kB / 431.2 MB, free: 14.87 MB / 314.7 MB
Notification: Performance of NFFlatten.collectFunctions: time 0.0005527/0.08716, allocations: 463.4 kB / 431.6 MB, free: 14.42 MB / 314.7 MB
Notification: Performance of NFScalarize.scalarize: time 0.0001528/0.08732, allocations: 151.5 kB / 431.8 MB, free: 14.27 MB / 314.7 MB
Notification: Performance of NFVerifyModel.verify: time 0.0002765/0.08761, allocations: 350.3 kB / 432.1 MB, free: 13.93 MB / 314.7 MB
Notification: Performance of NFConvertDAE.convert: time 0.001073/0.08869, allocations: 1.04 MB / 433.2 MB, free: 12.88 MB / 314.7 MB
Notification: Performance of FrontEnd - DAE generated: time 3.186e-06/0.08871, allocations: 4 kB / 433.2 MB, free: 12.88 MB / 314.7 MB
Notification: Performance of FrontEnd: time 1.563e-06/0.08872, allocations: 4 kB / 433.2 MB, free: 12.88 MB / 314.7 MB
Notification: Performance of Transformations before backend: time 8.606e-06/0.08873, allocations: 0 / 433.2 MB, free: 12.88 MB / 314.7 MB
Notification: Model statistics after passing the front-end and creating the data structures used by the back-end:
 * Number of equations: 165
 * Number of variables: 165
Notification: Performance of Generate backend data structure: time 0.001619/0.09036, allocations: 1.251 MB / 434.4 MB, free: 11.51 MB / 314.7 MB
Notification: Performance of prepare preOptimizeDAE: time 3.33e-05/0.0904, allocations: 12.03 kB / 434.4 MB, free: 11.5 MB / 314.7 MB
Notification: Performance of preOpt normalInlineFunction (simulation): time 0.001045/0.09145, allocations: 140 kB / 434.6 MB, free: 11.36 MB / 314.7 MB
Notification: Performance of preOpt evaluateParameters (simulation): time 0.0006816/0.09215, allocations: 411 kB / 435 MB, free: 10.92 MB / 314.7 MB
Notification: Performance of preOpt simplifyIfEquations (simulation): time 0.0001225/0.09229, allocations: 138.7 kB / 435.1 MB, free: 10.76 MB / 314.7 MB
Notification: Performance of preOpt expandDerOperator (simulation): time 0.0001149/0.09241, allocations: 79.92 kB / 435.2 MB, free: 10.68 MB / 314.7 MB
Notification: Performance of preOpt clockPartitioning (simulation): time 0.002216/0.09464, allocations: 1.122 MB / 436.3 MB, free: 9.508 MB / 314.7 MB
Notification: Performance of preOpt findStateOrder (simulation): time 2.685e-05/0.09468, allocations: 11.92 kB / 436.3 MB, free: 9.496 MB / 314.7 MB
Notification: Performance of preOpt replaceEdgeChange (simulation): time 8.733e-05/0.09478, allocations: 31.28 kB / 436.4 MB, free: 9.469 MB / 314.7 MB
Notification: Performance of preOpt inlineArrayEqn (simulation): time 0.000275/0.09506, allocations: 56.95 kB / 436.4 MB, free: 9.414 MB / 314.7 MB
Notification: Performance of preOpt removeEqualRHS (simulation): time 0.001586/0.09665, allocations: 0.7653 MB / 437.2 MB, free: 8.648 MB / 314.7 MB
Notification: Performance of preOpt removeSimpleEquations (simulation): time 0.003488/0.1002, allocations: 2.788 MB / 440 MB, free: 5.727 MB / 314.7 MB
Notification: Performance of preOpt comSubExp (simulation): time 0.001394/0.1016, allocations: 1.031 MB / 441 MB, free: 4.68 MB / 314.7 MB
Notification: Performance of preOpt resolveLoops (simulation): time 0.0009091/0.1025, allocations: 0.9047 MB / 441.9 MB, free: 3.77 MB / 314.7 MB
Notification: Performance of preOpt evalFunc (simulation): time 0.002178/0.1047, allocations: 2.884 MB / 444.8 MB, free: 264 kB / 314.7 MB
Notification: Performance of preOpt encapsulateWhenConditions (simulation): time 0.001258/0.106, allocations: 0.6646 MB / 445.4 MB, free: 15.56 MB / 330.7 MB
Notification: Performance of pre-optimization done (n=68): time 2.585e-06/0.106, allocations: 4 kB / 445.4 MB, free: 15.56 MB / 330.7 MB
Notification: Performance of matching and sorting (n=68): time 0.004174/0.1102, allocations: 2.096 MB / 447.5 MB, free: 13.38 MB / 330.7 MB
Notification: Performance of inlineWhenForInitialization (initialization): time 0.000164/0.1103, allocations: 0.5243 MB / 448.1 MB, free: 12.75 MB / 330.7 MB
Notification: Performance of selectInitializationVariablesDAE (initialization): time 0.0005138/0.1109, allocations: 376 kB / 448.4 MB, free: 12.37 MB / 330.7 MB
Notification: Performance of collectPreVariables (initialization): time 6.721e-05/0.1109, allocations: 53.7 kB / 448.5 MB, free: 12.31 MB / 330.7 MB
Notification: Performance of collectInitialEqns (initialization): time 0.0001398/0.1111, allocations: 264.3 kB / 448.7 MB, free: 12.05 MB / 330.7 MB
Notification: Performance of collectInitialBindings (initialization): time 0.0001263/0.1112, allocations: 173.8 kB / 448.9 MB, free: 11.88 MB / 330.7 MB
Notification: Performance of simplifyInitialFunctions (initialization): time 0.0002544/0.1115, allocations: 206.5 kB / 449.1 MB, free: 11.67 MB / 330.7 MB
Notification: Performance of setup shared object (initialization): time 7.01e-05/0.1116, allocations: 370.7 kB / 449.5 MB, free: 11.3 MB / 330.7 MB
Notification: Performance of preBalanceInitialSystem (initialization): time 0.0005843/0.1121, allocations: 326.1 kB / 449.8 MB, free: 10.98 MB / 330.7 MB
Notification: Performance of partitionIndependentBlocks (initialization): time 0.0008558/0.113, allocations: 0.654 MB / 450.5 MB, free: 10.18 MB / 330.7 MB
Notification: Performance of analyzeInitialSystem (initialization): time 0.001612/0.1146, allocations: 1.623 MB / 452.1 MB, free: 8.301 MB / 330.7 MB
Notification: Performance of solveInitialSystemEqSystem (initialization): time 7.193e-06/0.1147, allocations: 0 / 452.1 MB, free: 8.301 MB / 330.7 MB
Notification: Performance of matching and sorting (n=127) (initialization): time 0.002061/0.1167, allocations: 1.562 MB / 453.6 MB, free: 6.66 MB / 330.7 MB
Notification: Performance of prepare postOptimizeDAE: time 0.0002877/0.117, allocations: 354.7 kB / 454 MB, free: 6.246 MB / 330.7 MB
Notification: Performance of postOpt simplifyComplexFunction (initialization): time 0.00129/0.1183, allocations: 0.731 MB / 454.7 MB, free: 5.484 MB / 330.7 MB
Notification: Performance of postOpt tearingSystem (initialization): time 0.0003748/0.1187, allocations: 76.78 kB / 454.8 MB, free: 5.406 MB / 330.7 MB
Notification: Performance of postOpt solveSimpleEquations (initialization): time 0.0003865/0.1191, allocations: 111.8 kB / 454.9 MB, free: 5.297 MB / 330.7 MB
Notification: Performance of postOpt calculateStrongComponentJacobians (initialization): time 0.0003537/0.1195, allocations: 0.6108 MB / 455.5 MB, free: 4.66 MB / 330.7 MB
Notification: Performance of postOpt simplifyAllExpressions (initialization): time 0.0004599/0.12, allocations: 103 kB / 455.6 MB, free: 4.559 MB / 330.7 MB
Notification: Performance of postOpt collapseArrayExpressions (initialization): time 8.636e-05/0.1201, allocations: 48 kB / 455.7 MB, free: 4.512 MB / 330.7 MB
Warning: Assuming fixed start value for the following 18 variables:
         P1.enableOut.Index:DISCRETE(fixed = true protected = true )  type: Integer
         P1.enableOut.endWhile:DISCRETE(fixed = true protected = true )  type: Boolean
         P1.enableOut.sumEnablingProbTAout:DISCRETE(fixed = true protected = true )  "sum of the enabling probabilities of the active output transitions" type: Real
         P1.enableOut.posTE:DISCRETE(fixed = true protected = true )  "possible enabled transition" type: Integer
         P1.enableOut.k:DISCRETE(fixed = true protected = true )  "iteration index" type: Integer
         P1.enableOut.nTAout:DISCRETE(fixed = true protected = true )  "number of active output transitions" type: Integer
         P1.enableOut.nremTAout:DISCRETE(fixed = true protected = true )  "number of remaining active output transitions" type: Integer
         P1.enableOut.arcWeightSum:DISCRETE(fixed = true protected = true )  "arc weight sum" type: Real
         P1.enableIn.posTE:DISCRETE(fixed = true protected = true )  "possible enabled transition" type: Integer
         P1.enableIn.k:DISCRETE(fixed = true protected = true )  "iteration index" type: Integer
         P1.enableIn.endWhile:DISCRETE(fixed = true protected = true )  type: Boolean
         P1.enableIn.sumEnablingProbTAin:DISCRETE(fixed = true protected = true )  "sum of the enabling probabilities of the active input transitions" type: Real
         P1.enableIn.nTAin:DISCRETE(fixed = true protected = true )  "number ofactive input transitions" type: Integer
         P1.enableIn.nremTAin:DISCRETE(fixed = true protected = true )  "number of remaining active input transitions" type: Integer
         P1.enableIn.Index:DISCRETE(fixed = true protected = true )  "priority Index" type: Integer
         P1.enableIn.arcWeightSum:DISCRETE(fixed = true protected = true )  "arc weight sum" type: Real
         P1.disMarksIn.anytrue:DISCRETE(fixed = true protected = true )  type: Boolean
         P1.disMarksOut.anytrue:DISCRETE(fixed = true protected = true )  type: Boolean
Notification: Model statistics after passing the back-end for initialization:
 * Number of independent subsystems: 44
 * Number of states: 0 ()
 * Number of discrete variables: 101 ($PRE.P1.enableOut.Index,P1.enableOut.Index,$PRE.P1.enableOut.endWhile,P1.enableOut.endWhile,$PRE.P1.enableOut.sumEnablingProbTAout,P1.enableOut.sumEnablingProbTAout,P1.enableOut.randNum,$PRE.P1.enableOut.randNum,P1.enableOut.state128[4],$PRE.P1.enableOut.state128[4],P1.enableOut.state128[3],$PRE.P1.enableOut.state128[3],P1.enableOut.state128[2],$PRE.P1.enableOut.state128[2],P1.enableOut.state128[1],$PRE.P1.enableOut.state128[1],$PRE.P1.enableOut.posTE,P1.enableOut.posTE,$PRE.P1.enableOut.k,P1.enableOut.k,$PRE.P1.enableOut.nTAout,P1.enableOut.nTAout,$PRE.P1.enableOut.nremTAout,P1.enableOut.nremTAout,$PRE.P1.enableOut.arcWeightSum,P1.enableOut.arcWeightSum,P1.delayPassedOut.numtrue,P1.delayPassedOut.anytrue,$whenCondition3,$PRE.P1.enableIn.posTE,P1.enableIn.posTE,$PRE.P1.enableIn.k,P1.enableIn.k,$PRE.P1.enableIn.endWhile,P1.enableIn.endWhile,P1.enableIn.randNum,$PRE.P1.enableIn.randNum,P1.enableIn.state128[4],$PRE.P1.enableIn.state128[4],P1.enableIn.state128[3],$PRE.P1.enableIn.state128[3],P1.enableIn.state128[2],$PRE.P1.enableIn.state128[2],P1.enableIn.state128[1],$PRE.P1.enableIn.state128[1],P1.enableIn.cumEnablingProb[1],$PRE.P1.enableIn.cumEnablingProb[1],$PRE.P1.enableIn.sumEnablingProbTAin,P1.enableIn.sumEnablingProbTAin,$PRE.P1.enableIn.nTAin,P1.enableIn.nTAin,$PRE.P1.enableIn.nremTAin,P1.enableIn.nremTAin,P1.enableIn.remTAin[1],$PRE.P1.enableIn.remTAin[1],$PRE.P1.enableIn.Index,P1.enableIn.Index,$PRE.P1.enableIn.arcWeightSum,P1.enableIn.arcWeightSum,P1.enableIn.disTAin[1],$PRE.P1.enableIn.disTAin[1],$PRE.P1.disMarksIn.anytrue,$PRE.P1.disMarksOut.anytrue,P1.disMarksInOut,$whenCondition2,P1.disMarksOut.numtrue,P1.disMarksOut.anytrue,P1.inTransition[1].disPlace,P1.inTransition[1].maxTokensint,P1.inTransition[1].tint,T1.outPlaces[1].disTransition,T1.outPlaces[1].enabledByInPlaces,P1.reStart,T1.firingCon,P1.disMarksIn.vec[1],P1.disMarksIn.numtrue,P1.disMarksIn.anytrue,T1.fire_,T1.activation.arcWeightIntOut[1],P1.delayPassedIn.vec[1],T1.activation.disPlaceOut[1],T1.activation.maxTokensInt[1],T1.activation.tIntOut[1],P1.emptying.numtrue,P1.emptying.anytrue,P1.feeding.numtrue,P1.feeding.anytrue,P1.feeding.vec[1],P1.delayPassedIn.numtrue,P1.delayPassedIn.anytrue,P1.enableIn.TEin[1],$PRE.P1.enableIn.TEin[1],P1.enableIn.TEin_[1],P1.enableIn.active[1],P1.fireIn[1],$PRE.P1.fireIn[1],T1.activation.NoTokens,T1.activation.weaklyOutputActiveVec[1],T1.activation.active,T1.activation.emptied[1],$whenCondition1)
 * Number of discrete states: 0 ()
 * Number of clocked states: 0 ()
 * Top-level inputs: 0
Notification: Strong component statistics for initialization (107):
 * Single equations (assignments): 95
 * Array equations: 0
 * Algorithm blocks: 11
 * Record equations: 0
 * When equations: 0
 * If-equations: 0
 * Equation systems (not torn): 0
 * Torn equation systems: 1
 * Mixed (continuous/discrete) equation systems: 0
Notification: Torn system details for strict tearing set:
 * Linear torn systems (#iteration vars, #inner vars, density): 0 systems
 * Non-linear torn systems (#iteration vars, #inner vars): 1 system
   {(1,3)}
Notification: Performance of prepare postOptimizeDAE: time 0.0008155/0.1209, allocations: 0.717 MB / 456.4 MB, free: 3.727 MB / 330.7 MB
Notification: Performance of postOpt lateInlineFunction (simulation): time 0.0001653/0.1211, allocations: 71.38 kB / 456.4 MB, free: 3.656 MB / 330.7 MB
Notification: Performance of postOpt wrapFunctionCalls (simulation): time 0.002637/0.1237, allocations: 1.624 MB / 458.1 MB, free: 1.98 MB / 330.7 MB
Notification: Performance of postOpt inlineArrayEqn (simulation): time 6.873e-06/0.1237, allocations: 4 kB / 458.1 MB, free: 1.977 MB / 330.7 MB
Notification: Performance of postOpt constantLinearSystem (simulation): time 5.441e-06/0.1237, allocations: 0 / 458.1 MB, free: 1.977 MB / 330.7 MB
Notification: Performance of postOpt simplifysemiLinear (simulation): time 6.872e-06/0.1238, allocations: 3.938 kB / 458.1 MB, free: 1.973 MB / 330.7 MB
Notification: Performance of postOpt removeSimpleEquations (simulation): time 0.00403/0.1278, allocations: 2.49 MB / 460.6 MB, free: 15.38 MB / 346.7 MB
Notification: Performance of postOpt simplifyComplexFunction (simulation): time 0.002228/0.13, allocations: 1.537 MB / 462.1 MB, free: 13.79 MB / 346.7 MB
Notification: Performance of postOpt solveSimpleEquations (simulation): time 0.0001719/0.1302, allocations: 23.98 kB / 462.1 MB, free: 13.76 MB / 346.7 MB
Notification: Performance of postOpt tearingSystem (simulation): time 0.0001994/0.1304, allocations: 60.81 kB / 462.2 MB, free: 13.7 MB / 346.7 MB
Notification: Performance of postOpt inputDerivativesUsed (simulation): time 8.823e-05/0.1305, allocations: 39.97 kB / 462.2 MB, free: 13.66 MB / 346.7 MB
Notification: Performance of postOpt calculateStrongComponentJacobians (simulation): time 0.0004768/0.131, allocations: 0.603 MB / 462.8 MB, free: 13.03 MB / 346.7 MB
Notification: Performance of postOpt calculateStateSetsJacobians (simulation): time 1.553e-06/0.131, allocations: 0 / 462.8 MB, free: 13.03 MB / 346.7 MB
Notification: Performance of postOpt symbolicJacobian (simulation): time 0.003822/0.1349, allocations: 2.54 MB / 465.4 MB, free: 10.41 MB / 346.7 MB
Notification: Performance of postOpt removeConstants (simulation): time 5.919e-05/0.1349, allocations: 116.5 kB / 465.5 MB, free: 10.28 MB / 346.7 MB
Notification: Performance of postOpt simplifyTimeIndepFuncCalls (simulation): time 0.0001756/0.1351, allocations: 75.92 kB / 465.6 MB, free: 10.21 MB / 346.7 MB
Notification: Performance of postOpt simplifyAllExpressions (simulation): time 0.0004588/0.1356, allocations: 52.02 kB / 465.6 MB, free: 10.16 MB / 346.7 MB
Notification: Performance of postOpt findZeroCrossings (simulation): time 0.0001792/0.1358, allocations: 59.94 kB / 465.7 MB, free: 10.1 MB / 346.7 MB
Notification: Performance of postOpt collapseArrayExpressions (simulation): time 9.658e-05/0.1359, allocations: 51.95 kB / 465.7 MB, free: 10.05 MB / 346.7 MB
Notification: Performance of sorting global known variables: time 0.0002109/0.1361, allocations: 219.1 kB / 465.9 MB, free: 9.836 MB / 346.7 MB
Notification: Performance of sort global known variables: time 2.2e-07/0.1361, allocations: 0 / 465.9 MB, free: 9.836 MB / 346.7 MB
Notification: Performance of remove unused functions: time 0.0009537/0.1371, allocations: 299.6 kB / 466.2 MB, free: 9.543 MB / 346.7 MB
Notification: Model statistics after passing the back-end for simulation:
 * Number of independent subsystems: 2
 * Number of states: 1 (P1.t_)
 * Number of discrete variables: 54 (P1.disMarksInOut,$whenCondition2,$whenCondition1,T1.activation.emptied[1],T1.activation.active,T1.activation.weaklyOutputActiveVec[1],T1.activation.NoTokens,P1.fireIn[1],P1.enableIn.active[1],P1.enableIn.TEin_[1],P1.enableIn.state128[1],P1.enableIn.state128[2],P1.enableIn.state128[3],P1.enableIn.state128[4],P1.enableIn.TEin[1],P1.enableIn.disTAin[1],P1.enableIn.remTAin[1],P1.enableIn.cumEnablingProb[1],P1.enableIn.arcWeightSum,P1.enableIn.nremTAin,P1.enableIn.nTAin,P1.enableIn.k,P1.enableIn.posTE,P1.enableIn.randNum,P1.enableIn.sumEnablingProbTAin,P1.enableIn.endWhile,P1.enableIn.Index,P1.delayPassedIn.anytrue,P1.delayPassedIn.numtrue,P1.disMarksOut.anytrue,P1.disMarksOut.numtrue,P1.disMarksIn.anytrue,P1.disMarksIn.numtrue,P1.feeding.vec[1],P1.feeding.anytrue,P1.feeding.numtrue,P1.emptying.anytrue,P1.emptying.numtrue,$whenCondition3,P1.enableOut.state128[1],P1.enableOut.state128[2],P1.enableOut.state128[3],P1.enableOut.state128[4],P1.enableOut.arcWeightSum,P1.enableOut.nremTAout,P1.enableOut.nTAout,P1.enableOut.k,P1.enableOut.posTE,P1.enableOut.randNum,P1.enableOut.sumEnablingProbTAout,P1.enableOut.endWhile,P1.enableOut.Index,P1.delayPassedOut.anytrue,P1.delayPassedOut.numtrue)
 * Number of discrete states: 50 (P1.delayPassedOut.numtrue,P1.delayPassedOut.anytrue,P1.enableOut.Index,P1.enableOut.endWhile,P1.enableOut.sumEnablingProbTAout,P1.enableOut.state128[4],P1.enableOut.state128[3],P1.enableOut.state128[2],P1.enableOut.state128[1],P1.enableOut.randNum,P1.enableOut.posTE,P1.enableOut.k,P1.enableOut.nTAout,P1.enableOut.nremTAout,P1.enableOut.arcWeightSum,$whenCondition3,P1.fireIn[1],P1.disMarksOut.anytrue,P1.disMarksIn.anytrue,P1.emptying.numtrue,P1.emptying.anytrue,P1.feeding.numtrue,P1.feeding.anytrue,P1.disMarksIn.numtrue,P1.disMarksOut.numtrue,P1.delayPassedIn.numtrue,P1.delayPassedIn.anytrue,T1.activation.weaklyOutputActiveVec[1],T1.activation.active,T1.activation.NoTokens,P1.enableIn.TEin_[1],P1.enableIn.posTE,P1.enableIn.k,P1.enableIn.endWhile,P1.enableIn.state128[4],P1.enableIn.state128[3],P1.enableIn.state128[2],P1.enableIn.state128[1],P1.enableIn.randNum,P1.enableIn.cumEnablingProb[1],P1.enableIn.sumEnablingProbTAin,P1.enableIn.nTAin,P1.enableIn.nremTAin,P1.enableIn.remTAin[1],P1.enableIn.Index,P1.enableIn.arcWeightSum,P1.enableIn.disTAin[1],$whenCondition1,P1.enableIn.TEin[1],P1.disMarkChange)
 * Number of clocked states: 0 ()
 * Top-level inputs: 0
Notification: Strong component statistics for simulation (27):
 * Single equations (assignments): 17
 * Array equations: 0
 * Algorithm blocks: 9
 * Record equations: 0
 * When equations: 0
 * If-equations: 0
 * Equation systems (not torn): 0
 * Torn equation systems: 1
 * Mixed (continuous/discrete) equation systems: 0
Notification: Torn system details for strict tearing set:
 * Linear torn systems (#iteration vars, #inner vars, density): 0 systems
 * Non-linear torn systems (#iteration vars, #inner vars): 1 system
   {(1,4)}
Notification: Performance of Backend phase and start with SimCode phase: time 0.0008647/0.1379, allocations: 342.3 kB / 466.6 MB, free: 9.199 MB / 346.7 MB
Notification: Performance of simCode: created initialization part: time 0.002356/0.1403, allocations: 1.84 MB / 468.4 MB, free: 7.215 MB / 346.7 MB
Notification: Performance of simCode: created event and clocks part: time 3.136e-06/0.1403, allocations: 192 / 468.4 MB, free: 7.215 MB / 346.7 MB
Notification: Performance of simCode: created simulation system equations: time 0.001769/0.1421, allocations: 2.242 MB / 470.6 MB, free: 4.855 MB / 346.7 MB
Notification: Performance of simCode: created of all other equations (e.g. parameter, nominal, assert, etc): time 0.0005716/0.1427, allocations: 95.48 kB / 470.7 MB, free: 4.766 MB / 346.7 MB
Notification: Performance of simCode: created linear, non-linear and system jacobian parts: time 0.002408/0.1451, allocations: 1.333 MB / 472.1 MB, free: 3.402 MB / 346.7 MB
Notification: Performance of simCode: some other stuff during SimCode phase: time 0.0003217/0.1454, allocations: 0.9182 MB / 473 MB, free: 2.461 MB / 346.7 MB
Notification: Performance of simCode: alias equations: time 0.0003024/0.1458, allocations: 132.2 kB / 473.1 MB, free: 2.332 MB / 346.7 MB
Notification: Performance of simCode: all other stuff during SimCode phase: time 9.292e-05/0.1459, allocations: 39.42 kB / 473.2 MB, free: 2.293 MB / 346.7 MB
Notification: Performance of SimCode: time 3.71e-07/0.1459, allocations: 0 / 473.2 MB, free: 2.293 MB / 346.7 MB
Notification: Performance of Templates: time 0.01972/0.1656, allocations: 10.87 MB / 484 MB, free: 7.383 MB / 362.7 MB
make -j1 -f PNlib_2.2_PNlib.Examples.ConTest.TCtoPC.makefile
(rm -f PNlib_2.2_PNlib.Examples.ConTest.TCtoPC.pipe ; mkfifo PNlib_2.2_PNlib.Examples.ConTest.TCtoPC.pipe ; head -c 1048576 < PNlib_2.2_PNlib.Examples.ConTest.TCtoPC.pipe >> ../files/PNlib_2.2_PNlib.Examples.ConTest.TCtoPC.sim & ./PNlib_2.2_PNlib.Examples.ConTest.TCtoPC  -abortSlowSimulation -alarm=480  -emit_protected -lv LOG_STATS > PNlib_2.2_PNlib.Examples.ConTest.TCtoPC.pipe 2>&1)
diffSimulationResults("PNlib_2.2_PNlib.Examples.ConTest.TCtoPC_res.mat","/home/runner/work/PNlib/PNlib/ReferenceFiles/PNlib.Examples.ConTest.TCtoPC.mat","../files/PNlib_2.2_PNlib.Examples.ConTest.TCtoPC.diff",relTol=0.003,relTolDiffMinMax=0.003,rangeDelta=0.001)
Reference file matches
