Running: ./testmodel.py --libraries=/home/runner/.openmodelica/libraries/ --ompython_omhome= PNlib_2.2_PNlib.Examples.ConTest.PCtoTC.conf.json
loadFile("/home/runner/.openmodelica/libraries/ModelicaServices 4.0.0+maint.om/package.mo", uses=false)
loadFile("/home/runner/.openmodelica/libraries/Complex 4.0.0+maint.om/package.mo", uses=false)
loadFile("/home/runner/.openmodelica/libraries/Modelica 4.0.0+maint.om/package.mo", uses=false)
loadFile("/home/runner/work/PNlib/PNlib/PNlib/package.mo", uses=false)
Using package PNlib with version 2.2 (/home/runner/work/PNlib/PNlib/PNlib/package.mo)
Using package Modelica with version 4.0.0 (/home/runner/.openmodelica/libraries/Modelica 4.0.0+maint.om/package.mo)
Using package Complex with version 4.0.0 (/home/runner/.openmodelica/libraries/Complex 4.0.0+maint.om/package.mo)
Using package ModelicaServices with version 4.0.0 (/home/runner/.openmodelica/libraries/ModelicaServices 4.0.0+maint.om/package.mo)
Running command: translateModel(PNlib.Examples.ConTest.PCtoTC,tolerance=1e-06,outputFormat="mat",numberOfIntervals=5000,variableFilter="P1.t|T1.fire|T1.instantaneousSpeed|T1.maximumSpeed|time",fileNamePrefix="PNlib_2.2_PNlib.Examples.ConTest.PCtoTC")
translateModel(PNlib.Examples.ConTest.PCtoTC,tolerance=1e-06,outputFormat="mat",numberOfIntervals=5000,variableFilter="P1.t|T1.fire|T1.instantaneousSpeed|T1.maximumSpeed|time",fileNamePrefix="PNlib_2.2_PNlib.Examples.ConTest.PCtoTC")
Notification: Performance of loadFile(/home/runner/.openmodelica/libraries/ModelicaServices 4.0.0+maint.om/package.mo): time 0.0009524/0.0009525, allocations: 99.58 kB / 15.59 MB, free: 5.273 MB / 13.93 MB
Notification: Performance of loadFile(/home/runner/.openmodelica/libraries/Complex 4.0.0+maint.om/package.mo): time 0.0009895/0.0009895, allocations: 175.8 kB / 16.51 MB, free: 4.668 MB / 13.93 MB
Notification: Performance of loadFile(/home/runner/.openmodelica/libraries/Modelica 4.0.0+maint.om/package.mo): time 1.625/1.625, allocations: 222.1 MB / 239.4 MB, free: 11.12 MB / 202.7 MB
Notification: Performance of loadFile(/home/runner/work/PNlib/PNlib/PNlib/package.mo): time 0.09532/0.09532, allocations: 16.58 MB / 306.2 MB, free: 10.58 MB / 250.7 MB
Notification: Performance of FrontEnd - loaded program: time 0.0004381/0.0004381, allocations: 11.94 kB / 370.6 MB, free: 44.93 MB / 298.7 MB
Notification: Performance of FrontEnd - Absyn->SCode: time 0.07565/0.07611, allocations: 53.47 MB / 424.1 MB, free: 5.938 MB / 298.7 MB
Notification: Performance of NFInst.instantiate(PNlib.Examples.ConTest.PCtoTC): time 0.002755/0.07889, allocations: 1.988 MB / 426.1 MB, free: 3.945 MB / 298.7 MB
Notification: Performance of NFInst.instExpressions: time 0.002593/0.0815, allocations: 1.684 MB / 427.7 MB, free: 2.262 MB / 298.7 MB
Notification: Performance of NFInst.updateImplicitVariability: time 0.0002037/0.08172, allocations: 12 kB / 427.7 MB, free: 2.25 MB / 298.7 MB
Notification: Performance of NFTyping.typeComponents: time 0.000242/0.08198, allocations: 135 kB / 427.9 MB, free: 2.117 MB / 298.7 MB
Notification: Performance of NFTyping.typeBindings: time 0.000375/0.08236, allocations: 131 kB / 428 MB, free: 1.988 MB / 298.7 MB
Notification: Performance of NFTyping.typeClassSections: time 0.001177/0.08355, allocations: 0.6928 MB / 428.7 MB, free: 1.297 MB / 298.7 MB
Notification: Performance of NFFlatten.flatten: time 0.0012/0.08477, allocations: 1.42 MB / 430.1 MB, free: 15.87 MB / 314.7 MB
Notification: Performance of NFFlatten.resolveConnections: time 0.000215/0.08499, allocations: 173.6 kB / 430.3 MB, free: 15.69 MB / 314.7 MB
Notification: Performance of NFEvalConstants.evaluate: time 0.0003714/0.08538, allocations: 0.5414 MB / 430.8 MB, free: 15.15 MB / 314.7 MB
Notification: Performance of NFSimplifyModel.simplify: time 0.0003744/0.08576, allocations: 362.2 kB / 431.2 MB, free: 14.79 MB / 314.7 MB
Notification: Performance of NFPackage.collectConstants: time 0.0001209/0.0859, allocations: 91.94 kB / 431.3 MB, free: 14.7 MB / 314.7 MB
Notification: Performance of NFFlatten.collectFunctions: time 0.0005568/0.08646, allocations: 483.4 kB / 431.7 MB, free: 14.23 MB / 314.7 MB
Notification: Performance of NFScalarize.scalarize: time 0.0001475/0.08662, allocations: 167.4 kB / 431.9 MB, free: 14.07 MB / 314.7 MB
Notification: Performance of NFVerifyModel.verify: time 0.0004816/0.08711, allocations: 394.3 kB / 432.3 MB, free: 13.68 MB / 314.7 MB
Notification: Performance of NFConvertDAE.convert: time 0.0008959/0.08801, allocations: 1.157 MB / 433.5 MB, free: 12.52 MB / 314.7 MB
Notification: Performance of FrontEnd - DAE generated: time 2.404e-06/0.08803, allocations: 0 / 433.5 MB, free: 12.52 MB / 314.7 MB
Notification: Performance of FrontEnd: time 9.22e-07/0.08804, allocations: 0 / 433.5 MB, free: 12.52 MB / 314.7 MB
Notification: Performance of Transformations before backend: time 7.784e-06/0.08805, allocations: 0 / 433.5 MB, free: 12.52 MB / 314.7 MB
Notification: Model statistics after passing the front-end and creating the data structures used by the back-end:
 * Number of equations: 180
 * Number of variables: 180
Notification: Performance of Generate backend data structure: time 0.001647/0.0897, allocations: 1.325 MB / 434.8 MB, free: 11.08 MB / 314.7 MB
Notification: Performance of prepare preOptimizeDAE: time 2.797e-05/0.08974, allocations: 8.031 kB / 434.8 MB, free: 11.07 MB / 314.7 MB
Notification: Performance of preOpt normalInlineFunction (simulation): time 0.0007685/0.09051, allocations: 144 kB / 434.9 MB, free: 10.93 MB / 314.7 MB
Notification: Performance of preOpt evaluateParameters (simulation): time 0.0005235/0.09105, allocations: 439 kB / 435.4 MB, free: 10.46 MB / 314.7 MB
Notification: Performance of preOpt simplifyIfEquations (simulation): time 0.000114/0.09118, allocations: 150.5 kB / 435.5 MB, free: 10.29 MB / 314.7 MB
Notification: Performance of preOpt expandDerOperator (simulation): time 0.0001291/0.09131, allocations: 83.98 kB / 435.6 MB, free: 10.21 MB / 314.7 MB
Notification: Performance of preOpt clockPartitioning (simulation): time 0.002132/0.09345, allocations: 1.337 MB / 436.9 MB, free: 8.824 MB / 314.7 MB
Notification: Performance of preOpt findStateOrder (simulation): time 2.16e-05/0.09349, allocations: 0 / 436.9 MB, free: 8.824 MB / 314.7 MB
Notification: Performance of preOpt replaceEdgeChange (simulation): time 0.0001018/0.0936, allocations: 43.97 kB / 437 MB, free: 8.781 MB / 314.7 MB
Notification: Performance of preOpt inlineArrayEqn (simulation): time 0.0001049/0.09371, allocations: 57.27 kB / 437 MB, free: 8.727 MB / 314.7 MB
Notification: Performance of preOpt removeEqualRHS (simulation): time 0.001785/0.0955, allocations: 0.9379 MB / 438 MB, free: 7.789 MB / 314.7 MB
Notification: Performance of preOpt removeSimpleEquations (simulation): time 0.003384/0.0989, allocations: 2.94 MB / 440.9 MB, free: 4.734 MB / 314.7 MB
Notification: Performance of preOpt comSubExp (simulation): time 0.001552/0.1005, allocations: 1.193 MB / 442.1 MB, free: 3.523 MB / 314.7 MB
Notification: Performance of preOpt resolveLoops (simulation): time 0.001092/0.1016, allocations: 1.069 MB / 443.2 MB, free: 2.449 MB / 314.7 MB
Notification: Performance of preOpt evalFunc (simulation): time 0.002979/0.1046, allocations: 2.967 MB / 446.1 MB, free: 14.84 MB / 330.7 MB
Notification: Performance of preOpt encapsulateWhenConditions (simulation): time 0.00108/0.1057, allocations: 0.7813 MB / 446.9 MB, free: 14.03 MB / 330.7 MB
Notification: Performance of pre-optimization done (n=70): time 2.344e-06/0.1057, allocations: 0 / 446.9 MB, free: 14.03 MB / 330.7 MB
Notification: Performance of matching and sorting (n=70): time 0.004062/0.1098, allocations: 2.453 MB / 449.4 MB, free: 11.48 MB / 330.7 MB
Notification: Performance of inlineWhenForInitialization (initialization): time 0.0003527/0.1101, allocations: 0.5559 MB / 449.9 MB, free: 10.82 MB / 330.7 MB
Notification: Performance of selectInitializationVariablesDAE (initialization): time 0.0003537/0.1105, allocations: 409 kB / 450.3 MB, free: 10.41 MB / 330.7 MB
Notification: Performance of collectPreVariables (initialization): time 7.919e-05/0.1106, allocations: 65.69 kB / 450.4 MB, free: 10.34 MB / 330.7 MB
Notification: Performance of collectInitialEqns (initialization): time 0.0001474/0.1107, allocations: 284 kB / 450.7 MB, free: 10.05 MB / 330.7 MB
Notification: Performance of collectInitialBindings (initialization): time 0.0001432/0.1109, allocations: 185.8 kB / 450.8 MB, free: 9.871 MB / 330.7 MB
Notification: Performance of simplifyInitialFunctions (initialization): time 0.0003061/0.1112, allocations: 230.4 kB / 451.1 MB, free: 9.637 MB / 330.7 MB
Notification: Performance of setup shared object (initialization): time 7.137e-05/0.1113, allocations: 370.8 kB / 451.4 MB, free: 9.266 MB / 330.7 MB
Notification: Performance of preBalanceInitialSystem (initialization): time 0.0009196/0.1122, allocations: 466 kB / 451.9 MB, free: 8.812 MB / 330.7 MB
Notification: Performance of partitionIndependentBlocks (initialization): time 0.0008898/0.1131, allocations: 0.825 MB / 452.7 MB, free: 7.836 MB / 330.7 MB
Notification: Performance of analyzeInitialSystem (initialization): time 0.00181/0.1149, allocations: 1.771 MB / 454.5 MB, free: 5.797 MB / 330.7 MB
Notification: Performance of solveInitialSystemEqSystem (initialization): time 7.784e-06/0.1149, allocations: 4 kB / 454.5 MB, free: 5.793 MB / 330.7 MB
Notification: Performance of matching and sorting (n=136) (initialization): time 0.002773/0.1177, allocations: 1.925 MB / 456.4 MB, free: 3.789 MB / 330.7 MB
Notification: Performance of prepare postOptimizeDAE: time 0.0001414/0.1179, allocations: 378.6 kB / 456.8 MB, free: 3.352 MB / 330.7 MB
Notification: Performance of postOpt simplifyComplexFunction (initialization): time 0.001818/0.1197, allocations: 1.056 MB / 457.8 MB, free: 2.262 MB / 330.7 MB
Notification: Performance of postOpt tearingSystem (initialization): time 0.0003447/0.1201, allocations: 80.73 kB / 457.9 MB, free: 2.18 MB / 330.7 MB
Notification: Performance of postOpt solveSimpleEquations (initialization): time 0.0004064/0.1205, allocations: 111.8 kB / 458 MB, free: 2.07 MB / 330.7 MB
Notification: Performance of postOpt calculateStrongComponentJacobians (initialization): time 0.0003443/0.1209, allocations: 0.6186 MB / 458.6 MB, free: 1.426 MB / 330.7 MB
Notification: Performance of postOpt simplifyAllExpressions (initialization): time 0.0006132/0.1215, allocations: 130.9 kB / 458.8 MB, free: 1.297 MB / 330.7 MB
Notification: Performance of postOpt collapseArrayExpressions (initialization): time 0.0001003/0.1216, allocations: 59.98 kB / 458.8 MB, free: 1.238 MB / 330.7 MB
Warning: Assuming fixed start value for the following 18 variables:
         P1.enableOut.posTE:DISCRETE(fixed = true protected = true )  "possible enabled transition" type: Integer
         P1.enableOut.k:DISCRETE(fixed = true protected = true )  "iteration index" type: Integer
         P1.enableOut.endWhile:DISCRETE(fixed = true protected = true )  type: Boolean
         P1.enableOut.sumEnablingProbTAout:DISCRETE(fixed = true protected = true )  "sum of the enabling probabilities of the active output transitions" type: Real
         P1.enableOut.nTAout:DISCRETE(fixed = true protected = true )  "number of active output transitions" type: Integer
         P1.enableOut.nremTAout:DISCRETE(fixed = true protected = true )  "number of remaining active output transitions" type: Integer
         P1.enableOut.Index:DISCRETE(fixed = true protected = true )  type: Integer
         P1.enableOut.arcWeightSum:DISCRETE(fixed = true protected = true )  "arc weight sum" type: Real
         P1.disMarksIn.anytrue:DISCRETE(fixed = true protected = true )  type: Boolean
         P1.disMarksOut.anytrue:DISCRETE(fixed = true protected = true )  type: Boolean
         P1.enableIn.Index:DISCRETE(fixed = true protected = true )  "priority Index" type: Integer
         P1.enableIn.endWhile:DISCRETE(fixed = true protected = true )  type: Boolean
         P1.enableIn.sumEnablingProbTAin:DISCRETE(fixed = true protected = true )  "sum of the enabling probabilities of the active input transitions" type: Real
         P1.enableIn.posTE:DISCRETE(fixed = true protected = true )  "possible enabled transition" type: Integer
         P1.enableIn.k:DISCRETE(fixed = true protected = true )  "iteration index" type: Integer
         P1.enableIn.nTAin:DISCRETE(fixed = true protected = true )  "number ofactive input transitions" type: Integer
         P1.enableIn.nremTAin:DISCRETE(fixed = true protected = true )  "number of remaining active input transitions" type: Integer
         P1.enableIn.arcWeightSum:DISCRETE(fixed = true protected = true )  "arc weight sum" type: Real
Notification: Model statistics after passing the back-end for initialization:
 * Number of independent subsystems: 48
 * Number of states: 0 ()
 * Number of discrete variables: 108 ($PRE.P1.enableOut.posTE,P1.enableOut.posTE,$PRE.P1.enableOut.k,P1.enableOut.k,$PRE.P1.enableOut.endWhile,P1.enableOut.endWhile,P1.enableOut.randNum,$PRE.P1.enableOut.randNum,P1.enableOut.state128[4],$PRE.P1.enableOut.state128[4],P1.enableOut.state128[3],$PRE.P1.enableOut.state128[3],P1.enableOut.state128[2],$PRE.P1.enableOut.state128[2],P1.enableOut.state128[1],$PRE.P1.enableOut.state128[1],P1.enableOut.cumEnablingProb[1],$PRE.P1.enableOut.cumEnablingProb[1],$PRE.P1.enableOut.sumEnablingProbTAout,P1.enableOut.sumEnablingProbTAout,$PRE.P1.enableOut.nTAout,P1.enableOut.nTAout,$PRE.P1.enableOut.nremTAout,P1.enableOut.nremTAout,P1.enableOut.remTAout[1],$PRE.P1.enableOut.remTAout[1],$PRE.P1.enableOut.Index,P1.enableOut.Index,$PRE.P1.enableOut.arcWeightSum,P1.enableOut.arcWeightSum,P1.enableOut.disTAout[1],$PRE.P1.enableOut.disTAout[1],$PRE.P1.disMarksInOut,P1.outTransition[1].tokenInOut,$PRE.P1.disMarksIn.anytrue,$PRE.P1.disMarksOut.anytrue,P1.disMarksInOut,$whenCondition3,P1.disMarksIn.numtrue,P1.disMarksIn.anytrue,$PRE.P1.enableIn.Index,P1.enableIn.Index,$PRE.P1.enableIn.endWhile,P1.enableIn.endWhile,$PRE.P1.enableIn.sumEnablingProbTAin,P1.enableIn.sumEnablingProbTAin,P1.enableIn.randNum,$PRE.P1.enableIn.randNum,P1.enableIn.state128[4],$PRE.P1.enableIn.state128[4],P1.enableIn.state128[3],$PRE.P1.enableIn.state128[3],P1.enableIn.state128[2],$PRE.P1.enableIn.state128[2],P1.enableIn.state128[1],$PRE.P1.enableIn.state128[1],$PRE.P1.enableIn.posTE,P1.enableIn.posTE,$PRE.P1.enableIn.k,P1.enableIn.k,$PRE.P1.enableIn.nTAin,P1.enableIn.nTAin,$PRE.P1.enableIn.nremTAin,P1.enableIn.nremTAin,$PRE.P1.enableIn.arcWeightSum,P1.enableIn.arcWeightSum,P1.delayPassedIn.numtrue,P1.delayPassedIn.anytrue,$whenCondition1,T1.firingCon,T1.inPlaces[1].disTransition,P1.outTransition[1].normalArc,P1.outTransition[1].testValueint,P1.outTransition[1].arcType,P1.outTransition[1].disPlace,P1.outTransition[1].minTokensint,P1.outTransition[1].tint,P1.reStart,P1.disMarksOut.vec[1],P1.disMarksOut.numtrue,P1.disMarksOut.anytrue,P1.delayPassedOut.vec[1],T1.activation.arcWeightIntIn[1],T1.activation.normalArc[1],T1.activation.testValueInt[1],T1.activation.arcType[1],T1.activation.disPlaceIn[1],T1.activation.minTokensInt[1],T1.activation.tIntIn[1],T1.fire_,T1.activation.NoTokens,T1.activation.weaklyInputActiveVec[1],T1.activation.active,T1.activation.fed[1],P1.emptying.numtrue,P1.emptying.anytrue,P1.emptying.vec[1],P1.feeding.numtrue,P1.feeding.anytrue,P1.delayPassedOut.numtrue,P1.delayPassedOut.anytrue,P1.enableOut.TEout[1],$PRE.P1.enableOut.TEout[1],P1.enableOut.TEout_[1],P1.enableOut.TAout[1],P1.fireOut[1],$PRE.P1.fireOut[1],$whenCondition2)
 * Number of discrete states: 0 ()
 * Number of clocked states: 0 ()
 * Top-level inputs: 0
Notification: Strong component statistics for initialization (116):
 * Single equations (assignments): 104
 * Array equations: 0
 * Algorithm blocks: 11
 * Record equations: 0
 * When equations: 0
 * If-equations: 0
 * Equation systems (not torn): 0
 * Torn equation systems: 1
 * Mixed (continuous/discrete) equation systems: 0
Notification: Torn system details for strict tearing set:
 * Linear torn systems (#iteration vars, #inner vars, density): 0 systems
 * Non-linear torn systems (#iteration vars, #inner vars): 1 system
   {(1,3)}
Notification: Performance of prepare postOptimizeDAE: time 0.0009083/0.1225, allocations: 0.7672 MB / 459.6 MB, free: 416 kB / 330.7 MB
Notification: Performance of postOpt lateInlineFunction (simulation): time 0.0002284/0.1228, allocations: 71.56 kB / 459.7 MB, free: 344 kB / 330.7 MB
Notification: Performance of postOpt wrapFunctionCalls (simulation): time 0.00332/0.1261, allocations: 1.922 MB / 461.6 MB, free: 14.36 MB / 346.7 MB
Notification: Performance of postOpt inlineArrayEqn (simulation): time 1.527e-05/0.1261, allocations: 7.938 kB / 461.6 MB, free: 14.35 MB / 346.7 MB
Notification: Performance of postOpt constantLinearSystem (simulation): time 4.749e-06/0.1261, allocations: 4 kB / 461.6 MB, free: 14.34 MB / 346.7 MB
Notification: Performance of postOpt simplifysemiLinear (simulation): time 6.352e-06/0.1261, allocations: 0 / 461.6 MB, free: 14.34 MB / 346.7 MB
Notification: Performance of postOpt removeSimpleEquations (simulation): time 0.003738/0.1299, allocations: 2.664 MB / 464.3 MB, free: 11.57 MB / 346.7 MB
Notification: Performance of postOpt simplifyComplexFunction (simulation): time 0.002759/0.1327, allocations: 1.82 MB / 466.1 MB, free: 9.699 MB / 346.7 MB
Notification: Performance of postOpt solveSimpleEquations (simulation): time 0.0001669/0.1328, allocations: 23.98 kB / 466.1 MB, free: 9.676 MB / 346.7 MB
Notification: Performance of postOpt tearingSystem (simulation): time 0.0001792/0.133, allocations: 56.75 kB / 466.2 MB, free: 9.617 MB / 346.7 MB
Notification: Performance of postOpt inputDerivativesUsed (simulation): time 0.0001025/0.1331, allocations: 47.97 kB / 466.2 MB, free: 9.57 MB / 346.7 MB
Notification: Performance of postOpt calculateStrongComponentJacobians (simulation): time 0.0003189/0.1335, allocations: 0.5992 MB / 466.8 MB, free: 8.945 MB / 346.7 MB
Notification: Performance of postOpt calculateStateSetsJacobians (simulation): time 2.364e-06/0.1335, allocations: 0 / 466.8 MB, free: 8.945 MB / 346.7 MB
Notification: Performance of postOpt symbolicJacobian (simulation): time 0.004589/0.1381, allocations: 2.969 MB / 469.8 MB, free: 5.898 MB / 346.7 MB
Notification: Performance of postOpt removeConstants (simulation): time 6.363e-05/0.1382, allocations: 136.3 kB / 469.9 MB, free: 5.746 MB / 346.7 MB
Notification: Performance of postOpt simplifyTimeIndepFuncCalls (simulation): time 0.000204/0.1384, allocations: 67.98 kB / 470 MB, free: 5.68 MB / 346.7 MB
Notification: Performance of postOpt simplifyAllExpressions (simulation): time 0.0006173/0.139, allocations: 75.92 kB / 470 MB, free: 5.605 MB / 346.7 MB
Notification: Performance of postOpt findZeroCrossings (simulation): time 0.0004288/0.1394, allocations: 259.8 kB / 470.3 MB, free: 5.352 MB / 346.7 MB
Notification: Performance of postOpt collapseArrayExpressions (simulation): time 0.0001102/0.1396, allocations: 43.97 kB / 470.3 MB, free: 5.309 MB / 346.7 MB
Notification: Performance of sorting global known variables: time 0.0002091/0.1398, allocations: 239.2 kB / 470.6 MB, free: 5.082 MB / 346.7 MB
Notification: Performance of sort global known variables: time 1.71e-07/0.1398, allocations: 0 / 470.6 MB, free: 5.082 MB / 346.7 MB
Notification: Performance of remove unused functions: time 0.001041/0.1408, allocations: 335.6 kB / 470.9 MB, free: 4.754 MB / 346.7 MB
Notification: Model statistics after passing the back-end for simulation:
 * Number of independent subsystems: 2
 * Number of states: 1 (P1.t_)
 * Number of discrete variables: 57 ($whenCondition1,P1.enableIn.state128[1],P1.enableIn.state128[2],P1.enableIn.state128[3],P1.enableIn.state128[4],P1.enableIn.arcWeightSum,P1.enableIn.nremTAin,P1.enableIn.nTAin,P1.enableIn.k,P1.enableIn.posTE,P1.enableIn.randNum,P1.enableIn.sumEnablingProbTAin,P1.enableIn.endWhile,P1.enableIn.Index,P1.delayPassedIn.anytrue,P1.delayPassedIn.numtrue,$cse2[1],$whenCondition3,$whenCondition2,P1.outTransition[1].tokenInOut,P1.disMarksInOut,P1.fireOut[1],P1.enableOut.TAout[1],P1.enableOut.TEout_[1],P1.enableOut.state128[1],P1.enableOut.state128[2],P1.enableOut.state128[3],P1.enableOut.state128[4],P1.enableOut.TEout[1],P1.enableOut.disTAout[1],P1.enableOut.remTAout[1],P1.enableOut.cumEnablingProb[1],P1.enableOut.arcWeightSum,P1.enableOut.nremTAout,P1.enableOut.nTAout,P1.enableOut.k,P1.enableOut.posTE,P1.enableOut.randNum,P1.enableOut.sumEnablingProbTAout,P1.enableOut.endWhile,P1.enableOut.Index,P1.delayPassedOut.anytrue,P1.delayPassedOut.numtrue,P1.disMarksOut.anytrue,P1.disMarksOut.numtrue,P1.disMarksIn.anytrue,P1.disMarksIn.numtrue,P1.feeding.anytrue,P1.feeding.numtrue,P1.emptying.vec[1],P1.emptying.anytrue,P1.emptying.numtrue,T1.activation.fed[1],T1.activation.active,T1.activation.weaklyInputActiveVec[1],T1.activation.NoTokens,T1.fire_)
 * Number of discrete states: 51 (P1.disMarksInOut,P1.fireOut[1],P1.disMarksOut.anytrue,P1.disMarksIn.anytrue,P1.emptying.numtrue,P1.emptying.anytrue,P1.feeding.numtrue,P1.feeding.anytrue,T1.activation.weaklyInputActiveVec[1],T1.activation.active,T1.activation.NoTokens,P1.disMarksIn.numtrue,P1.disMarksOut.numtrue,P1.delayPassedOut.numtrue,P1.delayPassedOut.anytrue,P1.enableOut.TEout_[1],P1.enableOut.posTE,P1.enableOut.k,P1.enableOut.endWhile,P1.enableOut.state128[4],P1.enableOut.state128[3],P1.enableOut.state128[2],P1.enableOut.state128[1],P1.enableOut.randNum,P1.enableOut.cumEnablingProb[1],P1.enableOut.sumEnablingProbTAout,P1.enableOut.nTAout,P1.enableOut.nremTAout,P1.enableOut.remTAout[1],P1.enableOut.Index,P1.enableOut.arcWeightSum,P1.enableOut.disTAout[1],$whenCondition2,P1.enableOut.TEout[1],P1.disMarkChange,P1.delayPassedIn.numtrue,P1.delayPassedIn.anytrue,P1.enableIn.Index,P1.enableIn.endWhile,P1.enableIn.sumEnablingProbTAin,P1.enableIn.state128[4],P1.enableIn.state128[3],P1.enableIn.state128[2],P1.enableIn.state128[1],P1.enableIn.randNum,P1.enableIn.posTE,P1.enableIn.k,P1.enableIn.nTAin,P1.enableIn.nremTAin,P1.enableIn.arcWeightSum,$whenCondition1)
 * Number of clocked states: 0 ()
 * Top-level inputs: 0
Notification: Strong component statistics for simulation (30):
 * Single equations (assignments): 19
 * Array equations: 1
 * Algorithm blocks: 9
 * Record equations: 0
 * When equations: 0
 * If-equations: 0
 * Equation systems (not torn): 0
 * Torn equation systems: 1
 * Mixed (continuous/discrete) equation systems: 0
Notification: Torn system details for strict tearing set:
 * Linear torn systems (#iteration vars, #inner vars, density): 0 systems
 * Non-linear torn systems (#iteration vars, #inner vars): 1 system
   {(1,4)}
Notification: Performance of Backend phase and start with SimCode phase: time 0.0006764/0.1415, allocations: 363.6 kB / 471.3 MB, free: 4.402 MB / 346.7 MB
Notification: Performance of simCode: created initialization part: time 0.002792/0.1443, allocations: 2.255 MB / 473.5 MB, free: 2.004 MB / 346.7 MB
Notification: Performance of simCode: created event and clocks part: time 2.845e-06/0.1443, allocations: 0.75 kB / 473.5 MB, free: 2.004 MB / 346.7 MB
Notification: Performance of simCode: created simulation system equations: time 0.00297/0.1473, allocations: 2.449 MB / 476 MB, free: 15.44 MB / 362.7 MB
Notification: Performance of simCode: created of all other equations (e.g. parameter, nominal, assert, etc): time 0.0006211/0.148, allocations: 91.75 kB / 476.1 MB, free: 15.34 MB / 362.7 MB
Notification: Performance of simCode: created linear, non-linear and system jacobian parts: time 0.002915/0.1509, allocations: 1.52 MB / 477.6 MB, free: 13.79 MB / 362.7 MB
Notification: Performance of simCode: some other stuff during SimCode phase: time 0.0003376/0.1512, allocations: 0.9338 MB / 478.5 MB, free: 12.84 MB / 362.7 MB
Notification: Performance of simCode: alias equations: time 0.0003272/0.1516, allocations: 140.6 kB / 478.6 MB, free: 12.7 MB / 362.7 MB
Notification: Performance of simCode: all other stuff during SimCode phase: time 0.0002778/0.1519, allocations: 51.36 kB / 478.7 MB, free: 12.64 MB / 362.7 MB
Notification: Performance of SimCode: time 3.71e-07/0.1519, allocations: 4 kB / 478.7 MB, free: 12.64 MB / 362.7 MB
Notification: Performance of Templates: time 0.02101/0.1729, allocations: 13.26 MB / 492 MB, free: 15.28 MB / 378.7 MB
make -j1 -f PNlib_2.2_PNlib.Examples.ConTest.PCtoTC.makefile
(rm -f PNlib_2.2_PNlib.Examples.ConTest.PCtoTC.pipe ; mkfifo PNlib_2.2_PNlib.Examples.ConTest.PCtoTC.pipe ; head -c 1048576 < PNlib_2.2_PNlib.Examples.ConTest.PCtoTC.pipe >> ../files/PNlib_2.2_PNlib.Examples.ConTest.PCtoTC.sim & ./PNlib_2.2_PNlib.Examples.ConTest.PCtoTC  -abortSlowSimulation -alarm=480  -emit_protected -lv LOG_STATS > PNlib_2.2_PNlib.Examples.ConTest.PCtoTC.pipe 2>&1)
diffSimulationResults("PNlib_2.2_PNlib.Examples.ConTest.PCtoTC_res.mat","/home/runner/work/PNlib/PNlib/ReferenceFiles/PNlib.Examples.ConTest.PCtoTC.mat","../files/PNlib_2.2_PNlib.Examples.ConTest.PCtoTC.diff",relTol=0.003,relTolDiffMinMax=0.003,rangeDelta=0.001)
Reference file matches
